[36mINFO[0m [32m[08/15 10:53:56.782] [0mtoken-engine version:[32m [app][0m[36m[0m
[36mINFO[0m [32m[08/15 10:53:56.783] [0mSystem version: darwin/arm64[32m [app][0m[36m[0m
[36mINFO[0m [32m[08/15 10:53:56.783] [0mGolang version: go1.24.2[32m [app][0m[36m[0m
[36mINFO[0m [32m[08/15 10:53:56.784] [0mApp build time:[32m [app][0m[36m[0m
[36mINFO[0m [32m[08/15 10:53:56.784] [0mGit commit id:[32m [app][0m[36m[0m
[36mINFO[0m [32m[08/15 10:53:56.784] [0mRepo path: /Users/yanzhixing/Downloads/GitHub/token-engine/deploy[32m [app][0m[36m[0m
[36mINFO[0m [32m[08/15 10:53:56.784] [0mExecutable: /Users/yanzhixing/Downloads/GitHub/token-engine/deploy/tools/bin/token-engine[32m [app][0m[36m[0m
[36mINFO[0m [32m[08/15 10:53:56.784] [0mPID: 60610[32m [app][0m[36m[0m
[36mINFO[0m [32m[08/15 10:53:56.784] [0mUUID node index: 0[32m [app][0m[36m[0m
[36mINFO[0m [32m[08/15 10:53:57.814] [0mcreating new base AxcTxPrepare[32m [base_txprepare][0m[36m[0m
[36mINFO[0m [32m[08/15 10:53:57.815] [0mcreating new base AxcTxExecutor[32m [base_txexecutor][0m[36m[0m
[36mINFO[0m [32m[08/15 10:53:57.815] [0mcreate axc vault idl[32m [solana-idl][0m[36m[0m
[36mINFO[0m [32m[08/15 10:53:57.816] [0mcreate axc vault transaction builder[32m [axc_tx_builder][0m[36m[0m
[36mINFO[0m [32m[08/15 10:53:57.816] [0mcreating Solana chain adaptor[32m [common_chain_adaptor][0m[36m[0m
[36mINFO[0m [32m[08/15 10:53:58.201] [0minitialized all program event definitions[32m [solana_sm][0m[36m [programCount:1][0m
[36mINFO[0m [32m[08/15 10:53:58.201] [0mRegistered transfer provider[32m [tron-transfer][0m[36m [chainID:97] [tokens:[BNB USDT USDC]][0m
[36mINFO[0m [32m[08/15 10:53:58.202] [0mRegistered transfer provider[32m [tron-transfer][0m[36m [chainID:2494104990] [tokens:[TRX USDT]][0m
[36mINFO[0m [32m[08/15 10:53:58.202] [0mcore api initialized[32m [coreApi][0m[36m[0m
[36mINFO[0m [32m[08/15 10:53:58.826] [0mComponent[sql-connector] started[32m [sidecar][0m[36m [time_cost:623.587458ms][0m
[36mINFO[0m [32m[08/15 10:53:59.919] [0mFinished connect to send tx http rpcs[32m [solana-jsonrpc][0m[36m [cost:1.093100292s] [num:1][0m
[36mINFO[0m [32m[08/15 10:54:00.231] [0mFinished connect to stable http rpcs[32m [solana-jsonrpc][0m[36m [cost:310.9005ms] [num:1][0m
[36mINFO[0m [32m[08/15 10:54:00.628] [0mFinished connect to unstable http rpcs[32m [solana-jsonrpc][0m[36m [cost:396.955208ms] [num:1][0m
[36mINFO[0m [32m[08/15 10:54:01.701] [0mFinished connect to ws rpcs[32m [solana-jsonrpc][0m[36m [cost:1.072715708s] [num:1][0m
[36mINFO[0m [32m[08/15 10:54:02.208] [0mScheduled task started[32m [sidecar][0m[36m [interval:2s] [task:solana-tx-sender[poll-last-block]][0m
[36mINFO[0m [32m[08/15 10:54:02.209] [0msolana submitter started[32m [solana-submitter][0m[36m[0m
[36mINFO[0m [32m[08/15 10:54:02.209] [0mswap submitter started[32m [submitter][0m[36m[0m
[36mINFO[0m [32m[08/15 10:54:02.209] [0mComponent[SwapSubmitter] started[32m [sidecar][0m[36m [time_cost:3.383024125s][0m
[36mINFO[0m [32m[08/15 10:54:02.209] [0mstart to subscribe exchange data by grpc...[32m [ExchangeDataService][0m[36m[0m
[36mINFO[0m [32m[08/15 10:54:02.209] [0mScheduled task started[32m [sidecar][0m[36m [interval:1m0s] [task:StatisticExchangeData][0m
[36mINFO[0m [32m[08/15 10:54:02.209] [0mScheduled task started[32m [sidecar][0m[36m [interval:1h0m0s] [task:UpdateExchangeTokenHolders][0m
[36mINFO[0m [32m[08/15 10:54:02.727] [0mComponent[ExchangeDataService] started[32m [sidecar][0m[36m [time_cost:518.020875ms][0m
[36mINFO[0m [32m[08/15 10:54:02.727] [0mComponent[ContractMaterials] started[32m [sidecar][0m[36m [time_cost:13.667µs][0m
[36mINFO[0m [32m[08/15 10:54:02.727] [0mstarting Solana chain adaptor[32m [common_chain_adaptor][0m[36m[0m
[36mINFO[0m [32m[08/15 10:54:02.727] [0mSolana chain adaptor started successfully[32m [common_chain_adaptor][0m[36m[0m
[36mINFO[0m [32m[08/15 10:54:02.727] [0mComponent[common_chain_adaptor] started[32m [sidecar][0m[36m [time_cost:149.583µs][0m
[33mWARN[0m [32m[08/15 10:54:02.957] [0mbegin compensate swap event[32m [ExchangeDataService][0m[33m [outer_id From:305524][0m
[36mINFO[0m [32m[08/15 10:54:03.144] [0mContract materials loaded successfully[32m [basechain][0m[36m [appid:root] [chainId:84532] [contractCount:9] [errors:0][0m
[36mINFO[0m [32m[08/15 10:54:03.302] [0mNSQ consumer component started[32m [msgqueue][0m[36m[0m
[36mINFO[0m [32m[08/15 10:54:03.302] [0mComponent[msg_queue] started[32m [sidecar][0m[36m [time_cost:574.631125ms][0m
[36mINFO[0m [32m[08/15 10:54:03.302] [0mComponent[solana_sm] started[32m [sidecar][0m[36m [time_cost:25.583µs][0m
[36mINFO[0m [32m[08/15 10:54:03.302] [0mLoading deployment manifest from[32m [base_deploymanager][0m[36m [path:/Users/yanzhixing/Downloads/GitHub/token-engine/deploy/abis][0m
[36mINFO[0m [32m[08/15 10:54:03.303] [0mComponent[deploymanager] started[32m [sidecar][0m[36m [time_cost:38.042µs][0m
[36mINFO[0m [32m[08/15 10:54:03.304] [0mDeployManager stopped[32m [base_deploymanager][0m[36m[0m
[36mINFO[0m [32m[08/15 10:54:03.304] [0mComponent[deploymanager] stopped[32m [sidecar][0m[36m [time_cost:147.5µs][0m
[36mINFO[0m [32m[08/15 10:54:03.304] [0mScheduled task stopped[32m [sidecar][0m[36m [interval:2s] [task:solana-tx-sender[poll-last-block]][0m
