[36mINFO[0m [32m[08/18 11:18:14.360] [0mtoken-engine version:[32m [app][0m[36m[0m
[36mINFO[0m [32m[08/18 11:18:14.360] [0mSystem version: darwin/arm64[32m [app][0m[36m[0m
[36mINFO[0m [32m[08/18 11:18:14.360] [0mGolang version: go1.24.2[32m [app][0m[36m[0m
[36mINFO[0m [32m[08/18 11:18:14.360] [0mApp build time:[32m [app][0m[36m[0m
[36mINFO[0m [32m[08/18 11:18:14.360] [0mGit commit id:[32m [app][0m[36m[0m
[36mINFO[0m [32m[08/18 11:18:14.360] [0mRepo path: /Users/yanzhixing/Downloads/GitHub/token-engine/deploy[32m [app][0m[36m[0m
[36mINFO[0m [32m[08/18 11:18:14.360] [0mExecutable: /Users/yanzhixing/Downloads/GitHub/token-engine/deploy/tools/bin/token-engine[32m [app][0m[36m[0m
[36mINFO[0m [32m[08/18 11:18:14.360] [0mPID: 25087[32m [app][0m[36m[0m
[36mINFO[0m [32m[08/18 11:18:14.360] [0mUUID node index: 0[32m [app][0m[36m[0m
[36mINFO[0m [32m[08/18 11:18:14.549] [0mcreating new base AxcTxPrepare[32m [base_txprepare][0m[36m[0m
[36mINFO[0m [32m[08/18 11:18:14.549] [0mcreating new base AxcTxExecutor[32m [base_txexecutor][0m[36m[0m
[36mINFO[0m [32m[08/18 11:18:14.549] [0mcreate axc vault idl[32m [solana-idl][0m[36m[0m
[36mINFO[0m [32m[08/18 11:18:14.550] [0mcreate axc vault transaction builder[32m [axc_tx_builder][0m[36m[0m
[36mINFO[0m [32m[08/18 11:18:14.550] [0mcreating Solana chain adaptor[32m [common_chain_adaptor][0m[36m[0m
[36mINFO[0m [32m[08/18 11:18:14.669] [0minitialized all program event definitions[32m [solana_sm][0m[36m [programCount:1][0m
[36mINFO[0m [32m[08/18 11:18:14.669] [0mRegistered transfer provider[32m [transfer-service][0m[36m [chainID:97] [tokens:[BNB USDT USDC]][0m
[36mINFO[0m [32m[08/18 11:18:14.669] [0mRegistered transfer provider[32m [transfer-service][0m[36m [chainID:2494104990] [tokens:[TRX USDT]][0m
[36mINFO[0m [32m[08/18 11:18:14.669] [0mcore api initialized[32m [coreApi][0m[36m[0m
[36mINFO[0m [32m[08/18 11:18:14.808] [0mComponent[sql-connector] started[32m [sidecar][0m[36m [time_cost:138.60025ms][0m
[36mINFO[0m [32m[08/18 11:18:15.979] [0mFinished connect to send tx http rpcs[32m [solana-jsonrpc][0m[36m [cost:1.170879542s] [num:3][0m
[36mINFO[0m [32m[08/18 11:18:16.280] [0mFinished connect to stable http rpcs[32m [solana-jsonrpc][0m[36m [cost:301.111834ms] [num:3][0m
[36mINFO[0m [32m[08/18 11:18:18.223] [0mFinished connect to unstable http rpcs[32m [solana-jsonrpc][0m[36m [cost:1.942425125s] [num:45][0m
[36mINFO[0m [32m[08/18 11:18:19.413] [0mFinished connect to ws rpcs[32m [solana-jsonrpc][0m[36m [cost:1.189973708s] [num:1][0m
[36mINFO[0m [32m[08/18 11:18:19.948] [0mScheduled task started[32m [sidecar][0m[36m [interval:2s] [task:solana-tx-sender[poll-last-block]][0m
[36mINFO[0m [32m[08/18 11:18:19.948] [0msolana submitter started[32m [solana-submitter][0m[36m[0m
[36mINFO[0m [32m[08/18 11:18:19.948] [0mswap submitter started[32m [submitter][0m[36m[0m
[36mINFO[0m [32m[08/18 11:18:19.948] [0mComponent[SwapSubmitter] started[32m [sidecar][0m[36m [time_cost:5.13994275s][0m
[36mINFO[0m [32m[08/18 11:18:19.948] [0mComponent[ExchangeDataService] started[32m [sidecar][0m[36m [time_cost:6.167µs][0m
[36mINFO[0m [32m[08/18 11:18:19.948] [0mComponent[ContractMaterials] started[32m [sidecar][0m[36m [time_cost:2.625µs][0m
[36mINFO[0m [32m[08/18 11:18:19.948] [0mstarting Solana chain adaptor[32m [common_chain_adaptor][0m[36m[0m
[36mINFO[0m [32m[08/18 11:18:19.948] [0mSolana chain adaptor started successfully[32m [common_chain_adaptor][0m[36m[0m
[36mINFO[0m [32m[08/18 11:18:19.948] [0mScheduled task started[32m [sidecar][0m[36m [interval:1h0m0s] [task:UpdateExchangeTokenHolders][0m
[36mINFO[0m [32m[08/18 11:18:19.948] [0mComponent[common_chain_adaptor] started[32m [sidecar][0m[36m [time_cost:73.542µs][0m
[36mINFO[0m [32m[08/18 11:18:19.948] [0mScheduled task started[32m [sidecar][0m[36m [interval:1m0s] [task:StatisticExchangeData][0m
[36mINFO[0m [32m[08/18 11:18:20.065] [0mContract materials loaded successfully[32m [basechain][0m[36m [appid:root] [chainId:84532] [contractCount:9] [errors:0][0m
[36mINFO[0m [32m[08/18 11:18:20.169] [0mSolana syncer started[32m [common_chain_adaptor][0m[36m[0m
[36mINFO[0m [32m[08/18 11:18:20.169] [0mComponent[Syncer] started[32m [sidecar][0m[36m [time_cost:220.775167ms][0m
[36mINFO[0m [32m[08/18 11:18:20.667] [0mNSQ consumer component started[32m [msgqueue][0m[36m[0m
[36mINFO[0m [32m[08/18 11:18:20.667] [0mComponent[msg_queue] started[32m [sidecar][0m[36m [time_cost:497.588875ms][0m
[36mINFO[0m [32m[08/18 11:18:20.667] [0mComponent[solana_sm] started[32m [sidecar][0m[36m [time_cost:5.875µs][0m
[36mINFO[0m [32m[08/18 11:18:20.667] [0mSolana events manager started[32m [solana_sm][0m[36m[0m
[36mINFO[0m [32m[08/18 11:18:20.667] [0mLoading deployment manifest from[32m [base_deploymanager][0m[36m [path:/Users/yanzhixing/Downloads/GitHub/token-engine/deploy/abis][0m
[36mINFO[0m [32m[08/18 11:18:20.667] [0mevent processor started[32m [solana_sm][0m[36m[0m
[36mINFO[0m [32m[08/18 11:18:20.667] [0mComponent[deploymanager] started[32m [sidecar][0m[36m [time_cost:53.167µs][0m
[36mINFO[0m [32m[08/18 11:18:20.667] [0mStarting TokenBalanceService[32m [TokenBalanceService][0m[36m[0m
[36mINFO[0m [32m[08/18 11:18:20.667] [0mComponent[TokenBalanceService] started[32m [sidecar][0m[36m [time_cost:57.583µs][0m
[36mINFO[0m [32m[08/18 11:18:20.668] [0mIPC server listen on: /Users/yanzhixing/Downloads/GitHub/token-engine/deploy/ipc.sock[32m [api][0m[36m[0m
[36mINFO[0m [32m[08/18 11:18:20.668] [0mHttp server listen on: 8082[32m [api][0m[36m[0m
[36mINFO[0m [32m[08/18 11:18:20.668] [0mComponent[http-api-server] started[32m [sidecar][0m[36m [time_cost:779.75µs][0m
[36mINFO[0m [32m[08/18 11:18:20.669] [0mComponent[app] started[32m [sidecar][0m[36m [time_cost:298µs][0m
[36mINFO[0m [32m[08/18 11:18:20.669] [0mtoken-engine is ready[32m [sidecar][0m[36m[0m
[36mINFO[0m [32m[08/18 11:18:20.670] [0m=====================================================================================
   __            __                                                  _
  / /_  ____    / /__  ___    ____          ___    ____    ____ _   (_)   ____   ___
 / __/ / __ \  / //_/ / _ \  / __ \ ______ / _ \  / __ \  / __ `/  / /   / __ \ / _ \
/ /_  / /_/ / / ,<   /  __/ / / / //_____//  __/ / / / / / /_/ /  / /   / / / //  __/
\__/  \____/ /_/|_|  \___/ /_/ /_/        \___/ /_/ /_/  \__, /  /_/   /_/ /_/ \___/
                                                        /____/

=====================================================================================[32m [sidecar][0m[36m[0m
[36mINFO[0m [32m[08/18 11:18:27.349] [0mpreparing create vault transaction[32m [base_txprepare][0m[36m [params:&{84532 {0xf39Fd6e51aad88F6F4ce6aB8827279cffFb92266 0xf39Fd6e51aad88F6F4ce6aB8827279cffFb92266 0xf39Fd6e51aad88F6F4ce6aB8827279cffFb92266 0xf39Fd6e51aad88F6F4ce6aB8827279cffFb92266 0xf39Fd6e51aad88F6F4ce6aB8827279cffFb92266} {TestToken MT 6 https://example.com/token-metadata.json} {VaultCreate 0xf39Fd6e51aad88F6F4ce6aB8827279cffFb92266 1000000 1754832494 1786800494 110 560 1 100000 300 0xf39Fd6e51aad88F6F4ce6aB8827279cffFb92266 0xf39Fd6e51aad88F6F4ce6aB8827279cffFb92266 1} false}][0m
[36mINFO[0m [32m[08/18 11:18:28.262] [0mnonce retrieved successfully[32m [base_txprepare][0m[36m [deployer:0xf39Fd6e51aad88F6F4ce6aB8827279cffFb92266] [nonce:14869][0m
[36mINFO[0m [32m[08/18 11:18:29.197] [0mtx[32m [base_txprepare][0m[36m [tx:&{0x140015b6b40 {13988396776657891800 14505919959 0x1064a8de0} {[] {} <nil>} {{} {} 0} {[] {} <nil>}}][0m
[36mINFO[0m [32m[08/18 11:18:29.197] [0mrawTx[32m [base_txprepare][0m[36m [rawTx:[249 5 174 130 58 21 131 30 132 240 131 45 198 192 148 23 165 10 162 209 213 232 218 8 69 249 164 235 48 79 152 147 197 51 223 128 185 5 68 67 65 124 234 0 0 0 0 0 0 0 0 0 0 0 0 0 0 0 0 0 0 0 0 0 0 0 0 0 0 0 0 0 0 1 32 0 0 0 0 0 0 0 0 0 0 0 0 0 0 0 0 0 0 0 0 0 0 0 0 0 0 0 0 0 0 0 0 0 0 0 0 0 0 0 0 0 0 0 0 0 0 0 0 0 0 0 0 0 0 0 0 0 0 0 0 0 0 1 96 0 0 0 0 0 0 0 0 0 0 0 0 0 0 0 0 0 0 0 0 0 0 0 0 0 0 0 0 0 0 0 0 0 0 0 0 0 0 0 0 0 0 0 0 0 0 0 0 0 0 0 0 0 0 0 0 0 0 0 0 0 0 2 32 0 0 0 0 0 0 0 0 0 0 0 0 0 0 0 0 0 0 0 0 0 0 0 0 0 0 0 0 0 0 0 0 0 0 0 0 0 0 0 0 0 0 0 0 0 0 0 0 0 0 0 0 0 0 0 0 0 0 0 0 0 0 3 32 0 0 0 0 0 0 0 0 0 0 0 0 0 0 0 0 0 0 0 0 0 0 0 0 0 0 0 0 0 0 0 0 0 0 0 0 0 0 0 0 0 0 0 0 0 0 0 0 0 0 0 0 0 0 0 0 0 0 0 0 0 0 4 192 0 0 0 0 0 0 0 0 0 0 0 0 0 0 0 0 0 0 0 0 0 0 0 0 0 0 0 0 0 0 0 11 86 97 117 108 116 67 114 101 97 116 101 0 0 0 0 0 0 0 0 0 0 0 0 0 0 0 0 0 0 0 0 0 0 0 0 0 0 0 0 0 0 0 0 0 0 0 0 0 0 0 0 0 0 0 0 0 0 0 0 0 0 0 0 160 0 0 0 0 0 0 0 0 0 0 0 0 243 159 214 229 26 173 136 246 244 206 106 184 130 114 121 207 255 185 34 102 0 0 0 0 0 0 0 0 0 0 0 0 243 159 214 229 26 173 136 246 244 206 106 184 130 114 121 207 255 185 34 102 0 0 0 0 0 0 0 0 0 0 0 0 0 0 0 0 0 0 0 0 0 0 0 0 0 0 0 0 0 0 0 0 0 0 0 0 0 0 0 0 0 0 0 0 0 0 0 0 0 0 0 0 0 0 0 0 0 0 0 0 0 0 0 128 0 0 0 0 0 0 0 0 0 0 0 0 0 0 0 0 0 0 0 0 0 0 0 0 0 0 0 0 0 0 0 0 0 0 0 0 0 0 0 0 0 0 0 0 0 0 0 0 0 0 0 0 0 0 0 0 0 0 0 0 0 0 0 224 0 0 0 0 0 0 0 0 0 0 0 0 0 0 0 0 0 0 0 0 0 0 0 0 0 0 0 0 0 0 0 96 0 0 0 0 0 0 0 0 0 0 0 0 0 0 0 0 0 0 0 0 0 0 0 0 0 0 0 0 0 0 0 160 0 0 0 0 0 0 0 0 0 0 0 0 0 0 0 0 0 0 0 0 0 0 0 0 0 0 0 0 0 0 0 6 0 0 0 0 0 0 0 0 0 0 0 0 0 0 0 0 0 0 0 0 0 0 0 0 0 0 0 0 0 0 0 9 84 101 115 116 84 111 107 101 110 0 0 0 0 0 0 0 0 0 0 0 0 0 0 0 0 0 0 0 0 0 0 0 0 0 0 0 0 0 0 0 0 0 0 0 0 0 0 0 0 0 0 0 0 0 0 0 0 0 0 0 0 0 0 2 77 84 0 0 0 0 0 0 0 0 0 0 0 0 0 0 0 0 0 0 0 0 0 0 0 0 0 0 0 0 0 0 0 0 0 0 0 0 0 0 0 0 0 0 0 0 0 0 0 0 0 0 0 0 0 0 0 0 0 0 0 0 1 128 0 0 0 0 0 0 0 0 0 0 0 0 0 0 0 0 0 0 0 0 0 0 0 0 0 0 0 0 104 152 158 110 0 0 0 0 0 0 0 0 0 0 0 0 0 0 0 0 0 0 0 0 0 0 0 0 0 0 0 0 106 128 105 110 0 0 0 0 0 0 0 0 0 0 0 0 3 108 189 83 132 44 84 38 99 78 121 41 84 30 194 49 143 61 207 126 0 0 0 0 0 0 0 0 0 0 0 0 0 0 0 0 0 0 0 0 0 0 0 0 0 0 0 232 212 165 16 0 0 0 0 0 0 0 0 0 0 0 0 0 0 0 0 0 0 0 0 0 0 0 0 0 0 0 0 23 72 118 232 0 0 0 0 0 0 0 0 0 0 0 0 0 0 0 0 0 0 0 0 0 0 0 0 0 0 0 0 0 0 15 66 64 0 0 0 0 0 0 0 0 0 0 0 0 0 0 0 0 0 0 0 0 0 0 0 0 0 0 0 0 0 0 0 110 0 0 0 0 0 0 0 0 0 0 0 0 0 0 0 0 0 0 0 0 0 0 0 0 0 0 0 0 0 0 1 44 0 0 0 0 0 0 0 0 0 0 0 0 243 159 214 229 26 173 136 246 244 206 106 184 130 114 121 207 255 185 34 102 0 0 0 0 0 0 0 0 0 0 0 0 243 159 214 229 26 173 136 246 244 206 106 184 130 114 121 207 255 185 34 102 0 0 0 0 0 0 0 0 0 0 0 0 0 0 0 0 0 0 0 0 0 0 0 0 0 0 0 0 0 0 0 1 0 0 0 0 0 0 0 0 0 0 0 0 243 159 214 229 26 173 136 246 244 206 106 184 130 114 121 207 255 185 34 102 0 0 0 0 0 0 0 0 0 0 0 0 0 0 0 0 0 0 0 0 0 0 0 0 0 0 0 0 0 0 0 96 0 0 0 0 0 0 0 0 0 0 0 0 3 108 189 83 132 44 84 38 99 78 121 41 84 30 194 49 143 61 207 126 0 0 0 0 0 0 0 0 0 0 0 0 243 159 214 229 26 173 136 246 244 206 106 184 130 114 121 207 255 185 34 102 0 0 0 0 0 0 0 0 0 0 0 0 243 159 214 229 26 173 136 246 244 206 106 184 130 114 121 207 255 185 34 102 131 2 148 140 160 203 216 180 179 75 239 179 67 111 115 102 148 182 218 155 91 170 95 163 55 200 210 237 107 72 212 168 239 148 111 30 50 160 99 180 14 117 101 2 144 151 182 221 51 148 20 20 178 199 1 1 108 6 65 92 228 175 231 31 106 73 6 133 198 247]][0m
[36mINFO[0m [32m[08/18 11:18:29.197] [0msuccessfully prepared create vault transaction[32m [base_txprepare][0m[36m [gasLimit:3000000] [gasPrice:2000112] [nonce:14869] [txHash:0x7551cdf7a007d9549be4eb87b09b02e1861eb6af85aad54ac7b48faeb6428b50][0m
[36mINFO[0m [32m[08/18 11:18:29.198] [0mqueryVaultCreated[32m [base_txprepare][0m[36m[0m
[36mINFO[0m [32m[08/18 11:18:29.198] [0mqueryVaultCreated[32m [base_txprepare][0m[36m [txHash:0x7551cdf7a007d9549be4eb87b09b02e1861eb6af85aad54ac7b48faeb6428b50][0m
[36mINFO[0m [32m[08/18 11:18:29.198] [0mwaitForReceipt[32m [base_txprepare][0m[36m [txHash:0x7551cdf7a007d9549be4eb87b09b02e1861eb6af85aad54ac7b48faeb6428b50][0m
[36mINFO[0m [32m[08/18 11:18:32.493] [0mwaitForReceipt[32m [base_txprepare][0m[36m [err:map[error:not found kind:*errors.errorString stack:<nil>]][0m
[36mINFO[0m [32m[08/18 11:18:35.514] [0mwaitForReceipt[32m [base_txprepare][0m[36m [err:map[error:not found kind:*errors.errorString stack:<nil>]][0m
[36mINFO[0m [32m[08/18 11:18:38.477] [0mwaitForReceipt[32m [base_txprepare][0m[36m [err:map[error:not found kind:*errors.errorString stack:<nil>]][0m
[36mINFO[0m [32m[08/18 11:18:41.672] [0mwaitForReceipt[32m [base_txprepare][0m[36m [err:map[error:not found kind:*errors.errorString stack:<nil>]][0m
[36mINFO[0m [32m[08/18 11:18:44.479] [0mwaitForReceipt[32m [base_txprepare][0m[36m [err:map[error:not found kind:*errors.errorString stack:<nil>]][0m
[36mINFO[0m [32m[08/18 11:18:47.500] [0mwaitForReceipt[32m [base_txprepare][0m[36m [err:map[error:not found kind:*errors.errorString stack:<nil>]][0m
[36mINFO[0m [32m[08/18 11:18:50.494] [0mwaitForReceipt[32m [base_txprepare][0m[36m [err:map[error:not found kind:*errors.errorString stack:<nil>]][0m
[36mINFO[0m [32m[08/18 11:18:53.486] [0mwaitForReceipt[32m [base_txprepare][0m[36m [err:map[error:not found kind:*errors.errorString stack:<nil>]][0m
[36mINFO[0m [32m[08/18 11:18:56.494] [0mwaitForReceipt[32m [base_txprepare][0m[36m [err:map[error:not found kind:*errors.errorString stack:<nil>]][0m
[36mINFO[0m [32m[08/18 11:18:59.669] [0mwaitForReceipt[32m [base_txprepare][0m[36m [err:map[error:not found kind:*errors.errorString stack:<nil>]][0m
[36mINFO[0m [32m[08/18 11:19:02.487] [0mwaitForReceipt[32m [base_txprepare][0m[36m [err:map[error:not found kind:*errors.errorString stack:<nil>]][0m
[36mINFO[0m [32m[08/18 11:19:05.487] [0mwaitForReceipt[32m [base_txprepare][0m[36m [err:map[error:not found kind:*errors.errorString stack:<nil>]][0m
[36mINFO[0m [32m[08/18 11:19:08.481] [0mwaitForReceipt[32m [base_txprepare][0m[36m [err:map[error:not found kind:*errors.errorString stack:<nil>]][0m
[36mINFO[0m [32m[08/18 11:19:11.477] [0mwaitForReceipt[32m [base_txprepare][0m[36m [err:map[error:not found kind:*errors.errorString stack:<nil>]][0m
[36mINFO[0m [32m[08/18 11:19:14.495] [0mwaitForReceipt[32m [base_txprepare][0m[36m [err:map[error:not found kind:*errors.errorString stack:<nil>]][0m
[36mINFO[0m [32m[08/18 11:19:17.498] [0mwaitForReceipt[32m [base_txprepare][0m[36m [err:map[error:not found kind:*errors.errorString stack:<nil>]][0m
[36mINFO[0m [32m[08/18 11:19:20.479] [0mwaitForReceipt[32m [base_txprepare][0m[36m [err:map[error:not found kind:*errors.errorString stack:<nil>]][0m
[36mINFO[0m [32m[08/18 11:19:23.508] [0mwaitForReceipt[32m [base_txprepare][0m[36m [err:map[error:not found kind:*errors.errorString stack:<nil>]][0m
[36mINFO[0m [32m[08/18 11:19:26.478] [0mwaitForReceipt[32m [base_txprepare][0m[36m [err:map[error:not found kind:*errors.errorString stack:<nil>]][0m
[36mINFO[0m [32m[08/18 11:19:29.479] [0mwaitForReceipt[32m [base_txprepare][0m[36m [err:map[error:not found kind:*errors.errorString stack:<nil>]][0m
[36mINFO[0m [32m[08/18 11:19:32.512] [0mwaitForReceipt[32m [base_txprepare][0m[36m [err:map[error:not found kind:*errors.errorString stack:<nil>]][0m
[36mINFO[0m [32m[08/18 11:19:35.501] [0mwaitForReceipt[32m [base_txprepare][0m[36m [err:map[error:not found kind:*errors.errorString stack:<nil>]][0m
[36mINFO[0m [32m[08/18 11:19:36.361] [0mReceive exit signal: interrupt[32m [sidecar][0m[36m[0m
[36mINFO[0m [32m[08/18 11:19:36.361] [0mComponent[app] stopped[32m [sidecar][0m[36m [time_cost:143.958µs][0m
[36mINFO[0m [32m[08/18 11:19:36.361] [0mIPC server shutdown[32m [api][0m[36m[0m
[36mINFO[0m [32m[08/18 11:19:36.361] [0mHttp server shutdown[32m [api][0m[36m[0m
[36mINFO[0m [32m[08/18 11:19:36.362] [0mwaitForReceipt[32m [base_txprepare][0m[36m [!BADKEY:ctx.Done][0m
[36mINFO[0m [32m[08/18 11:19:36.362] [0mComponent[http-api-server] stopped[32m [sidecar][0m[36m [time_cost:236.542µs][0m
[31mERRO[0m [32m[08/18 11:19:36.362] [0mfailed to wait for receipt[32m [base_txprepare][0m[31m [error:map[error:context canceled kind:*errors.errorString stack:<nil>]][0m
[36mINFO[0m [32m[08/18 11:19:36.362] [0mComponent[TokenBalanceService] stopped[32m [sidecar][0m[36m [time_cost:792ns][0m
[36mINFO[0m [32m[08/18 11:19:36.362] [0mAPI request[32m [api][0m[36m [uri:/api/v2/primary/vault/prepare_create] [method:POST] [ip:127.0.0.1] [http_code:200] [time_cost:1m9.014193875s] [caller:root][0m
[36mINFO[0m [32m[08/18 11:19:36.362] [0mDeployManager stopped[32m [base_deploymanager][0m[36m[0m
[36mINFO[0m [32m[08/18 11:19:36.362] [0mComponent[deploymanager] stopped[32m [sidecar][0m[36m [time_cost:84.292µs][0m
[36mINFO[0m [32m[08/18 11:19:36.362] [0mevent processor stopping[32m [solana_sm][0m[36m[0m
