[36mINFO[0m [32m[08/11 14:25:37.555] [0mtoken-engine version:[32m [app][0m[36m[0m
[36mINFO[0m [32m[08/11 14:25:37.556] [0mSystem version: darwin/arm64[32m [app][0m[36m[0m
[36mINFO[0m [32m[08/11 14:25:37.556] [0mGolang version: go1.24.2[32m [app][0m[36m[0m
[36mINFO[0m [32m[08/11 14:25:37.556] [0mApp build time:[32m [app][0m[36m[0m
[36mINFO[0m [32m[08/11 14:25:37.556] [0mGit commit id:[32m [app][0m[36m[0m
[36mINFO[0m [32m[08/11 14:25:37.556] [0mRepo path: /Users/yanzhixing/Downloads/GitHub/token-engine/deploy[32m [app][0m[36m[0m
[36mINFO[0m [32m[08/11 14:25:37.556] [0mExecutable: /Users/yanzhixing/Downloads/GitHub/token-engine/deploy/tools/bin/token-engine[32m [app][0m[36m[0m
[36mINFO[0m [32m[08/11 14:25:37.556] [0mPID: 92070[32m [app][0m[36m[0m
[36mINFO[0m [32m[08/11 14:25:37.556] [0mUUID node index: 0[32m [app][0m[36m[0m
[36mINFO[0m [32m[08/11 14:25:37.801] [0mcreating new base AxcTxPrepare[32m [base_txprepare][0m[36m[0m
[36mINFO[0m [32m[08/11 14:25:37.801] [0mcreating new base AxcTxExecutor[32m [base_txexecutor][0m[36m[0m
[36mINFO[0m [32m[08/11 14:25:37.801] [0mcreate axc vault idl[32m [solana-idl][0m[36m[0m
[36mINFO[0m [32m[08/11 14:25:37.803] [0mcreate axc vault transaction builder[32m [axc_tx_builder][0m[36m[0m
[36mINFO[0m [32m[08/11 14:25:37.803] [0mcreating Solana chain adaptor[32m [common_chain_adaptor][0m[36m[0m
[36mINFO[0m [32m[08/11 14:25:38.592] [0minitialized all program event definitions[32m [solana_sm][0m[36m [programCount:1][0m
[36mINFO[0m [32m[08/11 14:25:38.592] [0mcore api initialized[32m [coreApi][0m[36m[0m
[36mINFO[0m [32m[08/11 14:25:38.876] [0mComponent[sql-connector] started[32m [sidecar][0m[36m [time_cost:283.225875ms][0m
[36mINFO[0m [32m[08/11 14:25:40.191] [0mFinished connect to send tx http rpcs[32m [solana-jsonrpc][0m[36m [cost:1.315021417s] [num:1][0m
[36mINFO[0m [32m[08/11 14:25:40.444] [0mFinished connect to stable http rpcs[32m [solana-jsonrpc][0m[36m [cost:252.933791ms] [num:1][0m
[36mINFO[0m [32m[08/11 14:25:40.693] [0mFinished connect to unstable http rpcs[32m [solana-jsonrpc][0m[36m [cost:248.416083ms] [num:1][0m
[36mINFO[0m [32m[08/11 14:25:41.679] [0mFinished connect to ws rpcs[32m [solana-jsonrpc][0m[36m [cost:985.557458ms] [num:1][0m
[36mINFO[0m [32m[08/11 14:25:42.186] [0mScheduled task started[32m [sidecar][0m[36m [interval:2s] [task:solana-tx-sender[poll-last-block]][0m
[36mINFO[0m [32m[08/11 14:25:42.186] [0msolana submitter started[32m [solana-submitter][0m[36m[0m
[36mINFO[0m [32m[08/11 14:25:42.186] [0mswap submitter started[32m [submitter][0m[36m[0m
[36mINFO[0m [32m[08/11 14:25:42.186] [0mComponent[SwapSubmitter] started[32m [sidecar][0m[36m [time_cost:3.31076625s][0m
[36mINFO[0m [32m[08/11 14:25:42.187] [0mstart to subscribe exchange data by grpc...[32m [ExchangeDataService][0m[36m[0m
[36mINFO[0m [32m[08/11 14:25:42.187] [0mScheduled task started[32m [sidecar][0m[36m [interval:1m0s] [task:StatisticExchangeData][0m
[36mINFO[0m [32m[08/11 14:25:42.187] [0mScheduled task started[32m [sidecar][0m[36m [interval:1h0m0s] [task:UpdateExchangeTokenHolders][0m
[36mINFO[0m [32m[08/11 14:25:42.739] [0mComponent[ExchangeDataService] started[32m [sidecar][0m[36m [time_cost:552.294ms][0m
[36mINFO[0m [32m[08/11 14:25:42.739] [0mComponent[ContractMaterials] started[32m [sidecar][0m[36m [time_cost:6.042µs][0m
[36mINFO[0m [32m[08/11 14:25:42.739] [0mstarting Solana chain adaptor[32m [common_chain_adaptor][0m[36m[0m
[36mINFO[0m [32m[08/11 14:25:42.739] [0mSolana chain adaptor started successfully[32m [common_chain_adaptor][0m[36m[0m
[36mINFO[0m [32m[08/11 14:25:42.739] [0mComponent[common_chain_adaptor] started[32m [sidecar][0m[36m [time_cost:72.584µs][0m
[33mWARN[0m [32m[08/11 14:25:42.879] [0mUnknown contract name[32m [basechain][0m[33m [name:BasicVault][0m
[33mWARN[0m [32m[08/11 14:25:42.880] [0mUnknown contract name[32m [basechain][0m[33m [name:StandardToken][0m
[33mWARN[0m [32m[08/11 14:25:42.880] [0mUnknown contract name[32m [basechain][0m[33m [name:Crowdsale][0m
[33mWARN[0m [32m[08/11 14:25:42.880] [0mUnknown contract name[32m [basechain][0m[33m [name:AccumulatedYield][0m
[36mINFO[0m [32m[08/11 14:25:42.884] [0mContract materials loaded successfully[32m [basechain][0m[36m [appid:root] [chainId:84532] [contractCount:9] [errors:0][0m
[33mWARN[0m [32m[08/11 14:25:43.033] [0mbegin compensate swap event[32m [ExchangeDataService][0m[33m [outer_id From:233265][0m
[36mINFO[0m [32m[08/11 14:25:43.286] [0mNSQ consumer component started[32m [msgqueue][0m[36m[0m
[36mINFO[0m [32m[08/11 14:25:43.287] [0mComponent[msg_queue] started[32m [sidecar][0m[36m [time_cost:547.281292ms][0m
[36mINFO[0m [32m[08/11 14:25:43.287] [0mComponent[solana_sm] started[32m [sidecar][0m[36m [time_cost:11.042µs][0m
[36mINFO[0m [32m[08/11 14:25:43.288] [0mIPC server listen on: /Users/yanzhixing/Downloads/GitHub/token-engine/deploy/ipc.sock[32m [api][0m[36m[0m
[36mINFO[0m [32m[08/11 14:25:43.288] [0mHttp server listen on: 8082[32m [api][0m[36m[0m
[36mINFO[0m [32m[08/11 14:25:43.288] [0mComponent[http-api-server] started[32m [sidecar][0m[36m [time_cost:1.292125ms][0m
[36mINFO[0m [32m[08/11 14:25:43.288] [0mComponent[app] started[32m [sidecar][0m[36m [time_cost:256.042µs][0m
[36mINFO[0m [32m[08/11 14:25:43.288] [0mtoken-engine is ready[32m [sidecar][0m[36m[0m
[36mINFO[0m [32m[08/11 14:25:43.289] [0m=====================================================================================
   __            __                                                  _
  / /_  ____    / /__  ___    ____          ___    ____    ____ _   (_)   ____   ___
 / __/ / __ \  / //_/ / _ \  / __ \ ______ / _ \  / __ \  / __ `/  / /   / __ \ / _ \
/ /_  / /_/ / / ,<   /  __/ / / / //_____//  __/ / / / / / /_/ /  / /   / / / //  __/
\__/  \____/ /_/|_|  \___/ /_/ /_/        \___/ /_/ /_/  \__, /  /_/   /_/ /_/ \___/
                                                        /____/

=====================================================================================[32m [sidecar][0m[36m[0m
[36mINFO[0m [32m[08/11 14:25:43.372] [0mevent processor started[32m [solana_sm][0m[36m[0m
[36mINFO[0m [32m[08/11 14:25:43.372] [0mSolana events manager started[32m [solana_sm][0m[36m[0m
[31mERRO[0m [32m[08/11 14:25:46.701] [0mAPI request failed[32m [api][0m[31m [uri:/api/v2/primary/vault/prepare_create] [err_code:10001] [err_msg:Key: 'VaultCreateReq.EnableWhitelist' Error:Field validation for 'EnableWhitelist' failed on the 'required' tag] [method:POST] [ip:127.0.0.1] [http_code:200] [time_cost:1.936458ms] [caller:root][0m
[31mERRO[0m [32m[08/11 14:26:07.582] [0msave swap event data failed[32m [ExchangeDataService][0m[31m [error:map[error:model: unable to insert into exchange_token_tx: ERROR: duplicate key value violates unique constraint "exchange_token_tx_outer_id_key" (SQLSTATE 23505) kind:*errors.withStack stack:<nil>]] [txData:&{0 1001 233273 8uHK7JmwvRQYoSP5sCxjcdUn6PfhCGSRvtT7v63Rqm9T E64i27za4jcMT6ceMKncdw3aJxg1TwvXzBmULsXytJ63 4xkEmPMWfPJvBp4wiTWe5J81g9CrQibg5aof2S9dUKpu 1 10726698 9920000 10726698 1966892342 2121417678 1078563189606 10230 8womd2riK6w4fHwkrop7v1ihUJ6dK2ycsq9pH8kZjMiD 3guLPVAFHgMjbGQW2Uus4YvtKx6Q5wpuyTeG14uGdfn3xPkog5K2otHQ2kSBQYWWQSuKDQLyfeDPBAMjKgBhCDYS 400382820 1754893544 2025-08-11 14:26:07.213362 +0800 CST m=+29.757300085 2025-08-11 14:26:07.213362 +0800 CST m=+29.757300418 <nil> {}}][0m
[31mERRO[0m [32m[08/11 14:26:10.088] [0msave swap event data failed[32m [ExchangeDataService][0m[31m [error:map[error:model: unable to insert into exchange_token_tx: ERROR: duplicate key value violates unique constraint "exchange_token_tx_outer_id_key" (SQLSTATE 23505) kind:*errors.withStack stack:<nil>]] [txData:&{0 1001 233274 8uHK7JmwvRQYoSP5sCxjcdUn6PfhCGSRvtT7v63Rqm9T E64i27za4jcMT6ceMKncdw3aJxg1TwvXzBmULsXytJ63 4xkEmPMWfPJvBp4wiTWe5J81g9CrQibg5aof2S9dUKpu 0 400000 369866 400000 1966518508 2121817678 1078971628981 9829 8womd2riK6w4fHwkrop7v1ihUJ6dK2ycsq9pH8kZjMiD Agg3HT1dNvjAV4HNr6GgU9P5jpE1MWfymK1Y4fHcqnxcz2NZMKumWbms4dWGZVgdWYJpGrboyDAqCjcyRyQ2Fit 400382831 1754893549 2025-08-11 14:26:10.040832 +0800 CST m=+32.584793293 2025-08-11 14:26:10.040832 +0800 CST m=+32.584793335 <nil> {}}][0m
[31mERRO[0m [32m[08/11 14:26:12.687] [0msave swap event data failed[32m [ExchangeDataService][0m[31m [error:map[error:model: unable to insert into exchange_token_tx: ERROR: duplicate key value violates unique constraint "exchange_token_tx_outer_id_key" (SQLSTATE 23505) kind:*errors.withStack stack:<nil>]] [txData:&{0 1001 233275 8uHK7JmwvRQYoSP5sCxjcdUn6PfhCGSRvtT7v63Rqm9T E64i27za4jcMT6ceMKncdw3aJxg1TwvXzBmULsXytJ63 4xkEmPMWfPJvBp4wiTWe5J81g9CrQibg5aof2S9dUKpu 1 16414361 15370000 16414361 1981888508 2105403157 1062321693930 9807 8womd2riK6w4fHwkrop7v1ihUJ6dK2ycsq9pH8kZjMiD saXCEKHoJiCJy39Xcat6Uvz3faisU4y134rNVhyP1SjrNvri57vExAGw1an6UXLfHAzd3ysXo93kqsAmjWfHyar 400382843 1754893553 2025-08-11 14:26:12.353872 +0800 CST m=+34.897852251 2025-08-11 14:26:12.353872 +0800 CST m=+34.897852293 <nil> {}}][0m
[31mERRO[0m [32m[08/11 14:26:15.096] [0msave swap event data failed[32m [ExchangeDataService][0m[31m [error:map[error:model: unable to insert into exchange_token_tx: ERROR: duplicate key value violates unique constraint "exchange_token_tx_outer_id_key" (SQLSTATE 23505) kind:*errors.withStack stack:<nil>]] [txData:&{0 1001 233276 8uHK7JmwvRQYoSP5sCxjcdUn6PfhCGSRvtT7v63Rqm9T E64i27za4jcMT6ceMKncdw3aJxg1TwvXzBmULsXytJ63 4xkEmPMWfPJvBp4wiTWe5J81g9CrQibg5aof2S9dUKpu 0 14320000 13355556 14320000 1968526804 2119723157 1076806855102 10304 8womd2riK6w4fHwkrop7v1ihUJ6dK2ycsq9pH8kZjMiD 4daHQHG8xY4TekapKFfdQ7VkggoaPECU6rYdnfnZf7DLAuo3iky77FuXdqJyHvRt27YKCYgrci9fc9w34wNXvh5x 400382855 1754893558 2025-08-11 14:26:14.966129 +0800 CST m=+37.510130126 2025-08-11 14:26:14.966129 +0800 CST m=+37.510130501 <nil> {}}][0m
[31mERRO[0m [32m[08/11 14:26:17.452] [0msave swap event data failed[32m [ExchangeDataService][0m[31m [error:map[error:model: unable to insert into exchange_token_tx: ERROR: duplicate key value violates unique constraint "exchange_token_tx_outer_id_key" (SQLSTATE 23505) kind:*errors.withStack stack:<nil>]] [txData:&{0 1001 233277 8uHK7JmwvRQYoSP5sCxjcdUn6PfhCGSRvtT7v63Rqm9T E64i27za4jcMT6ceMKncdw3aJxg1TwvXzBmULsXytJ63 4xkEmPMWfPJvBp4wiTWe5J81g9CrQibg5aof2S9dUKpu 1 1878030 1750000 1878030 1970276804 2117839399 1074894347180 9959 8womd2riK6w4fHwkrop7v1ihUJ6dK2ycsq9pH8kZjMiD 48rZ5vMogrn7KqFDT9ssgyDtfj5JGLdGpT88A2eJMgRbCgWGD1Jsd3xZrnCPyUspatzyLzBsrhm9vCSsz5wS6Jqp 400382865 1754893561 2025-08-11 14:26:17.374575 +0800 CST m=+39.918595543 2025-08-11 14:26:17.374575 +0800 CST m=+39.918595710 <nil> {}}][0m
[31mERRO[0m [32m[08/11 14:26:19.874] [0msave swap event data failed[32m [ExchangeDataService][0m[31m [error:map[error:model: unable to insert into exchange_token_tx: ERROR: duplicate key value violates unique constraint "exchange_token_tx_outer_id_key" (SQLSTATE 23505) kind:*errors.withStack stack:<nil>]] [txData:&{0 1001 233278 8uHK7JmwvRQYoSP5sCxjcdUn6PfhCGSRvtT7v63Rqm9T E64i27za4jcMT6ceMKncdw3aJxg1TwvXzBmULsXytJ63 4xkEmPMWfPJvBp4wiTWe5J81g9CrQibg5aof2S9dUKpu 0 14930000 13758259 14930000 1956517845 2132769399 1090084306897 10075 8womd2riK6w4fHwkrop7v1ihUJ6dK2ycsq9pH8kZjMiD 27hhQaqxZdv11co9wudDcu3UPuTPjhdDMjrVhBLMiKzVRyFbktt3p9mLvsf1vSSoXdofcMViVmPxnpQXfmdhKXuz 400382876 1754893566 2025-08-11 14:26:19.722884 +0800 CST m=+42.266923793 2025-08-11 14:26:19.722884 +0800 CST m=+42.266924126 <nil> {}}][0m
[31mERRO[0m [32m[08/11 14:26:22.236] [0msave swap event data failed[32m [ExchangeDataService][0m[31m [error:map[error:model: unable to insert into exchange_token_tx: ERROR: duplicate key value violates unique constraint "exchange_token_tx_outer_id_key" (SQLSTATE 23505) kind:*errors.withStack stack:<nil>]] [txData:&{0 1001 233279 8uHK7JmwvRQYoSP5sCxjcdUn6PfhCGSRvtT7v63Rqm9T E64i27za4jcMT6ceMKncdw3aJxg1TwvXzBmULsXytJ63 4xkEmPMWfPJvBp4wiTWe5J81g9CrQibg5aof2S9dUKpu 1 17524349 16250000 17524349 1972767845 2115239078 1072218955393 10520 8womd2riK6w4fHwkrop7v1ihUJ6dK2ycsq9pH8kZjMiD 2Fg7ekWCMqj8ACMGCErR9iYr24yk2fV7prUCWCW2i6d74TM8cKgCiJsQtzPaD3SA7ySNHdPJmrmLL9jRLc8Wrzbw 400382888 1754893571 2025-08-11 14:26:22.155249 +0800 CST m=+44.699309376 2025-08-11 14:26:22.15525 +0800 CST m=+44.699309668 <nil> {}}][0m
[31mERRO[0m [32m[08/11 14:26:24.660] [0msave swap event data failed[32m [ExchangeDataService][0m[31m [error:map[error:model: unable to insert into exchange_token_tx: ERROR: duplicate key value violates unique constraint "exchange_token_tx_outer_id_key" (SQLSTATE 23505) kind:*errors.withStack stack:<nil>]] [txData:&{0 1001 233280 8uHK7JmwvRQYoSP5sCxjcdUn6PfhCGSRvtT7v63Rqm9T E64i27za4jcMT6ceMKncdw3aJxg1TwvXzBmULsXytJ63 4xkEmPMWfPJvBp4wiTWe5J81g9CrQibg5aof2S9dUKpu 1 2883826 2700000 2883826 1975461345 2112355252 1069297183337 9950 Ft5dUC14KJ4r7bwwwX5oRsjgVwbwFoG7ntfowwNd4bFq 3Q7uAC8hLYjNjWVJWoyy5PPhB31uwrqguUrUQUxxA4KxHk3BzfxT4NMshiV4dMvR8LsYPmvenJAXVVdTYie86B7n 400382900 1754893575 2025-08-11 14:26:24.485294 +0800 CST m=+47.029373251 2025-08-11 14:26:24.485294 +0800 CST m=+47.029373376 <nil> {}}][0m
[31mERRO[0m [32m[08/11 14:26:27.624] [0msave swap event data failed[32m [ExchangeDataService][0m[31m [error:map[error:model: unable to insert into exchange_token_tx: ERROR: duplicate key value violates unique constraint "exchange_token_tx_outer_id_key" (SQLSTATE 23505) kind:*errors.withStack stack:<nil>]] [txData:&{0 1001 233281 8uHK7JmwvRQYoSP5sCxjcdUn6PfhCGSRvtT7v63Rqm9T E64i27za4jcMT6ceMKncdw3aJxg1TwvXzBmULsXytJ63 4xkEmPMWfPJvBp4wiTWe5J81g9CrQibg5aof2S9dUKpu 1 20177923 19100000 20177923 1994560265 2092177329 1048941646794 9620 Ft5dUC14KJ4r7bwwwX5oRsjgVwbwFoG7ntfowwNd4bFq 5QTzyoQh16M4WybJXYQu3ti28XYrCyGZ8eN2g2MbHahaocEYxCzCxtjXfSrMWD1CzHepYw21YFnq7grYcu3aAqgv 400382911 1754893580 2025-08-11 14:26:26.910051 +0800 CST m=+49.454149793 2025-08-11 14:26:26.910051 +0800 CST m=+49.454149835 <nil> {}}][0m
[31mERRO[0m [32m[08/11 14:26:29.976] [0msave swap event data failed[32m [ExchangeDataService][0m[31m [error:map[error:model: unable to insert into exchange_token_tx: ERROR: duplicate key value violates unique constraint "exchange_token_tx_outer_id_key" (SQLSTATE 23505) kind:*errors.withStack stack:<nil>]] [txData:&{0 1001 233282 8uHK7JmwvRQYoSP5sCxjcdUn6PfhCGSRvtT7v63Rqm9T E64i27za4jcMT6ceMKncdw3aJxg1TwvXzBmULsXytJ63 4xkEmPMWfPJvBp4wiTWe5J81g9CrQibg5aof2S9dUKpu 1 17555239 16920000 17555239 2011472625 2074622090 1031394643016 9248 Ft5dUC14KJ4r7bwwwX5oRsjgVwbwFoG7ntfowwNd4bFq 4P6yjaD4ScoxHqrXCsVpFcgBDppuWsrDEKJ4gBArUjcbkMutaf6HwKKgx651enHuEPhFXyPto2kwkguLq13eK5ch 400382922 1754893584 2025-08-11 14:26:29.881177 +0800 CST m=+52.425299918 2025-08-11 14:26:29.881177 +0800 CST m=+52.425299960 <nil> {}}][0m
[33mWARN[0m [32m[08/11 14:26:32.234] [0mstop compensate swap event[32m [ExchangeDataService][0m[33m [outer_id end:233282][0m
[31mERRO[0m [32m[08/11 14:26:35.944] [0mAPI request failed[32m [api][0m[31m [uri:/api/v2/primary/vault/prepare_create] [err_code:10001] [err_msg:Key: 'VaultCreateReq.EnableWhitelist' Error:Field validation for 'EnableWhitelist' failed on the 'required' tag] [method:POST] [ip:127.0.0.1] [http_code:200] [time_cost:161.375µs] [caller:root][0m
[36mINFO[0m [32m[08/11 14:28:51.706] [0mReceive exit signal: interrupt[32m [sidecar][0m[36m[0m
[36mINFO[0m [32m[08/11 14:28:51.707] [0mComponent[app] stopped[32m [sidecar][0m[36m [time_cost:433.875µs][0m
[36mINFO[0m [32m[08/11 14:28:51.708] [0mIPC server shutdown[32m [api][0m[36m[0m
[36mINFO[0m [32m[08/11 14:28:51.708] [0mHttp server shutdown[32m [api][0m[36m[0m
[36mINFO[0m [32m[08/11 14:28:51.708] [0mComponent[http-api-server] stopped[32m [sidecar][0m[36m [time_cost:460.959µs][0m
[36mINFO[0m [32m[08/11 14:28:51.708] [0mScheduled task stopped[32m [sidecar][0m[36m [interval:2s] [task:solana-tx-sender[poll-last-block]][0m
[36mINFO[0m [32m[08/11 14:28:51.708] [0mevent processor stopping[32m [solana_sm][0m[36m[0m
