[36mINFO[0m [32m[08/15 10:18:23.510] [0mtoken-engine version:[32m [app][0m[36m[0m
[36mINFO[0m [32m[08/15 10:18:23.510] [0mSystem version: darwin/arm64[32m [app][0m[36m[0m
[36mINFO[0m [32m[08/15 10:18:23.510] [0mGolang version: go1.24.2[32m [app][0m[36m[0m
[36mINFO[0m [32m[08/15 10:18:23.510] [0mApp build time:[32m [app][0m[36m[0m
[36mINFO[0m [32m[08/15 10:18:23.510] [0mGit commit id:[32m [app][0m[36m[0m
[36mINFO[0m [32m[08/15 10:18:23.510] [0mRepo path: /Users/yanzhixing/Downloads/GitHub/token-engine/deploy[32m [app][0m[36m[0m
[36mINFO[0m [32m[08/15 10:18:23.510] [0mExecutable: /Users/yanzhixing/Downloads/GitHub/token-engine/deploy/tools/bin/token-engine[32m [app][0m[36m[0m
[36mINFO[0m [32m[08/15 10:18:23.510] [0mPID: 2173[32m [app][0m[36m[0m
[36mINFO[0m [32m[08/15 10:18:23.511] [0mUUID node index: 0[32m [app][0m[36m[0m
[36mINFO[0m [32m[08/15 10:18:23.989] [0mcreating new base AxcTxPrepare[32m [base_txprepare][0m[36m[0m
[36mINFO[0m [32m[08/15 10:18:23.989] [0mcreating new base AxcTxExecutor[32m [base_txexecutor][0m[36m[0m
[36mINFO[0m [32m[08/15 10:18:23.989] [0mcreate axc vault idl[32m [solana-idl][0m[36m[0m
[36mINFO[0m [32m[08/15 10:18:23.989] [0mcreate axc vault transaction builder[32m [axc_tx_builder][0m[36m[0m
[36mINFO[0m [32m[08/15 10:18:23.989] [0mcreating Solana chain adaptor[32m [common_chain_adaptor][0m[36m[0m
[36mINFO[0m [32m[08/15 10:18:24.139] [0minitialized all program event definitions[32m [solana_sm][0m[36m [programCount:1][0m
[36mINFO[0m [32m[08/15 10:18:24.140] [0mRegistered transfer provider[32m [tron-transfer][0m[36m [chainID:97] [tokens:[BNB USDT USDC]][0m
[36mINFO[0m [32m[08/15 10:18:24.141] [0mRegistered transfer provider[32m [tron-transfer][0m[36m [chainID:2494104990] [tokens:[TRX USDT]][0m
[36mINFO[0m [32m[08/15 10:18:24.141] [0mcore api initialized[32m [coreApi][0m[36m[0m
[36mINFO[0m [32m[08/15 10:18:24.373] [0mComponent[sql-connector] started[32m [sidecar][0m[36m [time_cost:230.992208ms][0m
[36mINFO[0m [32m[08/15 10:18:25.247] [0mFinished connect to send tx http rpcs[32m [solana-jsonrpc][0m[36m [cost:873.656792ms] [num:1][0m
[36mINFO[0m [32m[08/15 10:18:25.491] [0mFinished connect to stable http rpcs[32m [solana-jsonrpc][0m[36m [cost:244.369417ms] [num:1][0m
[36mINFO[0m [32m[08/15 10:18:25.745] [0mFinished connect to unstable http rpcs[32m [solana-jsonrpc][0m[36m [cost:253.494917ms] [num:1][0m
[36mINFO[0m [32m[08/15 10:18:26.441] [0mFinished connect to ws rpcs[32m [solana-jsonrpc][0m[36m [cost:695.58425ms] [num:1][0m
[36mINFO[0m [32m[08/15 10:18:26.945] [0mScheduled task started[32m [sidecar][0m[36m [interval:2s] [task:solana-tx-sender[poll-last-block]][0m
[36mINFO[0m [32m[08/15 10:18:26.946] [0msolana submitter started[32m [solana-submitter][0m[36m[0m
[36mINFO[0m [32m[08/15 10:18:26.946] [0mswap submitter started[32m [submitter][0m[36m[0m
[36mINFO[0m [32m[08/15 10:18:26.946] [0mComponent[SwapSubmitter] started[32m [sidecar][0m[36m [time_cost:2.572942417s][0m
[36mINFO[0m [32m[08/15 10:18:26.946] [0mstart to subscribe exchange data by grpc...[32m [ExchangeDataService][0m[36m[0m
[36mINFO[0m [32m[08/15 10:18:26.946] [0mScheduled task started[32m [sidecar][0m[36m [interval:1h0m0s] [task:UpdateExchangeTokenHolders][0m
[36mINFO[0m [32m[08/15 10:18:26.946] [0mScheduled task started[32m [sidecar][0m[36m [interval:1m0s] [task:StatisticExchangeData][0m
[36mINFO[0m [32m[08/15 10:18:27.493] [0mComponent[ExchangeDataService] started[32m [sidecar][0m[36m [time_cost:547.485125ms][0m
[36mINFO[0m [32m[08/15 10:18:27.494] [0mComponent[ContractMaterials] started[32m [sidecar][0m[36m [time_cost:2.208µs][0m
[36mINFO[0m [32m[08/15 10:18:27.494] [0mstarting Solana chain adaptor[32m [common_chain_adaptor][0m[36m[0m
[36mINFO[0m [32m[08/15 10:18:27.494] [0mSolana chain adaptor started successfully[32m [common_chain_adaptor][0m[36m[0m
[36mINFO[0m [32m[08/15 10:18:27.494] [0mComponent[common_chain_adaptor] started[32m [sidecar][0m[36m [time_cost:37.25µs][0m
[33mWARN[0m [32m[08/15 10:18:27.740] [0mbegin compensate swap event[32m [ExchangeDataService][0m[33m [outer_id From:294546][0m
[36mINFO[0m [32m[08/15 10:18:28.060] [0mContract materials loaded successfully[32m [basechain][0m[36m [appid:root] [chainId:84532] [contractCount:9] [errors:0][0m
[36mINFO[0m [32m[08/15 10:18:28.766] [0mNSQ consumer component started[32m [msgqueue][0m[36m[0m
[36mINFO[0m [32m[08/15 10:18:28.766] [0mComponent[msg_queue] started[32m [sidecar][0m[36m [time_cost:1.272735208s][0m
[36mINFO[0m [32m[08/15 10:18:28.766] [0mComponent[solana_sm] started[32m [sidecar][0m[36m [time_cost:10.5µs][0m
[36mINFO[0m [32m[08/15 10:18:28.766] [0mLoading deployment manifest from[32m [base_deploymanager][0m[36m [path:/Users/yanzhixing/Downloads/GitHub/token-engine/deploy/abis][0m
[36mINFO[0m [32m[08/15 10:18:28.766] [0mComponent[deploymanager] started[32m [sidecar][0m[36m [time_cost:40.708µs][0m
[36mINFO[0m [32m[08/15 10:18:28.767] [0mIPC server listen on: /Users/yanzhixing/Downloads/GitHub/token-engine/deploy/ipc.sock[32m [api][0m[36m[0m
[36mINFO[0m [32m[08/15 10:18:28.767] [0mHttp server listen on: 8082[32m [api][0m[36m[0m
[36mINFO[0m [32m[08/15 10:18:28.767] [0mComponent[http-api-server] started[32m [sidecar][0m[36m [time_cost:486.708µs][0m
[36mINFO[0m [32m[08/15 10:18:28.767] [0mComponent[app] started[32m [sidecar][0m[36m [time_cost:145.333µs][0m
[36mINFO[0m [32m[08/15 10:18:28.767] [0mtoken-engine is ready[32m [sidecar][0m[36m[0m
[36mINFO[0m [32m[08/15 10:18:28.768] [0m=====================================================================================
   __            __                                                  _
  / /_  ____    / /__  ___    ____          ___    ____    ____ _   (_)   ____   ___
 / __/ / __ \  / //_/ / _ \  / __ \ ______ / _ \  / __ \  / __ `/  / /   / __ \ / _ \
/ /_  / /_/ / / ,<   /  __/ / / / //_____//  __/ / / / / / /_/ /  / /   / / / //  __/
\__/  \____/ /_/|_|  \___/ /_/ /_/        \___/ /_/ /_/  \__, /  /_/   /_/ /_/ \___/
                                                        /____/

=====================================================================================[32m [sidecar][0m[36m[0m
[36mINFO[0m [32m[08/15 10:18:28.848] [0mevent processor started[32m [solana_sm][0m[36m[0m
[36mINFO[0m [32m[08/15 10:18:28.848] [0mSolana events manager started[32m [solana_sm][0m[36m[0m
[36mINFO[0m [32m[08/15 10:18:46.741] [0mPreparing transfer[32m [basechain][0m[36m [amount:0.000001] [from:0x4d6Ca5A0517cc18d66FEA10a51486fA0351bF61A] [to:0x4d6Ca5A0517cc18d66FEA10a51486fA0351bF61A] [tokenAddr:] [tokenType:ETH][0m
[31mERRO[0m [32m[08/15 10:18:49.074] [0mFailed to get ETH balance[32m [basechain][0m[31m [error:map[error:Post "https://api.developer.coinbase.com/rpc/v1/base-sepolia/JmJwHELnrYhdN3YgtwMjYOrnVDdSXppH": read tcp 10.1.9.208:52032->104.18.35.15:443: read: connection reset by peer kind:*url.Error stack:<nil>]][0m
[31mERRO[0m [32m[08/15 10:18:49.074] [0mAPI request failed[32m [api][0m[31m [uri:/api/v2/transfer/prepare] [err_code:10001] [err_msg:Post "https://api.developer.coinbase.com/rpc/v1/base-sepolia/JmJwHELnrYhdN3YgtwMjYOrnVDdSXppH": read tcp 10.1.9.208:52032->104.18.35.15:443: read: connection reset by peer] [method:POST] [ip:127.0.0.1] [http_code:200] [time_cost:2.3339425s] [caller:root][0m
[36mINFO[0m [32m[08/15 10:18:51.308] [0mPreparing transfer[32m [basechain][0m[36m [amount:0.000001] [from:0x4d6Ca5A0517cc18d66FEA10a51486fA0351bF61A] [to:0x4d6Ca5A0517cc18d66FEA10a51486fA0351bF61A] [tokenAddr:] [tokenType:ETH][0m
[36mINFO[0m [32m[08/15 10:18:52.441] [0mETH transfer prepared[32m [basechain][0m[36m [amount:1000000000000] [balance:8252265730947554] [chainID:84532] [gasLimit:21000] [gasPrice:1000055] [nonce:55] [unsignedTxHex:0xb202f083014a3437830f4277831e84ee825208944d6ca5a0517cc18d66fea10a51486fa0351bf61a85e8d4a5100080c0808080][0m
[36mINFO[0m [32m[08/15 10:18:52.441] [0mTestSubmitSignedUSDTTransfer[32m [basechain][0m[36m [chainID:84532] [unsignedTxHex:0xb202f083014a3437830f4277831e84ee825208944d6ca5a0517cc18d66fea10a51486fa0351bf61a85e8d4a5100080c0808080][0m
[31mERRO[0m [32m[08/15 10:18:52.442] [0mFailed to decode unsigned tx: %v[32m [basechain][0m[31m [!BADKEY:rlp: expected input list for types.LegacyTx][0m
[36mINFO[0m [32m[08/15 10:18:52.442] [0mAPI request[32m [api][0m[36m [uri:/api/v2/transfer/prepare] [method:POST] [ip:127.0.0.1] [http_code:200] [time_cost:1.133621542s] [caller:root][0m
[36mINFO[0m [32m[08/15 10:27:48.090] [0mReceive exit signal: interrupt[32m [sidecar][0m[36m[0m
[36mINFO[0m [32m[08/15 10:27:48.092] [0mComponent[app] stopped[32m [sidecar][0m[36m [time_cost:239.25µs][0m
[36mINFO[0m [32m[08/15 10:27:48.092] [0mIPC server shutdown[32m [api][0m[36m[0m
[36mINFO[0m [32m[08/15 10:27:48.092] [0mHttp server shutdown[32m [api][0m[36m[0m
[36mINFO[0m [32m[08/15 10:27:48.092] [0mComponent[http-api-server] stopped[32m [sidecar][0m[36m [time_cost:193.291µs][0m
[36mINFO[0m [32m[08/15 10:27:48.092] [0mDeployManager stopped[32m [base_deploymanager][0m[36m[0m
[36mINFO[0m [32m[08/15 10:27:48.092] [0mComponent[deploymanager] stopped[32m [sidecar][0m[36m [time_cost:20.583µs][0m
[36mINFO[0m [32m[08/15 10:27:48.092] [0mScheduled task stopped[32m [sidecar][0m[36m [interval:2s] [task:solana-tx-sender[poll-last-block]][0m
[36mINFO[0m [32m[08/15 10:27:48.092] [0mevent processor stopping[32m [solana_sm][0m[36m[0m
