[36mINFO[0m [32m[08/15 17:17:54.273] [0mtoken-engine version:[32m [app][0m[36m[0m
[36mINFO[0m [32m[08/15 17:17:54.274] [0mSystem version: darwin/arm64[32m [app][0m[36m[0m
[36mINFO[0m [32m[08/15 17:17:54.274] [0mGolang version: go1.24.2[32m [app][0m[36m[0m
[36mINFO[0m [32m[08/15 17:17:54.274] [0mApp build time:[32m [app][0m[36m[0m
[36mINFO[0m [32m[08/15 17:17:54.274] [0mGit commit id:[32m [app][0m[36m[0m
[36mINFO[0m [32m[08/15 17:17:54.274] [0mRepo path: /Users/yanzhixing/Downloads/GitHub/token-engine/deploy[32m [app][0m[36m[0m
[36mINFO[0m [32m[08/15 17:17:54.274] [0mExecutable: /Users/yanzhixing/Downloads/GitHub/token-engine/deploy/tools/bin/token-engine[32m [app][0m[36m[0m
[36mINFO[0m [32m[08/15 17:17:54.274] [0mPID: 19197[32m [app][0m[36m[0m
[36mINFO[0m [32m[08/15 17:17:54.274] [0mUUID node index: 0[32m [app][0m[36m[0m
[36mINFO[0m [32m[08/15 17:17:54.529] [0mcreating new base AxcTxPrepare[32m [base_txprepare][0m[36m[0m
[36mINFO[0m [32m[08/15 17:17:54.529] [0mcreating new base AxcTxExecutor[32m [base_txexecutor][0m[36m[0m
[36mINFO[0m [32m[08/15 17:17:54.530] [0mcreate axc vault idl[32m [solana-idl][0m[36m[0m
[36mINFO[0m [32m[08/15 17:17:54.530] [0mcreate axc vault transaction builder[32m [axc_tx_builder][0m[36m[0m
[36mINFO[0m [32m[08/15 17:17:54.530] [0mcreating Solana chain adaptor[32m [common_chain_adaptor][0m[36m[0m
[36mINFO[0m [32m[08/15 17:17:54.893] [0minitialized all program event definitions[32m [solana_sm][0m[36m [programCount:1][0m
[36mINFO[0m [32m[08/15 17:17:54.893] [0mRegistered transfer provider[32m [tron-transfer][0m[36m [chainID:97] [tokens:[BNB USDT USDC]][0m
[36mINFO[0m [32m[08/15 17:17:54.893] [0mRegistered transfer provider[32m [tron-transfer][0m[36m [chainID:2494104990] [tokens:[TRX USDT]][0m
[36mINFO[0m [32m[08/15 17:17:54.894] [0mcore api initialized[32m [coreApi][0m[36m[0m
[36mINFO[0m [32m[08/15 17:17:55.138] [0mComponent[sql-connector] started[32m [sidecar][0m[36m [time_cost:243.461708ms][0m
[36mINFO[0m [32m[08/15 17:17:55.933] [0mFinished connect to send tx http rpcs[32m [solana-jsonrpc][0m[36m [cost:794.872792ms] [num:1][0m
[36mINFO[0m [32m[08/15 17:17:56.649] [0mFinished connect to stable http rpcs[32m [solana-jsonrpc][0m[36m [cost:716.728583ms] [num:1][0m
[36mINFO[0m [32m[08/15 17:17:56.936] [0mFinished connect to unstable http rpcs[32m [solana-jsonrpc][0m[36m [cost:286.712709ms] [num:1][0m
[36mINFO[0m [32m[08/15 17:17:58.218] [0mFinished connect to ws rpcs[32m [solana-jsonrpc][0m[36m [cost:1.281722208s] [num:1][0m
[36mINFO[0m [32m[08/15 17:17:58.749] [0mScheduled task started[32m [sidecar][0m[36m [interval:2s] [task:solana-tx-sender[poll-last-block]][0m
[36mINFO[0m [32m[08/15 17:17:58.750] [0msolana submitter started[32m [solana-submitter][0m[36m[0m
[36mINFO[0m [32m[08/15 17:17:58.750] [0mswap submitter started[32m [submitter][0m[36m[0m
[36mINFO[0m [32m[08/15 17:17:58.750] [0mComponent[SwapSubmitter] started[32m [sidecar][0m[36m [time_cost:3.611892583s][0m
[36mINFO[0m [32m[08/15 17:17:58.750] [0mstart to subscribe exchange data by grpc...[32m [ExchangeDataService][0m[36m[0m
[36mINFO[0m [32m[08/15 17:17:58.750] [0mScheduled task started[32m [sidecar][0m[36m [interval:1h0m0s] [task:UpdateExchangeTokenHolders][0m
[36mINFO[0m [32m[08/15 17:17:58.750] [0mScheduled task started[32m [sidecar][0m[36m [interval:1m0s] [task:StatisticExchangeData][0m
[36mINFO[0m [32m[08/15 17:18:04.110] [0mComponent[ExchangeDataService] started[32m [sidecar][0m[36m [time_cost:5.360524625s][0m
[36mINFO[0m [32m[08/15 17:18:04.111] [0mComponent[ContractMaterials] started[32m [sidecar][0m[36m [time_cost:16.917µs][0m
[36mINFO[0m [32m[08/15 17:18:04.111] [0mstarting Solana chain adaptor[32m [common_chain_adaptor][0m[36m[0m
[36mINFO[0m [32m[08/15 17:18:04.111] [0mSolana chain adaptor started successfully[32m [common_chain_adaptor][0m[36m[0m
[36mINFO[0m [32m[08/15 17:18:04.111] [0mComponent[common_chain_adaptor] started[32m [sidecar][0m[36m [time_cost:41.5µs][0m
[33mWARN[0m [32m[08/15 17:18:04.224] [0mbegin compensate swap event[32m [ExchangeDataService][0m[33m [outer_id From:307224][0m
[36mINFO[0m [32m[08/15 17:18:04.390] [0mContract materials loaded successfully[32m [basechain][0m[36m [appid:root] [chainId:84532] [contractCount:9] [errors:0][0m
[36mINFO[0m [32m[08/15 17:18:04.627] [0mNSQ consumer component started[32m [msgqueue][0m[36m[0m
[36mINFO[0m [32m[08/15 17:18:04.628] [0mComponent[msg_queue] started[32m [sidecar][0m[36m [time_cost:517.0225ms][0m
[36mINFO[0m [32m[08/15 17:18:04.628] [0mComponent[solana_sm] started[32m [sidecar][0m[36m [time_cost:5.291µs][0m
[36mINFO[0m [32m[08/15 17:18:04.628] [0mLoading deployment manifest from[32m [base_deploymanager][0m[36m [path:/Users/yanzhixing/Downloads/GitHub/token-engine/deploy/abis][0m
[36mINFO[0m [32m[08/15 17:18:04.628] [0mComponent[deploymanager] started[32m [sidecar][0m[36m [time_cost:88.458µs][0m
[36mINFO[0m [32m[08/15 17:18:04.629] [0mIPC server listen on: /Users/yanzhixing/Downloads/GitHub/token-engine/deploy/ipc.sock[32m [api][0m[36m[0m
[36mINFO[0m [32m[08/15 17:18:04.629] [0mHttp server listen on: 8082[32m [api][0m[36m[0m
[36mINFO[0m [32m[08/15 17:18:04.630] [0mComponent[http-api-server] started[32m [sidecar][0m[36m [time_cost:1.037709ms][0m
[36mINFO[0m [32m[08/15 17:18:04.630] [0mComponent[app] started[32m [sidecar][0m[36m [time_cost:596.375µs][0m
[36mINFO[0m [32m[08/15 17:18:04.631] [0mtoken-engine is ready[32m [sidecar][0m[36m[0m
[36mINFO[0m [32m[08/15 17:18:04.634] [0m=====================================================================================
   __            __                                                  _
  / /_  ____    / /__  ___    ____          ___    ____    ____ _   (_)   ____   ___
 / __/ / __ \  / //_/ / _ \  / __ \ ______ / _ \  / __ \  / __ `/  / /   / __ \ / _ \
/ /_  / /_/ / / ,<   /  __/ / / / //_____//  __/ / / / / / /_/ /  / /   / / / //  __/
\__/  \____/ /_/|_|  \___/ /_/ /_/        \___/ /_/ /_/  \__, /  /_/   /_/ /_/ \___/
                                                        /____/

=====================================================================================[32m [sidecar][0m[36m[0m
[36mINFO[0m [32m[08/15 17:18:04.698] [0mSolana events manager started[32m [solana_sm][0m[36m[0m
[36mINFO[0m [32m[08/15 17:18:04.698] [0mevent processor started[32m [solana_sm][0m[36m[0m
[36mINFO[0m [32m[08/15 17:18:38.157] [0mpreparing create vault transaction[32m [base_txprepare][0m[36m [params:&{84532 {0x4d6Ca5A0517cc18d66FEA10a51486fA0351bF61A 0x4d6Ca5A0517cc18d66FEA10a51486fA0351bF61A 0x4d6Ca5A0517cc18d66FEA10a51486fA0351bF61A 0x4d6Ca5A0517cc18d66FEA10a51486fA0351bF61A} {My Test Token MTT 18 https://example.com/token-metadata.json} {Test 0xA0b86a33E6441E6C7D3E4C2C4C6C6C6C6C6C6C6C 1000000 1703980800 1704067200 100 500 0.1 100000 200 0x1234567890123456789012345678901234567890 0x1234567890123456789012345678901234567890 1} false}][0m
[36mINFO[0m [32m[08/15 17:18:45.068] [0msuccessfully prepared create vault transaction[32m [base_txprepare][0m[36m [txHash:0xe3b55dc5a211f95944c911e8102b88ca765f7796f77ab7261decab307b4c1986][0m
[36mINFO[0m [32m[08/15 17:18:45.069] [0mqueryVaultCreated[32m [base_txprepare][0m[36m[0m
[36mINFO[0m [32m[08/15 17:18:45.069] [0mqueryVaultCreated[32m [base_txprepare][0m[36m [txHash:0xe3b55dc5a211f95944c911e8102b88ca765f7796f77ab7261decab307b4c1986][0m
[36mINFO[0m [32m[08/15 17:18:45.907] [0mqueryVaultCreated[32m [base_txprepare][0m[36m [receipt:&{0 [] 0 7840537 [0 0 0 0 0 0 0 0 0 0 0 0 0 0 0 0 0 0 0 0 0 0 0 0 0 0 0 0 0 0 0 0 0 0 0 0 0 0 0 0 0 0 0 0 0 0 0 0 0 0 0 0 0 0 0 0 0 0 0 0 0 0 0 0 0 0 0 0 0 0 0 0 0 0 0 0 0 0 0 0 0 0 0 0 0 0 0 0 0 0 0 0 0 0 0 0 0 0 0 0 0 0 0 0 0 0 0 0 0 0 0 0 0 0 0 0 0 0 0 0 0 0 0 0 0 0 0 0 0 0 0 0 0 0 0 0 0 0 0 0 0 0 0 0 0 0 0 0 0 0 0 0 0 0 0 0 0 0 0 0 0 0 0 0 0 0 0 0 0 0 0 0 0 0 0 0 0 0 0 0 0 0 0 0 0 0 0 0 0 0 0 0 0 0 0 0 0 0 0 0 0 0 0 0 0 0 0 0 0 0 0 0 0 0 0 0 0 0 0 0 0 0 0 0 0 0 0 0 0 0 0 0 0 0 0 0 0 0 0 0 0 0 0 0 0 0 0 0 0 0 0 0 0 0 0 0] [] 0xe3b55dc5a211f95944c911e8102b88ca765f7796f77ab7261decab307b4c1986 0x0000000000000000000000000000000000000000 37930 1000104 0 <nil> 0x49923485c6d42fab2a81388f8621f1b26bcdc3dd5c979936d9d2e08e0e347f6d 29740619 22}][0m
[36mINFO[0m [32m[08/15 17:18:45.908] [0mAPI request[32m [api][0m[36m [uri:/api/v2/primary/vault/prepare_create] [method:POST] [ip:127.0.0.1] [http_code:200] [time_cost:7.751192084s] [caller:root][0m
[33mWARN[0m [32m[08/15 17:39:47.579] [0mstop compensate swap event[32m [ExchangeDataService][0m[33m [outer_id end:307734][0m
[36mINFO[0m [32m[08/15 17:50:26.191] [0mReceive exit signal: interrupt[32m [sidecar][0m[36m[0m
[36mINFO[0m [32m[08/15 17:50:26.195] [0mComponent[app] stopped[32m [sidecar][0m[36m [time_cost:1.150833ms][0m
[36mINFO[0m [32m[08/15 17:50:26.198] [0mIPC server shutdown[32m [api][0m[36m[0m
[36mINFO[0m [32m[08/15 17:50:26.198] [0mHttp server shutdown[32m [api][0m[36m[0m
[36mINFO[0m [32m[08/15 17:50:26.198] [0mComponent[http-api-server] stopped[32m [sidecar][0m[36m [time_cost:2.4075ms][0m
[36mINFO[0m [32m[08/15 17:50:26.199] [0mDeployManager stopped[32m [base_deploymanager][0m[36m[0m
[36mINFO[0m [32m[08/15 17:50:26.199] [0mComponent[deploymanager] stopped[32m [sidecar][0m[36m [time_cost:373µs][0m
[36mINFO[0m [32m[08/15 17:50:26.199] [0mevent processor stopping[32m [solana_sm][0m[36m[0m
[36mINFO[0m [32m[08/15 17:50:26.199] [0mScheduled task stopped[32m [sidecar][0m[36m [interval:2s] [task:solana-tx-sender[poll-last-block]][0m
