[36mINFO[0m [32m[08/18 14:02:02.258] [0mtoken-engine version:[32m [app][0m[36m[0m
[36mINFO[0m [32m[08/18 14:02:02.258] [0mSystem version: darwin/arm64[32m [app][0m[36m[0m
[36mINFO[0m [32m[08/18 14:02:02.258] [0mGolang version: go1.24.2[32m [app][0m[36m[0m
[36mINFO[0m [32m[08/18 14:02:02.258] [0mApp build time:[32m [app][0m[36m[0m
[36mINFO[0m [32m[08/18 14:02:02.258] [0mGit commit id:[32m [app][0m[36m[0m
[36mINFO[0m [32m[08/18 14:02:02.258] [0mRepo path: /Users/yanzhixing/Downloads/GitHub/token-engine/deploy[32m [app][0m[36m[0m
[36mINFO[0m [32m[08/18 14:02:02.258] [0mExecutable: /Users/yanzhixing/Downloads/GitHub/token-engine/deploy/tools/bin/token-engine[32m [app][0m[36m[0m
[36mINFO[0m [32m[08/18 14:02:02.258] [0mPID: 68910[32m [app][0m[36m[0m
[36mINFO[0m [32m[08/18 14:02:02.258] [0mUUID node index: 0[32m [app][0m[36m[0m
[36mINFO[0m [32m[08/18 14:02:02.568] [0mcreating new base AxcTxPrepare[32m [base_txprepare][0m[36m[0m
[36mINFO[0m [32m[08/18 14:02:02.568] [0mcreating new base AxcTxExecutor[32m [base_txexecutor][0m[36m[0m
[36mINFO[0m [32m[08/18 14:02:02.568] [0mcreate axc vault idl[32m [solana-idl][0m[36m[0m
[36mINFO[0m [32m[08/18 14:02:02.568] [0mcreate axc vault transaction builder[32m [axc_tx_builder][0m[36m[0m
[36mINFO[0m [32m[08/18 14:02:02.568] [0mcreating Solana chain adaptor[32m [common_chain_adaptor][0m[36m[0m
[36mINFO[0m [32m[08/18 14:02:02.775] [0minitialized all program event definitions[32m [solana_sm][0m[36m [programCount:1][0m
[36mINFO[0m [32m[08/18 14:02:02.775] [0mRegistered transfer provider[32m [transfer-service][0m[36m [chainID:97] [tokens:[BNB USDT USDC]][0m
[36mINFO[0m [32m[08/18 14:02:02.776] [0mRegistered transfer provider[32m [transfer-service][0m[36m [chainID:2494104990] [tokens:[TRX USDT]][0m
[36mINFO[0m [32m[08/18 14:02:02.776] [0mcore api initialized[32m [coreApi][0m[36m[0m
[36mINFO[0m [32m[08/18 14:02:03.128] [0mComponent[sql-connector] started[32m [sidecar][0m[36m [time_cost:352.088917ms][0m
[36mINFO[0m [32m[08/18 14:02:05.381] [0mFinished connect to send tx http rpcs[32m [solana-jsonrpc][0m[36m [cost:2.252283417s] [num:3][0m
[36mINFO[0m [32m[08/18 14:02:06.398] [0mFinished connect to stable http rpcs[32m [solana-jsonrpc][0m[36m [cost:1.016948542s] [num:3][0m
[36mINFO[0m [32m[08/18 14:02:08.721] [0mFinished connect to unstable http rpcs[32m [solana-jsonrpc][0m[36m [cost:2.323059583s] [num:45][0m
[36mINFO[0m [32m[08/18 14:02:10.523] [0mFinished connect to ws rpcs[32m [solana-jsonrpc][0m[36m [cost:1.802277292s] [num:1][0m
[36mINFO[0m [32m[08/18 14:02:11.468] [0mScheduled task started[32m [sidecar][0m[36m [interval:2s] [task:solana-tx-sender[poll-last-block]][0m
[36mINFO[0m [32m[08/18 14:02:11.468] [0msolana submitter started[32m [solana-submitter][0m[36m[0m
[36mINFO[0m [32m[08/18 14:02:11.468] [0mswap submitter started[32m [submitter][0m[36m[0m
[36mINFO[0m [32m[08/18 14:02:11.468] [0mComponent[SwapSubmitter] started[32m [sidecar][0m[36m [time_cost:8.339566375s][0m
[36mINFO[0m [32m[08/18 14:02:11.468] [0mComponent[ExchangeDataService] started[32m [sidecar][0m[36m [time_cost:6µs][0m
[36mINFO[0m [32m[08/18 14:02:11.468] [0mComponent[ContractMaterials] started[32m [sidecar][0m[36m [time_cost:2.833µs][0m
[36mINFO[0m [32m[08/18 14:02:11.468] [0mScheduled task started[32m [sidecar][0m[36m [interval:1h0m0s] [task:UpdateExchangeTokenHolders][0m
[36mINFO[0m [32m[08/18 14:02:11.468] [0mstarting Solana chain adaptor[32m [common_chain_adaptor][0m[36m[0m
[36mINFO[0m [32m[08/18 14:02:11.468] [0mScheduled task started[32m [sidecar][0m[36m [interval:1m0s] [task:StatisticExchangeData][0m
[36mINFO[0m [32m[08/18 14:02:11.468] [0mSolana chain adaptor started successfully[32m [common_chain_adaptor][0m[36m[0m
[36mINFO[0m [32m[08/18 14:02:11.468] [0mComponent[common_chain_adaptor] started[32m [sidecar][0m[36m [time_cost:192.167µs][0m
[36mINFO[0m [32m[08/18 14:02:11.606] [0mContract materials loaded successfully[32m [basechain][0m[36m [appid:root] [chainId:84532] [contractCount:9] [errors:0][0m
[36mINFO[0m [32m[08/18 14:02:11.724] [0mSolana syncer started[32m [common_chain_adaptor][0m[36m[0m
[36mINFO[0m [32m[08/18 14:02:11.724] [0mComponent[Syncer] started[32m [sidecar][0m[36m [time_cost:255.733708ms][0m
[36mINFO[0m [32m[08/18 14:02:12.315] [0mNSQ consumer component started[32m [msgqueue][0m[36m[0m
[36mINFO[0m [32m[08/18 14:02:12.315] [0mComponent[msg_queue] started[32m [sidecar][0m[36m [time_cost:590.573916ms][0m
[36mINFO[0m [32m[08/18 14:02:12.315] [0mComponent[solana_sm] started[32m [sidecar][0m[36m [time_cost:5.875µs][0m
[36mINFO[0m [32m[08/18 14:02:12.315] [0mSolana events manager started[32m [solana_sm][0m[36m[0m
[36mINFO[0m [32m[08/18 14:02:12.315] [0mevent processor started[32m [solana_sm][0m[36m[0m
[36mINFO[0m [32m[08/18 14:02:12.315] [0mLoading deployment manifest from[32m [base_deploymanager][0m[36m [path:/Users/yanzhixing/Downloads/GitHub/token-engine/deploy/abis][0m
[36mINFO[0m [32m[08/18 14:02:12.315] [0mComponent[deploymanager] started[32m [sidecar][0m[36m [time_cost:100.875µs][0m
[36mINFO[0m [32m[08/18 14:02:12.315] [0mStarting TokenBalanceService[32m [TokenBalanceService][0m[36m[0m
[36mINFO[0m [32m[08/18 14:02:12.315] [0mComponent[TokenBalanceService] started[32m [sidecar][0m[36m [time_cost:98.667µs][0m
[36mINFO[0m [32m[08/18 14:02:12.316] [0mIPC server listen on: /Users/yanzhixing/Downloads/GitHub/token-engine/deploy/ipc.sock[32m [api][0m[36m[0m
[36mINFO[0m [32m[08/18 14:02:12.317] [0mHttp server listen on: 8082[32m [api][0m[36m[0m
[36mINFO[0m [32m[08/18 14:02:12.317] [0mComponent[http-api-server] started[32m [sidecar][0m[36m [time_cost:1.165125ms][0m
[36mINFO[0m [32m[08/18 14:02:12.317] [0mComponent[app] started[32m [sidecar][0m[36m [time_cost:395.125µs][0m
[36mINFO[0m [32m[08/18 14:02:12.317] [0mtoken-engine is ready[32m [sidecar][0m[36m[0m
[36mINFO[0m [32m[08/18 14:02:12.319] [0m=====================================================================================
   __            __                                                  _
  / /_  ____    / /__  ___    ____          ___    ____    ____ _   (_)   ____   ___
 / __/ / __ \  / //_/ / _ \  / __ \ ______ / _ \  / __ \  / __ `/  / /   / __ \ / _ \
/ /_  / /_/ / / ,<   /  __/ / / / //_____//  __/ / / / / / /_/ /  / /   / / / //  __/
\__/  \____/ /_/|_|  \___/ /_/ /_/        \___/ /_/ /_/  \__, /  /_/   /_/ /_/ \___/
                                                        /____/

=====================================================================================[32m [sidecar][0m[36m[0m
[36mINFO[0m [32m[08/18 14:02:19.994] [0mpreparing create vault transaction[32m [base_txprepare][0m[36m [params:&{84532 {0xf39Fd6e51aad88F6F4ce6aB8827279cffFb92266 0xf39Fd6e51aad88F6F4ce6aB8827279cffFb92266 0xf39Fd6e51aad88F6F4ce6aB8827279cffFb92266 0xf39Fd6e51aad88F6F4ce6aB8827279cffFb92266 0xf39Fd6e51aad88F6F4ce6aB8827279cffFb92266} {Test TE 6 https://example.com/token-metadata.json} {VaultCreate 0xf39Fd6e51aad88F6F4ce6aB8827279cffFb92266 1000000 1754832498 1786800498 100 530 1 100000 310 0xf39Fd6e51aad88F6F4ce6aB8827279cffFb92266 0xf39Fd6e51aad88F6F4ce6aB8827279cffFb92266 1} false}][0m
[36mINFO[0m [32m[08/18 14:02:21.352] [0mnonce retrieved successfully[32m [base_txprepare][0m[36m [deployer:0xf39Fd6e51aad88F6F4ce6aB8827279cffFb92266] [nonce:14869][0m
[36mINFO[0m [32m[08/18 14:02:22.719] [0mtx[32m [base_txprepare][0m[36m [tx:&{0x140015ba420 {13988407335115051016 19885973168 0x108400de0} {[] {} <nil>} {{} {} 0} {[] {} <nil>}}][0m
[36mINFO[0m [32m[08/18 14:02:22.720] [0mrawTx[32m [base_txprepare][0m[36m [rawTx:[249 5 174 130 58 21 131 51 226 5 131 45 198 192 148 23 165 10 162 209 213 232 218 8 69 249 164 235 48 79 152 147 197 51 223 128 185 5 68 67 65 124 234 0 0 0 0 0 0 0 0 0 0 0 0 0 0 0 0 0 0 0 0 0 0 0 0 0 0 0 0 0 0 1 32 0 0 0 0 0 0 0 0 0 0 0 0 0 0 0 0 0 0 0 0 0 0 0 0 0 0 0 0 0 0 0 0 0 0 0 0 0 0 0 0 0 0 0 0 0 0 0 0 0 0 0 0 0 0 0 0 0 0 0 0 0 0 1 96 0 0 0 0 0 0 0 0 0 0 0 0 0 0 0 0 0 0 0 0 0 0 0 0 0 0 0 0 0 0 0 0 0 0 0 0 0 0 0 0 0 0 0 0 0 0 0 0 0 0 0 0 0 0 0 0 0 0 0 0 0 0 2 32 0 0 0 0 0 0 0 0 0 0 0 0 0 0 0 0 0 0 0 0 0 0 0 0 0 0 0 0 0 0 0 0 0 0 0 0 0 0 0 0 0 0 0 0 0 0 0 0 0 0 0 0 0 0 0 0 0 0 0 0 0 0 3 32 0 0 0 0 0 0 0 0 0 0 0 0 0 0 0 0 0 0 0 0 0 0 0 0 0 0 0 0 0 0 0 0 0 0 0 0 0 0 0 0 0 0 0 0 0 0 0 0 0 0 0 0 0 0 0 0 0 0 0 0 0 0 4 192 0 0 0 0 0 0 0 0 0 0 0 0 0 0 0 0 0 0 0 0 0 0 0 0 0 0 0 0 0 0 0 11 86 97 117 108 116 67 114 101 97 116 101 0 0 0 0 0 0 0 0 0 0 0 0 0 0 0 0 0 0 0 0 0 0 0 0 0 0 0 0 0 0 0 0 0 0 0 0 0 0 0 0 0 0 0 0 0 0 0 0 0 0 0 0 160 0 0 0 0 0 0 0 0 0 0 0 0 243 159 214 229 26 173 136 246 244 206 106 184 130 114 121 207 255 185 34 102 0 0 0 0 0 0 0 0 0 0 0 0 243 159 214 229 26 173 136 246 244 206 106 184 130 114 121 207 255 185 34 102 0 0 0 0 0 0 0 0 0 0 0 0 0 0 0 0 0 0 0 0 0 0 0 0 0 0 0 0 0 0 0 0 0 0 0 0 0 0 0 0 0 0 0 0 0 0 0 0 0 0 0 0 0 0 0 0 0 0 0 0 0 0 0 128 0 0 0 0 0 0 0 0 0 0 0 0 0 0 0 0 0 0 0 0 0 0 0 0 0 0 0 0 0 0 0 0 0 0 0 0 0 0 0 0 0 0 0 0 0 0 0 0 0 0 0 0 0 0 0 0 0 0 0 0 0 0 0 224 0 0 0 0 0 0 0 0 0 0 0 0 0 0 0 0 0 0 0 0 0 0 0 0 0 0 0 0 0 0 0 96 0 0 0 0 0 0 0 0 0 0 0 0 0 0 0 0 0 0 0 0 0 0 0 0 0 0 0 0 0 0 0 160 0 0 0 0 0 0 0 0 0 0 0 0 0 0 0 0 0 0 0 0 0 0 0 0 0 0 0 0 0 0 0 6 0 0 0 0 0 0 0 0 0 0 0 0 0 0 0 0 0 0 0 0 0 0 0 0 0 0 0 0 0 0 0 4 84 101 115 116 0 0 0 0 0 0 0 0 0 0 0 0 0 0 0 0 0 0 0 0 0 0 0 0 0 0 0 0 0 0 0 0 0 0 0 0 0 0 0 0 0 0 0 0 0 0 0 0 0 0 0 0 0 0 0 0 0 0 0 2 84 69 0 0 0 0 0 0 0 0 0 0 0 0 0 0 0 0 0 0 0 0 0 0 0 0 0 0 0 0 0 0 0 0 0 0 0 0 0 0 0 0 0 0 0 0 0 0 0 0 0 0 0 0 0 0 0 0 0 0 0 0 1 128 0 0 0 0 0 0 0 0 0 0 0 0 0 0 0 0 0 0 0 0 0 0 0 0 0 0 0 0 104 152 158 114 0 0 0 0 0 0 0 0 0 0 0 0 0 0 0 0 0 0 0 0 0 0 0 0 0 0 0 0 106 128 105 114 0 0 0 0 0 0 0 0 0 0 0 0 3 108 189 83 132 44 84 38 99 78 121 41 84 30 194 49 143 61 207 126 0 0 0 0 0 0 0 0 0 0 0 0 0 0 0 0 0 0 0 0 0 0 0 0 0 0 0 232 212 165 16 0 0 0 0 0 0 0 0 0 0 0 0 0 0 0 0 0 0 0 0 0 0 0 0 0 0 0 0 23 72 118 232 0 0 0 0 0 0 0 0 0 0 0 0 0 0 0 0 0 0 0 0 0 0 0 0 0 0 0 0 0 0 15 66 64 0 0 0 0 0 0 0 0 0 0 0 0 0 0 0 0 0 0 0 0 0 0 0 0 0 0 0 0 0 0 0 100 0 0 0 0 0 0 0 0 0 0 0 0 0 0 0 0 0 0 0 0 0 0 0 0 0 0 0 0 0 0 1 54 0 0 0 0 0 0 0 0 0 0 0 0 243 159 214 229 26 173 136 246 244 206 106 184 130 114 121 207 255 185 34 102 0 0 0 0 0 0 0 0 0 0 0 0 243 159 214 229 26 173 136 246 244 206 106 184 130 114 121 207 255 185 34 102 0 0 0 0 0 0 0 0 0 0 0 0 0 0 0 0 0 0 0 0 0 0 0 0 0 0 0 0 0 0 0 1 0 0 0 0 0 0 0 0 0 0 0 0 243 159 214 229 26 173 136 246 244 206 106 184 130 114 121 207 255 185 34 102 0 0 0 0 0 0 0 0 0 0 0 0 0 0 0 0 0 0 0 0 0 0 0 0 0 0 0 0 0 0 0 96 0 0 0 0 0 0 0 0 0 0 0 0 3 108 189 83 132 44 84 38 99 78 121 41 84 30 194 49 143 61 207 126 0 0 0 0 0 0 0 0 0 0 0 0 243 159 214 229 26 173 136 246 244 206 106 184 130 114 121 207 255 185 34 102 0 0 0 0 0 0 0 0 0 0 0 0 243 159 214 229 26 173 136 246 244 206 106 184 130 114 121 207 255 185 34 102 131 2 148 140 160 73 205 151 23 141 30 49 13 36 132 84 118 116 119 2 206 94 62 153 77 59 116 132 171 253 211 19 187 147 86 64 106 160 94 195 137 72 26 23 186 197 195 60 177 4 175 40 114 45 106 60 203 251 217 83 181 245 171 241 160 118 7 56 206 191]][0m
[36mINFO[0m [32m[08/18 14:02:22.720] [0msuccessfully prepared create vault transaction[32m [base_txprepare][0m[36m [gasLimit:3000000] [gasPrice:3400197] [nonce:14869] [txHash:0xe917e97af307cf684ac9033b9b28e78daba3cba7ea9695038e07997e16b243b0][0m
[36mINFO[0m [32m[08/18 14:02:22.720] [0mqueryVaultCreated[32m [base_txprepare][0m[36m[0m
[36mINFO[0m [32m[08/18 14:02:22.720] [0mqueryVaultCreated[32m [base_txprepare][0m[36m [txHash:0xe917e97af307cf684ac9033b9b28e78daba3cba7ea9695038e07997e16b243b0][0m
[36mINFO[0m [32m[08/18 14:02:22.720] [0mwaitForReceipt[32m [base_txprepare][0m[36m [txHash:0xe917e97af307cf684ac9033b9b28e78daba3cba7ea9695038e07997e16b243b0][0m
[36mINFO[0m [32m[08/18 14:02:26.113] [0mwaitForReceipt[32m [base_txprepare][0m[36m [err:map[error:not found kind:*errors.errorString stack:<nil>]][0m
[36mINFO[0m [32m[08/18 14:02:29.098] [0mwaitForReceipt[32m [base_txprepare][0m[36m [err:map[error:not found kind:*errors.errorString stack:<nil>]][0m
[36mINFO[0m [32m[08/18 14:02:32.058] [0mwaitForReceipt[32m [base_txprepare][0m[36m [err:map[error:not found kind:*errors.errorString stack:<nil>]][0m
[36mINFO[0m [32m[08/18 14:02:35.033] [0mwaitForReceipt[32m [base_txprepare][0m[36m [err:map[error:not found kind:*errors.errorString stack:<nil>]][0m
[36mINFO[0m [32m[08/18 14:02:38.226] [0mwaitForReceipt[32m [base_txprepare][0m[36m [err:map[error:not found kind:*errors.errorString stack:<nil>]][0m
[36mINFO[0m [32m[08/18 14:02:41.473] [0mwaitForReceipt[32m [base_txprepare][0m[36m [err:map[error:not found kind:*errors.errorString stack:<nil>]][0m
[36mINFO[0m [32m[08/18 14:02:44.048] [0mwaitForReceipt[32m [base_txprepare][0m[36m [err:map[error:not found kind:*errors.errorString stack:<nil>]][0m
[36mINFO[0m [32m[08/18 14:02:47.073] [0mwaitForReceipt[32m [base_txprepare][0m[36m [err:map[error:not found kind:*errors.errorString stack:<nil>]][0m
[36mINFO[0m [32m[08/18 14:02:50.011] [0mwaitForReceipt[32m [base_txprepare][0m[36m [err:map[error:not found kind:*errors.errorString stack:<nil>]][0m
[36mINFO[0m [32m[08/18 14:02:53.052] [0mwaitForReceipt[32m [base_txprepare][0m[36m [err:map[error:not found kind:*errors.errorString stack:<nil>]][0m
[36mINFO[0m [32m[08/18 14:02:56.268] [0mwaitForReceipt[32m [base_txprepare][0m[36m [err:map[error:not found kind:*errors.errorString stack:<nil>]][0m
[36mINFO[0m [32m[08/18 14:02:59.094] [0mwaitForReceipt[32m [base_txprepare][0m[36m [err:map[error:not found kind:*errors.errorString stack:<nil>]][0m
[36mINFO[0m [32m[08/18 14:03:02.063] [0mwaitForReceipt[32m [base_txprepare][0m[36m [err:map[error:not found kind:*errors.errorString stack:<nil>]][0m
[36mINFO[0m [32m[08/18 14:03:05.014] [0mwaitForReceipt[32m [base_txprepare][0m[36m [err:map[error:not found kind:*errors.errorString stack:<nil>]][0m
[36mINFO[0m [32m[08/18 14:03:08.017] [0mwaitForReceipt[32m [base_txprepare][0m[36m [err:map[error:not found kind:*errors.errorString stack:<nil>]][0m
[36mINFO[0m [32m[08/18 14:03:11.329] [0mwaitForReceipt[32m [base_txprepare][0m[36m [err:map[error:not found kind:*errors.errorString stack:<nil>]][0m
[36mINFO[0m [32m[08/18 14:03:14.048] [0mwaitForReceipt[32m [base_txprepare][0m[36m [err:map[error:not found kind:*errors.errorString stack:<nil>]][0m
[36mINFO[0m [32m[08/18 14:03:17.567] [0mwaitForReceipt[32m [base_txprepare][0m[36m [err:map[error:not found kind:*errors.errorString stack:<nil>]][0m
[36mINFO[0m [32m[08/18 14:03:20.023] [0mwaitForReceipt[32m [base_txprepare][0m[36m [err:map[error:not found kind:*errors.errorString stack:<nil>]][0m
[36mINFO[0m [32m[08/18 14:03:23.269] [0mwaitForReceipt[32m [base_txprepare][0m[36m [err:map[error:not found kind:*errors.errorString stack:<nil>]][0m
[36mINFO[0m [32m[08/18 14:03:26.064] [0mwaitForReceipt[32m [base_txprepare][0m[36m [err:map[error:not found kind:*errors.errorString stack:<nil>]][0m
[36mINFO[0m [32m[08/18 14:03:29.023] [0mwaitForReceipt[32m [base_txprepare][0m[36m [err:map[error:not found kind:*errors.errorString stack:<nil>]][0m
[36mINFO[0m [32m[08/18 14:03:32.071] [0mwaitForReceipt[32m [base_txprepare][0m[36m [err:map[error:not found kind:*errors.errorString stack:<nil>]][0m
[36mINFO[0m [32m[08/18 14:03:35.037] [0mwaitForReceipt[32m [base_txprepare][0m[36m [err:map[error:not found kind:*errors.errorString stack:<nil>]][0m
[36mINFO[0m [32m[08/18 14:03:38.016] [0mwaitForReceipt[32m [base_txprepare][0m[36m [err:map[error:not found kind:*errors.errorString stack:<nil>]][0m
[36mINFO[0m [32m[08/18 14:03:41.043] [0mwaitForReceipt[32m [base_txprepare][0m[36m [err:map[error:not found kind:*errors.errorString stack:<nil>]][0m
[36mINFO[0m [32m[08/18 14:03:44.017] [0mwaitForReceipt[32m [base_txprepare][0m[36m [err:map[error:not found kind:*errors.errorString stack:<nil>]][0m
[36mINFO[0m [32m[08/18 14:03:47.018] [0mwaitForReceipt[32m [base_txprepare][0m[36m [err:map[error:not found kind:*errors.errorString stack:<nil>]][0m
[36mINFO[0m [32m[08/18 14:03:50.014] [0mwaitForReceipt[32m [base_txprepare][0m[36m [err:map[error:not found kind:*errors.errorString stack:<nil>]][0m
[36mINFO[0m [32m[08/18 14:03:53.034] [0mwaitForReceipt[32m [base_txprepare][0m[36m [err:map[error:not found kind:*errors.errorString stack:<nil>]][0m
[36mINFO[0m [32m[08/18 14:03:56.738] [0mwaitForReceipt[32m [base_txprepare][0m[36m [err:map[error:not found kind:*errors.errorString stack:<nil>]][0m
[36mINFO[0m [32m[08/18 14:03:59.034] [0mwaitForReceipt[32m [base_txprepare][0m[36m [err:map[error:not found kind:*errors.errorString stack:<nil>]][0m
[36mINFO[0m [32m[08/18 14:04:02.319] [0mwaitForReceipt[32m [base_txprepare][0m[36m [err:map[error:not found kind:*errors.errorString stack:<nil>]][0m
[36mINFO[0m [32m[08/18 14:04:05.032] [0mwaitForReceipt[32m [base_txprepare][0m[36m [err:map[error:not found kind:*errors.errorString stack:<nil>]][0m
[36mINFO[0m [32m[08/18 14:04:08.291] [0mwaitForReceipt[32m [base_txprepare][0m[36m [err:map[error:not found kind:*errors.errorString stack:<nil>]][0m
[36mINFO[0m [32m[08/18 14:04:11.047] [0mwaitForReceipt[32m [base_txprepare][0m[36m [err:map[error:not found kind:*errors.errorString stack:<nil>]][0m
[36mINFO[0m [32m[08/18 14:04:14.029] [0mwaitForReceipt[32m [base_txprepare][0m[36m [err:map[error:not found kind:*errors.errorString stack:<nil>]][0m
[36mINFO[0m [32m[08/18 14:04:17.025] [0mwaitForReceipt[32m [base_txprepare][0m[36m [err:map[error:not found kind:*errors.errorString stack:<nil>]][0m
[36mINFO[0m [32m[08/18 14:04:20.016] [0mwaitForReceipt[32m [base_txprepare][0m[36m [err:map[error:not found kind:*errors.errorString stack:<nil>]][0m
[36mINFO[0m [32m[08/18 14:04:23.077] [0mwaitForReceipt[32m [base_txprepare][0m[36m [err:map[error:not found kind:*errors.errorString stack:<nil>]][0m
[36mINFO[0m [32m[08/18 14:04:23.078] [0mwaitForReceipt[32m [base_txprepare][0m[36m [!BADKEY:timeoutCh][0m
[31mERRO[0m [32m[08/18 14:04:23.078] [0mfailed to wait for receipt[32m [base_txprepare][0m[31m [error:map[error:timeout waiting for tx receipt: 0xe917e97af307cf684ac9033b9b28e78daba3cba7ea9695038e07997e16b243b0 kind:*errors.errorString stack:<nil>]][0m
[36mINFO[0m [32m[08/18 14:04:23.079] [0mAPI request[32m [api][0m[36m [uri:/api/v2/primary/vault/prepare_create] [method:POST] [ip:127.0.0.1] [http_code:200] [time_cost:2m3.088378375s] [caller:root][0m
[36mINFO[0m [32m[08/18 14:07:14.218] [0mpreparing create vault transaction[32m [base_txprepare][0m[36m [params:&{84532 {0x4d6Ca5A0517cc18d66FEA10a51486fA0351bF61A 0x4d6Ca5A0517cc18d66FEA10a51486fA0351bF61A 0x4d6Ca5A0517cc18d66FEA10a51486fA0351bF61A 0x4d6Ca5A0517cc18d66FEA10a51486fA0351bF61A 0x4d6Ca5A0517cc18d66FEA10a51486fA0351bF61A} {Test TE 6 https://example.com/token-metadata.json} {VaultCreate 0x4d6Ca5A0517cc18d66FEA10a51486fA0351bF61A 1000000 1754832498 1786800498 100 530 1 100000 310 0x4d6Ca5A0517cc18d66FEA10a51486fA0351bF61A 0x4d6Ca5A0517cc18d66FEA10a51486fA0351bF61A 1} false}][0m
[36mINFO[0m [32m[08/18 14:07:16.221] [0mnonce retrieved successfully[32m [base_txprepare][0m[36m [deployer:0x4d6Ca5A0517cc18d66FEA10a51486fA0351bF61A] [nonce:124][0m
[36mINFO[0m [32m[08/18 14:07:17.859] [0mtx[32m [base_txprepare][0m[36m [tx:&{0x140011b3c80 {13988407652022689096 315044689335 0x108400de0} {[] {} <nil>} {{} {} 0} {[] {} <nil>}}][0m
[36mINFO[0m [32m[08/18 14:07:17.859] [0mrawTx[32m [base_txprepare][0m[36m [rawTx:[249 5 172 124 131 51 226 8 131 45 198 192 148 23 165 10 162 209 213 232 218 8 69 249 164 235 48 79 152 147 197 51 223 128 185 5 68 67 65 124 234 0 0 0 0 0 0 0 0 0 0 0 0 0 0 0 0 0 0 0 0 0 0 0 0 0 0 0 0 0 0 1 32 0 0 0 0 0 0 0 0 0 0 0 0 0 0 0 0 0 0 0 0 0 0 0 0 0 0 0 0 0 0 0 0 0 0 0 0 0 0 0 0 0 0 0 0 0 0 0 0 0 0 0 0 0 0 0 0 0 0 0 0 0 0 1 96 0 0 0 0 0 0 0 0 0 0 0 0 0 0 0 0 0 0 0 0 0 0 0 0 0 0 0 0 0 0 0 0 0 0 0 0 0 0 0 0 0 0 0 0 0 0 0 0 0 0 0 0 0 0 0 0 0 0 0 0 0 0 2 32 0 0 0 0 0 0 0 0 0 0 0 0 0 0 0 0 0 0 0 0 0 0 0 0 0 0 0 0 0 0 0 0 0 0 0 0 0 0 0 0 0 0 0 0 0 0 0 0 0 0 0 0 0 0 0 0 0 0 0 0 0 0 3 32 0 0 0 0 0 0 0 0 0 0 0 0 0 0 0 0 0 0 0 0 0 0 0 0 0 0 0 0 0 0 0 0 0 0 0 0 0 0 0 0 0 0 0 0 0 0 0 0 0 0 0 0 0 0 0 0 0 0 0 0 0 0 4 192 0 0 0 0 0 0 0 0 0 0 0 0 0 0 0 0 0 0 0 0 0 0 0 0 0 0 0 0 0 0 0 11 86 97 117 108 116 67 114 101 97 116 101 0 0 0 0 0 0 0 0 0 0 0 0 0 0 0 0 0 0 0 0 0 0 0 0 0 0 0 0 0 0 0 0 0 0 0 0 0 0 0 0 0 0 0 0 0 0 0 0 0 0 0 0 160 0 0 0 0 0 0 0 0 0 0 0 0 77 108 165 160 81 124 193 141 102 254 161 10 81 72 111 160 53 27 246 26 0 0 0 0 0 0 0 0 0 0 0 0 77 108 165 160 81 124 193 141 102 254 161 10 81 72 111 160 53 27 246 26 0 0 0 0 0 0 0 0 0 0 0 0 0 0 0 0 0 0 0 0 0 0 0 0 0 0 0 0 0 0 0 0 0 0 0 0 0 0 0 0 0 0 0 0 0 0 0 0 0 0 0 0 0 0 0 0 0 0 0 0 0 0 0 128 0 0 0 0 0 0 0 0 0 0 0 0 0 0 0 0 0 0 0 0 0 0 0 0 0 0 0 0 0 0 0 0 0 0 0 0 0 0 0 0 0 0 0 0 0 0 0 0 0 0 0 0 0 0 0 0 0 0 0 0 0 0 0 224 0 0 0 0 0 0 0 0 0 0 0 0 0 0 0 0 0 0 0 0 0 0 0 0 0 0 0 0 0 0 0 96 0 0 0 0 0 0 0 0 0 0 0 0 0 0 0 0 0 0 0 0 0 0 0 0 0 0 0 0 0 0 0 160 0 0 0 0 0 0 0 0 0 0 0 0 0 0 0 0 0 0 0 0 0 0 0 0 0 0 0 0 0 0 0 6 0 0 0 0 0 0 0 0 0 0 0 0 0 0 0 0 0 0 0 0 0 0 0 0 0 0 0 0 0 0 0 4 84 101 115 116 0 0 0 0 0 0 0 0 0 0 0 0 0 0 0 0 0 0 0 0 0 0 0 0 0 0 0 0 0 0 0 0 0 0 0 0 0 0 0 0 0 0 0 0 0 0 0 0 0 0 0 0 0 0 0 0 0 0 0 2 84 69 0 0 0 0 0 0 0 0 0 0 0 0 0 0 0 0 0 0 0 0 0 0 0 0 0 0 0 0 0 0 0 0 0 0 0 0 0 0 0 0 0 0 0 0 0 0 0 0 0 0 0 0 0 0 0 0 0 0 0 0 1 128 0 0 0 0 0 0 0 0 0 0 0 0 0 0 0 0 0 0 0 0 0 0 0 0 0 0 0 0 104 152 158 114 0 0 0 0 0 0 0 0 0 0 0 0 0 0 0 0 0 0 0 0 0 0 0 0 0 0 0 0 106 128 105 114 0 0 0 0 0 0 0 0 0 0 0 0 3 108 189 83 132 44 84 38 99 78 121 41 84 30 194 49 143 61 207 126 0 0 0 0 0 0 0 0 0 0 0 0 0 0 0 0 0 0 0 0 0 0 0 0 0 0 0 232 212 165 16 0 0 0 0 0 0 0 0 0 0 0 0 0 0 0 0 0 0 0 0 0 0 0 0 0 0 0 0 23 72 118 232 0 0 0 0 0 0 0 0 0 0 0 0 0 0 0 0 0 0 0 0 0 0 0 0 0 0 0 0 0 0 15 66 64 0 0 0 0 0 0 0 0 0 0 0 0 0 0 0 0 0 0 0 0 0 0 0 0 0 0 0 0 0 0 0 100 0 0 0 0 0 0 0 0 0 0 0 0 0 0 0 0 0 0 0 0 0 0 0 0 0 0 0 0 0 0 1 54 0 0 0 0 0 0 0 0 0 0 0 0 77 108 165 160 81 124 193 141 102 254 161 10 81 72 111 160 53 27 246 26 0 0 0 0 0 0 0 0 0 0 0 0 77 108 165 160 81 124 193 141 102 254 161 10 81 72 111 160 53 27 246 26 0 0 0 0 0 0 0 0 0 0 0 0 0 0 0 0 0 0 0 0 0 0 0 0 0 0 0 0 0 0 0 1 0 0 0 0 0 0 0 0 0 0 0 0 77 108 165 160 81 124 193 141 102 254 161 10 81 72 111 160 53 27 246 26 0 0 0 0 0 0 0 0 0 0 0 0 0 0 0 0 0 0 0 0 0 0 0 0 0 0 0 0 0 0 0 96 0 0 0 0 0 0 0 0 0 0 0 0 3 108 189 83 132 44 84 38 99 78 121 41 84 30 194 49 143 61 207 126 0 0 0 0 0 0 0 0 0 0 0 0 77 108 165 160 81 124 193 141 102 254 161 10 81 72 111 160 53 27 246 26 0 0 0 0 0 0 0 0 0 0 0 0 77 108 165 160 81 124 193 141 102 254 161 10 81 72 111 160 53 27 246 26 131 2 148 139 160 52 255 67 196 146 145 70 211 107 204 192 103 103 249 163 201 213 80 220 166 99 120 251 84 18 115 212 48 228 44 100 97 160 69 107 112 184 209 182 253 123 252 128 236 72 223 143 133 76 141 26 128 109 210 27 36 229 136 46 40 117 79 126 141 78]][0m
[36mINFO[0m [32m[08/18 14:07:17.859] [0msuccessfully prepared create vault transaction[32m [base_txprepare][0m[36m [gasLimit:3000000] [gasPrice:3400200] [nonce:124] [txHash:0xbdc70ca5bfc4356927039c7b698ba46782fa52f61a0508ddbad178b1f8e56a64][0m
[36mINFO[0m [32m[08/18 14:07:17.860] [0mqueryVaultCreated[32m [base_txprepare][0m[36m[0m
[36mINFO[0m [32m[08/18 14:07:17.860] [0mqueryVaultCreated[32m [base_txprepare][0m[36m [txHash:0xbdc70ca5bfc4356927039c7b698ba46782fa52f61a0508ddbad178b1f8e56a64][0m
[36mINFO[0m [32m[08/18 14:07:17.860] [0mwaitForReceipt[32m [base_txprepare][0m[36m [txHash:0xbdc70ca5bfc4356927039c7b698ba46782fa52f61a0508ddbad178b1f8e56a64][0m
[36mINFO[0m [32m[08/18 14:07:21.664] [0mwaitForReceipt[32m [base_txprepare][0m[36m [receipt:&{0 [] 0 1862035 [0 0 0 0 0 0 0 0 0 0 0 0 0 0 0 0 0 0 0 0 0 0 0 0 0 0 0 0 0 0 0 0 0 0 0 0 0 0 0 0 0 0 0 0 0 0 0 0 0 0 0 0 0 0 0 0 0 0 0 0 0 0 0 0 0 0 0 0 0 0 0 0 0 0 0 0 0 0 0 0 0 0 0 0 0 0 0 0 0 0 0 0 0 0 0 0 0 0 0 0 0 0 0 0 0 0 0 0 0 0 0 0 0 0 0 0 0 0 0 0 0 0 0 0 0 0 0 0 0 0 0 0 0 0 0 0 0 0 0 0 0 0 0 0 0 0 0 0 0 0 0 0 0 0 0 0 0 0 0 0 0 0 0 0 0 0 0 0 0 0 0 0 0 0 0 0 0 0 0 0 0 0 0 0 0 0 0 0 0 0 0 0 0 0 0 0 0 0 0 0 0 0 0 0 0 0 0 0 0 0 0 0 0 0 0 0 0 0 0 0 0 0 0 0 0 0 0 0 0 0 0 0 0 0 0 0 0 0 0 0 0 0 0 0 0 0 0 0 0 0 0 0 0 0 0 0] [] 0xbdc70ca5bfc4356927039c7b698ba46782fa52f61a0508ddbad178b1f8e56a64 0x0000000000000000000000000000000000000000 53034 3400200 0 <nil> 0x105f1911e7c11bf17b011582fc9f317d8881202100af470f924839936d1e5f68 29864476 6}][0m
[36mINFO[0m [32m[08/18 14:07:21.664] [0mqueryVaultCreated[32m [base_txprepare][0m[36m [blockNumber:29864476] [status:0][0m
[36mINFO[0m [32m[08/18 14:07:21.664] [0mqueryVaultCreated[32m [base_txprepare][0m[36m [receipt:&{0 [] 0 1862035 [0 0 0 0 0 0 0 0 0 0 0 0 0 0 0 0 0 0 0 0 0 0 0 0 0 0 0 0 0 0 0 0 0 0 0 0 0 0 0 0 0 0 0 0 0 0 0 0 0 0 0 0 0 0 0 0 0 0 0 0 0 0 0 0 0 0 0 0 0 0 0 0 0 0 0 0 0 0 0 0 0 0 0 0 0 0 0 0 0 0 0 0 0 0 0 0 0 0 0 0 0 0 0 0 0 0 0 0 0 0 0 0 0 0 0 0 0 0 0 0 0 0 0 0 0 0 0 0 0 0 0 0 0 0 0 0 0 0 0 0 0 0 0 0 0 0 0 0 0 0 0 0 0 0 0 0 0 0 0 0 0 0 0 0 0 0 0 0 0 0 0 0 0 0 0 0 0 0 0 0 0 0 0 0 0 0 0 0 0 0 0 0 0 0 0 0 0 0 0 0 0 0 0 0 0 0 0 0 0 0 0 0 0 0 0 0 0 0 0 0 0 0 0 0 0 0 0 0 0 0 0 0 0 0 0 0 0 0 0 0 0 0 0 0 0 0 0 0 0 0 0 0 0 0 0 0] [] 0xbdc70ca5bfc4356927039c7b698ba46782fa52f61a0508ddbad178b1f8e56a64 0x0000000000000000000000000000000000000000 53034 3400200 0 <nil> 0x105f1911e7c11bf17b011582fc9f317d8881202100af470f924839936d1e5f68 29864476 6}][0m
[36mINFO[0m [32m[08/18 14:07:21.665] [0mqueryVaultCreatedend[32m [base_txprepare][0m[36m[0m
[36mINFO[0m [32m[08/18 14:07:21.665] [0mAPI request[32m [api][0m[36m [uri:/api/v2/primary/vault/prepare_create] [method:POST] [ip:127.0.0.1] [http_code:200] [time_cost:7.450690625s] [caller:root][0m
[36mINFO[0m [32m[08/18 14:16:15.304] [0mReceive exit signal: interrupt[32m [sidecar][0m[36m[0m
[36mINFO[0m [32m[08/18 14:16:15.309] [0mComponent[app] stopped[32m [sidecar][0m[36m [time_cost:976.125µs][0m
[36mINFO[0m [32m[08/18 14:16:15.315] [0mIPC server shutdown[32m [api][0m[36m[0m
[36mINFO[0m [32m[08/18 14:16:15.316] [0mHttp server shutdown[32m [api][0m[36m[0m
[36mINFO[0m [32m[08/18 14:16:15.317] [0mComponent[http-api-server] stopped[32m [sidecar][0m[36m [time_cost:6.294625ms][0m
[36mINFO[0m [32m[08/18 14:16:15.317] [0mComponent[TokenBalanceService] stopped[32m [sidecar][0m[36m [time_cost:257.209µs][0m
[36mINFO[0m [32m[08/18 14:16:15.321] [0mDeployManager stopped[32m [base_deploymanager][0m[36m[0m
[36mINFO[0m [32m[08/18 14:16:15.322] [0mComponent[deploymanager] stopped[32m [sidecar][0m[36m [time_cost:2.594833ms][0m
[36mINFO[0m [32m[08/18 14:16:15.327] [0mevent processor stopping[32m [solana_sm][0m[36m[0m
