[36mINFO[0m [32m[08/11 17:00:29.770] [0mtoken-engine version:[32m [app][0m[36m[0m
[36mINFO[0m [32m[08/11 17:00:29.771] [0mSystem version: darwin/arm64[32m [app][0m[36m[0m
[36mINFO[0m [32m[08/11 17:00:29.771] [0mGolang version: go1.24.2[32m [app][0m[36m[0m
[36mINFO[0m [32m[08/11 17:00:29.771] [0mApp build time:[32m [app][0m[36m[0m
[36mINFO[0m [32m[08/11 17:00:29.771] [0mGit commit id:[32m [app][0m[36m[0m
[36mINFO[0m [32m[08/11 17:00:29.771] [0mRepo path: /Users/yanzhixing/Downloads/GitHub/token-engine/deploy[32m [app][0m[36m[0m
[36mINFO[0m [32m[08/11 17:00:29.771] [0mExecutable: /Users/yanzhixing/Downloads/GitHub/token-engine/deploy/tools/bin/token-engine[32m [app][0m[36m[0m
[36mINFO[0m [32m[08/11 17:00:29.771] [0mPID: 4470[32m [app][0m[36m[0m
[36mINFO[0m [32m[08/11 17:00:29.771] [0mUUID node index: 0[32m [app][0m[36m[0m
[36mINFO[0m [32m[08/11 17:00:29.995] [0mcreating new base AxcTxPrepare[32m [base_txprepare][0m[36m[0m
[36mINFO[0m [32m[08/11 17:00:29.995] [0mcreating new base AxcTxExecutor[32m [base_txexecutor][0m[36m[0m
[36mINFO[0m [32m[08/11 17:00:29.996] [0mcreate axc vault idl[32m [solana-idl][0m[36m[0m
[36mINFO[0m [32m[08/11 17:00:29.996] [0mcreate axc vault transaction builder[32m [axc_tx_builder][0m[36m[0m
[36mINFO[0m [32m[08/11 17:00:29.996] [0mcreating Solana chain adaptor[32m [common_chain_adaptor][0m[36m[0m
[36mINFO[0m [32m[08/11 17:00:30.596] [0minitialized all program event definitions[32m [solana_sm][0m[36m [programCount:1][0m
[36mINFO[0m [32m[08/11 17:00:30.597] [0mcore api initialized[32m [coreApi][0m[36m[0m
[36mINFO[0m [32m[08/11 17:00:30.789] [0mComponent[sql-connector] started[32m [sidecar][0m[36m [time_cost:192.549583ms][0m
[36mINFO[0m [32m[08/11 17:00:31.891] [0mFinished connect to send tx http rpcs[32m [solana-jsonrpc][0m[36m [cost:1.1018605s] [num:1][0m
[36mINFO[0m [32m[08/11 17:00:32.246] [0mFinished connect to stable http rpcs[32m [solana-jsonrpc][0m[36m [cost:353.740917ms] [num:1][0m
[36mINFO[0m [32m[08/11 17:00:32.540] [0mFinished connect to unstable http rpcs[32m [solana-jsonrpc][0m[36m [cost:293.810083ms] [num:1][0m
[36mINFO[0m [32m[08/11 17:00:33.295] [0mFinished connect to ws rpcs[32m [solana-jsonrpc][0m[36m [cost:754.991084ms] [num:1][0m
[36mINFO[0m [32m[08/11 17:00:33.880] [0mScheduled task started[32m [sidecar][0m[36m [interval:2s] [task:solana-tx-sender[poll-last-block]][0m
[36mINFO[0m [32m[08/11 17:00:33.880] [0msolana submitter started[32m [solana-submitter][0m[36m[0m
[36mINFO[0m [32m[08/11 17:00:33.880] [0mswap submitter started[32m [submitter][0m[36m[0m
[36mINFO[0m [32m[08/11 17:00:33.880] [0mComponent[SwapSubmitter] started[32m [sidecar][0m[36m [time_cost:3.090259333s][0m
[36mINFO[0m [32m[08/11 17:00:33.880] [0mstart to subscribe exchange data by grpc...[32m [ExchangeDataService][0m[36m[0m
[36mINFO[0m [32m[08/11 17:00:33.880] [0mScheduled task started[32m [sidecar][0m[36m [interval:1h0m0s] [task:UpdateExchangeTokenHolders][0m
[36mINFO[0m [32m[08/11 17:00:33.880] [0mScheduled task started[32m [sidecar][0m[36m [interval:1m0s] [task:StatisticExchangeData][0m
[36mINFO[0m [32m[08/11 17:00:34.439] [0mComponent[ExchangeDataService] started[32m [sidecar][0m[36m [time_cost:558.996709ms][0m
[36mINFO[0m [32m[08/11 17:00:34.439] [0mComponent[ContractMaterials] started[32m [sidecar][0m[36m [time_cost:4.625µs][0m
[36mINFO[0m [32m[08/11 17:00:34.439] [0mstarting Solana chain adaptor[32m [common_chain_adaptor][0m[36m[0m
[36mINFO[0m [32m[08/11 17:00:34.439] [0mSolana chain adaptor started successfully[32m [common_chain_adaptor][0m[36m[0m
[36mINFO[0m [32m[08/11 17:00:34.439] [0mComponent[common_chain_adaptor] started[32m [sidecar][0m[36m [time_cost:45µs][0m
[36mINFO[0m [32m[08/11 17:00:34.817] [0mContract materials loaded successfully[32m [basechain][0m[36m [appid:root] [chainId:84532] [contractCount:9] [errors:0][0m
[36mINFO[0m [32m[08/11 17:00:34.955] [0mNSQ consumer component started[32m [msgqueue][0m[36m[0m
[36mINFO[0m [32m[08/11 17:00:34.955] [0mComponent[msg_queue] started[32m [sidecar][0m[36m [time_cost:515.755084ms][0m
[36mINFO[0m [32m[08/11 17:00:34.955] [0mComponent[solana_sm] started[32m [sidecar][0m[36m [time_cost:28.833µs][0m
[36mINFO[0m [32m[08/11 17:00:34.955] [0mLoading deployment manifest from[32m [base_deploymanager][0m[36m [path:/Users/yanzhixing/Downloads/GitHub/token-engine/deploy/abis][0m
[36mINFO[0m [32m[08/11 17:00:34.955] [0mComponent[deploymanager] started[32m [sidecar][0m[36m [time_cost:95.084µs][0m
[36mINFO[0m [32m[08/11 17:00:34.956] [0mIPC server listen on: /Users/yanzhixing/Downloads/GitHub/token-engine/deploy/ipc.sock[32m [api][0m[36m[0m
[36mINFO[0m [32m[08/11 17:00:34.956] [0mHttp server listen on: 8082[32m [api][0m[36m[0m
[36mINFO[0m [32m[08/11 17:00:34.956] [0mComponent[http-api-server] started[32m [sidecar][0m[36m [time_cost:939.167µs][0m
[36mINFO[0m [32m[08/11 17:00:34.957] [0mComponent[app] started[32m [sidecar][0m[36m [time_cost:346.625µs][0m
[36mINFO[0m [32m[08/11 17:00:34.957] [0mtoken-engine is ready[32m [sidecar][0m[36m[0m
[36mINFO[0m [32m[08/11 17:00:34.959] [0m=====================================================================================
   __            __                                                  _
  / /_  ____    / /__  ___    ____          ___    ____    ____ _   (_)   ____   ___
 / __/ / __ \  / //_/ / _ \  / __ \ ______ / _ \  / __ \  / __ `/  / /   / __ \ / _ \
/ /_  / /_/ / / ,<   /  __/ / / / //_____//  __/ / / / / / /_/ /  / /   / / / //  __/
\__/  \____/ /_/|_|  \___/ /_/ /_/        \___/ /_/ /_/  \__, /  /_/   /_/ /_/ \___/
                                                        /____/

=====================================================================================[32m [sidecar][0m[36m[0m
[36mINFO[0m [32m[08/11 17:00:35.033] [0mSolana events manager started[32m [solana_sm][0m[36m[0m
[36mINFO[0m [32m[08/11 17:00:35.033] [0mevent processor started[32m [solana_sm][0m[36m[0m
[33mWARN[0m [32m[08/11 17:00:35.474] [0mbegin compensate swap event[32m [ExchangeDataService][0m[33m [outer_id From:230941][0m
[36mINFO[0m [32m[08/11 17:01:06.546] [0mpreparing create vault transaction[32m [base_txprepare][0m[36m [params:&{8453 {0x1234567890123456789012345678901234567890 0x1234567890123456789012345678901234567890 0x1234567890123456789012345678901234567890 0x1234567890123456789012345678901234567890} {My Test Token MTT 18 https://example.com/token-metadata.json} {0xA0b86a33E6441E6C7D3E4C2C4C6C6C6C6C6C6C6C 1000000 1703980800 1704067200 100 500 0.1 100000 200 0x1234567890123456789012345678901234567890 0x1234567890123456789012345678901234567890 1} false}][0m
[31mERRO[0m [32m[08/11 17:01:10.205] [0mfailed to create deploy transaction[32m [base_txprepare][0m[31m [error:map[error:no signer to authorize the transaction with kind:*errors.errorString stack:<nil>]][0m
[31mERRO[0m [32m[08/11 17:01:10.206] [0mAPI request failed[32m [api][0m[31m [uri:/api/v2/primary/vault/prepare_create] [err_code:10001] [err_msg:failed to create deploy transaction: no signer to authorize the transaction with] [method:POST] [ip:127.0.0.1] [http_code:200] [time_cost:3.659996625s] [caller:root][0m
[36mINFO[0m [32m[08/11 17:22:10.795] [0mReceive exit signal: interrupt[32m [sidecar][0m[36m[0m
[36mINFO[0m [32m[08/11 17:22:10.799] [0mComponent[app] stopped[32m [sidecar][0m[36m [time_cost:699.792µs][0m
[36mINFO[0m [32m[08/11 17:22:10.801] [0mIPC server shutdown[32m [api][0m[36m[0m
[36mINFO[0m [32m[08/11 17:22:10.801] [0mHttp server shutdown[32m [api][0m[36m[0m
[36mINFO[0m [32m[08/11 17:22:10.801] [0mComponent[http-api-server] stopped[32m [sidecar][0m[36m [time_cost:1.549959ms][0m
[36mINFO[0m [32m[08/11 17:22:10.801] [0mDeployManager stopped[32m [base_deploymanager][0m[36m[0m
[36mINFO[0m [32m[08/11 17:22:10.801] [0mComponent[deploymanager] stopped[32m [sidecar][0m[36m [time_cost:565.792µs][0m
[36mINFO[0m [32m[08/11 17:22:10.802] [0mevent processor stopping[32m [solana_sm][0m[36m[0m
[36mINFO[0m [32m[08/11 17:22:10.802] [0mScheduled task stopped[32m [sidecar][0m[36m [interval:2s] [task:solana-tx-sender[poll-last-block]][0m
