[36mINFO[0m [32m[08/15 19:17:48.288] [0mtoken-engine version:[32m [app][0m[36m[0m
[36mINFO[0m [32m[08/15 19:17:48.288] [0mSystem version: darwin/arm64[32m [app][0m[36m[0m
[36mINFO[0m [32m[08/15 19:17:48.288] [0mGolang version: go1.24.2[32m [app][0m[36m[0m
[36mINFO[0m [32m[08/15 19:17:48.289] [0mApp build time:[32m [app][0m[36m[0m
[36mINFO[0m [32m[08/15 19:17:48.289] [0mGit commit id:[32m [app][0m[36m[0m
[36mINFO[0m [32m[08/15 19:17:48.289] [0mRepo path: /Users/yanzhixing/Downloads/GitHub/token-engine/deploy[32m [app][0m[36m[0m
[36mINFO[0m [32m[08/15 19:17:48.289] [0mExecutable: /Users/yanzhixing/Downloads/GitHub/token-engine/deploy/tools/bin/token-engine[32m [app][0m[36m[0m
[36mINFO[0m [32m[08/15 19:17:48.289] [0mPID: 23635[32m [app][0m[36m[0m
[36mINFO[0m [32m[08/15 19:17:48.289] [0mUUID node index: 0[32m [app][0m[36m[0m
[36mINFO[0m [32m[08/15 19:17:48.534] [0mcreating new base AxcTxPrepare[32m [base_txprepare][0m[36m[0m
[36mINFO[0m [32m[08/15 19:17:48.534] [0mcreating new base AxcTxExecutor[32m [base_txexecutor][0m[36m[0m
[36mINFO[0m [32m[08/15 19:17:48.534] [0mcreate axc vault idl[32m [solana-idl][0m[36m[0m
[36mINFO[0m [32m[08/15 19:17:48.534] [0mcreate axc vault transaction builder[32m [axc_tx_builder][0m[36m[0m
[36mINFO[0m [32m[08/15 19:17:48.534] [0mcreating Solana chain adaptor[32m [common_chain_adaptor][0m[36m[0m
[36mINFO[0m [32m[08/15 19:17:48.658] [0minitialized all program event definitions[32m [solana_sm][0m[36m [programCount:1][0m
[36mINFO[0m [32m[08/15 19:17:48.658] [0mRegistered transfer provider[32m [tron-transfer][0m[36m [chainID:97] [tokens:[BNB USDT USDC]][0m
[36mINFO[0m [32m[08/15 19:17:48.658] [0mRegistered transfer provider[32m [tron-transfer][0m[36m [chainID:2494104990] [tokens:[TRX USDT]][0m
[36mINFO[0m [32m[08/15 19:17:48.658] [0mcore api initialized[32m [coreApi][0m[36m[0m
[36mINFO[0m [32m[08/15 19:17:48.852] [0mComponent[sql-connector] started[32m [sidecar][0m[36m [time_cost:193.707ms][0m
[36mINFO[0m [32m[08/15 19:17:49.567] [0mFinished connect to send tx http rpcs[32m [solana-jsonrpc][0m[36m [cost:714.938125ms] [num:1][0m
[36mINFO[0m [32m[08/15 19:17:49.848] [0mFinished connect to stable http rpcs[32m [solana-jsonrpc][0m[36m [cost:280.053375ms] [num:1][0m
[36mINFO[0m [32m[08/15 19:17:50.141] [0mFinished connect to unstable http rpcs[32m [solana-jsonrpc][0m[36m [cost:292.881708ms] [num:1][0m
[33mWARN[0m [32m[08/15 19:17:55.143] [0mFailed to connect to ws rpc[32m [solana-jsonrpc][0m[33m [err:failed to connect to ws rpc: wss://devnet.helius-rpc.com/?api-key=adfeb5d6-3c05-4d32-8bd0-3860a795efdc: new ws client: dial: read tcp 127.0.0.1:49351->127.0.0.1:4780: i/o timeout] [rpc:wss://devnet.helius-rpc.com/?api-key=adfeb5d6-3c05-4d32-8bd0-3860a795efdc][0m
[36mINFO[0m [32m[08/15 19:17:55.143] [0mFinished connect to ws rpcs[32m [solana-jsonrpc][0m[36m [cost:5.001535625s] [num:0][0m
[36mINFO[0m [32m[08/15 19:17:55.143] [0mswap submitter started[32m [submitter][0m[36m[0m
[36mINFO[0m [32m[08/15 19:17:55.143] [0mComponent[sql-connector] stopped[32m [sidecar][0m[36m [time_cost:833ns][0m
[31mERRO[0m [32m[08/15 19:17:55.143] [0mStart components failed[32m [sidecar][0m[31m [err:map[error:componen[SwapSubmitter] start failed: failed to new multi rpc manager: failed to new multi rpc manager: failed to connect to any ws rpc kind:*errors.withStack stack:<nil>]][0m
[36mINFO[0m [32m[08/15 19:17:55.143] [0mtoken-engine is stopped[32m [app][0m[36m[0m
