[36mINFO[0m [32m[08/18 13:46:15.831] [0mtoken-engine version:[32m [app][0m[36m[0m
[36mINFO[0m [32m[08/18 13:46:15.831] [0mSystem version: darwin/arm64[32m [app][0m[36m[0m
[36mINFO[0m [32m[08/18 13:46:15.831] [0mGolang version: go1.24.2[32m [app][0m[36m[0m
[36mINFO[0m [32m[08/18 13:46:15.831] [0mApp build time:[32m [app][0m[36m[0m
[36mINFO[0m [32m[08/18 13:46:15.832] [0mGit commit id:[32m [app][0m[36m[0m
[36mINFO[0m [32m[08/18 13:46:15.832] [0mRepo path: /Users/yanzhixing/Downloads/GitHub/token-engine/deploy[32m [app][0m[36m[0m
[36mINFO[0m [32m[08/18 13:46:15.832] [0mExecutable: /Users/yanzhixing/Downloads/GitHub/token-engine/deploy/tools/bin/token-engine[32m [app][0m[36m[0m
[36mINFO[0m [32m[08/18 13:46:15.832] [0mPID: 43636[32m [app][0m[36m[0m
[36mINFO[0m [32m[08/18 13:46:15.832] [0mUUID node index: 0[32m [app][0m[36m[0m
[36mINFO[0m [32m[08/18 13:46:16.088] [0mcreating new base AxcTxPrepare[32m [base_txprepare][0m[36m[0m
[36mINFO[0m [32m[08/18 13:46:16.088] [0mcreating new base AxcTxExecutor[32m [base_txexecutor][0m[36m[0m
[36mINFO[0m [32m[08/18 13:46:16.088] [0mcreate axc vault idl[32m [solana-idl][0m[36m[0m
[36mINFO[0m [32m[08/18 13:46:16.089] [0mcreate axc vault transaction builder[32m [axc_tx_builder][0m[36m[0m
[36mINFO[0m [32m[08/18 13:46:16.089] [0mcreating Solana chain adaptor[32m [common_chain_adaptor][0m[36m[0m
[36mINFO[0m [32m[08/18 13:46:16.224] [0minitialized all program event definitions[32m [solana_sm][0m[36m [programCount:1][0m
[36mINFO[0m [32m[08/18 13:46:16.224] [0mRegistered transfer provider[32m [transfer-service][0m[36m [chainID:97] [tokens:[BNB USDT USDC]][0m
[36mINFO[0m [32m[08/18 13:46:16.225] [0mRegistered transfer provider[32m [transfer-service][0m[36m [chainID:2494104990] [tokens:[TRX USDT]][0m
[36mINFO[0m [32m[08/18 13:46:16.226] [0mcore api initialized[32m [coreApi][0m[36m[0m
[36mINFO[0m [32m[08/18 13:46:16.561] [0mComponent[sql-connector] started[32m [sidecar][0m[36m [time_cost:334.656292ms][0m
[36mINFO[0m [32m[08/18 13:46:19.268] [0mFinished connect to send tx http rpcs[32m [solana-jsonrpc][0m[36m [cost:2.706172s] [num:3][0m
[36mINFO[0m [32m[08/18 13:46:19.557] [0mFinished connect to stable http rpcs[32m [solana-jsonrpc][0m[36m [cost:288.729083ms] [num:3][0m
[36mINFO[0m [32m[08/18 13:46:30.483] [0mFinished connect to unstable http rpcs[32m [solana-jsonrpc][0m[36m [cost:10.925855584s] [num:45][0m
[36mINFO[0m [32m[08/18 13:46:31.651] [0mFinished connect to ws rpcs[32m [solana-jsonrpc][0m[36m [cost:1.167884s] [num:1][0m
[36mINFO[0m [32m[08/18 13:46:32.163] [0mScheduled task started[32m [sidecar][0m[36m [interval:2s] [task:solana-tx-sender[poll-last-block]][0m
[36mINFO[0m [32m[08/18 13:46:32.163] [0msolana submitter started[32m [solana-submitter][0m[36m[0m
[36mINFO[0m [32m[08/18 13:46:32.163] [0mswap submitter started[32m [submitter][0m[36m[0m
[36mINFO[0m [32m[08/18 13:46:32.163] [0mComponent[SwapSubmitter] started[32m [sidecar][0m[36m [time_cost:15.602053583s][0m
[36mINFO[0m [32m[08/18 13:46:32.163] [0mComponent[ExchangeDataService] started[32m [sidecar][0m[36m [time_cost:4.417µs][0m
[36mINFO[0m [32m[08/18 13:46:32.164] [0mComponent[ContractMaterials] started[32m [sidecar][0m[36m [time_cost:2.875µs][0m
[36mINFO[0m [32m[08/18 13:46:32.164] [0mstarting Solana chain adaptor[32m [common_chain_adaptor][0m[36m[0m
[36mINFO[0m [32m[08/18 13:46:32.164] [0mSolana chain adaptor started successfully[32m [common_chain_adaptor][0m[36m[0m
[36mINFO[0m [32m[08/18 13:46:32.164] [0mComponent[common_chain_adaptor] started[32m [sidecar][0m[36m [time_cost:37.834µs][0m
[36mINFO[0m [32m[08/18 13:46:32.163] [0mScheduled task started[32m [sidecar][0m[36m [interval:1m0s] [task:StatisticExchangeData][0m
[36mINFO[0m [32m[08/18 13:46:32.163] [0mScheduled task started[32m [sidecar][0m[36m [interval:1h0m0s] [task:UpdateExchangeTokenHolders][0m
[36mINFO[0m [32m[08/18 13:46:32.275] [0mSolana syncer started[32m [common_chain_adaptor][0m[36m[0m
[36mINFO[0m [32m[08/18 13:46:32.275] [0mComponent[Syncer] started[32m [sidecar][0m[36m [time_cost:111.364583ms][0m
[36mINFO[0m [32m[08/18 13:46:32.495] [0mContract materials loaded successfully[32m [basechain][0m[36m [appid:root] [chainId:84532] [contractCount:9] [errors:0][0m
[36mINFO[0m [32m[08/18 13:46:32.811] [0mNSQ consumer component started[32m [msgqueue][0m[36m[0m
[36mINFO[0m [32m[08/18 13:46:32.811] [0mComponent[msg_queue] started[32m [sidecar][0m[36m [time_cost:535.957875ms][0m
[36mINFO[0m [32m[08/18 13:46:32.811] [0mComponent[solana_sm] started[32m [sidecar][0m[36m [time_cost:6.458µs][0m
[36mINFO[0m [32m[08/18 13:46:32.811] [0mLoading deployment manifest from[32m [base_deploymanager][0m[36m [path:/Users/yanzhixing/Downloads/GitHub/token-engine/deploy/abis][0m
[36mINFO[0m [32m[08/18 13:46:32.811] [0mComponent[deploymanager] started[32m [sidecar][0m[36m [time_cost:25.583µs][0m
[36mINFO[0m [32m[08/18 13:46:32.811] [0mStarting TokenBalanceService[32m [TokenBalanceService][0m[36m[0m
[36mINFO[0m [32m[08/18 13:46:32.811] [0mevent processor started[32m [solana_sm][0m[36m[0m
[36mINFO[0m [32m[08/18 13:46:32.811] [0mSolana events manager started[32m [solana_sm][0m[36m[0m
[36mINFO[0m [32m[08/18 13:46:32.811] [0mComponent[TokenBalanceService] started[32m [sidecar][0m[36m [time_cost:269.834µs][0m
[36mINFO[0m [32m[08/18 13:46:32.812] [0mIPC server listen on: /Users/yanzhixing/Downloads/GitHub/token-engine/deploy/ipc.sock[32m [api][0m[36m[0m
[36mINFO[0m [32m[08/18 13:46:32.813] [0mHttp server listen on: 8082[32m [api][0m[36m[0m
[36mINFO[0m [32m[08/18 13:46:32.813] [0mComponent[http-api-server] started[32m [sidecar][0m[36m [time_cost:985.708µs][0m
[36mINFO[0m [32m[08/18 13:46:32.813] [0mComponent[app] started[32m [sidecar][0m[36m [time_cost:160.792µs][0m
[36mINFO[0m [32m[08/18 13:46:32.813] [0mtoken-engine is ready[32m [sidecar][0m[36m[0m
[36mINFO[0m [32m[08/18 13:46:32.814] [0m=====================================================================================
   __            __                                                  _
  / /_  ____    / /__  ___    ____          ___    ____    ____ _   (_)   ____   ___
 / __/ / __ \  / //_/ / _ \  / __ \ ______ / _ \  / __ \  / __ `/  / /   / __ \ / _ \
/ /_  / /_/ / / ,<   /  __/ / / / //_____//  __/ / / / / / /_/ /  / /   / / / //  __/
\__/  \____/ /_/|_|  \___/ /_/ /_/        \___/ /_/ /_/  \__, /  /_/   /_/ /_/ \___/
                                                        /____/

=====================================================================================[32m [sidecar][0m[36m[0m
[36mINFO[0m [32m[08/18 13:47:11.684] [0mpreparing create vault transaction[32m [base_txprepare][0m[36m [params:&{84532 {0xf39Fd6e51aad88F6F4ce6aB8827279cffFb92266 0xf39Fd6e51aad88F6F4ce6aB8827279cffFb92266 0xf39Fd6e51aad88F6F4ce6aB8827279cffFb92266 0xf39Fd6e51aad88F6F4ce6aB8827279cffFb92266 0xf39Fd6e51aad88F6F4ce6aB8827279cffFb92266} {TestToken MT 6 https://example.com/token-metadata.json} {VaultCreate 0xf39Fd6e51aad88F6F4ce6aB8827279cffFb92266 1000000 1754832494 1786800494 110 560 1 100000 300 0xf39Fd6e51aad88F6F4ce6aB8827279cffFb92266 0xf39Fd6e51aad88F6F4ce6aB8827279cffFb92266 1} false}][0m
[36mINFO[0m [32m[08/18 13:47:19.932] [0mnonce retrieved successfully[32m [base_txprepare][0m[36m [deployer:0xf39Fd6e51aad88F6F4ce6aB8827279cffFb92266] [nonce:14869][0m
[33mWARN[0m [32m[08/18 13:49:21.193] [0mDo scheduled task executor error[32m [sidecar][0m[33m [err:map[error:max retry times reached: 7: failed to retry for: https://mainnet.helius-rpc.com/?api-key=a95e3765-35c7-459e-808a-9135a21acdf6: request failed: rpc call failed on sendRequest: Post "https://mainnet.helius-rpc.com/?api-key=a95e3765-35c7-459e-808a-9135a21acdf6": context deadline exceeded kind:*errors.withStack stack:<nil>]] [task:solana-tx-sender[poll-last-block]][0m
[31mERRO[0m [32m[08/18 13:51:34.056] [0mfailed to create vault transaction[32m [base_txprepare][0m[31m [error:map[error:replacement transaction underpriced kind:*rpc.jsonError stack:<nil>]][0m
[31mERRO[0m [32m[08/18 13:51:38.070] [0mAPI request failed[32m [api][0m[31m [uri:/api/v2/primary/vault/prepare_create] [err_code:10001] [err_msg:failed to create vault transaction: replacement transaction underpriced] [method:POST] [ip:127.0.0.1] [http_code:200] [time_cost:4m33.913962958s] [caller:root][0m
