[36mINFO[0m [32m[08/15 19:18:03.898] [0mtoken-engine version:[32m [app][0m[36m[0m
[36mINFO[0m [32m[08/15 19:18:03.899] [0mSystem version: darwin/arm64[32m [app][0m[36m[0m
[36mINFO[0m [32m[08/15 19:18:03.899] [0mGolang version: go1.24.2[32m [app][0m[36m[0m
[36mINFO[0m [32m[08/15 19:18:03.899] [0mApp build time:[32m [app][0m[36m[0m
[36mINFO[0m [32m[08/15 19:18:03.899] [0mGit commit id:[32m [app][0m[36m[0m
[36mINFO[0m [32m[08/15 19:18:03.899] [0mRepo path: /Users/yanzhixing/Downloads/GitHub/token-engine/deploy[32m [app][0m[36m[0m
[36mINFO[0m [32m[08/15 19:18:03.899] [0mExecutable: /Users/yanzhixing/Downloads/GitHub/token-engine/deploy/tools/bin/token-engine[32m [app][0m[36m[0m
[36mINFO[0m [32m[08/15 19:18:03.899] [0mPID: 24298[32m [app][0m[36m[0m
[36mINFO[0m [32m[08/15 19:18:03.899] [0mUUID node index: 0[32m [app][0m[36m[0m
[36mINFO[0m [32m[08/15 19:18:04.127] [0mcreating new base AxcTxPrepare[32m [base_txprepare][0m[36m[0m
[36mINFO[0m [32m[08/15 19:18:04.127] [0mcreating new base AxcTxExecutor[32m [base_txexecutor][0m[36m[0m
[36mINFO[0m [32m[08/15 19:18:04.127] [0mcreate axc vault idl[32m [solana-idl][0m[36m[0m
[36mINFO[0m [32m[08/15 19:18:04.127] [0mcreate axc vault transaction builder[32m [axc_tx_builder][0m[36m[0m
[36mINFO[0m [32m[08/15 19:18:04.127] [0mcreating Solana chain adaptor[32m [common_chain_adaptor][0m[36m[0m
[36mINFO[0m [32m[08/15 19:18:04.265] [0minitialized all program event definitions[32m [solana_sm][0m[36m [programCount:1][0m
[36mINFO[0m [32m[08/15 19:18:04.265] [0mRegistered transfer provider[32m [tron-transfer][0m[36m [chainID:97] [tokens:[BNB USDT USDC]][0m
[36mINFO[0m [32m[08/15 19:18:04.265] [0mRegistered transfer provider[32m [tron-transfer][0m[36m [chainID:2494104990] [tokens:[TRX USDT]][0m
[36mINFO[0m [32m[08/15 19:18:04.265] [0mcore api initialized[32m [coreApi][0m[36m[0m
[36mINFO[0m [32m[08/15 19:18:04.494] [0mComponent[sql-connector] started[32m [sidecar][0m[36m [time_cost:228.450875ms][0m
[36mINFO[0m [32m[08/15 19:18:06.097] [0mFinished connect to send tx http rpcs[32m [solana-jsonrpc][0m[36m [cost:1.602237917s] [num:1][0m
[36mINFO[0m [32m[08/15 19:18:06.509] [0mFinished connect to stable http rpcs[32m [solana-jsonrpc][0m[36m [cost:408.764125ms] [num:1][0m
[36mINFO[0m [32m[08/15 19:18:07.435] [0mFinished connect to unstable http rpcs[32m [solana-jsonrpc][0m[36m [cost:351.406584ms] [num:1][0m
[36mINFO[0m [32m[08/15 19:18:12.230] [0mFinished connect to ws rpcs[32m [solana-jsonrpc][0m[36m [cost:4.71751775s] [num:1][0m
[36mINFO[0m [32m[08/15 19:18:12.747] [0mScheduled task started[32m [sidecar][0m[36m [interval:2s] [task:solana-tx-sender[poll-last-block]][0m
[36mINFO[0m [32m[08/15 19:18:12.747] [0msolana submitter started[32m [solana-submitter][0m[36m[0m
[36mINFO[0m [32m[08/15 19:18:12.747] [0mswap submitter started[32m [submitter][0m[36m[0m
[36mINFO[0m [32m[08/15 19:18:12.748] [0mComponent[SwapSubmitter] started[32m [sidecar][0m[36m [time_cost:8.253119792s][0m
[36mINFO[0m [32m[08/15 19:18:12.748] [0mstart to subscribe exchange data by grpc...[32m [ExchangeDataService][0m[36m[0m
[36mINFO[0m [32m[08/15 19:18:12.748] [0mScheduled task started[32m [sidecar][0m[36m [interval:1h0m0s] [task:UpdateExchangeTokenHolders][0m
[36mINFO[0m [32m[08/15 19:18:12.748] [0mScheduled task started[32m [sidecar][0m[36m [interval:1m0s] [task:StatisticExchangeData][0m
[36mINFO[0m [32m[08/15 19:18:13.541] [0mComponent[ExchangeDataService] started[32m [sidecar][0m[36m [time_cost:793.250583ms][0m
[36mINFO[0m [32m[08/15 19:18:13.542] [0mComponent[ContractMaterials] started[32m [sidecar][0m[36m [time_cost:51.125µs][0m
[36mINFO[0m [32m[08/15 19:18:13.542] [0mstarting Solana chain adaptor[32m [common_chain_adaptor][0m[36m[0m
[36mINFO[0m [32m[08/15 19:18:13.542] [0mSolana chain adaptor started successfully[32m [common_chain_adaptor][0m[36m[0m
[36mINFO[0m [32m[08/15 19:18:13.542] [0mComponent[common_chain_adaptor] started[32m [sidecar][0m[36m [time_cost:245.625µs][0m
[33mWARN[0m [32m[08/15 19:18:13.663] [0mbegin compensate swap event[32m [ExchangeDataService][0m[33m [outer_id From:307735][0m
[36mINFO[0m [32m[08/15 19:18:13.876] [0mContract materials loaded successfully[32m [basechain][0m[36m [appid:root] [chainId:84532] [contractCount:9] [errors:0][0m
[36mINFO[0m [32m[08/15 19:18:14.068] [0mNSQ consumer component started[32m [msgqueue][0m[36m[0m
[36mINFO[0m [32m[08/15 19:18:14.068] [0mComponent[msg_queue] started[32m [sidecar][0m[36m [time_cost:525.466458ms][0m
[36mINFO[0m [32m[08/15 19:18:14.068] [0mComponent[solana_sm] started[32m [sidecar][0m[36m [time_cost:4.333µs][0m
[36mINFO[0m [32m[08/15 19:18:14.068] [0mLoading deployment manifest from[32m [base_deploymanager][0m[36m [path:/Users/yanzhixing/Downloads/GitHub/token-engine/deploy/abis][0m
[36mINFO[0m [32m[08/15 19:18:14.068] [0mComponent[deploymanager] started[32m [sidecar][0m[36m [time_cost:22.042µs][0m
[36mINFO[0m [32m[08/15 19:18:14.068] [0mIPC server listen on: /Users/yanzhixing/Downloads/GitHub/token-engine/deploy/ipc.sock[32m [api][0m[36m[0m
[36mINFO[0m [32m[08/15 19:18:14.068] [0mHttp server listen on: 8082[32m [api][0m[36m[0m
[36mINFO[0m [32m[08/15 19:18:14.068] [0mComponent[http-api-server] started[32m [sidecar][0m[36m [time_cost:422.875µs][0m
[36mINFO[0m [32m[08/15 19:18:14.068] [0mComponent[app] started[32m [sidecar][0m[36m [time_cost:114.875µs][0m
[36mINFO[0m [32m[08/15 19:18:14.068] [0mtoken-engine is ready[32m [sidecar][0m[36m[0m
[36mINFO[0m [32m[08/15 19:18:14.069] [0m=====================================================================================
   __            __                                                  _
  / /_  ____    / /__  ___    ____          ___    ____    ____ _   (_)   ____   ___
 / __/ / __ \  / //_/ / _ \  / __ \ ______ / _ \  / __ \  / __ `/  / /   / __ \ / _ \
/ /_  / /_/ / / ,<   /  __/ / / / //_____//  __/ / / / / / /_/ /  / /   / / / //  __/
\__/  \____/ /_/|_|  \___/ /_/ /_/        \___/ /_/ /_/  \__, /  /_/   /_/ /_/ \___/
                                                        /____/

=====================================================================================[32m [sidecar][0m[36m[0m
[36mINFO[0m [32m[08/15 19:18:14.162] [0mSolana events manager started[32m [solana_sm][0m[36m[0m
[36mINFO[0m [32m[08/15 19:18:14.162] [0mevent processor started[32m [solana_sm][0m[36m[0m
[33mWARN[0m [32m[08/15 19:18:16.230] [0mstop compensate swap event[32m [ExchangeDataService][0m[33m [outer_id end:307734][0m
[36mINFO[0m [32m[08/15 19:18:22.213] [0mpreparing create vault transaction[32m [base_txprepare][0m[36m [params:&{84532 {0x4d6Ca5A0517cc18d66FEA10a51486fA0351bF61A 0x4d6Ca5A0517cc18d66FEA10a51486fA0351bF61A 0x4d6Ca5A0517cc18d66FEA10a51486fA0351bF61A 0x4d6Ca5A0517cc18d66FEA10a51486fA0351bF61A 0x4d6Ca5A0517cc18d66FEA10a51486fA0351bF61A} {My Test Token MTT 18 https://example.com/token-metadata.json} {Test 0xA0b86a33E6441E6C7D3E4C2C4C6C6C6C6C6C6C6C 1000000 1703980800 1704067200 100 500 0.1 100000 200 0x1234567890123456789012345678901234567890 0x1234567890123456789012345678901234567890 1} false}][0m
[31mERRO[0m [32m[08/15 19:18:29.340] [0mfailed to submit transaction[32m [base_txprepare][0m[31m [error:map[error:already known kind:*rpc.jsonError stack:<nil>]][0m
[31mERRO[0m [32m[08/15 19:18:29.341] [0mAPI request failed[32m [api][0m[31m [uri:/api/v2/primary/vault/prepare_create] [err_code:10001] [err_msg:already known] [method:POST] [ip:127.0.0.1] [http_code:200] [time_cost:7.129754833s] [caller:root][0m
[36mINFO[0m [32m[08/15 19:18:49.235] [0mReceive exit signal: interrupt[32m [sidecar][0m[36m[0m
[36mINFO[0m [32m[08/15 19:18:49.236] [0mComponent[app] stopped[32m [sidecar][0m[36m [time_cost:349.542µs][0m
[36mINFO[0m [32m[08/15 19:18:49.237] [0mIPC server shutdown[32m [api][0m[36m[0m
[36mINFO[0m [32m[08/15 19:18:49.237] [0mHttp server shutdown[32m [api][0m[36m[0m
[36mINFO[0m [32m[08/15 19:18:49.237] [0mComponent[http-api-server] stopped[32m [sidecar][0m[36m [time_cost:537.209µs][0m
[36mINFO[0m [32m[08/15 19:18:49.237] [0mDeployManager stopped[32m [base_deploymanager][0m[36m[0m
[36mINFO[0m [32m[08/15 19:18:49.237] [0mComponent[deploymanager] stopped[32m [sidecar][0m[36m [time_cost:57.791µs][0m
[36mINFO[0m [32m[08/15 19:18:49.237] [0mScheduled task stopped[32m [sidecar][0m[36m [interval:2s] [task:solana-tx-sender[poll-last-block]][0m
[36mINFO[0m [32m[08/15 19:18:49.237] [0mevent processor stopping[32m [solana_sm][0m[36m[0m
[31mERRO[0m [32m[08/15 19:18:49.238] [0mStop components failed[32m [sidecar][0m[31m [err:map[error:goroutine exited without returning kind:*errors.errorString stack:<nil>]][0m
