[36mINFO[0m [32m[08/18 13:39:36.503] [0mtoken-engine version:[32m [app][0m[36m[0m
[36mINFO[0m [32m[08/18 13:39:36.504] [0mSystem version: darwin/arm64[32m [app][0m[36m[0m
[36mINFO[0m [32m[08/18 13:39:36.504] [0mGolang version: go1.24.2[32m [app][0m[36m[0m
[36mINFO[0m [32m[08/18 13:39:36.504] [0mApp build time:[32m [app][0m[36m[0m
[36mINFO[0m [32m[08/18 13:39:36.504] [0mGit commit id:[32m [app][0m[36m[0m
[36mINFO[0m [32m[08/18 13:39:36.504] [0mRepo path: /Users/yanzhixing/Downloads/GitHub/token-engine/deploy[32m [app][0m[36m[0m
[36mINFO[0m [32m[08/18 13:39:36.504] [0mExecutable: /Users/yanzhixing/Downloads/GitHub/token-engine/deploy/tools/bin/token-engine[32m [app][0m[36m[0m
[36mINFO[0m [32m[08/18 13:39:36.504] [0mPID: 31043[32m [app][0m[36m[0m
[36mINFO[0m [32m[08/18 13:39:36.504] [0mUUID node index: 0[32m [app][0m[36m[0m
[36mINFO[0m [32m[08/18 13:39:36.771] [0mcreating new base AxcTxPrepare[32m [base_txprepare][0m[36m[0m
[36mINFO[0m [32m[08/18 13:39:36.771] [0mcreating new base AxcTxExecutor[32m [base_txexecutor][0m[36m[0m
[36mINFO[0m [32m[08/18 13:39:36.771] [0mcreate axc vault idl[32m [solana-idl][0m[36m[0m
[36mINFO[0m [32m[08/18 13:39:36.771] [0mcreate axc vault transaction builder[32m [axc_tx_builder][0m[36m[0m
[36mINFO[0m [32m[08/18 13:39:36.771] [0mcreating Solana chain adaptor[32m [common_chain_adaptor][0m[36m[0m
[36mINFO[0m [32m[08/18 13:39:36.940] [0minitialized all program event definitions[32m [solana_sm][0m[36m [programCount:1][0m
[36mINFO[0m [32m[08/18 13:39:36.941] [0mRegistered transfer provider[32m [transfer-service][0m[36m [chainID:97] [tokens:[BNB USDT USDC]][0m
[36mINFO[0m [32m[08/18 13:39:36.942] [0mRegistered transfer provider[32m [transfer-service][0m[36m [chainID:2494104990] [tokens:[TRX USDT]][0m
[36mINFO[0m [32m[08/18 13:39:36.942] [0mcore api initialized[32m [coreApi][0m[36m[0m
[36mINFO[0m [32m[08/18 13:39:37.189] [0mComponent[sql-connector] started[32m [sidecar][0m[36m [time_cost:246.086584ms][0m
[36mINFO[0m [32m[08/18 13:39:40.234] [0mFinished connect to send tx http rpcs[32m [solana-jsonrpc][0m[36m [cost:3.044656417s] [num:3][0m
[36mINFO[0m [32m[08/18 13:39:41.260] [0mFinished connect to stable http rpcs[32m [solana-jsonrpc][0m[36m [cost:1.0255535s] [num:3][0m
[36mINFO[0m [32m[08/18 13:39:44.065] [0mFinished connect to unstable http rpcs[32m [solana-jsonrpc][0m[36m [cost:2.804632708s] [num:45][0m
[36mINFO[0m [32m[08/18 13:39:45.521] [0mFinished connect to ws rpcs[32m [solana-jsonrpc][0m[36m [cost:1.456670083s] [num:1][0m
[36mINFO[0m [32m[08/18 13:39:46.448] [0mScheduled task started[32m [sidecar][0m[36m [interval:2s] [task:solana-tx-sender[poll-last-block]][0m
[36mINFO[0m [32m[08/18 13:39:46.448] [0msolana submitter started[32m [solana-submitter][0m[36m[0m
[36mINFO[0m [32m[08/18 13:39:46.448] [0mswap submitter started[32m [submitter][0m[36m[0m
[36mINFO[0m [32m[08/18 13:39:46.448] [0mComponent[SwapSubmitter] started[32m [sidecar][0m[36m [time_cost:9.258404083s][0m
[36mINFO[0m [32m[08/18 13:39:46.448] [0mComponent[ExchangeDataService] started[32m [sidecar][0m[36m [time_cost:5.292µs][0m
[36mINFO[0m [32m[08/18 13:39:46.448] [0mComponent[ContractMaterials] started[32m [sidecar][0m[36m [time_cost:1.709µs][0m
[36mINFO[0m [32m[08/18 13:39:46.448] [0mstarting Solana chain adaptor[32m [common_chain_adaptor][0m[36m[0m
[36mINFO[0m [32m[08/18 13:39:46.448] [0mScheduled task started[32m [sidecar][0m[36m [interval:1h0m0s] [task:UpdateExchangeTokenHolders][0m
[36mINFO[0m [32m[08/18 13:39:46.448] [0mSolana chain adaptor started successfully[32m [common_chain_adaptor][0m[36m[0m
[36mINFO[0m [32m[08/18 13:39:46.448] [0mScheduled task started[32m [sidecar][0m[36m [interval:1m0s] [task:StatisticExchangeData][0m
[36mINFO[0m [32m[08/18 13:39:46.448] [0mComponent[common_chain_adaptor] started[32m [sidecar][0m[36m [time_cost:85.375µs][0m
[36mINFO[0m [32m[08/18 13:39:46.613] [0mContract materials loaded successfully[32m [basechain][0m[36m [appid:root] [chainId:84532] [contractCount:9] [errors:0][0m
[36mINFO[0m [32m[08/18 13:39:46.707] [0mSolana syncer started[32m [common_chain_adaptor][0m[36m[0m
[36mINFO[0m [32m[08/18 13:39:46.707] [0mComponent[Syncer] started[32m [sidecar][0m[36m [time_cost:259.539333ms][0m
[36mINFO[0m [32m[08/18 13:39:47.235] [0mNSQ consumer component started[32m [msgqueue][0m[36m[0m
[36mINFO[0m [32m[08/18 13:39:47.235] [0mComponent[msg_queue] started[32m [sidecar][0m[36m [time_cost:527.743625ms][0m
[36mINFO[0m [32m[08/18 13:39:47.235] [0mComponent[solana_sm] started[32m [sidecar][0m[36m [time_cost:6.25µs][0m
[36mINFO[0m [32m[08/18 13:39:47.235] [0mLoading deployment manifest from[32m [base_deploymanager][0m[36m [path:/Users/yanzhixing/Downloads/GitHub/token-engine/deploy/abis][0m
[36mINFO[0m [32m[08/18 13:39:47.235] [0mComponent[deploymanager] started[32m [sidecar][0m[36m [time_cost:30.166µs][0m
[36mINFO[0m [32m[08/18 13:39:47.235] [0mStarting TokenBalanceService[32m [TokenBalanceService][0m[36m[0m
[36mINFO[0m [32m[08/18 13:39:47.235] [0mComponent[TokenBalanceService] started[32m [sidecar][0m[36m [time_cost:31.375µs][0m
[36mINFO[0m [32m[08/18 13:39:47.235] [0mevent processor started[32m [solana_sm][0m[36m[0m
[36mINFO[0m [32m[08/18 13:39:47.235] [0mSolana events manager started[32m [solana_sm][0m[36m[0m
[36mINFO[0m [32m[08/18 13:39:47.236] [0mIPC server listen on: /Users/yanzhixing/Downloads/GitHub/token-engine/deploy/ipc.sock[32m [api][0m[36m[0m
[36mINFO[0m [32m[08/18 13:39:47.236] [0mHttp server listen on: 8082[32m [api][0m[36m[0m
[36mINFO[0m [32m[08/18 13:39:47.236] [0mComponent[http-api-server] started[32m [sidecar][0m[36m [time_cost:516.375µs][0m
[36mINFO[0m [32m[08/18 13:39:47.236] [0mComponent[app] started[32m [sidecar][0m[36m [time_cost:193.333µs][0m
[36mINFO[0m [32m[08/18 13:39:47.236] [0mtoken-engine is ready[32m [sidecar][0m[36m[0m
[36mINFO[0m [32m[08/18 13:39:47.237] [0m=====================================================================================
   __            __                                                  _
  / /_  ____    / /__  ___    ____          ___    ____    ____ _   (_)   ____   ___
 / __/ / __ \  / //_/ / _ \  / __ \ ______ / _ \  / __ \  / __ `/  / /   / __ \ / _ \
/ /_  / /_/ / / ,<   /  __/ / / / //_____//  __/ / / / / / /_/ /  / /   / / / //  __/
\__/  \____/ /_/|_|  \___/ /_/ /_/        \___/ /_/ /_/  \__, /  /_/   /_/ /_/ \___/
                                                        /____/

=====================================================================================[32m [sidecar][0m[36m[0m
[36mINFO[0m [32m[08/18 13:39:50.126] [0mReceive exit signal: interrupt[32m [sidecar][0m[36m[0m
[36mINFO[0m [32m[08/18 13:39:50.127] [0mComponent[app] stopped[32m [sidecar][0m[36m [time_cost:297.666µs][0m
[36mINFO[0m [32m[08/18 13:39:50.127] [0mIPC server shutdown[32m [api][0m[36m[0m
[36mINFO[0m [32m[08/18 13:39:50.127] [0mHttp server shutdown[32m [api][0m[36m[0m
[36mINFO[0m [32m[08/18 13:39:50.127] [0mComponent[http-api-server] stopped[32m [sidecar][0m[36m [time_cost:263.084µs][0m
[36mINFO[0m [32m[08/18 13:39:50.127] [0mComponent[TokenBalanceService] stopped[32m [sidecar][0m[36m [time_cost:1.709µs][0m
[36mINFO[0m [32m[08/18 13:39:50.127] [0mDeployManager stopped[32m [base_deploymanager][0m[36m[0m
[36mINFO[0m [32m[08/18 13:39:50.127] [0mComponent[deploymanager] stopped[32m [sidecar][0m[36m [time_cost:49.5µs][0m
[36mINFO[0m [32m[08/18 13:39:50.127] [0mevent processor stopping[32m [solana_sm][0m[36m[0m
[31mERRO[0m [32m[08/18 13:39:50.128] [0mStop components failed[32m [sidecar][0m[31m [err:map[error:goroutine exited without returning kind:*errors.errorString stack:<nil>]][0m
