[36mINFO[0m [32m[08/15 19:20:20.745] [0mtoken-engine version:[32m [app][0m[36m[0m
[36mINFO[0m [32m[08/15 19:20:20.746] [0mSystem version: darwin/arm64[32m [app][0m[36m[0m
[36mINFO[0m [32m[08/15 19:20:20.746] [0mGolang version: go1.24.2[32m [app][0m[36m[0m
[36mINFO[0m [32m[08/15 19:20:20.746] [0mApp build time:[32m [app][0m[36m[0m
[36mINFO[0m [32m[08/15 19:20:20.746] [0mGit commit id:[32m [app][0m[36m[0m
[36mINFO[0m [32m[08/15 19:20:20.746] [0mRepo path: /Users/yanzhixing/Downloads/GitHub/token-engine/deploy[32m [app][0m[36m[0m
[36mINFO[0m [32m[08/15 19:20:20.746] [0mExecutable: /Users/yanzhixing/Downloads/GitHub/token-engine/deploy/tools/bin/token-engine[32m [app][0m[36m[0m
[36mINFO[0m [32m[08/15 19:20:20.746] [0mPID: 28318[32m [app][0m[36m[0m
[36mINFO[0m [32m[08/15 19:20:20.746] [0mUUID node index: 0[32m [app][0m[36m[0m
[36mINFO[0m [32m[08/15 19:20:20.944] [0mcreating new base AxcTxPrepare[32m [base_txprepare][0m[36m[0m
[36mINFO[0m [32m[08/15 19:20:20.944] [0mcreating new base AxcTxExecutor[32m [base_txexecutor][0m[36m[0m
[36mINFO[0m [32m[08/15 19:20:20.944] [0mcreate axc vault idl[32m [solana-idl][0m[36m[0m
[36mINFO[0m [32m[08/15 19:20:20.944] [0mcreate axc vault transaction builder[32m [axc_tx_builder][0m[36m[0m
[36mINFO[0m [32m[08/15 19:20:20.944] [0mcreating Solana chain adaptor[32m [common_chain_adaptor][0m[36m[0m
[36mINFO[0m [32m[08/15 19:20:21.069] [0minitialized all program event definitions[32m [solana_sm][0m[36m [programCount:1][0m
[36mINFO[0m [32m[08/15 19:20:21.069] [0mRegistered transfer provider[32m [tron-transfer][0m[36m [chainID:97] [tokens:[BNB USDT USDC]][0m
[36mINFO[0m [32m[08/15 19:20:21.069] [0mRegistered transfer provider[32m [tron-transfer][0m[36m [chainID:2494104990] [tokens:[TRX USDT]][0m
[36mINFO[0m [32m[08/15 19:20:21.069] [0mcore api initialized[32m [coreApi][0m[36m[0m
[36mINFO[0m [32m[08/15 19:20:21.223] [0mComponent[sql-connector] started[32m [sidecar][0m[36m [time_cost:154.110375ms][0m
[36mINFO[0m [32m[08/15 19:20:22.291] [0mFinished connect to send tx http rpcs[32m [solana-jsonrpc][0m[36m [cost:1.067348666s] [num:1][0m
[36mINFO[0m [32m[08/15 19:20:22.639] [0mFinished connect to stable http rpcs[32m [solana-jsonrpc][0m[36m [cost:347.716125ms] [num:1][0m
[36mINFO[0m [32m[08/15 19:20:23.002] [0mFinished connect to unstable http rpcs[32m [solana-jsonrpc][0m[36m [cost:362.950458ms] [num:1][0m
[36mINFO[0m [32m[08/15 19:20:24.391] [0mFinished connect to ws rpcs[32m [solana-jsonrpc][0m[36m [cost:1.389512458s] [num:1][0m
[36mINFO[0m [32m[08/15 19:20:24.817] [0mScheduled task started[32m [sidecar][0m[36m [interval:2s] [task:solana-tx-sender[poll-last-block]][0m
[36mINFO[0m [32m[08/15 19:20:24.818] [0msolana submitter started[32m [solana-submitter][0m[36m[0m
[36mINFO[0m [32m[08/15 19:20:24.818] [0mswap submitter started[32m [submitter][0m[36m[0m
[36mINFO[0m [32m[08/15 19:20:24.818] [0mComponent[SwapSubmitter] started[32m [sidecar][0m[36m [time_cost:3.594287375s][0m
[36mINFO[0m [32m[08/15 19:20:24.818] [0mstart to subscribe exchange data by grpc...[32m [ExchangeDataService][0m[36m[0m
[36mINFO[0m [32m[08/15 19:20:24.818] [0mScheduled task started[32m [sidecar][0m[36m [interval:1m0s] [task:StatisticExchangeData][0m
[36mINFO[0m [32m[08/15 19:20:24.818] [0mScheduled task started[32m [sidecar][0m[36m [interval:1h0m0s] [task:UpdateExchangeTokenHolders][0m
[36mINFO[0m [32m[08/15 19:20:29.299] [0mComponent[ExchangeDataService] started[32m [sidecar][0m[36m [time_cost:4.480955125s][0m
[36mINFO[0m [32m[08/15 19:20:29.299] [0mComponent[ContractMaterials] started[32m [sidecar][0m[36m [time_cost:19.292µs][0m
[36mINFO[0m [32m[08/15 19:20:29.299] [0mstarting Solana chain adaptor[32m [common_chain_adaptor][0m[36m[0m
[36mINFO[0m [32m[08/15 19:20:29.300] [0mSolana chain adaptor started successfully[32m [common_chain_adaptor][0m[36m[0m
[36mINFO[0m [32m[08/15 19:20:29.300] [0mComponent[common_chain_adaptor] started[32m [sidecar][0m[36m [time_cost:117.25µs][0m
[33mWARN[0m [32m[08/15 19:20:29.410] [0mbegin compensate swap event[32m [ExchangeDataService][0m[33m [outer_id From:307735][0m
[36mINFO[0m [32m[08/15 19:20:29.812] [0mNSQ consumer component started[32m [msgqueue][0m[36m[0m
[36mINFO[0m [32m[08/15 19:20:29.812] [0mComponent[msg_queue] started[32m [sidecar][0m[36m [time_cost:512.519209ms][0m
[36mINFO[0m [32m[08/15 19:20:29.812] [0mComponent[solana_sm] started[32m [sidecar][0m[36m [time_cost:5.042µs][0m
[36mINFO[0m [32m[08/15 19:20:29.812] [0mLoading deployment manifest from[32m [base_deploymanager][0m[36m [path:/Users/yanzhixing/Downloads/GitHub/token-engine/deploy/abis][0m
[36mINFO[0m [32m[08/15 19:20:29.812] [0mComponent[deploymanager] started[32m [sidecar][0m[36m [time_cost:30.625µs][0m
[36mINFO[0m [32m[08/15 19:20:29.813] [0mIPC server listen on: /Users/yanzhixing/Downloads/GitHub/token-engine/deploy/ipc.sock[32m [api][0m[36m[0m
[36mINFO[0m [32m[08/15 19:20:29.813] [0mHttp server listen on: 8082[32m [api][0m[36m[0m
[36mINFO[0m [32m[08/15 19:20:29.813] [0mComponent[http-api-server] started[32m [sidecar][0m[36m [time_cost:897µs][0m
[36mINFO[0m [32m[08/15 19:20:29.814] [0mComponent[app] started[32m [sidecar][0m[36m [time_cost:134.25µs][0m
[36mINFO[0m [32m[08/15 19:20:29.814] [0mtoken-engine is ready[32m [sidecar][0m[36m[0m
[36mINFO[0m [32m[08/15 19:20:29.814] [0m=====================================================================================
   __            __                                                  _
  / /_  ____    / /__  ___    ____          ___    ____    ____ _   (_)   ____   ___
 / __/ / __ \  / //_/ / _ \  / __ \ ______ / _ \  / __ \  / __ `/  / /   / __ \ / _ \
/ /_  / /_/ / / ,<   /  __/ / / / //_____//  __/ / / / / / /_/ /  / /   / / / //  __/
\__/  \____/ /_/|_|  \___/ /_/ /_/        \___/ /_/ /_/  \__, /  /_/   /_/ /_/ \___/
                                                        /____/

=====================================================================================[32m [sidecar][0m[36m[0m
[36mINFO[0m [32m[08/15 19:20:29.855] [0mevent processor started[32m [solana_sm][0m[36m[0m
[36mINFO[0m [32m[08/15 19:20:29.855] [0mSolana events manager started[32m [solana_sm][0m[36m[0m
[36mINFO[0m [32m[08/15 19:20:29.864] [0mContract materials loaded successfully[32m [basechain][0m[36m [appid:root] [chainId:84532] [contractCount:9] [errors:0][0m
[33mWARN[0m [32m[08/15 19:20:31.753] [0mstop compensate swap event[32m [ExchangeDataService][0m[33m [outer_id end:307734][0m
[36mINFO[0m [32m[08/15 19:20:34.273] [0mpreparing create vault transaction[32m [base_txprepare][0m[36m [params:&{84532 {0x4d6Ca5A0517cc18d66FEA10a51486fA0351bF61A 0x4d6Ca5A0517cc18d66FEA10a51486fA0351bF61A 0x4d6Ca5A0517cc18d66FEA10a51486fA0351bF61A 0x4d6Ca5A0517cc18d66FEA10a51486fA0351bF61A 0x4d6Ca5A0517cc18d66FEA10a51486fA0351bF61A} {My Test Token MTT 18 https://example.com/token-metadata.json} {Test 0xA0b86a33E6441E6C7D3E4C2C4C6C6C6C6C6C6C6C 1000000 1703980800 1704067200 100 500 0.1 100000 200 0x1234567890123456789012345678901234567890 0x1234567890123456789012345678901234567890 1} false}][0m
[36mINFO[0m [32m[08/15 19:20:38.760] [0msuccessfully prepared create vault transaction[32m [base_txprepare][0m[36m [txHash:0x9baf5bb7a884541ee756e469d39295b7a3db0303086fc3aaf6c38530115dbf52][0m
[36mINFO[0m [32m[08/15 19:20:38.760] [0mqueryVaultCreated[32m [base_txprepare][0m[36m[0m
[36mINFO[0m [32m[08/15 19:20:38.760] [0mqueryVaultCreated[32m [base_txprepare][0m[36m [txHash:0x9baf5bb7a884541ee756e469d39295b7a3db0303086fc3aaf6c38530115dbf52][0m
[31mERRO[0m [32m[08/15 19:20:39.088] [0mqueryVaultCreated111[32m [base_txprepare][0m[31m [error:map[error:not found kind:*errors.errorString stack:<nil>]][0m
[36mINFO[0m [32m[08/15 19:20:39.088] [0mAPI request[32m [api][0m[36m [uri:/api/v2/primary/vault/prepare_create] [method:POST] [ip:127.0.0.1] [http_code:200] [time_cost:4.8162875s] [caller:root][0m
[36mINFO[0m [32m[08/15 19:25:33.777] [0mpreparing create vault transaction[32m [base_txprepare][0m[36m [params:&{84532 {0x4d6Ca5A0517cc18d66FEA10a51486fA0351bF61A 0x4d6Ca5A0517cc18d66FEA10a51486fA0351bF61A 0x4d6Ca5A0517cc18d66FEA10a51486fA0351bF61A 0x4d6Ca5A0517cc18d66FEA10a51486fA0351bF61A 0x4d6Ca5A0517cc18d66FEA10a51486fA0351bF61A} {My Test Token MTT 18 https://example.com/token-metadata.json} {Test 0xA0b86a33E6441E6C7D3E4C2C4C6C6C6C6C6C6C6C 1000000 1703980800 1704067200 100 500 0.1 100000 200 0x1234567890123456789012345678901234567890 0x1234567890123456789012345678901234567890 1} false}][0m
[31mERRO[0m [32m[08/15 19:25:37.231] [0mfailed to submit transaction[32m [base_txprepare][0m[31m [error:map[error:already known kind:*rpc.jsonError stack:<nil>]][0m
[31mERRO[0m [32m[08/15 19:25:37.231] [0mAPI request failed[32m [api][0m[31m [uri:/api/v2/primary/vault/prepare_create] [err_code:10001] [err_msg:already known] [method:POST] [ip:127.0.0.1] [http_code:200] [time_cost:3.454292125s] [caller:root][0m
[36mINFO[0m [32m[08/15 19:25:51.187] [0mpreparing create vault transaction[32m [base_txprepare][0m[36m [params:&{84532 {0x4d6Ca5A0517cc18d66FEA10a51486fA0351bF61A 0x4d6Ca5A0517cc18d66FEA10a51486fA0351bF61A 0x4d6Ca5A0517cc18d66FEA10a51486fA0351bF61A 0x4d6Ca5A0517cc18d66FEA10a51486fA0351bF61A 0x4d6Ca5A0517cc18d66FEA10a51486fA0351bF61A} {My Test Token MTT 18 https://example.com/token-metadata.json} {Test 0xA0b86a33E6441E6C7D3E4C2C4C6C6C6C6C6C6C6C 1000000 1703980800 1704067200 100 500 0.1 100000 200 0x1234567890123456789012345678901234567890 0x1234567890123456789012345678901234567890 1} false}][0m
[31mERRO[0m [32m[08/15 19:25:56.258] [0mfailed to create deploy transaction[32m [base_txprepare][0m[31m [error:map[error:already known kind:*rpc.jsonError stack:<nil>]][0m
[31mERRO[0m [32m[08/15 19:25:56.258] [0mAPI request failed[32m [api][0m[31m [uri:/api/v2/primary/vault/prepare_create] [err_code:10001] [err_msg:failed to create deploy transaction: already known] [method:POST] [ip:127.0.0.1] [http_code:200] [time_cost:5.0718025s] [caller:root][0m
[36mINFO[0m [32m[08/15 19:27:18.997] [0mReceive exit signal: interrupt[32m [sidecar][0m[36m[0m
[36mINFO[0m [32m[08/15 19:27:18.999] [0mComponent[app] stopped[32m [sidecar][0m[36m [time_cost:376.958µs][0m
[36mINFO[0m [32m[08/15 19:27:19.000] [0mIPC server shutdown[32m [api][0m[36m[0m
[36mINFO[0m [32m[08/15 19:27:19.000] [0mComponent[http-api-server] stopped[32m [sidecar][0m[36m [time_cost:1.099292ms][0m
[36mINFO[0m [32m[08/15 19:27:19.000] [0mHttp server shutdown[32m [api][0m[36m[0m
[36mINFO[0m [32m[08/15 19:27:19.001] [0mDeployManager stopped[32m [base_deploymanager][0m[36m[0m
[36mINFO[0m [32m[08/15 19:27:19.001] [0mComponent[deploymanager] stopped[32m [sidecar][0m[36m [time_cost:282.708µs][0m
[36mINFO[0m [32m[08/15 19:27:19.001] [0mevent processor stopping[32m [solana_sm][0m[36m[0m
[36mINFO[0m [32m[08/15 19:27:19.001] [0mScheduled task stopped[32m [sidecar][0m[36m [interval:2s] [task:solana-tx-sender[poll-last-block]][0m
[31mERRO[0m [32m[08/15 19:27:19.006] [0mStop components failed[32m [sidecar][0m[31m [err:map[error:goroutine exited without returning kind:*errors.errorString stack:<nil>]][0m
