[36mINFO[0m [32m[08/11 13:54:12.806] [0mtoken-engine version:[32m [app][0m[36m[0m
[36mINFO[0m [32m[08/11 13:54:12.807] [0mSystem version: darwin/arm64[32m [app][0m[36m[0m
[36mINFO[0m [32m[08/11 13:54:12.807] [0mGolang version: go1.24.2[32m [app][0m[36m[0m
[36mINFO[0m [32m[08/11 13:54:12.807] [0mApp build time:[32m [app][0m[36m[0m
[36mINFO[0m [32m[08/11 13:54:12.807] [0mGit commit id:[32m [app][0m[36m[0m
[36mINFO[0m [32m[08/11 13:54:12.807] [0mRepo path: /Users/yanzhixing/Downloads/GitHub/token-engine/deploy[32m [app][0m[36m[0m
[36mINFO[0m [32m[08/11 13:54:12.807] [0mExecutable: /Users/yanzhixing/Downloads/GitHub/token-engine/deploy/tools/bin/token-engine[32m [app][0m[36m[0m
[36mINFO[0m [32m[08/11 13:54:12.807] [0mPID: 39372[32m [app][0m[36m[0m
[36mINFO[0m [32m[08/11 13:54:12.807] [0mUUID node index: 0[32m [app][0m[36m[0m
[36mINFO[0m [32m[08/11 13:54:13.646] [0mcreating new base AxcTxPrepare[32m [base_txprepare][0m[36m[0m
[36mINFO[0m [32m[08/11 13:54:13.647] [0mcreating new base AxcTxExecutor[32m [base_txexecutor][0m[36m[0m
[36mINFO[0m [32m[08/11 13:54:13.647] [0mcreate axc vault idl[32m [solana-idl][0m[36m[0m
[36mINFO[0m [32m[08/11 13:54:13.651] [0mcreate axc vault transaction builder[32m [axc_tx_builder][0m[36m[0m
[36mINFO[0m [32m[08/11 13:54:13.651] [0mcreating Solana chain adaptor[32m [common_chain_adaptor][0m[36m[0m
[36mINFO[0m [32m[08/11 13:54:15.758] [0minitialized all program event definitions[32m [solana_sm][0m[36m [programCount:1][0m
[36mINFO[0m [32m[08/11 13:54:15.759] [0mcore api initialized[32m [coreApi][0m[36m[0m
[36mINFO[0m [32m[08/11 13:54:16.613] [0mComponent[sql-connector] started[32m [sidecar][0m[36m [time_cost:854.511041ms][0m
[36mINFO[0m [32m[08/11 13:54:23.274] [0mFinished connect to send tx http rpcs[32m [solana-jsonrpc][0m[36m [cost:6.660467208s] [num:1][0m
[36mINFO[0m [32m[08/11 13:54:23.644] [0mFinished connect to stable http rpcs[32m [solana-jsonrpc][0m[36m [cost:369.34275ms] [num:1][0m
[36mINFO[0m [32m[08/11 13:54:24.107] [0mFinished connect to unstable http rpcs[32m [solana-jsonrpc][0m[36m [cost:463.474ms] [num:1][0m
[36mINFO[0m [32m[08/11 13:54:25.624] [0mFinished connect to ws rpcs[32m [solana-jsonrpc][0m[36m [cost:1.516644458s] [num:1][0m
[36mINFO[0m [32m[08/11 13:54:26.356] [0mScheduled task started[32m [sidecar][0m[36m [interval:2s] [task:solana-tx-sender[poll-last-block]][0m
[36mINFO[0m [32m[08/11 13:54:26.356] [0msolana submitter started[32m [solana-submitter][0m[36m[0m
[36mINFO[0m [32m[08/11 13:54:26.356] [0mswap submitter started[32m [submitter][0m[36m[0m
[36mINFO[0m [32m[08/11 13:54:26.356] [0mComponent[SwapSubmitter] started[32m [sidecar][0m[36m [time_cost:9.7423105s][0m
[36mINFO[0m [32m[08/11 13:54:26.356] [0mstart to subscribe exchange data by grpc...[32m [ExchangeDataService][0m[36m[0m
[36mINFO[0m [32m[08/11 13:54:26.356] [0mScheduled task started[32m [sidecar][0m[36m [interval:1m0s] [task:StatisticExchangeData][0m
[36mINFO[0m [32m[08/11 13:54:26.356] [0mScheduled task started[32m [sidecar][0m[36m [interval:1h0m0s] [task:UpdateExchangeTokenHolders][0m
[36mINFO[0m [32m[08/11 13:54:27.819] [0mComponent[ExchangeDataService] started[32m [sidecar][0m[36m [time_cost:1.462865208s][0m
[36mINFO[0m [32m[08/11 13:54:27.819] [0mComponent[ContractMaterials] started[32m [sidecar][0m[36m [time_cost:4.542µs][0m
[36mINFO[0m [32m[08/11 13:54:27.819] [0mstarting Solana chain adaptor[32m [common_chain_adaptor][0m[36m[0m
[36mINFO[0m [32m[08/11 13:54:27.819] [0mSolana chain adaptor started successfully[32m [common_chain_adaptor][0m[36m[0m
[36mINFO[0m [32m[08/11 13:54:27.819] [0mComponent[common_chain_adaptor] started[32m [sidecar][0m[36m [time_cost:80.542µs][0m
[36mINFO[0m [32m[08/11 13:54:28.342] [0mNSQ consumer component started[32m [msgqueue][0m[36m[0m
[36mINFO[0m [32m[08/11 13:54:28.342] [0mComponent[msg_queue] started[32m [sidecar][0m[36m [time_cost:522.315916ms][0m
[36mINFO[0m [32m[08/11 13:54:28.342] [0mComponent[solana_sm] started[32m [sidecar][0m[36m [time_cost:19.666µs][0m
[36mINFO[0m [32m[08/11 13:54:28.342] [0mIPC server listen on: /Users/yanzhixing/Downloads/GitHub/token-engine/deploy/ipc.sock[32m [api][0m[36m[0m
[36mINFO[0m [32m[08/11 13:54:28.343] [0mHttp server listen on: 8082[32m [api][0m[36m[0m
[36mINFO[0m [32m[08/11 13:54:28.343] [0mComponent[http-api-server] started[32m [sidecar][0m[36m [time_cost:788.708µs][0m
[36mINFO[0m [32m[08/11 13:54:28.343] [0mComponent[app] started[32m [sidecar][0m[36m [time_cost:455.625µs][0m
[36mINFO[0m [32m[08/11 13:54:28.343] [0mtoken-engine is ready[32m [sidecar][0m[36m[0m
[36mINFO[0m [32m[08/11 13:54:28.345] [0m=====================================================================================
   __            __                                                  _
  / /_  ____    / /__  ___    ____          ___    ____    ____ _   (_)   ____   ___
 / __/ / __ \  / //_/ / _ \  / __ \ ______ / _ \  / __ \  / __ `/  / /   / __ \ / _ \
/ /_  / /_/ / / ,<   /  __/ / / / //_____//  __/ / / / / / /_/ /  / /   / / / //  __/
\__/  \____/ /_/|_|  \___/ /_/ /_/        \___/ /_/ /_/  \__, /  /_/   /_/ /_/ \___/
                                                        /____/

=====================================================================================[32m [sidecar][0m[36m[0m
[36mINFO[0m [32m[08/11 13:54:28.400] [0mSolana events manager started[32m [solana_sm][0m[36m[0m
[36mINFO[0m [32m[08/11 13:54:28.400] [0mevent processor started[32m [solana_sm][0m[36m[0m
[33mWARN[0m [32m[08/11 13:54:28.610] [0mUnknown contract name[32m [basechain][0m[33m [name:BasicVault][0m
[33mWARN[0m [32m[08/11 13:54:28.610] [0mUnknown contract name[32m [basechain][0m[33m [name:StandardToken][0m
[33mWARN[0m [32m[08/11 13:54:28.610] [0mUnknown contract name[32m [basechain][0m[33m [name:Crowdsale][0m
[33mWARN[0m [32m[08/11 13:54:28.611] [0mUnknown contract name[32m [basechain][0m[33m [name:AccumulatedYield][0m
[36mINFO[0m [32m[08/11 13:54:28.616] [0mContract materials loaded successfully[32m [basechain][0m[36m [appid:root] [chainId:84532] [contractCount:9] [errors:0][0m
[31mERRO[0m [32m[08/11 14:00:57.285] [0mAPI request failed[32m [api][0m[31m [uri:/api/v2/primary/vault/prepare_create] [err_code:10001] [err_msg:error auth key: x-api-key is empty] [method:POST] [ip:127.0.0.1] [http_code:200] [time_cost:13.625µs][0m
[31mERRO[0m [32m[08/11 14:08:31.755] [0mAPI request failed[32m [api][0m[31m [uri:/api/v2/primary/vault/prepare_create] [err_code:10001] [err_msg:Key: 'VaultCreateReq.EnableWhitelist' Error:Field validation for 'EnableWhitelist' failed on the 'required' tag] [method:POST] [ip:127.0.0.1] [http_code:200] [time_cost:4.309083ms] [caller:test-app-001][0m
[31mERRO[0m [32m[08/11 14:10:26.473] [0mAPI request failed[32m [api][0m[31m [uri:/api/v2/primary/vault/prepare_create] [err_code:10001] [err_msg:Key: 'VaultCreateReq.EnableWhitelist' Error:Field validation for 'EnableWhitelist' failed on the 'required' tag] [method:POST] [ip:127.0.0.1] [http_code:200] [time_cost:222.5µs] [caller:root][0m
[31mERRO[0m [32m[08/11 14:11:43.723] [0mAPI request failed[32m [api][0m[31m [uri:/api/v2/primary/vault/prepare_create] [err_code:10001] [err_msg:Key: 'VaultCreateReq.EnableWhitelist' Error:Field validation for 'EnableWhitelist' failed on the 'required' tag] [method:POST] [ip:127.0.0.1] [http_code:200] [time_cost:183.958µs] [caller:root][0m
[33mWARN[0m [32m[08/11 14:13:33.582] [0mDo scheduled task executor error[32m [sidecar][0m[33m [err:map[error:max retry times reached: 3: failed to retry for: https://devnet.helius-rpc.com/?api-key=adfeb5d6-3c05-4d32-8bd0-3860a795efdc: request failed: rpc call failed on sendRequest: Post "https://devnet.helius-rpc.com/?api-key=adfeb5d6-3c05-4d32-8bd0-3860a795efdc": context deadline exceeded kind:*errors.withStack stack:<nil>]] [task:solana-tx-sender[poll-last-block]][0m
[33mWARN[0m [32m[08/11 14:13:48.789] [0mDo scheduled task executor error[32m [sidecar][0m[33m [err:map[error:max retry times reached: 3: failed to retry for: https://devnet.helius-rpc.com/?api-key=adfeb5d6-3c05-4d32-8bd0-3860a795efdc: request failed: rpc call failed on sendRequest: Post "https://devnet.helius-rpc.com/?api-key=adfeb5d6-3c05-4d32-8bd0-3860a795efdc": context deadline exceeded kind:*errors.withStack stack:<nil>]] [task:solana-tx-sender[poll-last-block]][0m
[33mWARN[0m [32m[08/11 14:14:03.994] [0mDo scheduled task executor error[32m [sidecar][0m[33m [err:map[error:max retry times reached: 3: failed to retry for: https://devnet.helius-rpc.com/?api-key=adfeb5d6-3c05-4d32-8bd0-3860a795efdc: request failed: rpc call failed on sendRequest: Post "https://devnet.helius-rpc.com/?api-key=adfeb5d6-3c05-4d32-8bd0-3860a795efdc": context deadline exceeded kind:*errors.withStack stack:<nil>]] [task:solana-tx-sender[poll-last-block]][0m
[33mWARN[0m [32m[08/11 14:14:19.199] [0mDo scheduled task executor error[32m [sidecar][0m[33m [err:map[error:max retry times reached: 3: failed to retry for: https://devnet.helius-rpc.com/?api-key=adfeb5d6-3c05-4d32-8bd0-3860a795efdc: request failed: rpc call failed on sendRequest: Post "https://devnet.helius-rpc.com/?api-key=adfeb5d6-3c05-4d32-8bd0-3860a795efdc": context deadline exceeded kind:*errors.withStack stack:<nil>]] [task:solana-tx-sender[poll-last-block]][0m
[33mWARN[0m [32m[08/11 14:14:34.404] [0mDo scheduled task executor error[32m [sidecar][0m[33m [err:map[error:max retry times reached: 3: failed to retry for: https://devnet.helius-rpc.com/?api-key=adfeb5d6-3c05-4d32-8bd0-3860a795efdc: request failed: rpc call failed on sendRequest: Post "https://devnet.helius-rpc.com/?api-key=adfeb5d6-3c05-4d32-8bd0-3860a795efdc": context deadline exceeded kind:*errors.withStack stack:<nil>]] [task:solana-tx-sender[poll-last-block]][0m
[31mERRO[0m [32m[08/11 14:14:35.165] [0mAPI request failed[32m [api][0m[31m [uri:/api/v2/primary/vault/prepare_create] [err_code:10001] [err_msg:Key: 'VaultCreateReq.EnableWhitelist' Error:Field validation for 'EnableWhitelist' failed on the 'required' tag] [method:POST] [ip:127.0.0.1] [http_code:200] [time_cost:126.291µs] [caller:root][0m
[33mWARN[0m [32m[08/11 14:14:49.609] [0mDo scheduled task executor error[32m [sidecar][0m[33m [err:map[error:max retry times reached: 3: failed to retry for: https://devnet.helius-rpc.com/?api-key=adfeb5d6-3c05-4d32-8bd0-3860a795efdc: request failed: rpc call failed on sendRequest: Post "https://devnet.helius-rpc.com/?api-key=adfeb5d6-3c05-4d32-8bd0-3860a795efdc": context deadline exceeded kind:*errors.withStack stack:<nil>]] [task:solana-tx-sender[poll-last-block]][0m
[33mWARN[0m [32m[08/11 14:15:04.816] [0mDo scheduled task executor error[32m [sidecar][0m[33m [err:map[error:max retry times reached: 3: failed to retry for: https://devnet.helius-rpc.com/?api-key=adfeb5d6-3c05-4d32-8bd0-3860a795efdc: request failed: rpc call failed on sendRequest: Post "https://devnet.helius-rpc.com/?api-key=adfeb5d6-3c05-4d32-8bd0-3860a795efdc": context deadline exceeded kind:*errors.withStack stack:<nil>]] [task:solana-tx-sender[poll-last-block]][0m
[33mWARN[0m [32m[08/11 14:15:20.023] [0mDo scheduled task executor error[32m [sidecar][0m[33m [err:map[error:max retry times reached: 3: failed to retry for: https://devnet.helius-rpc.com/?api-key=adfeb5d6-3c05-4d32-8bd0-3860a795efdc: request failed: rpc call failed on sendRequest: Post "https://devnet.helius-rpc.com/?api-key=adfeb5d6-3c05-4d32-8bd0-3860a795efdc": context deadline exceeded kind:*errors.withStack stack:<nil>]] [task:solana-tx-sender[poll-last-block]][0m
[33mWARN[0m [32m[08/11 14:15:35.229] [0mDo scheduled task executor error[32m [sidecar][0m[33m [err:map[error:max retry times reached: 3: failed to retry for: https://devnet.helius-rpc.com/?api-key=adfeb5d6-3c05-4d32-8bd0-3860a795efdc: request failed: rpc call failed on sendRequest: Post "https://devnet.helius-rpc.com/?api-key=adfeb5d6-3c05-4d32-8bd0-3860a795efdc": context deadline exceeded kind:*errors.withStack stack:<nil>]] [task:solana-tx-sender[poll-last-block]][0m
[33mWARN[0m [32m[08/11 14:15:50.435] [0mDo scheduled task executor error[32m [sidecar][0m[33m [err:map[error:max retry times reached: 3: failed to retry for: https://devnet.helius-rpc.com/?api-key=adfeb5d6-3c05-4d32-8bd0-3860a795efdc: request failed: rpc call failed on sendRequest: Post "https://devnet.helius-rpc.com/?api-key=adfeb5d6-3c05-4d32-8bd0-3860a795efdc": context deadline exceeded kind:*errors.withStack stack:<nil>]] [task:solana-tx-sender[poll-last-block]][0m
[33mWARN[0m [32m[08/11 14:16:05.642] [0mDo scheduled task executor error[32m [sidecar][0m[33m [err:map[error:max retry times reached: 3: failed to retry for: https://devnet.helius-rpc.com/?api-key=adfeb5d6-3c05-4d32-8bd0-3860a795efdc: request failed: rpc call failed on sendRequest: Post "https://devnet.helius-rpc.com/?api-key=adfeb5d6-3c05-4d32-8bd0-3860a795efdc": context deadline exceeded kind:*errors.withStack stack:<nil>]] [task:solana-tx-sender[poll-last-block]][0m
[33mWARN[0m [32m[08/11 14:16:20.847] [0mDo scheduled task executor error[32m [sidecar][0m[33m [err:map[error:max retry times reached: 3: failed to retry for: https://devnet.helius-rpc.com/?api-key=adfeb5d6-3c05-4d32-8bd0-3860a795efdc: request failed: rpc call failed on sendRequest: Post "https://devnet.helius-rpc.com/?api-key=adfeb5d6-3c05-4d32-8bd0-3860a795efdc": context deadline exceeded kind:*errors.withStack stack:<nil>]] [task:solana-tx-sender[poll-last-block]][0m
[33mWARN[0m [32m[08/11 14:16:36.052] [0mDo scheduled task executor error[32m [sidecar][0m[33m [err:map[error:max retry times reached: 3: failed to retry for: https://devnet.helius-rpc.com/?api-key=adfeb5d6-3c05-4d32-8bd0-3860a795efdc: request failed: rpc call failed on sendRequest: Post "https://devnet.helius-rpc.com/?api-key=adfeb5d6-3c05-4d32-8bd0-3860a795efdc": context deadline exceeded kind:*errors.withStack stack:<nil>]] [task:solana-tx-sender[poll-last-block]][0m
[33mWARN[0m [32m[08/11 14:16:51.258] [0mDo scheduled task executor error[32m [sidecar][0m[33m [err:map[error:max retry times reached: 3: failed to retry for: https://devnet.helius-rpc.com/?api-key=adfeb5d6-3c05-4d32-8bd0-3860a795efdc: request failed: rpc call failed on sendRequest: Post "https://devnet.helius-rpc.com/?api-key=adfeb5d6-3c05-4d32-8bd0-3860a795efdc": context deadline exceeded kind:*errors.withStack stack:<nil>]] [task:solana-tx-sender[poll-last-block]][0m
[33mWARN[0m [32m[08/11 14:17:06.497] [0mDo scheduled task executor error[32m [sidecar][0m[33m [err:map[error:max retry times reached: 3: failed to retry for: https://devnet.helius-rpc.com/?api-key=adfeb5d6-3c05-4d32-8bd0-3860a795efdc: request failed: rpc call failed on sendRequest: Post "https://devnet.helius-rpc.com/?api-key=adfeb5d6-3c05-4d32-8bd0-3860a795efdc": context deadline exceeded kind:*errors.withStack stack:<nil>]] [task:solana-tx-sender[poll-last-block]][0m
[33mWARN[0m [32m[08/11 14:17:21.704] [0mDo scheduled task executor error[32m [sidecar][0m[33m [err:map[error:max retry times reached: 3: failed to retry for: https://devnet.helius-rpc.com/?api-key=adfeb5d6-3c05-4d32-8bd0-3860a795efdc: request failed: rpc call failed on sendRequest: Post "https://devnet.helius-rpc.com/?api-key=adfeb5d6-3c05-4d32-8bd0-3860a795efdc": context deadline exceeded kind:*errors.withStack stack:<nil>]] [task:solana-tx-sender[poll-last-block]][0m
[33mWARN[0m [32m[08/11 14:17:36.909] [0mDo scheduled task executor error[32m [sidecar][0m[33m [err:map[error:max retry times reached: 3: failed to retry for: https://devnet.helius-rpc.com/?api-key=adfeb5d6-3c05-4d32-8bd0-3860a795efdc: request failed: rpc call failed on sendRequest: Post "https://devnet.helius-rpc.com/?api-key=adfeb5d6-3c05-4d32-8bd0-3860a795efdc": context deadline exceeded kind:*errors.withStack stack:<nil>]] [task:solana-tx-sender[poll-last-block]][0m
[31mERRO[0m [32m[08/11 14:17:45.703] [0mAPI request failed[32m [api][0m[31m [uri:/api/v2/primary/vault/prepare_create] [err_code:10001] [err_msg:Key: 'VaultCreateReq.EnableWhitelist' Error:Field validation for 'EnableWhitelist' failed on the 'required' tag] [method:POST] [ip:127.0.0.1] [http_code:200] [time_cost:170.25µs] [caller:root][0m
[33mWARN[0m [32m[08/11 14:17:52.114] [0mDo scheduled task executor error[32m [sidecar][0m[33m [err:map[error:max retry times reached: 3: failed to retry for: https://devnet.helius-rpc.com/?api-key=adfeb5d6-3c05-4d32-8bd0-3860a795efdc: request failed: rpc call failed on sendRequest: Post "https://devnet.helius-rpc.com/?api-key=adfeb5d6-3c05-4d32-8bd0-3860a795efdc": context deadline exceeded kind:*errors.withStack stack:<nil>]] [task:solana-tx-sender[poll-last-block]][0m
[33mWARN[0m [32m[08/11 14:18:07.319] [0mDo scheduled task executor error[32m [sidecar][0m[33m [err:map[error:max retry times reached: 3: failed to retry for: https://devnet.helius-rpc.com/?api-key=adfeb5d6-3c05-4d32-8bd0-3860a795efdc: request failed: rpc call failed on sendRequest: Post "https://devnet.helius-rpc.com/?api-key=adfeb5d6-3c05-4d32-8bd0-3860a795efdc": context deadline exceeded kind:*errors.withStack stack:<nil>]] [task:solana-tx-sender[poll-last-block]][0m
[33mWARN[0m [32m[08/11 14:18:22.524] [0mDo scheduled task executor error[32m [sidecar][0m[33m [err:map[error:max retry times reached: 3: failed to retry for: https://devnet.helius-rpc.com/?api-key=adfeb5d6-3c05-4d32-8bd0-3860a795efdc: request failed: rpc call failed on sendRequest: Post "https://devnet.helius-rpc.com/?api-key=adfeb5d6-3c05-4d32-8bd0-3860a795efdc": context deadline exceeded kind:*errors.withStack stack:<nil>]] [task:solana-tx-sender[poll-last-block]][0m
[33mWARN[0m [32m[08/11 14:18:37.729] [0mDo scheduled task executor error[32m [sidecar][0m[33m [err:map[error:max retry times reached: 3: failed to retry for: https://devnet.helius-rpc.com/?api-key=adfeb5d6-3c05-4d32-8bd0-3860a795efdc: request failed: rpc call failed on sendRequest: Post "https://devnet.helius-rpc.com/?api-key=adfeb5d6-3c05-4d32-8bd0-3860a795efdc": context deadline exceeded kind:*errors.withStack stack:<nil>]] [task:solana-tx-sender[poll-last-block]][0m
[33mWARN[0m [32m[08/11 14:18:52.937] [0mDo scheduled task executor error[32m [sidecar][0m[33m [err:map[error:max retry times reached: 3: failed to retry for: https://devnet.helius-rpc.com/?api-key=adfeb5d6-3c05-4d32-8bd0-3860a795efdc: request failed: rpc call failed on sendRequest: Post "https://devnet.helius-rpc.com/?api-key=adfeb5d6-3c05-4d32-8bd0-3860a795efdc": context deadline exceeded kind:*errors.withStack stack:<nil>]] [task:solana-tx-sender[poll-last-block]][0m
[33mWARN[0m [32m[08/11 14:19:08.143] [0mDo scheduled task executor error[32m [sidecar][0m[33m [err:map[error:max retry times reached: 3: failed to retry for: https://devnet.helius-rpc.com/?api-key=adfeb5d6-3c05-4d32-8bd0-3860a795efdc: request failed: rpc call failed on sendRequest: Post "https://devnet.helius-rpc.com/?api-key=adfeb5d6-3c05-4d32-8bd0-3860a795efdc": context deadline exceeded kind:*errors.withStack stack:<nil>]] [task:solana-tx-sender[poll-last-block]][0m
[33mWARN[0m [32m[08/11 14:19:23.349] [0mDo scheduled task executor error[32m [sidecar][0m[33m [err:map[error:max retry times reached: 3: failed to retry for: https://devnet.helius-rpc.com/?api-key=adfeb5d6-3c05-4d32-8bd0-3860a795efdc: request failed: rpc call failed on sendRequest: Post "https://devnet.helius-rpc.com/?api-key=adfeb5d6-3c05-4d32-8bd0-3860a795efdc": context deadline exceeded kind:*errors.withStack stack:<nil>]] [task:solana-tx-sender[poll-last-block]][0m
[33mWARN[0m [32m[08/11 14:19:38.554] [0mDo scheduled task executor error[32m [sidecar][0m[33m [err:map[error:max retry times reached: 3: failed to retry for: https://devnet.helius-rpc.com/?api-key=adfeb5d6-3c05-4d32-8bd0-3860a795efdc: request failed: rpc call failed on sendRequest: Post "https://devnet.helius-rpc.com/?api-key=adfeb5d6-3c05-4d32-8bd0-3860a795efdc": context deadline exceeded kind:*errors.withStack stack:<nil>]] [task:solana-tx-sender[poll-last-block]][0m
[33mWARN[0m [32m[08/11 14:19:53.759] [0mDo scheduled task executor error[32m [sidecar][0m[33m [err:map[error:max retry times reached: 3: failed to retry for: https://devnet.helius-rpc.com/?api-key=adfeb5d6-3c05-4d32-8bd0-3860a795efdc: request failed: rpc call failed on sendRequest: Post "https://devnet.helius-rpc.com/?api-key=adfeb5d6-3c05-4d32-8bd0-3860a795efdc": context deadline exceeded kind:*errors.withStack stack:<nil>]] [task:solana-tx-sender[poll-last-block]][0m
[33mWARN[0m [32m[08/11 14:20:08.984] [0mDo scheduled task executor error[32m [sidecar][0m[33m [err:map[error:max retry times reached: 3: failed to retry for: https://devnet.helius-rpc.com/?api-key=adfeb5d6-3c05-4d32-8bd0-3860a795efdc: request failed: rpc call failed on sendRequest: Post "https://devnet.helius-rpc.com/?api-key=adfeb5d6-3c05-4d32-8bd0-3860a795efdc": context deadline exceeded kind:*errors.withStack stack:<nil>]] [task:solana-tx-sender[poll-last-block]][0m
[33mWARN[0m [32m[08/11 14:20:24.202] [0mDo scheduled task executor error[32m [sidecar][0m[33m [err:map[error:max retry times reached: 3: failed to retry for: https://devnet.helius-rpc.com/?api-key=adfeb5d6-3c05-4d32-8bd0-3860a795efdc: request failed: rpc call failed on sendRequest: Post "https://devnet.helius-rpc.com/?api-key=adfeb5d6-3c05-4d32-8bd0-3860a795efdc": context deadline exceeded kind:*errors.withStack stack:<nil>]] [task:solana-tx-sender[poll-last-block]][0m
[33mWARN[0m [32m[08/11 14:20:39.413] [0mDo scheduled task executor error[32m [sidecar][0m[33m [err:map[error:max retry times reached: 3: failed to retry for: https://devnet.helius-rpc.com/?api-key=adfeb5d6-3c05-4d32-8bd0-3860a795efdc: request failed: rpc call failed on sendRequest: Post "https://devnet.helius-rpc.com/?api-key=adfeb5d6-3c05-4d32-8bd0-3860a795efdc": context deadline exceeded kind:*errors.withStack stack:<nil>]] [task:solana-tx-sender[poll-last-block]][0m
[33mWARN[0m [32m[08/11 14:20:54.622] [0mDo scheduled task executor error[32m [sidecar][0m[33m [err:map[error:max retry times reached: 3: failed to retry for: https://devnet.helius-rpc.com/?api-key=adfeb5d6-3c05-4d32-8bd0-3860a795efdc: request failed: rpc call failed on sendRequest: Post "https://devnet.helius-rpc.com/?api-key=adfeb5d6-3c05-4d32-8bd0-3860a795efdc": context deadline exceeded kind:*errors.withStack stack:<nil>]] [task:solana-tx-sender[poll-last-block]][0m
[33mWARN[0m [32m[08/11 14:21:09.828] [0mDo scheduled task executor error[32m [sidecar][0m[33m [err:map[error:max retry times reached: 3: failed to retry for: https://devnet.helius-rpc.com/?api-key=adfeb5d6-3c05-4d32-8bd0-3860a795efdc: request failed: rpc call failed on sendRequest: Post "https://devnet.helius-rpc.com/?api-key=adfeb5d6-3c05-4d32-8bd0-3860a795efdc": context deadline exceeded kind:*errors.withStack stack:<nil>]] [task:solana-tx-sender[poll-last-block]][0m
[33mWARN[0m [32m[08/11 14:21:25.034] [0mDo scheduled task executor error[32m [sidecar][0m[33m [err:map[error:max retry times reached: 3: failed to retry for: https://devnet.helius-rpc.com/?api-key=adfeb5d6-3c05-4d32-8bd0-3860a795efdc: request failed: rpc call failed on sendRequest: Post "https://devnet.helius-rpc.com/?api-key=adfeb5d6-3c05-4d32-8bd0-3860a795efdc": context deadline exceeded kind:*errors.withStack stack:<nil>]] [task:solana-tx-sender[poll-last-block]][0m
[33mWARN[0m [32m[08/11 14:21:40.240] [0mDo scheduled task executor error[32m [sidecar][0m[33m [err:map[error:max retry times reached: 3: failed to retry for: https://devnet.helius-rpc.com/?api-key=adfeb5d6-3c05-4d32-8bd0-3860a795efdc: request failed: rpc call failed on sendRequest: Post "https://devnet.helius-rpc.com/?api-key=adfeb5d6-3c05-4d32-8bd0-3860a795efdc": context deadline exceeded kind:*errors.withStack stack:<nil>]] [task:solana-tx-sender[poll-last-block]][0m
