[36mINFO[0m [32m[08/12 10:13:16.090] [0mtoken-engine version:[32m [app][0m[36m[0m
[36mINFO[0m [32m[08/12 10:13:16.091] [0mSystem version: darwin/arm64[32m [app][0m[36m[0m
[36mINFO[0m [32m[08/12 10:13:16.091] [0mGolang version: go1.24.2[32m [app][0m[36m[0m
[36mINFO[0m [32m[08/12 10:13:16.091] [0mApp build time:[32m [app][0m[36m[0m
[36mINFO[0m [32m[08/12 10:13:16.091] [0mGit commit id:[32m [app][0m[36m[0m
[36mINFO[0m [32m[08/12 10:13:16.091] [0mRepo path: /Users/yanzhixing/Downloads/GitHub/token-engine/deploy[32m [app][0m[36m[0m
[36mINFO[0m [32m[08/12 10:13:16.091] [0mExecutable: /Users/yanzhixing/Downloads/GitHub/token-engine/deploy/tools/bin/token-engine[32m [app][0m[36m[0m
[36mINFO[0m [32m[08/12 10:13:16.091] [0mPID: 74171[32m [app][0m[36m[0m
[36mINFO[0m [32m[08/12 10:13:16.091] [0mUUID node index: 0[32m [app][0m[36m[0m
[36mINFO[0m [32m[08/12 10:13:16.870] [0mcreating new base AxcTxPrepare[32m [base_txprepare][0m[36m[0m
[36mINFO[0m [32m[08/12 10:13:16.870] [0mcreating new base AxcTxExecutor[32m [base_txexecutor][0m[36m[0m
[36mINFO[0m [32m[08/12 10:13:16.870] [0mcreate axc vault idl[32m [solana-idl][0m[36m[0m
[36mINFO[0m [32m[08/12 10:13:16.871] [0mcreate axc vault transaction builder[32m [axc_tx_builder][0m[36m[0m
[36mINFO[0m [32m[08/12 10:13:16.871] [0mcreating Solana chain adaptor[32m [common_chain_adaptor][0m[36m[0m
[36mINFO[0m [32m[08/12 10:13:16.987] [0minitialized all program event definitions[32m [solana_sm][0m[36m [programCount:1][0m
[36mINFO[0m [32m[08/12 10:13:16.987] [0mcore api initialized[32m [coreApi][0m[36m[0m
[36mINFO[0m [32m[08/12 10:13:17.838] [0mComponent[sql-connector] started[32m [sidecar][0m[36m [time_cost:850.277541ms][0m
[36mINFO[0m [32m[08/12 10:13:18.743] [0mFinished connect to send tx http rpcs[32m [solana-jsonrpc][0m[36m [cost:904.981417ms] [num:1][0m
[36mINFO[0m [32m[08/12 10:13:19.264] [0mFinished connect to stable http rpcs[32m [solana-jsonrpc][0m[36m [cost:521.144625ms] [num:1][0m
[36mINFO[0m [32m[08/12 10:13:19.543] [0mFinished connect to unstable http rpcs[32m [solana-jsonrpc][0m[36m [cost:277.973ms] [num:1][0m
[36mINFO[0m [32m[08/12 10:13:20.679] [0mFinished connect to ws rpcs[32m [solana-jsonrpc][0m[36m [cost:1.136016709s] [num:1][0m
[36mINFO[0m [32m[08/12 10:13:21.148] [0mScheduled task started[32m [sidecar][0m[36m [interval:2s] [task:solana-tx-sender[poll-last-block]][0m
[36mINFO[0m [32m[08/12 10:13:21.148] [0msolana submitter started[32m [solana-submitter][0m[36m[0m
[36mINFO[0m [32m[08/12 10:13:21.148] [0mswap submitter started[32m [submitter][0m[36m[0m
[36mINFO[0m [32m[08/12 10:13:21.148] [0mComponent[SwapSubmitter] started[32m [sidecar][0m[36m [time_cost:3.309858083s][0m
[36mINFO[0m [32m[08/12 10:13:21.148] [0mstart to subscribe exchange data by grpc...[32m [ExchangeDataService][0m[36m[0m
[36mINFO[0m [32m[08/12 10:13:21.148] [0mScheduled task started[32m [sidecar][0m[36m [interval:1m0s] [task:StatisticExchangeData][0m
[36mINFO[0m [32m[08/12 10:13:21.148] [0mScheduled task started[32m [sidecar][0m[36m [interval:1h0m0s] [task:UpdateExchangeTokenHolders][0m
[36mINFO[0m [32m[08/12 10:13:21.782] [0mComponent[ExchangeDataService] started[32m [sidecar][0m[36m [time_cost:633.996958ms][0m
[36mINFO[0m [32m[08/12 10:13:21.782] [0mComponent[ContractMaterials] started[32m [sidecar][0m[36m [time_cost:7.583µs][0m
[36mINFO[0m [32m[08/12 10:13:21.782] [0mstarting Solana chain adaptor[32m [common_chain_adaptor][0m[36m[0m
[36mINFO[0m [32m[08/12 10:13:21.782] [0mSolana chain adaptor started successfully[32m [common_chain_adaptor][0m[36m[0m
[36mINFO[0m [32m[08/12 10:13:21.782] [0mComponent[common_chain_adaptor] started[32m [sidecar][0m[36m [time_cost:105.209µs][0m
[33mWARN[0m [32m[08/12 10:13:21.901] [0mbegin compensate swap event[32m [ExchangeDataService][0m[33m [outer_id From:239050][0m
[36mINFO[0m [32m[08/12 10:13:22.265] [0mContract materials loaded successfully[32m [basechain][0m[36m [appid:root] [chainId:84532] [contractCount:9] [errors:0][0m
[36mINFO[0m [32m[08/12 10:13:22.353] [0mNSQ consumer component started[32m [msgqueue][0m[36m[0m
[36mINFO[0m [32m[08/12 10:13:22.354] [0mComponent[msg_queue] started[32m [sidecar][0m[36m [time_cost:571.145625ms][0m
[36mINFO[0m [32m[08/12 10:13:22.355] [0mComponent[solana_sm] started[32m [sidecar][0m[36m [time_cost:1.418125ms][0m
[36mINFO[0m [32m[08/12 10:13:22.355] [0mLoading deployment manifest from[32m [base_deploymanager][0m[36m [path:/Users/yanzhixing/Downloads/GitHub/token-engine/deploy/abis][0m
[36mINFO[0m [32m[08/12 10:13:22.356] [0mComponent[deploymanager] started[32m [sidecar][0m[36m [time_cost:355.834µs][0m
[36mINFO[0m [32m[08/12 10:13:22.357] [0mIPC server listen on: /Users/yanzhixing/Downloads/GitHub/token-engine/deploy/ipc.sock[32m [api][0m[36m[0m
[36mINFO[0m [32m[08/12 10:13:22.357] [0mHttp server listen on: 8082[32m [api][0m[36m[0m
[36mINFO[0m [32m[08/12 10:13:22.357] [0mComponent[http-api-server] started[32m [sidecar][0m[36m [time_cost:1.729458ms][0m
[36mINFO[0m [32m[08/12 10:13:22.358] [0mComponent[app] started[32m [sidecar][0m[36m [time_cost:296.5µs][0m
[36mINFO[0m [32m[08/12 10:13:22.358] [0mtoken-engine is ready[32m [sidecar][0m[36m[0m
[36mINFO[0m [32m[08/12 10:13:22.361] [0m=====================================================================================
   __            __                                                  _
  / /_  ____    / /__  ___    ____          ___    ____    ____ _   (_)   ____   ___
 / __/ / __ \  / //_/ / _ \  / __ \ ______ / _ \  / __ \  / __ `/  / /   / __ \ / _ \
/ /_  / /_/ / / ,<   /  __/ / / / //_____//  __/ / / / / / /_/ /  / /   / / / //  __/
\__/  \____/ /_/|_|  \___/ /_/ /_/        \___/ /_/ /_/  \__, /  /_/   /_/ /_/ \___/
                                                        /____/

=====================================================================================[32m [sidecar][0m[36m[0m
[36mINFO[0m [32m[08/12 10:13:22.451] [0mSolana events manager started[32m [solana_sm][0m[36m[0m
[36mINFO[0m [32m[08/12 10:13:22.451] [0mevent processor started[32m [solana_sm][0m[36m[0m
[36mINFO[0m [32m[08/12 10:13:26.238] [0mpreparing claim profit transaction[32m [base_txprepare][0m[36m [params:&{8453 0x4d6Ca5A0517cc18d66FEA10a51486fA0351bF61A 0x4d6Ca5A0517cc18d66FEA10a51486fA0351bF61A  1}][0m
[36mINFO[0m [32m[08/12 10:13:27.570] [0mAPI request[32m [api][0m[36m [uri:/api/v2/primary/vault/prepare_claim_profit] [method:POST] [ip:127.0.0.1] [http_code:200] [time_cost:1.3379425s] [caller:root][0m
[31mERRO[0m [32m[08/12 10:14:42.463] [0mAPI request failed[32m [api][0m[31m [uri:/api/v2/primary/vault/prepare_redeem] [err_code:10001] [err_msg:json: cannot unmarshal string into Go struct field VaultRedeemReq.amount of type uint64] [method:POST] [ip:127.0.0.1] [http_code:200] [time_cost:107.5µs] [caller:root][0m
[36mINFO[0m [32m[08/12 10:15:00.384] [0mpreparing redeem transaction[32m [base_txprepare][0m[36m [params:&{8453 0x4d6Ca5A0517cc18d66FEA10a51486fA0351bF61A 0x4d6Ca5A0517cc18d66FEA10a51486fA0351bF61A  1}][0m
[36mINFO[0m [32m[08/12 10:15:02.932] [0mAPI request[32m [api][0m[36m [uri:/api/v2/primary/vault/prepare_redeem] [method:POST] [ip:127.0.0.1] [http_code:200] [time_cost:2.548676875s] [caller:root][0m
[31mERRO[0m [32m[08/12 10:21:21.854] [0mAPI request failed[32m [api][0m[31m [uri:/api/v2/primary/vault/funding_overview] [err_code:10001] [err_msg:Key: 'FundingOverviewReq.ChainId' Error:Field validation for 'ChainId' failed on the 'required' tag
Key: 'FundingOverviewReq.VaultAddress' Error:Field validation for 'VaultAddress' failed on the 'required' tag] [method:GET] [ip:127.0.0.1] [http_code:200] [time_cost:4.555916ms] [caller:root][0m
[31mERRO[0m [32m[08/12 10:23:39.550] [0mAPI request failed[32m [api][0m[31m [uri:/api/v2/primary/vault/funding_overview] [err_code:10001] [err_msg:Key: 'FundingOverviewReq.ChainId' Error:Field validation for 'ChainId' failed on the 'required' tag
Key: 'FundingOverviewReq.VaultAddress' Error:Field validation for 'VaultAddress' failed on the 'required' tag] [method:GET] [ip:127.0.0.1] [http_code:200] [time_cost:119.417µs] [caller:root][0m
[36mINFO[0m [32m[08/12 10:39:15.985] [0mReceive exit signal: interrupt[32m [sidecar][0m[36m[0m
[36mINFO[0m [32m[08/12 10:39:15.992] [0mComponent[app] stopped[32m [sidecar][0m[36m [time_cost:798.417µs][0m
[36mINFO[0m [32m[08/12 10:39:15.993] [0mComponent[http-api-server] stopped[32m [sidecar][0m[36m [time_cost:904.541µs][0m
[36mINFO[0m [32m[08/12 10:39:15.993] [0mIPC server shutdown[32m [api][0m[36m[0m
[36mINFO[0m [32m[08/12 10:39:15.993] [0mHttp server shutdown[32m [api][0m[36m[0m
[36mINFO[0m [32m[08/12 10:39:15.993] [0mDeployManager stopped[32m [base_deploymanager][0m[36m[0m
[36mINFO[0m [32m[08/12 10:39:15.993] [0mComponent[deploymanager] stopped[32m [sidecar][0m[36m [time_cost:492.875µs][0m
[36mINFO[0m [32m[08/12 10:39:15.994] [0mevent processor stopping[32m [solana_sm][0m[36m[0m
[36mINFO[0m [32m[08/12 10:39:15.994] [0mScheduled task stopped[32m [sidecar][0m[36m [interval:2s] [task:solana-tx-sender[poll-last-block]][0m
