[36mINFO[0m [32m[08/15 10:57:21.023] [0mtoken-engine version:[32m [app][0m[36m[0m
[36mINFO[0m [32m[08/15 10:57:21.023] [0mSystem version: darwin/arm64[32m [app][0m[36m[0m
[36mINFO[0m [32m[08/15 10:57:21.024] [0mGolang version: go1.24.2[32m [app][0m[36m[0m
[36mINFO[0m [32m[08/15 10:57:21.024] [0mApp build time:[32m [app][0m[36m[0m
[36mINFO[0m [32m[08/15 10:57:21.024] [0mGit commit id:[32m [app][0m[36m[0m
[36mINFO[0m [32m[08/15 10:57:21.024] [0mRepo path: /Users/yanzhixing/Downloads/GitHub/token-engine/deploy[32m [app][0m[36m[0m
[36mINFO[0m [32m[08/15 10:57:21.024] [0mExecutable: /Users/yanzhixing/Downloads/GitHub/token-engine/deploy/tools/bin/token-engine[32m [app][0m[36m[0m
[36mINFO[0m [32m[08/15 10:57:21.024] [0mPID: 66784[32m [app][0m[36m[0m
[36mINFO[0m [32m[08/15 10:57:21.024] [0mUUID node index: 0[32m [app][0m[36m[0m
[36mINFO[0m [32m[08/15 10:57:21.256] [0mcreating new base AxcTxPrepare[32m [base_txprepare][0m[36m[0m
[36mINFO[0m [32m[08/15 10:57:21.256] [0mcreating new base AxcTxExecutor[32m [base_txexecutor][0m[36m[0m
[36mINFO[0m [32m[08/15 10:57:21.257] [0mcreate axc vault idl[32m [solana-idl][0m[36m[0m
[36mINFO[0m [32m[08/15 10:57:21.257] [0mcreate axc vault transaction builder[32m [axc_tx_builder][0m[36m[0m
[36mINFO[0m [32m[08/15 10:57:21.257] [0mcreating Solana chain adaptor[32m [common_chain_adaptor][0m[36m[0m
[36mINFO[0m [32m[08/15 10:57:21.729] [0minitialized all program event definitions[32m [solana_sm][0m[36m [programCount:1][0m
[36mINFO[0m [32m[08/15 10:57:21.730] [0mRegistered transfer provider[32m [tron-transfer][0m[36m [chainID:97] [tokens:[BNB USDT USDC]][0m
[36mINFO[0m [32m[08/15 10:57:21.730] [0mRegistered transfer provider[32m [tron-transfer][0m[36m [chainID:2494104990] [tokens:[TRX USDT]][0m
[36mINFO[0m [32m[08/15 10:57:21.730] [0mcore api initialized[32m [coreApi][0m[36m[0m
[36mINFO[0m [32m[08/15 10:57:22.017] [0mComponent[sql-connector] started[32m [sidecar][0m[36m [time_cost:286.560958ms][0m
[36mINFO[0m [32m[08/15 10:57:23.089] [0mFinished connect to send tx http rpcs[32m [solana-jsonrpc][0m[36m [cost:1.071334084s] [num:1][0m
[36mINFO[0m [32m[08/15 10:57:23.437] [0mFinished connect to stable http rpcs[32m [solana-jsonrpc][0m[36m [cost:348.172167ms] [num:1][0m
[36mINFO[0m [32m[08/15 10:57:23.757] [0mFinished connect to unstable http rpcs[32m [solana-jsonrpc][0m[36m [cost:319.437375ms] [num:1][0m
[36mINFO[0m [32m[08/15 10:57:24.749] [0mFinished connect to ws rpcs[32m [solana-jsonrpc][0m[36m [cost:992.038875ms] [num:1][0m
[36mINFO[0m [32m[08/15 10:57:25.260] [0mScheduled task started[32m [sidecar][0m[36m [interval:2s] [task:solana-tx-sender[poll-last-block]][0m
[36mINFO[0m [32m[08/15 10:57:25.260] [0msolana submitter started[32m [solana-submitter][0m[36m[0m
[36mINFO[0m [32m[08/15 10:57:25.260] [0mswap submitter started[32m [submitter][0m[36m[0m
[36mINFO[0m [32m[08/15 10:57:25.260] [0mComponent[SwapSubmitter] started[32m [sidecar][0m[36m [time_cost:3.243073917s][0m
[36mINFO[0m [32m[08/15 10:57:25.260] [0mstart to subscribe exchange data by grpc...[32m [ExchangeDataService][0m[36m[0m
[36mINFO[0m [32m[08/15 10:57:25.261] [0mScheduled task started[32m [sidecar][0m[36m [interval:1m0s] [task:StatisticExchangeData][0m
[36mINFO[0m [32m[08/15 10:57:25.261] [0mScheduled task started[32m [sidecar][0m[36m [interval:1h0m0s] [task:UpdateExchangeTokenHolders][0m
[36mINFO[0m [32m[08/15 10:57:25.951] [0mComponent[ExchangeDataService] started[32m [sidecar][0m[36m [time_cost:690.901083ms][0m
[36mINFO[0m [32m[08/15 10:57:25.952] [0mComponent[ContractMaterials] started[32m [sidecar][0m[36m [time_cost:13.25µs][0m
[36mINFO[0m [32m[08/15 10:57:25.952] [0mstarting Solana chain adaptor[32m [common_chain_adaptor][0m[36m[0m
[36mINFO[0m [32m[08/15 10:57:25.952] [0mSolana chain adaptor started successfully[32m [common_chain_adaptor][0m[36m[0m
[36mINFO[0m [32m[08/15 10:57:25.952] [0mComponent[common_chain_adaptor] started[32m [sidecar][0m[36m [time_cost:314.667µs][0m
[36mINFO[0m [32m[08/15 10:57:26.235] [0mContract materials loaded successfully[32m [basechain][0m[36m [appid:root] [chainId:84532] [contractCount:9] [errors:0][0m
[33mWARN[0m [32m[08/15 10:57:26.299] [0mbegin compensate swap event[32m [ExchangeDataService][0m[33m [outer_id From:305568][0m
[36mINFO[0m [32m[08/15 10:57:26.485] [0mNSQ consumer component started[32m [msgqueue][0m[36m[0m
[36mINFO[0m [32m[08/15 10:57:26.485] [0mComponent[msg_queue] started[32m [sidecar][0m[36m [time_cost:532.533875ms][0m
[36mINFO[0m [32m[08/15 10:57:26.485] [0mComponent[solana_sm] started[32m [sidecar][0m[36m [time_cost:11.417µs][0m
[36mINFO[0m [32m[08/15 10:57:26.485] [0mLoading deployment manifest from[32m [base_deploymanager][0m[36m [path:/Users/yanzhixing/Downloads/GitHub/token-engine/deploy/abis][0m
[36mINFO[0m [32m[08/15 10:57:26.485] [0mComponent[deploymanager] started[32m [sidecar][0m[36m [time_cost:190.875µs][0m
[36mINFO[0m [32m[08/15 10:57:26.486] [0mDeployManager stopped[32m [base_deploymanager][0m[36m[0m
[36mINFO[0m [32m[08/15 10:57:26.486] [0mComponent[deploymanager] stopped[32m [sidecar][0m[36m [time_cost:99.083µs][0m
[36mINFO[0m [32m[08/15 10:57:26.487] [0mScheduled task stopped[32m [sidecar][0m[36m [interval:2s] [task:solana-tx-sender[poll-last-block]][0m
