[36mINFO[0m [32m[08/18 11:44:27.882] [0mtoken-engine version:[32m [app][0m[36m[0m
[36mINFO[0m [32m[08/18 11:44:27.882] [0mSystem version: darwin/arm64[32m [app][0m[36m[0m
[36mINFO[0m [32m[08/18 11:44:27.882] [0mGolang version: go1.24.2[32m [app][0m[36m[0m
[36mINFO[0m [32m[08/18 11:44:27.882] [0mApp build time:[32m [app][0m[36m[0m
[36mINFO[0m [32m[08/18 11:44:27.882] [0mGit commit id:[32m [app][0m[36m[0m
[36mINFO[0m [32m[08/18 11:44:27.882] [0mRepo path: /Users/yanzhixing/Downloads/GitHub/token-engine/deploy[32m [app][0m[36m[0m
[36mINFO[0m [32m[08/18 11:44:27.882] [0mExecutable: /Users/yanzhixing/Downloads/GitHub/token-engine/deploy/tools/bin/token-engine[32m [app][0m[36m[0m
[36mINFO[0m [32m[08/18 11:44:27.882] [0mPID: 67034[32m [app][0m[36m[0m
[36mINFO[0m [32m[08/18 11:44:27.882] [0mUUID node index: 0[32m [app][0m[36m[0m
[36mINFO[0m [32m[08/18 11:44:28.096] [0mcreating new base AxcTxPrepare[32m [base_txprepare][0m[36m[0m
[36mINFO[0m [32m[08/18 11:44:28.096] [0mcreating new base AxcTxExecutor[32m [base_txexecutor][0m[36m[0m
[36mINFO[0m [32m[08/18 11:44:28.096] [0mcreate axc vault idl[32m [solana-idl][0m[36m[0m
[36mINFO[0m [32m[08/18 11:44:28.096] [0mcreate axc vault transaction builder[32m [axc_tx_builder][0m[36m[0m
[36mINFO[0m [32m[08/18 11:44:28.096] [0mcreating Solana chain adaptor[32m [common_chain_adaptor][0m[36m[0m
[36mINFO[0m [32m[08/18 11:44:28.230] [0minitialized all program event definitions[32m [solana_sm][0m[36m [programCount:1][0m
[36mINFO[0m [32m[08/18 11:44:28.230] [0mRegistered transfer provider[32m [transfer-service][0m[36m [chainID:97] [tokens:[BNB USDT USDC]][0m
[36mINFO[0m [32m[08/18 11:44:28.231] [0mRegistered transfer provider[32m [transfer-service][0m[36m [chainID:2494104990] [tokens:[TRX USDT]][0m
[36mINFO[0m [32m[08/18 11:44:28.231] [0mcore api initialized[32m [coreApi][0m[36m[0m
[36mINFO[0m [32m[08/18 11:44:28.424] [0mComponent[sql-connector] started[32m [sidecar][0m[36m [time_cost:193.2285ms][0m
[36mINFO[0m [32m[08/18 11:44:29.882] [0mFinished connect to send tx http rpcs[32m [solana-jsonrpc][0m[36m [cost:1.457677417s] [num:3][0m
[36mINFO[0m [32m[08/18 11:44:30.220] [0mFinished connect to stable http rpcs[32m [solana-jsonrpc][0m[36m [cost:337.680375ms] [num:3][0m
[36mINFO[0m [32m[08/18 11:44:32.538] [0mFinished connect to unstable http rpcs[32m [solana-jsonrpc][0m[36m [cost:2.318051584s] [num:45][0m
[36mINFO[0m [32m[08/18 11:44:33.596] [0mFinished connect to ws rpcs[32m [solana-jsonrpc][0m[36m [cost:1.057471834s] [num:1][0m
[36mINFO[0m [32m[08/18 11:44:34.149] [0mScheduled task started[32m [sidecar][0m[36m [interval:2s] [task:solana-tx-sender[poll-last-block]][0m
[36mINFO[0m [32m[08/18 11:44:34.149] [0msolana submitter started[32m [solana-submitter][0m[36m[0m
[36mINFO[0m [32m[08/18 11:44:34.149] [0mswap submitter started[32m [submitter][0m[36m[0m
[36mINFO[0m [32m[08/18 11:44:34.149] [0mComponent[SwapSubmitter] started[32m [sidecar][0m[36m [time_cost:5.724528125s][0m
[36mINFO[0m [32m[08/18 11:44:34.149] [0mComponent[ExchangeDataService] started[32m [sidecar][0m[36m [time_cost:6.167µs][0m
[36mINFO[0m [32m[08/18 11:44:34.149] [0mComponent[ContractMaterials] started[32m [sidecar][0m[36m [time_cost:2.417µs][0m
[36mINFO[0m [32m[08/18 11:44:34.149] [0mScheduled task started[32m [sidecar][0m[36m [interval:1m0s] [task:StatisticExchangeData][0m
[36mINFO[0m [32m[08/18 11:44:34.149] [0mstarting Solana chain adaptor[32m [common_chain_adaptor][0m[36m[0m
[36mINFO[0m [32m[08/18 11:44:34.150] [0mSolana chain adaptor started successfully[32m [common_chain_adaptor][0m[36m[0m
[36mINFO[0m [32m[08/18 11:44:34.149] [0mScheduled task started[32m [sidecar][0m[36m [interval:1h0m0s] [task:UpdateExchangeTokenHolders][0m
[36mINFO[0m [32m[08/18 11:44:34.150] [0mComponent[common_chain_adaptor] started[32m [sidecar][0m[36m [time_cost:170.041µs][0m
[36mINFO[0m [32m[08/18 11:44:34.302] [0mContract materials loaded successfully[32m [basechain][0m[36m [appid:root] [chainId:84532] [contractCount:9] [errors:0][0m
[36mINFO[0m [32m[08/18 11:44:34.346] [0mSolana syncer started[32m [common_chain_adaptor][0m[36m[0m
[36mINFO[0m [32m[08/18 11:44:34.346] [0mComponent[Syncer] started[32m [sidecar][0m[36m [time_cost:196.370084ms][0m
[36mINFO[0m [32m[08/18 11:44:34.857] [0mNSQ consumer component started[32m [msgqueue][0m[36m[0m
[36mINFO[0m [32m[08/18 11:44:34.857] [0mComponent[msg_queue] started[32m [sidecar][0m[36m [time_cost:510.874833ms][0m
[36mINFO[0m [32m[08/18 11:44:34.857] [0mComponent[solana_sm] started[32m [sidecar][0m[36m [time_cost:7.75µs][0m
[36mINFO[0m [32m[08/18 11:44:34.857] [0mSolana events manager started[32m [solana_sm][0m[36m[0m
[36mINFO[0m [32m[08/18 11:44:34.857] [0mevent processor started[32m [solana_sm][0m[36m[0m
[36mINFO[0m [32m[08/18 11:44:34.857] [0mLoading deployment manifest from[32m [base_deploymanager][0m[36m [path:/Users/yanzhixing/Downloads/GitHub/token-engine/deploy/abis][0m
[36mINFO[0m [32m[08/18 11:44:34.857] [0mComponent[deploymanager] started[32m [sidecar][0m[36m [time_cost:128.75µs][0m
[36mINFO[0m [32m[08/18 11:44:34.857] [0mStarting TokenBalanceService[32m [TokenBalanceService][0m[36m[0m
[36mINFO[0m [32m[08/18 11:44:34.857] [0mComponent[TokenBalanceService] started[32m [sidecar][0m[36m [time_cost:47.458µs][0m
[36mINFO[0m [32m[08/18 11:44:34.858] [0mIPC server listen on: /Users/yanzhixing/Downloads/GitHub/token-engine/deploy/ipc.sock[32m [api][0m[36m[0m
[36mINFO[0m [32m[08/18 11:44:34.858] [0mHttp server listen on: 8082[32m [api][0m[36m[0m
[36mINFO[0m [32m[08/18 11:44:34.858] [0mComponent[http-api-server] started[32m [sidecar][0m[36m [time_cost:597.333µs][0m
[36mINFO[0m [32m[08/18 11:44:34.858] [0mComponent[app] started[32m [sidecar][0m[36m [time_cost:125.25µs][0m
[36mINFO[0m [32m[08/18 11:44:34.858] [0mtoken-engine is ready[32m [sidecar][0m[36m[0m
[36mINFO[0m [32m[08/18 11:44:34.859] [0m=====================================================================================
   __            __                                                  _
  / /_  ____    / /__  ___    ____          ___    ____    ____ _   (_)   ____   ___
 / __/ / __ \  / //_/ / _ \  / __ \ ______ / _ \  / __ \  / __ `/  / /   / __ \ / _ \
/ /_  / /_/ / / ,<   /  __/ / / / //_____//  __/ / / / / / /_/ /  / /   / / / //  __/
\__/  \____/ /_/|_|  \___/ /_/ /_/        \___/ /_/ /_/  \__, /  /_/   /_/ /_/ \___/
                                                        /____/

=====================================================================================[32m [sidecar][0m[36m[0m
[36mINFO[0m [32m[08/18 11:44:41.636] [0mpreparing create vault transaction[32m [base_txprepare][0m[36m [params:&{84532 {0xf39Fd6e51aad88F6F4ce6aB8827279cffFb92266 0xf39Fd6e51aad88F6F4ce6aB8827279cffFb92266 0xf39Fd6e51aad88F6F4ce6aB8827279cffFb92266 0xf39Fd6e51aad88F6F4ce6aB8827279cffFb92266 0xf39Fd6e51aad88F6F4ce6aB8827279cffFb92266} {TestToken MT 6 https://example.com/token-metadata.json} {VaultCreate 0xf39Fd6e51aad88F6F4ce6aB8827279cffFb92266 1000000 1754832494 1786800494 110 560 1 100000 300 0xf39Fd6e51aad88F6F4ce6aB8827279cffFb92266 0xf39Fd6e51aad88F6F4ce6aB8827279cffFb92266 1} false}][0m
[31mERRO[0m [32m[08/18 11:44:49.761] [0mfailed to get nonce[32m [base_txprepare][0m[31m [deployer:0xf39Fd6e51aad88F6F4ce6aB8827279cffFb92266] [error:map[error:Post "https://sepolia.base.org": read tcp 127.0.0.1:61639->127.0.0.1:4780: read: connection reset by peer kind:*url.Error stack:<nil>]][0m
[31mERRO[0m [32m[08/18 11:44:49.762] [0mAPI request failed[32m [api][0m[31m [uri:/api/v2/primary/vault/prepare_create] [err_code:10001] [err_msg:failed to get nonce: Post "https://sepolia.base.org": read tcp 127.0.0.1:61639->127.0.0.1:4780: read: connection reset by peer] [method:POST] [ip:127.0.0.1] [http_code:200] [time_cost:8.127237042s] [caller:root][0m
[36mINFO[0m [32m[08/18 11:44:59.508] [0mpreparing create vault transaction[32m [base_txprepare][0m[36m [params:&{84532 {0xf39Fd6e51aad88F6F4ce6aB8827279cffFb92266 0xf39Fd6e51aad88F6F4ce6aB8827279cffFb92266 0xf39Fd6e51aad88F6F4ce6aB8827279cffFb92266 0xf39Fd6e51aad88F6F4ce6aB8827279cffFb92266 0xf39Fd6e51aad88F6F4ce6aB8827279cffFb92266} {TestToken MT 6 https://example.com/token-metadata.json} {VaultCreate 0xf39Fd6e51aad88F6F4ce6aB8827279cffFb92266 1000000 1754832494 1786800494 110 560 1 100000 300 0xf39Fd6e51aad88F6F4ce6aB8827279cffFb92266 0xf39Fd6e51aad88F6F4ce6aB8827279cffFb92266 1} false}][0m
[36mINFO[0m [32m[08/18 11:45:00.675] [0mnonce retrieved successfully[32m [base_txprepare][0m[36m [deployer:0xf39Fd6e51aad88F6F4ce6aB8827279cffFb92266] [nonce:14869][0m
[31mERRO[0m [32m[08/18 11:45:01.721] [0mfailed to create vault transaction[32m [base_txprepare][0m[31m [error:map[error:replacement transaction underpriced kind:*rpc.jsonError stack:<nil>]][0m
[31mERRO[0m [32m[08/18 11:45:01.721] [0mAPI request failed[32m [api][0m[31m [uri:/api/v2/primary/vault/prepare_create] [err_code:10001] [err_msg:failed to create vault transaction: replacement transaction underpriced] [method:POST] [ip:127.0.0.1] [http_code:200] [time_cost:2.213290625s] [caller:root][0m
[36mINFO[0m [32m[08/18 11:46:40.710] [0mReceive exit signal: interrupt[32m [sidecar][0m[36m[0m
[36mINFO[0m [32m[08/18 11:46:40.711] [0mComponent[app] stopped[32m [sidecar][0m[36m [time_cost:232.5µs][0m
[36mINFO[0m [32m[08/18 11:46:40.711] [0mIPC server shutdown[32m [api][0m[36m[0m
[36mINFO[0m [32m[08/18 11:46:40.711] [0mComponent[http-api-server] stopped[32m [sidecar][0m[36m [time_cost:271.917µs][0m
[36mINFO[0m [32m[08/18 11:46:40.711] [0mComponent[TokenBalanceService] stopped[32m [sidecar][0m[36m [time_cost:1.333µs][0m
[36mINFO[0m [32m[08/18 11:46:40.712] [0mDeployManager stopped[32m [base_deploymanager][0m[36m[0m
[36mINFO[0m [32m[08/18 11:46:40.712] [0mComponent[deploymanager] stopped[32m [sidecar][0m[36m [time_cost:39.083µs][0m
[36mINFO[0m [32m[08/18 11:46:40.711] [0mHttp server shutdown[32m [api][0m[36m[0m
[36mINFO[0m [32m[08/18 11:46:40.712] [0mevent processor stopping[32m [solana_sm][0m[36m[0m
