[36mINFO[0m [32m[08/11 14:29:40.511] [0mtoken-engine version:[32m [app][0m[36m[0m
[36mINFO[0m [32m[08/11 14:29:40.511] [0mSystem version: darwin/arm64[32m [app][0m[36m[0m
[36mINFO[0m [32m[08/11 14:29:40.511] [0mGolang version: go1.24.2[32m [app][0m[36m[0m
[36mINFO[0m [32m[08/11 14:29:40.511] [0mApp build time:[32m [app][0m[36m[0m
[36mINFO[0m [32m[08/11 14:29:40.511] [0mGit commit id:[32m [app][0m[36m[0m
[36mINFO[0m [32m[08/11 14:29:40.511] [0mRepo path: /Users/yanzhixing/Downloads/GitHub/token-engine/deploy[32m [app][0m[36m[0m
[36mINFO[0m [32m[08/11 14:29:40.511] [0mExecutable: /Users/yanzhixing/Downloads/GitHub/token-engine/deploy/tools/bin/token-engine[32m [app][0m[36m[0m
[36mINFO[0m [32m[08/11 14:29:40.511] [0mPID: 98926[32m [app][0m[36m[0m
[36mINFO[0m [32m[08/11 14:29:40.511] [0mUUID node index: 0[32m [app][0m[36m[0m
[36mINFO[0m [32m[08/11 14:29:40.875] [0mcreating new base AxcTxPrepare[32m [base_txprepare][0m[36m[0m
[36mINFO[0m [32m[08/11 14:29:40.876] [0mcreating new base AxcTxExecutor[32m [base_txexecutor][0m[36m[0m
[36mINFO[0m [32m[08/11 14:29:40.876] [0mcreate axc vault idl[32m [solana-idl][0m[36m[0m
[36mINFO[0m [32m[08/11 14:29:40.876] [0mcreate axc vault transaction builder[32m [axc_tx_builder][0m[36m[0m
[36mINFO[0m [32m[08/11 14:29:40.876] [0mcreating Solana chain adaptor[32m [common_chain_adaptor][0m[36m[0m
[36mINFO[0m [32m[08/11 14:29:41.612] [0minitialized all program event definitions[32m [solana_sm][0m[36m [programCount:1][0m
[36mINFO[0m [32m[08/11 14:29:41.613] [0mcore api initialized[32m [coreApi][0m[36m[0m
[36mINFO[0m [32m[08/11 14:29:41.915] [0mComponent[sql-connector] started[32m [sidecar][0m[36m [time_cost:301.449625ms][0m
[36mINFO[0m [32m[08/11 14:29:42.877] [0mFinished connect to send tx http rpcs[32m [solana-jsonrpc][0m[36m [cost:961.645042ms] [num:1][0m
[36mINFO[0m [32m[08/11 14:29:43.312] [0mFinished connect to stable http rpcs[32m [solana-jsonrpc][0m[36m [cost:434.390833ms] [num:1][0m
[36mINFO[0m [32m[08/11 14:29:43.717] [0mFinished connect to unstable http rpcs[32m [solana-jsonrpc][0m[36m [cost:404.760417ms] [num:1][0m
[36mINFO[0m [32m[08/11 14:29:44.534] [0mFinished connect to ws rpcs[32m [solana-jsonrpc][0m[36m [cost:817.384667ms] [num:1][0m
[36mINFO[0m [32m[08/11 14:29:45.032] [0mScheduled task started[32m [sidecar][0m[36m [interval:2s] [task:solana-tx-sender[poll-last-block]][0m
[36mINFO[0m [32m[08/11 14:29:45.032] [0msolana submitter started[32m [solana-submitter][0m[36m[0m
[36mINFO[0m [32m[08/11 14:29:45.032] [0mswap submitter started[32m [submitter][0m[36m[0m
[36mINFO[0m [32m[08/11 14:29:45.032] [0mComponent[SwapSubmitter] started[32m [sidecar][0m[36m [time_cost:3.116790166s][0m
[36mINFO[0m [32m[08/11 14:29:45.032] [0mstart to subscribe exchange data by grpc...[32m [ExchangeDataService][0m[36m[0m
[36mINFO[0m [32m[08/11 14:29:45.032] [0mScheduled task started[32m [sidecar][0m[36m [interval:1h0m0s] [task:UpdateExchangeTokenHolders][0m
[36mINFO[0m [32m[08/11 14:29:45.032] [0mScheduled task started[32m [sidecar][0m[36m [interval:1m0s] [task:StatisticExchangeData][0m
[36mINFO[0m [32m[08/11 14:29:45.623] [0mComponent[ExchangeDataService] started[32m [sidecar][0m[36m [time_cost:590.922834ms][0m
[36mINFO[0m [32m[08/11 14:29:45.623] [0mComponent[ContractMaterials] started[32m [sidecar][0m[36m [time_cost:4.458µs][0m
[36mINFO[0m [32m[08/11 14:29:45.623] [0mstarting Solana chain adaptor[32m [common_chain_adaptor][0m[36m[0m
[36mINFO[0m [32m[08/11 14:29:45.623] [0mSolana chain adaptor started successfully[32m [common_chain_adaptor][0m[36m[0m
[36mINFO[0m [32m[08/11 14:29:45.623] [0mComponent[common_chain_adaptor] started[32m [sidecar][0m[36m [time_cost:45.333µs][0m
[33mWARN[0m [32m[08/11 14:29:46.101] [0mbegin compensate swap event[32m [ExchangeDataService][0m[33m [outer_id From:233313][0m
[36mINFO[0m [32m[08/11 14:29:46.137] [0mNSQ consumer component started[32m [msgqueue][0m[36m[0m
[36mINFO[0m [32m[08/11 14:29:46.137] [0mComponent[msg_queue] started[32m [sidecar][0m[36m [time_cost:513.241833ms][0m
[36mINFO[0m [32m[08/11 14:29:46.137] [0mComponent[solana_sm] started[32m [sidecar][0m[36m [time_cost:5.25µs][0m
[36mINFO[0m [32m[08/11 14:29:46.137] [0mIPC server listen on: /Users/yanzhixing/Downloads/GitHub/token-engine/deploy/ipc.sock[32m [api][0m[36m[0m
[36mINFO[0m [32m[08/11 14:29:46.137] [0mHttp server listen on: 8082[32m [api][0m[36m[0m
[36mINFO[0m [32m[08/11 14:29:46.137] [0mComponent[http-api-server] started[32m [sidecar][0m[36m [time_cost:376.042µs][0m
[36mINFO[0m [32m[08/11 14:29:46.137] [0mComponent[app] started[32m [sidecar][0m[36m [time_cost:113.125µs][0m
[36mINFO[0m [32m[08/11 14:29:46.137] [0mtoken-engine is ready[32m [sidecar][0m[36m[0m
[36mINFO[0m [32m[08/11 14:29:46.138] [0m=====================================================================================
   __            __                                                  _
  / /_  ____    / /__  ___    ____          ___    ____    ____ _   (_)   ____   ___
 / __/ / __ \  / //_/ / _ \  / __ \ ______ / _ \  / __ \  / __ `/  / /   / __ \ / _ \
/ /_  / /_/ / / ,<   /  __/ / / / //_____//  __/ / / / / / /_/ /  / /   / / / //  __/
\__/  \____/ /_/|_|  \___/ /_/ /_/        \___/ /_/ /_/  \__, /  /_/   /_/ /_/ \___/
                                                        /____/

=====================================================================================[32m [sidecar][0m[36m[0m
[36mINFO[0m [32m[08/11 14:29:46.182] [0mSolana events manager started[32m [solana_sm][0m[36m[0m
[36mINFO[0m [32m[08/11 14:29:46.182] [0mevent processor started[32m [solana_sm][0m[36m[0m
[33mWARN[0m [32m[08/11 14:29:46.591] [0mUnknown contract name[32m [basechain][0m[33m [name:BasicVault][0m
[33mWARN[0m [32m[08/11 14:29:46.591] [0mUnknown contract name[32m [basechain][0m[33m [name:StandardToken][0m
[33mWARN[0m [32m[08/11 14:29:46.591] [0mUnknown contract name[32m [basechain][0m[33m [name:Crowdsale][0m
[33mWARN[0m [32m[08/11 14:29:46.592] [0mUnknown contract name[32m [basechain][0m[33m [name:AccumulatedYield][0m
[36mINFO[0m [32m[08/11 14:29:46.601] [0mContract materials loaded successfully[32m [basechain][0m[36m [appid:root] [chainId:84532] [contractCount:9] [errors:0][0m
[36mINFO[0m [32m[08/11 14:29:50.802] [0mpreparing create vault transaction[32m [base_txprepare][0m[36m [params:&{8453 {0x1234567890123456789012345678901234567890 0x1234567890123456789012345678901234567890 0x1234567890123456789012345678901234567890 0x1234567890123456789012345678901234567890} {My Test Token MTT 18 https://example.com/token-metadata.json} {0xA0b86a33E6441E6C7D3E4C2C4C6C6C6C6C6C6C6C 1000000 1703980800 1704067200 100 500 0.1 100000 200 0x1234567890123456789012345678901234567890 0x1234567890123456789012345678901234567890 1} false}][0m
[31mERRO[0m [32m[08/11 14:29:51.362] [0mfailed to get nonce[32m [base_txprepare][0m[31m [deployer:0x1234567890123456789012345678901234567890] [error:map[error:Post "https://api.developer.coinbase.com/rpc/v1/base-sepolia/JmJwHELnrYhdN3YgtwMjYOrnVDdSXppH": read tcp 10.1.9.208:65049->172.64.152.241:443: read: connection reset by peer kind:*url.Error stack:<nil>]][0m
[31mERRO[0m [32m[08/11 14:29:51.362] [0mAPI request failed[32m [api][0m[31m [uri:/api/v2/primary/vault/prepare_create] [err_code:10001] [err_msg:failed to get nonce: Post "https://api.developer.coinbase.com/rpc/v1/base-sepolia/JmJwHELnrYhdN3YgtwMjYOrnVDdSXppH": read tcp 10.1.9.208:65049->172.64.152.241:443: read: connection reset by peer] [method:POST] [ip:127.0.0.1] [http_code:200] [time_cost:559.990666ms] [caller:root][0m
[31mERRO[0m [32m[08/11 14:30:20.883] [0msave swap event data failed[32m [ExchangeDataService][0m[31m [error:map[error:model: unable to insert into exchange_token_tx: ERROR: duplicate key value violates unique constraint "exchange_token_tx_outer_id_key" (SQLSTATE 23505) kind:*errors.withStack stack:<nil>]] [txData:&{0 1001 233325 8uHK7JmwvRQYoSP5sCxjcdUn6PfhCGSRvtT7v63Rqm9T E64i27za4jcMT6ceMKncdw3aJxg1TwvXzBmULsXytJ63 4xkEmPMWfPJvBp4wiTWe5J81g9CrQibg5aof2S9dUKpu 0 320000 293097 320000 1957797340 2132473392 1089220701464 9508 Ft5dUC14KJ4r7bwwwX5oRsjgVwbwFoG7ntfowwNd4bFq 3Uxsko384cp4Swj8dYNPdcHZwLc33MByZ2Y49HCJpiPurcbyJrKHMh6AHD7VmBdQrR4QK7M7cAngSSKBsCrqMZXy 400383418 1754893781 2025-08-11 14:30:20.841206 +0800 CST m=+40.355119710 2025-08-11 14:30:20.841206 +0800 CST m=+40.355119918 <nil> {}}][0m
[31mERRO[0m [32m[08/11 14:30:23.312] [0msave swap event data failed[32m [ExchangeDataService][0m[31m [error:map[error:model: unable to insert into exchange_token_tx: ERROR: duplicate key value violates unique constraint "exchange_token_tx_outer_id_key" (SQLSTATE 23505) kind:*errors.withStack stack:<nil>]] [txData:&{0 1001 233326 8uHK7JmwvRQYoSP5sCxjcdUn6PfhCGSRvtT7v63Rqm9T E64i27za4jcMT6ceMKncdw3aJxg1TwvXzBmULsXytJ63 4xkEmPMWfPJvBp4wiTWe5J81g9CrQibg5aof2S9dUKpu 1 4088243 3770000 4088243 1961567340 2128385021 1085043055926 10267 8womd2riK6w4fHwkrop7v1ihUJ6dK2ycsq9pH8kZjMiD 4KNsJFQHtYwr27SVRN2NqqqZVMhVHVBUEYvbFjimYEVCJePV5vPnRGzKAQFPH757GcAY5M2ZYGV6vcwaZrzpooRY 400383430 1754893786 2025-08-11 14:30:23.149233 +0800 CST m=+42.663165501 2025-08-11 14:30:23.149233 +0800 CST m=+42.663165793 <nil> {}}][0m
[36mINFO[0m [32m[08/11 14:30:25.609] [0mpreparing create vault transaction[32m [base_txprepare][0m[36m [params:&{8453 {0x1234567890123456789012345678901234567890 0x1234567890123456789012345678901234567890 0x1234567890123456789012345678901234567890 0x1234567890123456789012345678901234567890} {My Test Token MTT 18 https://example.com/token-metadata.json} {0xA0b86a33E6441E6C7D3E4C2C4C6C6C6C6C6C6C6C 1000000 1703980800 1704067200 100 500 0.1 100000 200 0x1234567890123456789012345678901234567890 0x1234567890123456789012345678901234567890 1} false}][0m
[31mERRO[0m [32m[08/11 14:30:25.743] [0mfailed to get nonce[32m [base_txprepare][0m[31m [deployer:0x1234567890123456789012345678901234567890] [error:map[error:Post "https://api.developer.coinbase.com/rpc/v1/base-sepolia/JmJwHELnrYhdN3YgtwMjYOrnVDdSXppH": read tcp 10.1.9.208:65268->172.64.152.241:443: read: connection reset by peer kind:*url.Error stack:<nil>]][0m
[31mERRO[0m [32m[08/11 14:30:25.744] [0mAPI request failed[32m [api][0m[31m [uri:/api/v2/primary/vault/prepare_create] [err_code:10001] [err_msg:failed to get nonce: Post "https://api.developer.coinbase.com/rpc/v1/base-sepolia/JmJwHELnrYhdN3YgtwMjYOrnVDdSXppH": read tcp 10.1.9.208:65268->172.64.152.241:443: read: connection reset by peer] [method:POST] [ip:127.0.0.1] [http_code:200] [time_cost:134.451541ms] [caller:root][0m
[31mERRO[0m [32m[08/11 14:30:25.786] [0msave swap event data failed[32m [ExchangeDataService][0m[31m [error:map[error:model: unable to insert into exchange_token_tx: ERROR: duplicate key value violates unique constraint "exchange_token_tx_outer_id_key" (SQLSTATE 23505) kind:*errors.withStack stack:<nil>]] [txData:&{0 1001 233327 8uHK7JmwvRQYoSP5sCxjcdUn6PfhCGSRvtT7v63Rqm9T E64i27za4jcMT6ceMKncdw3aJxg1TwvXzBmULsXytJ63 4xkEmPMWfPJvBp4wiTWe5J81g9CrQibg5aof2S9dUKpu 1 3554922 3290000 3554922 1964855832 2124830099 1081417814169 9929 Ft5dUC14KJ4r7bwwwX5oRsjgVwbwFoG7ntfowwNd4bFq 3AEEKyjaUJL1tUC7GxYEYdXwuSJ4Bbph9bMHdDuHuWKD6SSCRBhLZicmCy3AmiWVtawoMsh7jTbPy9bpyXcdUbwq 400383442 1754893790 2025-08-11 14:30:25.582939 +0800 CST m=+45.096891126 2025-08-11 14:30:25.582939 +0800 CST m=+45.096891168 <nil> {}}][0m
[31mERRO[0m [32m[08/11 14:30:28.665] [0msave swap event data failed[32m [ExchangeDataService][0m[31m [error:map[error:model: unable to insert into exchange_token_tx: ERROR: duplicate key value violates unique constraint "exchange_token_tx_outer_id_key" (SQLSTATE 23505) kind:*errors.withStack stack:<nil>]] [txData:&{0 1001 233328 8uHK7JmwvRQYoSP5sCxjcdUn6PfhCGSRvtT7v63Rqm9T E64i27za4jcMT6ceMKncdw3aJxg1TwvXzBmULsXytJ63 4xkEmPMWfPJvBp4wiTWe5J81g9CrQibg5aof2S9dUKpu 1 10219973 9520000 10219973 1974374516 2114610126 1071027866731 9857 Ft5dUC14KJ4r7bwwwX5oRsjgVwbwFoG7ntfowwNd4bFq 2QDLK9nLfiFdESRxWWrJfYrwJCYUAHRFc7ZBAeiCR3QrGc7VCoDVpYwmDUtxTNBuPctH7G7dGRy7smWBQ3FsJFso 400383453 1754893795 2025-08-11 14:30:28.595098 +0800 CST m=+48.109075001 2025-08-11 14:30:28.595098 +0800 CST m=+48.109075126 <nil> {}}][0m
[31mERRO[0m [32m[08/11 14:30:31.066] [0msave swap event data failed[32m [ExchangeDataService][0m[31m [error:map[error:model: unable to insert into exchange_token_tx: ERROR: duplicate key value violates unique constraint "exchange_token_tx_outer_id_key" (SQLSTATE 23505) kind:*errors.withStack stack:<nil>]] [txData:&{0 1001 233329 8uHK7JmwvRQYoSP5sCxjcdUn6PfhCGSRvtT7v63Rqm9T E64i27za4jcMT6ceMKncdw3aJxg1TwvXzBmULsXytJ63 4xkEmPMWfPJvBp4wiTWe5J81g9CrQibg5aof2S9dUKpu 1 3615522 3390000 3615522 1977760708 2110994604 1067366034455 9741 Ft5dUC14KJ4r7bwwwX5oRsjgVwbwFoG7ntfowwNd4bFq 2P8TkrcM91VA8ZEA5bCqCMgvT9Nw8dxezF4aP5qtiixrApDts8fBWfp3TfN8YnnMSYB7aVBoh7Vg48JF3xK6JhVQ 400383465 1754893799 2025-08-11 14:30:30.924678 +0800 CST m=+50.438674001 2025-08-11 14:30:30.924678 +0800 CST m=+50.438674043 <nil> {}}][0m
[31mERRO[0m [32m[08/11 14:30:33.627] [0msave swap event data failed[32m [ExchangeDataService][0m[31m [error:map[error:model: unable to insert into exchange_token_tx: ERROR: duplicate key value violates unique constraint "exchange_token_tx_outer_id_key" (SQLSTATE 23505) kind:*errors.withStack stack:<nil>]] [txData:&{0 1001 233330 8uHK7JmwvRQYoSP5sCxjcdUn6PfhCGSRvtT7v63Rqm9T E64i27za4jcMT6ceMKncdw3aJxg1TwvXzBmULsXytJ63 4xkEmPMWfPJvBp4wiTWe5J81g9CrQibg5aof2S9dUKpu 0 10640000 9893793 10640000 1967865559 2121634604 1078140015356 10330 8womd2riK6w4fHwkrop7v1ihUJ6dK2ycsq9pH8kZjMiD 5NdQydnyJFiXHaMxyj9cJcJR1Fpf5J57hRvwFMrCzfYcFaM4zF2U8J9u48qSkvzni1HeBxFaRrRsVmGDUdnE6W4F 400383476 1754893803 2025-08-11 14:30:33.34098 +0800 CST m=+52.854995085 2025-08-11 14:30:33.34098 +0800 CST m=+52.854995126 <nil> {}}][0m
[31mERRO[0m [32m[08/11 14:30:36.086] [0msave swap event data failed[32m [ExchangeDataService][0m[31m [error:map[error:model: unable to insert into exchange_token_tx: ERROR: duplicate key value violates unique constraint "exchange_token_tx_outer_id_key" (SQLSTATE 23505) kind:*errors.withStack stack:<nil>]] [txData:&{0 1001 233331 8uHK7JmwvRQYoSP5sCxjcdUn6PfhCGSRvtT7v63Rqm9T E64i27za4jcMT6ceMKncdw3aJxg1TwvXzBmULsXytJ63 4xkEmPMWfPJvBp4wiTWe5J81g9CrQibg5aof2S9dUKpu 0 6160000 5682812 6160000 1962182747 2127790348 1084399682574 9868 8womd2riK6w4fHwkrop7v1ihUJ6dK2ycsq9pH8kZjMiD nnT66a9wR6Sng5xPipduXLGzew77hNmfx74g9ZmR1v2caxP6kGPQjtQfTEyYgTspHvtKCndzDpoeZbxXzf2v1HB 400383488 1754893808 2025-08-11 14:30:35.897189 +0800 CST m=+55.411225793 2025-08-11 14:30:35.897189 +0800 CST m=+55.411225835 <nil> {}}][0m
[31mERRO[0m [32m[08/11 14:30:38.570] [0msave swap event data failed[32m [ExchangeDataService][0m[31m [error:map[error:model: unable to insert into exchange_token_tx: ERROR: duplicate key value violates unique constraint "exchange_token_tx_outer_id_key" (SQLSTATE 23505) kind:*errors.withStack stack:<nil>]] [txData:&{0 1001 233332 8uHK7JmwvRQYoSP5sCxjcdUn6PfhCGSRvtT7v63Rqm9T E64i27za4jcMT6ceMKncdw3aJxg1TwvXzBmULsXytJ63 4xkEmPMWfPJvBp4wiTWe5J81g9CrQibg5aof2S9dUKpu 0 3990000 3663408 3990000 1958519339 2131777884 1088464046052 9753 Ft5dUC14KJ4r7bwwwX5oRsjgVwbwFoG7ntfowwNd4bFq 4bcCcwNR6QNHUrNiE8LEnAPD8JkMELnGkZQDJtoW9cDpr44SqBmRH1vBYTg5WYiJPTGA324rFywQJiYzrYHbjMdg 400383499 1754893813 2025-08-11 14:30:38.368295 +0800 CST m=+57.882351876 2025-08-11 14:30:38.368296 +0800 CST m=+57.882352210 <nil> {}}][0m
[31mERRO[0m [32m[08/11 14:30:40.941] [0msave swap event data failed[32m [ExchangeDataService][0m[31m [error:map[error:model: unable to insert into exchange_token_tx: ERROR: duplicate key value violates unique constraint "exchange_token_tx_outer_id_key" (SQLSTATE 23505) kind:*errors.withStack stack:<nil>]] [txData:&{0 1001 233333 8uHK7JmwvRQYoSP5sCxjcdUn6PfhCGSRvtT7v63Rqm9T E64i27za4jcMT6ceMKncdw3aJxg1TwvXzBmULsXytJ63 4xkEmPMWfPJvBp4wiTWe5J81g9CrQibg5aof2S9dUKpu 1 12799585 11860000 12799585 1970379339 2118976703 1075415612140 10190 Ft5dUC14KJ4r7bwwwX5oRsjgVwbwFoG7ntfowwNd4bFq 4yAFyKQZGzuSgBKryExcbBPsLqUn3quHRiCsmEsybuhFJkJngpuG4G9AYwSegi7JpBxPX5AyFD2ctCS1YuMFiZht 400383510 1754893817 2025-08-11 14:30:40.839904 +0800 CST m=+60.353980793 2025-08-11 14:30:40.839904 +0800 CST m=+60.353981126 <nil> {}}][0m
[31mERRO[0m [32m[08/11 14:30:43.711] [0msave swap event data failed[32m [ExchangeDataService][0m[31m [error:map[error:model: unable to insert into exchange_token_tx: ERROR: duplicate key value violates unique constraint "exchange_token_tx_outer_id_key" (SQLSTATE 23505) kind:*errors.withStack stack:<nil>]] [txData:&{0 1001 233334 8uHK7JmwvRQYoSP5sCxjcdUn6PfhCGSRvtT7v63Rqm9T E64i27za4jcMT6ceMKncdw3aJxg1TwvXzBmULsXytJ63 4xkEmPMWfPJvBp4wiTWe5J81g9CrQibg5aof2S9dUKpu 1 5744940 5370000 5744940 1975744595 2113231763 1069587520749 9949 Ft5dUC14KJ4r7bwwwX5oRsjgVwbwFoG7ntfowwNd4bFq JMntU84mqptEKzM6uSaHb1aWL4xLwgRgF4EhxYeD5iYpu9KTncnrRjaouBh8C6GRxRpuRQ4Hw9KDCyJuknS7JwA 400383521 1754893822 2025-08-11 14:30:43.215806 +0800 CST m=+62.729902460 2025-08-11 14:30:43.215807 +0800 CST m=+62.729902751 <nil> {}}][0m
[31mERRO[0m [32m[08/11 14:30:46.046] [0msave swap event data failed[32m [ExchangeDataService][0m[31m [error:map[error:model: unable to insert into exchange_token_tx: ERROR: duplicate key value violates unique constraint "exchange_token_tx_outer_id_key" (SQLSTATE 23505) kind:*errors.withStack stack:<nil>]] [txData:&{0 1001 233335 8uHK7JmwvRQYoSP5sCxjcdUn6PfhCGSRvtT7v63Rqm9T E64i27za4jcMT6ceMKncdw3aJxg1TwvXzBmULsXytJ63 4xkEmPMWfPJvBp4wiTWe5J81g9CrQibg5aof2S9dUKpu 1 8109320 7630000 8109320 1983372447 2105122443 1061385342013 9727 Ft5dUC14KJ4r7bwwwX5oRsjgVwbwFoG7ntfowwNd4bFq vVQWp1WaCWgx1oWR6aEbiWW6rqwaHAP8pyTqKp3HCH6A2QrtQU3dE669Urog1puB99M5qNw1CJjE5eKydFLYn9Q 400383532 1754893826 2025-08-11 14:30:45.972717 +0800 CST m=+65.486835043 2025-08-11 14:30:45.972717 +0800 CST m=+65.486835085 <nil> {}}][0m
[31mERRO[0m [32m[08/11 14:30:48.574] [0msave swap event data failed[32m [ExchangeDataService][0m[31m [error:map[error:model: unable to insert into exchange_token_tx: ERROR: duplicate key value violates unique constraint "exchange_token_tx_outer_id_key" (SQLSTATE 23505) kind:*errors.withStack stack:<nil>]] [txData:&{0 1001 233336 8uHK7JmwvRQYoSP5sCxjcdUn6PfhCGSRvtT7v63Rqm9T E64i27za4jcMT6ceMKncdw3aJxg1TwvXzBmULsXytJ63 4xkEmPMWfPJvBp4wiTWe5J81g9CrQibg5aof2S9dUKpu 0 790000 742170 790000 1982627225 2105912443 1062182752483 10510 8womd2riK6w4fHwkrop7v1ihUJ6dK2ycsq9pH8kZjMiD 4JjCdgcwENpTQ6MC2KPaynpqiaZDDtJBguL9LgMFBMv7Zjds8XUtYa6pHM3hXbnrcMQ6UXqcow41NDPHwP7fCWjK 400383544 1754893832 2025-08-11 14:30:48.36288 +0800 CST m=+67.877018001 2025-08-11 14:30:48.36288 +0800 CST m=+67.877018126 <nil> {}}][0m
[31mERRO[0m [32m[08/11 14:30:50.999] [0msave swap event data failed[32m [ExchangeDataService][0m[31m [error:map[error:model: unable to insert into exchange_token_tx: ERROR: duplicate key value violates unique constraint "exchange_token_tx_outer_id_key" (SQLSTATE 23505) kind:*errors.withStack stack:<nil>]] [txData:&{0 1001 233337 8uHK7JmwvRQYoSP5sCxjcdUn6PfhCGSRvtT7v63Rqm9T E64i27za4jcMT6ceMKncdw3aJxg1TwvXzBmULsXytJ63 4xkEmPMWfPJvBp4wiTWe5J81g9CrQibg5aof2S9dUKpu 1 14750523 14020000 14750523 1996647225 2091161604 1047336543890 9754 Ft5dUC14KJ4r7bwwwX5oRsjgVwbwFoG7ntfowwNd4bFq 2mHpVUitmmKAeKkhz9SS6epiQw7xgkXQccUJ7AXQztnt8BJUtwDzpHK336T3WgQSF2D5R8gNgEF1yVcT1m6GxfzX 400383554 1754893835 2025-08-11 14:30:50.837923 +0800 CST m=+70.352081585 2025-08-11 14:30:50.837924 +0800 CST m=+70.352081918 <nil> {}}][0m
[31mERRO[0m [32m[08/11 14:30:53.581] [0msave swap event data failed[32m [ExchangeDataService][0m[31m [error:map[error:model: unable to insert into exchange_token_tx: ERROR: duplicate key value violates unique constraint "exchange_token_tx_outer_id_key" (SQLSTATE 23505) kind:*errors.withStack stack:<nil>]] [txData:&{0 1001 233338 8uHK7JmwvRQYoSP5sCxjcdUn6PfhCGSRvtT7v63Rqm9T E64i27za4jcMT6ceMKncdw3aJxg1TwvXzBmULsXytJ63 4xkEmPMWfPJvBp4wiTWe5J81g9CrQibg5aof2S9dUKpu 1 6747947 6480000 6747947 2003121617 2084413657 1040582678210 9584 8womd2riK6w4fHwkrop7v1ihUJ6dK2ycsq9pH8kZjMiD 3LpV3Ws1Mq9pAzuz3XPkJtDFMKXgTXXzNnQG3esauZZkNTpL5kothJvAKVegtczT5H4dyFuAWoryBvK2xBVzzPc3 400383566 1754893840 2025-08-11 14:30:53.274147 +0800 CST m=+72.788324876 2025-08-11 14:30:53.274147 +0800 CST m=+72.788325043 <nil> {}}][0m
[31mERRO[0m [32m[08/11 14:30:56.137] [0msave swap event data failed[32m [ExchangeDataService][0m[31m [error:map[error:model: unable to insert into exchange_token_tx: ERROR: duplicate key value violates unique constraint "exchange_token_tx_outer_id_key" (SQLSTATE 23505) kind:*errors.withStack stack:<nil>]] [txData:&{0 1001 233339 8uHK7JmwvRQYoSP5sCxjcdUn6PfhCGSRvtT7v63Rqm9T E64i27za4jcMT6ceMKncdw3aJxg1TwvXzBmULsXytJ63 4xkEmPMWfPJvBp4wiTWe5J81g9CrQibg5aof2S9dUKpu 1 259463 250000 259463 2003369025 2084154194 1040324657111 9608 Ft5dUC14KJ4r7bwwwX5oRsjgVwbwFoG7ntfowwNd4bFq 4GEcfmpoUqdtrkcPSm8rZuydvTBvEiG52u7HBeUpZZdxYgniNcWFcxxW3haFYmR2prWFBjqqk5N5tpMKDwzHrCCu 400383577 1754893844 2025-08-11 14:30:55.939376 +0800 CST m=+75.453575376 2025-08-11 14:30:55.939376 +0800 CST m=+75.453575418 <nil> {}}][0m
[31mERRO[0m [32m[08/11 14:30:58.448] [0msave swap event data failed[32m [ExchangeDataService][0m[31m [error:map[error:model: unable to insert into exchange_token_tx: ERROR: duplicate key value violates unique constraint "exchange_token_tx_outer_id_key" (SQLSTATE 23505) kind:*errors.withStack stack:<nil>]] [txData:&{0 1001 233340 8uHK7JmwvRQYoSP5sCxjcdUn6PfhCGSRvtT7v63Rqm9T E64i27za4jcMT6ceMKncdw3aJxg1TwvXzBmULsXytJ63 4xkEmPMWfPJvBp4wiTWe5J81g9CrQibg5aof2S9dUKpu 1 13577787 13170000 13577787 2016538925 2070576407 1026797143030 9727 8womd2riK6w4fHwkrop7v1ihUJ6dK2ycsq9pH8kZjMiD 342AcrJpKtx4oDMYhYjro7BEbkiiRNTijNUxbYBFz4xp361SUE5gZSNwANd4QkDxD3TddxTvdQ2yPxhPU7xY9jaS 400383589 1754893849 2025-08-11 14:30:58.401544 +0800 CST m=+77.915764085 2025-08-11 14:30:58.401544 +0800 CST m=+77.915764210 <nil> {}}][0m
[31mERRO[0m [32m[08/11 14:31:00.873] [0msave swap event data failed[32m [ExchangeDataService][0m[31m [error:map[error:model: unable to insert into exchange_token_tx: ERROR: duplicate key value violates unique constraint "exchange_token_tx_outer_id_key" (SQLSTATE 23505) kind:*errors.withStack stack:<nil>]] [txData:&{0 1001 233341 8uHK7JmwvRQYoSP5sCxjcdUn6PfhCGSRvtT7v63Rqm9T E64i27za4jcMT6ceMKncdw3aJxg1TwvXzBmULsXytJ63 4xkEmPMWfPJvBp4wiTWe5J81g9CrQibg5aof2S9dUKpu 0 12260000 11840228 12260000 2004693429 2082836407 1038980014035 10267 Ft5dUC14KJ4r7bwwwX5oRsjgVwbwFoG7ntfowwNd4bFq 56MjPRiwZKd1tv8HGWFkmKhGjdNQ77bSVXU8CfrFe8BAqnbJjegAnLX7bat9QhqDfszPAZcZ3nwNFh2Cas33kT29 400383600 1754893853 2025-08-11 14:31:00.720223 +0800 CST m=+80.234461626 2025-08-11 14:31:00.720223 +0800 CST m=+80.234461793 <nil> {}}][0m
[36mINFO[0m [32m[08/11 14:31:01.313] [0mpreparing create vault transaction[32m [base_txprepare][0m[36m [params:&{8453 {0x1234567890123456789012345678901234567890 0x1234567890123456789012345678901234567890 0x1234567890123456789012345678901234567890 0x1234567890123456789012345678901234567890} {My Test Token MTT 18 https://example.com/token-metadata.json} {0xA0b86a33E6441E6C7D3E4C2C4C6C6C6C6C6C6C6C 1000000 1703980800 1704067200 100 500 0.1 100000 200 0x1234567890123456789012345678901234567890 0x1234567890123456789012345678901234567890 1} false}][0m
[31mERRO[0m [32m[08/11 14:31:01.405] [0mfailed to get nonce[32m [base_txprepare][0m[31m [deployer:0x1234567890123456789012345678901234567890] [error:map[error:Post "https://api.developer.coinbase.com/rpc/v1/base-sepolia/JmJwHELnrYhdN3YgtwMjYOrnVDdSXppH": read tcp 10.1.9.208:65515->172.64.152.241:443: read: connection reset by peer kind:*url.Error stack:<nil>]][0m
[31mERRO[0m [32m[08/11 14:31:01.405] [0mAPI request failed[32m [api][0m[31m [uri:/api/v2/primary/vault/prepare_create] [err_code:10001] [err_msg:failed to get nonce: Post "https://api.developer.coinbase.com/rpc/v1/base-sepolia/JmJwHELnrYhdN3YgtwMjYOrnVDdSXppH": read tcp 10.1.9.208:65515->172.64.152.241:443: read: connection reset by peer] [method:POST] [ip:127.0.0.1] [http_code:200] [time_cost:91.962583ms] [caller:root][0m
[31mERRO[0m [32m[08/11 14:31:03.266] [0msave swap event data failed[32m [ExchangeDataService][0m[31m [error:map[error:model: unable to insert into exchange_token_tx: ERROR: duplicate key value violates unique constraint "exchange_token_tx_outer_id_key" (SQLSTATE 23505) kind:*errors.withStack stack:<nil>]] [txData:&{0 1001 233342 8uHK7JmwvRQYoSP5sCxjcdUn6PfhCGSRvtT7v63Rqm9T E64i27za4jcMT6ceMKncdw3aJxg1TwvXzBmULsXytJ63 4xkEmPMWfPJvBp4wiTWe5J81g9CrQibg5aof2S9dUKpu 1 15328419 14900000 15328419 2019593429 2067503084 1023722425668 9974 Ft5dUC14KJ4r7bwwwX5oRsjgVwbwFoG7ntfowwNd4bFq 3KBh1WipTgcm2q1Dm9wVtsEAAEtWu4UGW9fYvJ98mv6PhSVhSeW2a2EikLnVrzDwBApCFVzPxuu1C6i97C7DXufs 400383612 1754893858 2025-08-11 14:31:03.186047 +0800 CST m=+82.700305543 2025-08-11 14:31:03.186047 +0800 CST m=+82.700305793 <nil> {}}][0m
[33mWARN[0m [32m[08/11 14:31:05.532] [0mstop compensate swap event[32m [ExchangeDataService][0m[33m [outer_id end:233342][0m
[36mINFO[0m [32m[08/11 14:35:35.830] [0mpreparing create vault transaction[32m [base_txprepare][0m[36m [params:&{8453 {0x1234567890123456789012345678901234567890 0x1234567890123456789012345678901234567890 0x1234567890123456789012345678901234567890 0x1234567890123456789012345678901234567890} {My Test Token MTT 18 https://example.com/token-metadata.json} {0xA0b86a33E6441E6C7D3E4C2C4C6C6C6C6C6C6C6C 1000000 1703980800 1704067200 100 500 0.1 100000 200 0x1234567890123456789012345678901234567890 0x1234567890123456789012345678901234567890 1} false}][0m
[31mERRO[0m [32m[08/11 14:35:39.008] [0mfailed to create deploy transaction[32m [base_txprepare][0m[31m [error:map[error:no signer to authorize the transaction with kind:*errors.errorString stack:<nil>]][0m
[31mERRO[0m [32m[08/11 14:35:39.008] [0mAPI request failed[32m [api][0m[31m [uri:/api/v2/primary/vault/prepare_create] [err_code:10001] [err_msg:failed to create deploy transaction: no signer to authorize the transaction with] [method:POST] [ip:127.0.0.1] [http_code:200] [time_cost:3.178207041s] [caller:root][0m
[36mINFO[0m [32m[08/11 14:36:32.438] [0mpreparing create vault transaction[32m [base_txprepare][0m[36m [params:&{8453 {0x1234567890123456789012345678901234567890 0x1234567890123456789012345678901234567890 0x1234567890123456789012345678901234567890 0x1234567890123456789012345678901234567890} {My Test Token MTT 18 https://example.com/token-metadata.json} {0xA0b86a33E6441E6C7D3E4C2C4C6C6C6C6C6C6C6C 1000000 1703980800 1704067200 100 500 0.1 100000 200 0x1234567890123456789012345678901234567890 0x1234567890123456789012345678901234567890 1} false}][0m
[31mERRO[0m [32m[08/11 14:36:33.554] [0mfailed to create deploy transaction[32m [base_txprepare][0m[31m [error:map[error:no signer to authorize the transaction with kind:*errors.errorString stack:<nil>]][0m
[31mERRO[0m [32m[08/11 14:36:33.555] [0mAPI request failed[32m [api][0m[31m [uri:/api/v2/primary/vault/prepare_create] [err_code:10001] [err_msg:failed to create deploy transaction: no signer to authorize the transaction with] [method:POST] [ip:127.0.0.1] [http_code:200] [time_cost:1.116894375s] [caller:root][0m
[36mINFO[0m [32m[08/11 15:05:27.287] [0mReceive exit signal: interrupt[32m [sidecar][0m[36m[0m
[36mINFO[0m [32m[08/11 15:05:27.294] [0mIPC server shutdown[32m [api][0m[36m[0m
[36mINFO[0m [32m[08/11 15:05:27.294] [0mHttp server shutdown[32m [api][0m[36m[0m
[36mINFO[0m [32m[08/11 15:05:27.294] [0mComponent[http-api-server] stopped[32m [sidecar][0m[36m [time_cost:1.032291ms][0m
[36mINFO[0m [32m[08/11 15:05:27.295] [0mevent processor stopping[32m [solana_sm][0m[36m[0m
[36mINFO[0m [32m[08/11 15:05:27.295] [0mScheduled task stopped[32m [sidecar][0m[36m [interval:2s] [task:solana-tx-sender[poll-last-block]][0m
