[36mINFO[0m [32m[08/15 20:50:17.714] [0mtoken-engine version:[32m [app][0m[36m[0m
[36mINFO[0m [32m[08/15 20:50:17.714] [0mSystem version: darwin/arm64[32m [app][0m[36m[0m
[36mINFO[0m [32m[08/15 20:50:17.714] [0mGolang version: go1.24.2[32m [app][0m[36m[0m
[36mINFO[0m [32m[08/15 20:50:17.714] [0mApp build time:[32m [app][0m[36m[0m
[36mINFO[0m [32m[08/15 20:50:17.714] [0mGit commit id:[32m [app][0m[36m[0m
[36mINFO[0m [32m[08/15 20:50:17.714] [0mRepo path: /Users/yanzhixing/Downloads/GitHub/token-engine/deploy[32m [app][0m[36m[0m
[36mINFO[0m [32m[08/15 20:50:17.714] [0mExecutable: /Users/yanzhixing/Downloads/GitHub/token-engine/deploy/tools/bin/token-engine[32m [app][0m[36m[0m
[36mINFO[0m [32m[08/15 20:50:17.714] [0mPID: 67291[32m [app][0m[36m[0m
[36mINFO[0m [32m[08/15 20:50:17.715] [0mUUID node index: 0[32m [app][0m[36m[0m
[36mINFO[0m [32m[08/15 20:50:18.009] [0mcreating new base AxcTxPrepare[32m [base_txprepare][0m[36m[0m
[36mINFO[0m [32m[08/15 20:50:18.009] [0mcreating new base AxcTxExecutor[32m [base_txexecutor][0m[36m[0m
[36mINFO[0m [32m[08/15 20:50:18.009] [0mcreate axc vault idl[32m [solana-idl][0m[36m[0m
[36mINFO[0m [32m[08/15 20:50:18.011] [0mcreate axc vault transaction builder[32m [axc_tx_builder][0m[36m[0m
[36mINFO[0m [32m[08/15 20:50:18.012] [0mcreating Solana chain adaptor[32m [common_chain_adaptor][0m[36m[0m
[36mINFO[0m [32m[08/15 20:50:18.145] [0minitialized all program event definitions[32m [solana_sm][0m[36m [programCount:1][0m
[36mINFO[0m [32m[08/15 20:50:18.145] [0mRegistered transfer provider[32m [tron-transfer][0m[36m [chainID:97] [tokens:[BNB USDT USDC]][0m
[36mINFO[0m [32m[08/15 20:50:18.145] [0mRegistered transfer provider[32m [tron-transfer][0m[36m [chainID:2494104990] [tokens:[TRX USDT]][0m
[36mINFO[0m [32m[08/15 20:50:18.145] [0mcore api initialized[32m [coreApi][0m[36m[0m
[36mINFO[0m [32m[08/15 20:50:18.337] [0mComponent[sql-connector] started[32m [sidecar][0m[36m [time_cost:191.491791ms][0m
[36mINFO[0m [32m[08/15 20:50:19.207] [0mFinished connect to send tx http rpcs[32m [solana-jsonrpc][0m[36m [cost:869.364958ms] [num:1][0m
[36mINFO[0m [32m[08/15 20:50:19.563] [0mFinished connect to stable http rpcs[32m [solana-jsonrpc][0m[36m [cost:356.228167ms] [num:1][0m
[36mINFO[0m [32m[08/15 20:50:19.913] [0mFinished connect to unstable http rpcs[32m [solana-jsonrpc][0m[36m [cost:348.945708ms] [num:1][0m
[36mINFO[0m [32m[08/15 20:50:20.965] [0mFinished connect to ws rpcs[32m [solana-jsonrpc][0m[36m [cost:1.052019333s] [num:1][0m
[36mINFO[0m [32m[08/15 20:50:21.389] [0mScheduled task started[32m [sidecar][0m[36m [interval:2s] [task:solana-tx-sender[poll-last-block]][0m
[36mINFO[0m [32m[08/15 20:50:21.389] [0msolana submitter started[32m [solana-submitter][0m[36m[0m
[36mINFO[0m [32m[08/15 20:50:21.389] [0mswap submitter started[32m [submitter][0m[36m[0m
[36mINFO[0m [32m[08/15 20:50:21.389] [0mComponent[SwapSubmitter] started[32m [sidecar][0m[36m [time_cost:3.051786459s][0m
[36mINFO[0m [32m[08/15 20:50:21.390] [0mstart to subscribe exchange data by grpc...[32m [ExchangeDataService][0m[36m[0m
[36mINFO[0m [32m[08/15 20:50:21.390] [0mScheduled task started[32m [sidecar][0m[36m [interval:1m0s] [task:StatisticExchangeData][0m
[36mINFO[0m [32m[08/15 20:50:21.390] [0mScheduled task started[32m [sidecar][0m[36m [interval:1h0m0s] [task:UpdateExchangeTokenHolders][0m
[36mINFO[0m [32m[08/15 20:50:22.478] [0mComponent[ExchangeDataService] started[32m [sidecar][0m[36m [time_cost:1.087960417s][0m
[36mINFO[0m [32m[08/15 20:50:22.478] [0mComponent[ContractMaterials] started[32m [sidecar][0m[36m [time_cost:6.5µs][0m
[36mINFO[0m [32m[08/15 20:50:22.478] [0mstarting Solana chain adaptor[32m [common_chain_adaptor][0m[36m[0m
[36mINFO[0m [32m[08/15 20:50:22.478] [0mSolana chain adaptor started successfully[32m [common_chain_adaptor][0m[36m[0m
[36mINFO[0m [32m[08/15 20:50:22.478] [0mComponent[common_chain_adaptor] started[32m [sidecar][0m[36m [time_cost:93.541µs][0m
[33mWARN[0m [32m[08/15 20:50:22.618] [0mbegin compensate swap event[32m [ExchangeDataService][0m[33m [outer_id From:307735][0m
[36mINFO[0m [32m[08/15 20:50:22.779] [0mContract materials loaded successfully[32m [basechain][0m[36m [appid:root] [chainId:84532] [contractCount:9] [errors:0][0m
[36mINFO[0m [32m[08/15 20:50:22.999] [0mNSQ consumer component started[32m [msgqueue][0m[36m[0m
[36mINFO[0m [32m[08/15 20:50:22.999] [0mComponent[msg_queue] started[32m [sidecar][0m[36m [time_cost:521.293125ms][0m
[36mINFO[0m [32m[08/15 20:50:22.999] [0mComponent[solana_sm] started[32m [sidecar][0m[36m [time_cost:8.667µs][0m
[36mINFO[0m [32m[08/15 20:50:23.000] [0mLoading deployment manifest from[32m [base_deploymanager][0m[36m [path:/Users/yanzhixing/Downloads/GitHub/token-engine/deploy/abis][0m
[36mINFO[0m [32m[08/15 20:50:23.000] [0mComponent[deploymanager] started[32m [sidecar][0m[36m [time_cost:52.041µs][0m
[36mINFO[0m [32m[08/15 20:50:23.000] [0mIPC server listen on: /Users/yanzhixing/Downloads/GitHub/token-engine/deploy/ipc.sock[32m [api][0m[36m[0m
[36mINFO[0m [32m[08/15 20:50:23.000] [0mHttp server listen on: 8082[32m [api][0m[36m[0m
[36mINFO[0m [32m[08/15 20:50:23.000] [0mComponent[http-api-server] started[32m [sidecar][0m[36m [time_cost:637.541µs][0m
[36mINFO[0m [32m[08/15 20:50:23.001] [0mComponent[app] started[32m [sidecar][0m[36m [time_cost:185.75µs][0m
[36mINFO[0m [32m[08/15 20:50:23.001] [0mtoken-engine is ready[32m [sidecar][0m[36m[0m
[36mINFO[0m [32m[08/15 20:50:23.002] [0m=====================================================================================
   __            __                                                  _
  / /_  ____    / /__  ___    ____          ___    ____    ____ _   (_)   ____   ___
 / __/ / __ \  / //_/ / _ \  / __ \ ______ / _ \  / __ \  / __ `/  / /   / __ \ / _ \
/ /_  / /_/ / / ,<   /  __/ / / / //_____//  __/ / / / / / /_/ /  / /   / / / //  __/
\__/  \____/ /_/|_|  \___/ /_/ /_/        \___/ /_/ /_/  \__, /  /_/   /_/ /_/ \___/
                                                        /____/

=====================================================================================[32m [sidecar][0m[36m[0m
[36mINFO[0m [32m[08/15 20:50:23.074] [0mSolana events manager started[32m [solana_sm][0m[36m[0m
[36mINFO[0m [32m[08/15 20:50:23.074] [0mevent processor started[32m [solana_sm][0m[36m[0m
[33mWARN[0m [32m[08/15 20:50:24.965] [0mstop compensate swap event[32m [ExchangeDataService][0m[33m [outer_id end:307734][0m
[36mINFO[0m [32m[08/15 20:50:26.581] [0mpreparing create vault transaction[32m [base_txprepare][0m[36m [params:&{84532 {0x4d6Ca5A0517cc18d66FEA10a51486fA0351bF61A 0x4d6Ca5A0517cc18d66FEA10a51486fA0351bF61A 0x4d6Ca5A0517cc18d66FEA10a51486fA0351bF61A 0x4d6Ca5A0517cc18d66FEA10a51486fA0351bF61A 0x4d6Ca5A0517cc18d66FEA10a51486fA0351bF61A} {My Test Token MTT 6 https://example.com/token-metadata.json} {Test 0xA0b86a33E6441E6C7D3E4C2C4C6C6C6C6C6C6C6C 1000000 1703980800 1704067200 100 500 1 100000 200 0x1234567890123456789012345678901234567890 0x1234567890123456789012345678901234567890 1} false}][0m
[31mERRO[0m [32m[08/15 20:50:31.680] [0mCallContract failed[32m [base_txprepare][0m[31m [err:map[error:execution reverted kind:*rpc.jsonError stack:<nil>]] [method:deployAll][0m
[31mERRO[0m [32m[08/15 20:50:31.681] [0mDebug contract call also failed[32m [base_txprepare][0m[31m [error:map[error:execution reverted kind:*rpc.jsonError stack:<nil>]][0m
[36mINFO[0m [32m[08/15 20:50:31.681] [0msuccessfully prepared create vault transaction[32m [base_txprepare][0m[36m [txHash:0x3257d193346af4c54895e67df6152108dc027399321e3e4e729bec465d673890][0m
[36mINFO[0m [32m[08/15 20:50:31.681] [0mqueryVaultCreated[32m [base_txprepare][0m[36m[0m
[36mINFO[0m [32m[08/15 20:50:31.681] [0mqueryVaultCreated[32m [base_txprepare][0m[36m [txHash:0x3257d193346af4c54895e67df6152108dc027399321e3e4e729bec465d673890][0m
[36mINFO[0m [32m[08/15 20:50:32.067] [0mqueryVaultCreated[32m [base_txprepare][0m[36m [receipt:&{0 [] 0 8144314 [0 0 0 0 0 0 0 0 0 0 0 0 0 0 0 0 0 0 0 0 0 0 0 0 0 0 0 0 0 0 0 0 0 0 0 0 0 0 0 0 0 0 0 0 0 0 0 0 0 0 0 0 0 0 0 0 0 0 0 0 0 0 0 0 0 0 0 0 0 0 0 0 0 0 0 0 0 0 0 0 0 0 0 0 0 0 0 0 0 0 0 0 0 0 0 0 0 0 0 0 0 0 0 0 0 0 0 0 0 0 0 0 0 0 0 0 0 0 0 0 0 0 0 0 0 0 0 0 0 0 0 0 0 0 0 0 0 0 0 0 0 0 0 0 0 0 0 0 0 0 0 0 0 0 0 0 0 0 0 0 0 0 0 0 0 0 0 0 0 0 0 0 0 0 0 0 0 0 0 0 0 0 0 0 0 0 0 0 0 0 0 0 0 0 0 0 0 0 0 0 0 0 0 0 0 0 0 0 0 0 0 0 0 0 0 0 0 0 0 0 0 0 0 0 0 0 0 0 0 0 0 0 0 0 0 0 0 0 0 0 0 0 0 0 0 0 0 0 0 0 0 0 0 0 0 0] [] 0x3257d193346af4c54895e67df6152108dc027399321e3e4e729bec465d673890 0x0000000000000000000000000000000000000000 39770 2000120 0 <nil> 0xb31575a6ed24fea45de451e84cddafb52cf4d438b7b54fba8ddcce57374d9035 29746972 3}][0m
[36mINFO[0m [32m[08/15 20:50:32.067] [0mAPI request[32m [api][0m[36m [uri:/api/v2/primary/vault/prepare_create] [method:POST] [ip:127.0.0.1] [http_code:200] [time_cost:5.486767708s] [caller:root][0m
[33mWARN[0m [32m[08/15 21:39:26.637] [0mDo scheduled task executor error[32m [sidecar][0m[33m [err:map[error:max retry times reached: 3: failed to retry for: https://devnet.helius-rpc.com/?api-key=adfeb5d6-3c05-4d32-8bd0-3860a795efdc: request failed: rpc call failed on sendRequest: Post "https://devnet.helius-rpc.com/?api-key=adfeb5d6-3c05-4d32-8bd0-3860a795efdc": context deadline exceeded kind:*errors.withStack stack:<nil>]] [task:solana-tx-sender[poll-last-block]][0m
[33mWARN[0m [32m[08/15 21:39:41.849] [0mDo scheduled task executor error[32m [sidecar][0m[33m [err:map[error:max retry times reached: 3: failed to retry for: https://devnet.helius-rpc.com/?api-key=adfeb5d6-3c05-4d32-8bd0-3860a795efdc: request failed: rpc call failed on sendRequest: Post "https://devnet.helius-rpc.com/?api-key=adfeb5d6-3c05-4d32-8bd0-3860a795efdc": context deadline exceeded kind:*errors.withStack stack:<nil>]] [task:solana-tx-sender[poll-last-block]][0m
[33mWARN[0m [32m[08/15 21:39:57.056] [0mDo scheduled task executor error[32m [sidecar][0m[33m [err:map[error:max retry times reached: 3: failed to retry for: https://devnet.helius-rpc.com/?api-key=adfeb5d6-3c05-4d32-8bd0-3860a795efdc: request failed: rpc call failed on sendRequest: Post "https://devnet.helius-rpc.com/?api-key=adfeb5d6-3c05-4d32-8bd0-3860a795efdc": context deadline exceeded kind:*errors.withStack stack:<nil>]] [task:solana-tx-sender[poll-last-block]][0m
[33mWARN[0m [32m[08/15 21:40:42.582] [0mDo scheduled task executor error[32m [sidecar][0m[33m [err:map[error:max retry times reached: 3: failed to retry for: https://devnet.helius-rpc.com/?api-key=adfeb5d6-3c05-4d32-8bd0-3860a795efdc: request failed: rpc call failed on sendRequest: Post "https://devnet.helius-rpc.com/?api-key=adfeb5d6-3c05-4d32-8bd0-3860a795efdc": context deadline exceeded kind:*errors.withStack stack:<nil>]] [task:solana-tx-sender[poll-last-block]][0m
[33mWARN[0m [32m[08/15 21:40:57.788] [0mDo scheduled task executor error[32m [sidecar][0m[33m [err:map[error:max retry times reached: 3: failed to retry for: https://devnet.helius-rpc.com/?api-key=adfeb5d6-3c05-4d32-8bd0-3860a795efdc: request failed: rpc call failed on sendRequest: Post "https://devnet.helius-rpc.com/?api-key=adfeb5d6-3c05-4d32-8bd0-3860a795efdc": context deadline exceeded kind:*errors.withStack stack:<nil>]] [task:solana-tx-sender[poll-last-block]][0m
[33mWARN[0m [32m[08/15 21:41:12.998] [0mDo scheduled task executor error[32m [sidecar][0m[33m [err:map[error:max retry times reached: 3: failed to retry for: https://devnet.helius-rpc.com/?api-key=adfeb5d6-3c05-4d32-8bd0-3860a795efdc: request failed: rpc call failed on sendRequest: Post "https://devnet.helius-rpc.com/?api-key=adfeb5d6-3c05-4d32-8bd0-3860a795efdc": context deadline exceeded kind:*errors.withStack stack:<nil>]] [task:solana-tx-sender[poll-last-block]][0m
[33mWARN[0m [32m[08/15 21:41:28.204] [0mDo scheduled task executor error[32m [sidecar][0m[33m [err:map[error:max retry times reached: 3: failed to retry for: https://devnet.helius-rpc.com/?api-key=adfeb5d6-3c05-4d32-8bd0-3860a795efdc: request failed: rpc call failed on sendRequest: Post "https://devnet.helius-rpc.com/?api-key=adfeb5d6-3c05-4d32-8bd0-3860a795efdc": context deadline exceeded kind:*errors.withStack stack:<nil>]] [task:solana-tx-sender[poll-last-block]][0m
[33mWARN[0m [32m[08/15 21:41:43.414] [0mDo scheduled task executor error[32m [sidecar][0m[33m [err:map[error:max retry times reached: 3: failed to retry for: https://devnet.helius-rpc.com/?api-key=adfeb5d6-3c05-4d32-8bd0-3860a795efdc: request failed: rpc call failed on sendRequest: Post "https://devnet.helius-rpc.com/?api-key=adfeb5d6-3c05-4d32-8bd0-3860a795efdc": context deadline exceeded kind:*errors.withStack stack:<nil>]] [task:solana-tx-sender[poll-last-block]][0m
[33mWARN[0m [32m[08/15 21:41:58.621] [0mDo scheduled task executor error[32m [sidecar][0m[33m [err:map[error:max retry times reached: 3: failed to retry for: https://devnet.helius-rpc.com/?api-key=adfeb5d6-3c05-4d32-8bd0-3860a795efdc: request failed: rpc call failed on sendRequest: Post "https://devnet.helius-rpc.com/?api-key=adfeb5d6-3c05-4d32-8bd0-3860a795efdc": context deadline exceeded kind:*errors.withStack stack:<nil>]] [task:solana-tx-sender[poll-last-block]][0m
[33mWARN[0m [32m[08/15 21:42:13.829] [0mDo scheduled task executor error[32m [sidecar][0m[33m [err:map[error:max retry times reached: 3: failed to retry for: https://devnet.helius-rpc.com/?api-key=adfeb5d6-3c05-4d32-8bd0-3860a795efdc: request failed: rpc call failed on sendRequest: Post "https://devnet.helius-rpc.com/?api-key=adfeb5d6-3c05-4d32-8bd0-3860a795efdc": context deadline exceeded kind:*errors.withStack stack:<nil>]] [task:solana-tx-sender[poll-last-block]][0m
[33mWARN[0m [32m[08/15 21:42:29.036] [0mDo scheduled task executor error[32m [sidecar][0m[33m [err:map[error:max retry times reached: 3: failed to retry for: https://devnet.helius-rpc.com/?api-key=adfeb5d6-3c05-4d32-8bd0-3860a795efdc: request failed: rpc call failed on sendRequest: Post "https://devnet.helius-rpc.com/?api-key=adfeb5d6-3c05-4d32-8bd0-3860a795efdc": context deadline exceeded kind:*errors.withStack stack:<nil>]] [task:solana-tx-sender[poll-last-block]][0m
[33mWARN[0m [32m[08/15 21:42:44.243] [0mDo scheduled task executor error[32m [sidecar][0m[33m [err:map[error:max retry times reached: 3: failed to retry for: https://devnet.helius-rpc.com/?api-key=adfeb5d6-3c05-4d32-8bd0-3860a795efdc: request failed: rpc call failed on sendRequest: Post "https://devnet.helius-rpc.com/?api-key=adfeb5d6-3c05-4d32-8bd0-3860a795efdc": context deadline exceeded kind:*errors.withStack stack:<nil>]] [task:solana-tx-sender[poll-last-block]][0m
[33mWARN[0m [32m[08/15 21:42:59.450] [0mDo scheduled task executor error[32m [sidecar][0m[33m [err:map[error:max retry times reached: 3: failed to retry for: https://devnet.helius-rpc.com/?api-key=adfeb5d6-3c05-4d32-8bd0-3860a795efdc: request failed: rpc call failed on sendRequest: Post "https://devnet.helius-rpc.com/?api-key=adfeb5d6-3c05-4d32-8bd0-3860a795efdc": context deadline exceeded kind:*errors.withStack stack:<nil>]] [task:solana-tx-sender[poll-last-block]][0m
[33mWARN[0m [32m[08/15 21:43:14.657] [0mDo scheduled task executor error[32m [sidecar][0m[33m [err:map[error:max retry times reached: 3: failed to retry for: https://devnet.helius-rpc.com/?api-key=adfeb5d6-3c05-4d32-8bd0-3860a795efdc: request failed: rpc call failed on sendRequest: Post "https://devnet.helius-rpc.com/?api-key=adfeb5d6-3c05-4d32-8bd0-3860a795efdc": context deadline exceeded kind:*errors.withStack stack:<nil>]] [task:solana-tx-sender[poll-last-block]][0m
[33mWARN[0m [32m[08/15 21:43:29.873] [0mDo scheduled task executor error[32m [sidecar][0m[33m [err:map[error:max retry times reached: 3: failed to retry for: https://devnet.helius-rpc.com/?api-key=adfeb5d6-3c05-4d32-8bd0-3860a795efdc: request failed: rpc call failed on sendRequest: Post "https://devnet.helius-rpc.com/?api-key=adfeb5d6-3c05-4d32-8bd0-3860a795efdc": context deadline exceeded kind:*errors.withStack stack:<nil>]] [task:solana-tx-sender[poll-last-block]][0m
[33mWARN[0m [32m[08/15 21:43:45.080] [0mDo scheduled task executor error[32m [sidecar][0m[33m [err:map[error:max retry times reached: 3: failed to retry for: https://devnet.helius-rpc.com/?api-key=adfeb5d6-3c05-4d32-8bd0-3860a795efdc: request failed: rpc call failed on sendRequest: Post "https://devnet.helius-rpc.com/?api-key=adfeb5d6-3c05-4d32-8bd0-3860a795efdc": context deadline exceeded kind:*errors.withStack stack:<nil>]] [task:solana-tx-sender[poll-last-block]][0m
[33mWARN[0m [32m[08/15 21:44:00.287] [0mDo scheduled task executor error[32m [sidecar][0m[33m [err:map[error:max retry times reached: 3: failed to retry for: https://devnet.helius-rpc.com/?api-key=adfeb5d6-3c05-4d32-8bd0-3860a795efdc: request failed: rpc call failed on sendRequest: Post "https://devnet.helius-rpc.com/?api-key=adfeb5d6-3c05-4d32-8bd0-3860a795efdc": context deadline exceeded kind:*errors.withStack stack:<nil>]] [task:solana-tx-sender[poll-last-block]][0m
[33mWARN[0m [32m[08/15 21:44:15.500] [0mDo scheduled task executor error[32m [sidecar][0m[33m [err:map[error:max retry times reached: 3: failed to retry for: https://devnet.helius-rpc.com/?api-key=adfeb5d6-3c05-4d32-8bd0-3860a795efdc: request failed: rpc call failed on sendRequest: Post "https://devnet.helius-rpc.com/?api-key=adfeb5d6-3c05-4d32-8bd0-3860a795efdc": context deadline exceeded kind:*errors.withStack stack:<nil>]] [task:solana-tx-sender[poll-last-block]][0m
[33mWARN[0m [32m[08/15 21:44:30.706] [0mDo scheduled task executor error[32m [sidecar][0m[33m [err:map[error:max retry times reached: 3: failed to retry for: https://devnet.helius-rpc.com/?api-key=adfeb5d6-3c05-4d32-8bd0-3860a795efdc: request failed: rpc call failed on sendRequest: Post "https://devnet.helius-rpc.com/?api-key=adfeb5d6-3c05-4d32-8bd0-3860a795efdc": context deadline exceeded kind:*errors.withStack stack:<nil>]] [task:solana-tx-sender[poll-last-block]][0m
[36mINFO[0m [32m[08/15 21:48:35.538] [0mReceive exit signal: interrupt[32m [sidecar][0m[36m[0m
[36mINFO[0m [32m[08/15 21:48:35.541] [0mComponent[app] stopped[32m [sidecar][0m[36m [time_cost:1.233084ms][0m
[36mINFO[0m [32m[08/15 21:48:35.543] [0mIPC server shutdown[32m [api][0m[36m[0m
[36mINFO[0m [32m[08/15 21:48:35.544] [0mHttp server shutdown[32m [api][0m[36m[0m
[36mINFO[0m [32m[08/15 21:48:35.544] [0mComponent[http-api-server] stopped[32m [sidecar][0m[36m [time_cost:1.9535ms][0m
[36mINFO[0m [32m[08/15 21:48:35.544] [0mDeployManager stopped[32m [base_deploymanager][0m[36m[0m
[36mINFO[0m [32m[08/15 21:48:35.544] [0mComponent[deploymanager] stopped[32m [sidecar][0m[36m [time_cost:599.125µs][0m
[36mINFO[0m [32m[08/15 21:48:35.545] [0mevent processor stopping[32m [solana_sm][0m[36m[0m
[36mINFO[0m [32m[08/15 21:48:35.545] [0mScheduled task stopped[32m [sidecar][0m[36m [interval:2s] [task:solana-tx-sender[poll-last-block]][0m
