[36mINFO[0m [32m[08/18 11:46:51.539] [0mtoken-engine version:[32m [app][0m[36m[0m
[36mINFO[0m [32m[08/18 11:46:51.540] [0mSystem version: darwin/arm64[32m [app][0m[36m[0m
[36mINFO[0m [32m[08/18 11:46:51.540] [0mGolang version: go1.24.2[32m [app][0m[36m[0m
[36mINFO[0m [32m[08/18 11:46:51.541] [0mApp build time:[32m [app][0m[36m[0m
[36mINFO[0m [32m[08/18 11:46:51.542] [0mGit commit id:[32m [app][0m[36m[0m
[36mINFO[0m [32m[08/18 11:46:51.542] [0mRepo path: /Users/yanzhixing/Downloads/GitHub/token-engine/deploy[32m [app][0m[36m[0m
[36mINFO[0m [32m[08/18 11:46:51.542] [0mExecutable: /Users/yanzhixing/Downloads/GitHub/token-engine/deploy/tools/bin/token-engine[32m [app][0m[36m[0m
[36mINFO[0m [32m[08/18 11:46:51.542] [0mPID: 71362[32m [app][0m[36m[0m
[36mINFO[0m [32m[08/18 11:46:51.542] [0mUUID node index: 0[32m [app][0m[36m[0m
[36mINFO[0m [32m[08/18 11:46:51.775] [0mcreating new base AxcTxPrepare[32m [base_txprepare][0m[36m[0m
[36mINFO[0m [32m[08/18 11:46:51.775] [0mcreating new base AxcTxExecutor[32m [base_txexecutor][0m[36m[0m
[36mINFO[0m [32m[08/18 11:46:51.775] [0mcreate axc vault idl[32m [solana-idl][0m[36m[0m
[36mINFO[0m [32m[08/18 11:46:51.775] [0mcreate axc vault transaction builder[32m [axc_tx_builder][0m[36m[0m
[36mINFO[0m [32m[08/18 11:46:51.775] [0mcreating Solana chain adaptor[32m [common_chain_adaptor][0m[36m[0m
[36mINFO[0m [32m[08/18 11:46:51.924] [0minitialized all program event definitions[32m [solana_sm][0m[36m [programCount:1][0m
[36mINFO[0m [32m[08/18 11:46:51.924] [0mRegistered transfer provider[32m [transfer-service][0m[36m [chainID:97] [tokens:[BNB USDT USDC]][0m
[36mINFO[0m [32m[08/18 11:46:51.924] [0mRegistered transfer provider[32m [transfer-service][0m[36m [chainID:2494104990] [tokens:[TRX USDT]][0m
[36mINFO[0m [32m[08/18 11:46:51.924] [0mcore api initialized[32m [coreApi][0m[36m[0m
[36mINFO[0m [32m[08/18 11:46:52.091] [0mComponent[sql-connector] started[32m [sidecar][0m[36m [time_cost:166.497041ms][0m
[36mINFO[0m [32m[08/18 11:46:53.669] [0mFinished connect to send tx http rpcs[32m [solana-jsonrpc][0m[36m [cost:1.555055417s] [num:3][0m
[36mINFO[0m [32m[08/18 11:46:54.017] [0mFinished connect to stable http rpcs[32m [solana-jsonrpc][0m[36m [cost:348.038708ms] [num:3][0m
[36mINFO[0m [32m[08/18 11:46:56.236] [0mFinished connect to unstable http rpcs[32m [solana-jsonrpc][0m[36m [cost:2.218985209s] [num:45][0m
[36mINFO[0m [32m[08/18 11:46:57.306] [0mFinished connect to ws rpcs[32m [solana-jsonrpc][0m[36m [cost:1.069179542s] [num:1][0m
[36mINFO[0m [32m[08/18 11:46:57.713] [0mScheduled task started[32m [sidecar][0m[36m [interval:2s] [task:solana-tx-sender[poll-last-block]][0m
[36mINFO[0m [32m[08/18 11:46:57.713] [0msolana submitter started[32m [solana-submitter][0m[36m[0m
[36mINFO[0m [32m[08/18 11:46:57.713] [0mswap submitter started[32m [submitter][0m[36m[0m
[36mINFO[0m [32m[08/18 11:46:57.713] [0mComponent[SwapSubmitter] started[32m [sidecar][0m[36m [time_cost:5.599827833s][0m
[36mINFO[0m [32m[08/18 11:46:57.714] [0mComponent[ExchangeDataService] started[32m [sidecar][0m[36m [time_cost:12.75µs][0m
[36mINFO[0m [32m[08/18 11:46:57.714] [0mScheduled task started[32m [sidecar][0m[36m [interval:1m0s] [task:StatisticExchangeData][0m
[36mINFO[0m [32m[08/18 11:46:57.714] [0mScheduled task started[32m [sidecar][0m[36m [interval:1h0m0s] [task:UpdateExchangeTokenHolders][0m
[36mINFO[0m [32m[08/18 11:46:57.714] [0mComponent[ContractMaterials] started[32m [sidecar][0m[36m [time_cost:4.667µs][0m
[36mINFO[0m [32m[08/18 11:46:57.714] [0mstarting Solana chain adaptor[32m [common_chain_adaptor][0m[36m[0m
[36mINFO[0m [32m[08/18 11:46:57.714] [0mSolana chain adaptor started successfully[32m [common_chain_adaptor][0m[36m[0m
[36mINFO[0m [32m[08/18 11:46:57.714] [0mComponent[common_chain_adaptor] started[32m [sidecar][0m[36m [time_cost:198.458µs][0m
[36mINFO[0m [32m[08/18 11:46:57.830] [0mContract materials loaded successfully[32m [basechain][0m[36m [appid:root] [chainId:84532] [contractCount:9] [errors:0][0m
[36mINFO[0m [32m[08/18 11:46:57.957] [0mSolana syncer started[32m [common_chain_adaptor][0m[36m[0m
[36mINFO[0m [32m[08/18 11:46:57.957] [0mComponent[Syncer] started[32m [sidecar][0m[36m [time_cost:242.309ms][0m
[36mINFO[0m [32m[08/18 11:46:58.463] [0mNSQ consumer component started[32m [msgqueue][0m[36m[0m
[36mINFO[0m [32m[08/18 11:46:58.464] [0mComponent[msg_queue] started[32m [sidecar][0m[36m [time_cost:506.610083ms][0m
[36mINFO[0m [32m[08/18 11:46:58.464] [0mComponent[solana_sm] started[32m [sidecar][0m[36m [time_cost:3µs][0m
[36mINFO[0m [32m[08/18 11:46:58.464] [0mLoading deployment manifest from[32m [base_deploymanager][0m[36m [path:/Users/yanzhixing/Downloads/GitHub/token-engine/deploy/abis][0m
[36mINFO[0m [32m[08/18 11:46:58.464] [0mComponent[deploymanager] started[32m [sidecar][0m[36m [time_cost:22.041µs][0m
[36mINFO[0m [32m[08/18 11:46:58.464] [0mStarting TokenBalanceService[32m [TokenBalanceService][0m[36m[0m
[36mINFO[0m [32m[08/18 11:46:58.464] [0mevent processor started[32m [solana_sm][0m[36m[0m
[36mINFO[0m [32m[08/18 11:46:58.464] [0mComponent[TokenBalanceService] started[32m [sidecar][0m[36m [time_cost:31.875µs][0m
[36mINFO[0m [32m[08/18 11:46:58.464] [0mSolana events manager started[32m [solana_sm][0m[36m[0m
[36mINFO[0m [32m[08/18 11:46:58.464] [0mIPC server listen on: /Users/yanzhixing/Downloads/GitHub/token-engine/deploy/ipc.sock[32m [api][0m[36m[0m
[36mINFO[0m [32m[08/18 11:46:58.464] [0mHttp server listen on: 8082[32m [api][0m[36m[0m
[36mINFO[0m [32m[08/18 11:46:58.464] [0mComponent[http-api-server] started[32m [sidecar][0m[36m [time_cost:396.833µs][0m
[36mINFO[0m [32m[08/18 11:46:58.464] [0mComponent[app] started[32m [sidecar][0m[36m [time_cost:121.666µs][0m
[36mINFO[0m [32m[08/18 11:46:58.464] [0mtoken-engine is ready[32m [sidecar][0m[36m[0m
[36mINFO[0m [32m[08/18 11:46:58.465] [0m=====================================================================================
   __            __                                                  _
  / /_  ____    / /__  ___    ____          ___    ____    ____ _   (_)   ____   ___
 / __/ / __ \  / //_/ / _ \  / __ \ ______ / _ \  / __ \  / __ `/  / /   / __ \ / _ \
/ /_  / /_/ / / ,<   /  __/ / / / //_____//  __/ / / / / / /_/ /  / /   / / / //  __/
\__/  \____/ /_/|_|  \___/ /_/ /_/        \___/ /_/ /_/  \__, /  /_/   /_/ /_/ \___/
                                                        /____/

=====================================================================================[32m [sidecar][0m[36m[0m
[36mINFO[0m [32m[08/18 11:47:02.964] [0mpreparing create vault transaction[32m [base_txprepare][0m[36m [params:&{84532 {0xf39Fd6e51aad88F6F4ce6aB8827279cffFb92266 0xf39Fd6e51aad88F6F4ce6aB8827279cffFb92266 0xf39Fd6e51aad88F6F4ce6aB8827279cffFb92266 0xf39Fd6e51aad88F6F4ce6aB8827279cffFb92266 0xf39Fd6e51aad88F6F4ce6aB8827279cffFb92266} {TestToken MT 6 https://example.com/token-metadata.json} {VaultCreate 0xf39Fd6e51aad88F6F4ce6aB8827279cffFb92266 1000000 1754832494 1786800494 110 560 1 100000 300 0xf39Fd6e51aad88F6F4ce6aB8827279cffFb92266 0xf39Fd6e51aad88F6F4ce6aB8827279cffFb92266 1} false}][0m
[36mINFO[0m [32m[08/18 11:47:04.050] [0mnonce retrieved successfully[32m [base_txprepare][0m[36m [deployer:0xf39Fd6e51aad88F6F4ce6aB8827279cffFb92266] [nonce:14869][0m
[36mINFO[0m [32m[08/18 11:47:05.173] [0mtx[32m [base_txprepare][0m[36m [tx:&{0x140012998c0 {13988398619063969784 13194655501 0x103cacde0} {[] {} <nil>} {{} {} 0} {[] {} <nil>}}][0m
[36mINFO[0m [32m[08/18 11:47:05.174] [0mrawTx[32m [base_txprepare][0m[36m [rawTx:[249 5 174 130 58 21 131 45 199 104 131 45 198 192 148 23 165 10 162 209 213 232 218 8 69 249 164 235 48 79 152 147 197 51 223 128 185 5 68 67 65 124 234 0 0 0 0 0 0 0 0 0 0 0 0 0 0 0 0 0 0 0 0 0 0 0 0 0 0 0 0 0 0 1 32 0 0 0 0 0 0 0 0 0 0 0 0 0 0 0 0 0 0 0 0 0 0 0 0 0 0 0 0 0 0 0 0 0 0 0 0 0 0 0 0 0 0 0 0 0 0 0 0 0 0 0 0 0 0 0 0 0 0 0 0 0 0 1 96 0 0 0 0 0 0 0 0 0 0 0 0 0 0 0 0 0 0 0 0 0 0 0 0 0 0 0 0 0 0 0 0 0 0 0 0 0 0 0 0 0 0 0 0 0 0 0 0 0 0 0 0 0 0 0 0 0 0 0 0 0 0 2 32 0 0 0 0 0 0 0 0 0 0 0 0 0 0 0 0 0 0 0 0 0 0 0 0 0 0 0 0 0 0 0 0 0 0 0 0 0 0 0 0 0 0 0 0 0 0 0 0 0 0 0 0 0 0 0 0 0 0 0 0 0 0 3 32 0 0 0 0 0 0 0 0 0 0 0 0 0 0 0 0 0 0 0 0 0 0 0 0 0 0 0 0 0 0 0 0 0 0 0 0 0 0 0 0 0 0 0 0 0 0 0 0 0 0 0 0 0 0 0 0 0 0 0 0 0 0 4 192 0 0 0 0 0 0 0 0 0 0 0 0 0 0 0 0 0 0 0 0 0 0 0 0 0 0 0 0 0 0 0 11 86 97 117 108 116 67 114 101 97 116 101 0 0 0 0 0 0 0 0 0 0 0 0 0 0 0 0 0 0 0 0 0 0 0 0 0 0 0 0 0 0 0 0 0 0 0 0 0 0 0 0 0 0 0 0 0 0 0 0 0 0 0 0 160 0 0 0 0 0 0 0 0 0 0 0 0 243 159 214 229 26 173 136 246 244 206 106 184 130 114 121 207 255 185 34 102 0 0 0 0 0 0 0 0 0 0 0 0 243 159 214 229 26 173 136 246 244 206 106 184 130 114 121 207 255 185 34 102 0 0 0 0 0 0 0 0 0 0 0 0 0 0 0 0 0 0 0 0 0 0 0 0 0 0 0 0 0 0 0 0 0 0 0 0 0 0 0 0 0 0 0 0 0 0 0 0 0 0 0 0 0 0 0 0 0 0 0 0 0 0 0 128 0 0 0 0 0 0 0 0 0 0 0 0 0 0 0 0 0 0 0 0 0 0 0 0 0 0 0 0 0 0 0 0 0 0 0 0 0 0 0 0 0 0 0 0 0 0 0 0 0 0 0 0 0 0 0 0 0 0 0 0 0 0 0 224 0 0 0 0 0 0 0 0 0 0 0 0 0 0 0 0 0 0 0 0 0 0 0 0 0 0 0 0 0 0 0 96 0 0 0 0 0 0 0 0 0 0 0 0 0 0 0 0 0 0 0 0 0 0 0 0 0 0 0 0 0 0 0 160 0 0 0 0 0 0 0 0 0 0 0 0 0 0 0 0 0 0 0 0 0 0 0 0 0 0 0 0 0 0 0 6 0 0 0 0 0 0 0 0 0 0 0 0 0 0 0 0 0 0 0 0 0 0 0 0 0 0 0 0 0 0 0 9 84 101 115 116 84 111 107 101 110 0 0 0 0 0 0 0 0 0 0 0 0 0 0 0 0 0 0 0 0 0 0 0 0 0 0 0 0 0 0 0 0 0 0 0 0 0 0 0 0 0 0 0 0 0 0 0 0 0 0 0 0 0 0 2 77 84 0 0 0 0 0 0 0 0 0 0 0 0 0 0 0 0 0 0 0 0 0 0 0 0 0 0 0 0 0 0 0 0 0 0 0 0 0 0 0 0 0 0 0 0 0 0 0 0 0 0 0 0 0 0 0 0 0 0 0 0 1 128 0 0 0 0 0 0 0 0 0 0 0 0 0 0 0 0 0 0 0 0 0 0 0 0 0 0 0 0 104 152 158 110 0 0 0 0 0 0 0 0 0 0 0 0 0 0 0 0 0 0 0 0 0 0 0 0 0 0 0 0 106 128 105 110 0 0 0 0 0 0 0 0 0 0 0 0 3 108 189 83 132 44 84 38 99 78 121 41 84 30 194 49 143 61 207 126 0 0 0 0 0 0 0 0 0 0 0 0 0 0 0 0 0 0 0 0 0 0 0 0 0 0 0 232 212 165 16 0 0 0 0 0 0 0 0 0 0 0 0 0 0 0 0 0 0 0 0 0 0 0 0 0 0 0 0 23 72 118 232 0 0 0 0 0 0 0 0 0 0 0 0 0 0 0 0 0 0 0 0 0 0 0 0 0 0 0 0 0 0 15 66 64 0 0 0 0 0 0 0 0 0 0 0 0 0 0 0 0 0 0 0 0 0 0 0 0 0 0 0 0 0 0 0 110 0 0 0 0 0 0 0 0 0 0 0 0 0 0 0 0 0 0 0 0 0 0 0 0 0 0 0 0 0 0 1 44 0 0 0 0 0 0 0 0 0 0 0 0 243 159 214 229 26 173 136 246 244 206 106 184 130 114 121 207 255 185 34 102 0 0 0 0 0 0 0 0 0 0 0 0 243 159 214 229 26 173 136 246 244 206 106 184 130 114 121 207 255 185 34 102 0 0 0 0 0 0 0 0 0 0 0 0 0 0 0 0 0 0 0 0 0 0 0 0 0 0 0 0 0 0 0 1 0 0 0 0 0 0 0 0 0 0 0 0 243 159 214 229 26 173 136 246 244 206 106 184 130 114 121 207 255 185 34 102 0 0 0 0 0 0 0 0 0 0 0 0 0 0 0 0 0 0 0 0 0 0 0 0 0 0 0 0 0 0 0 96 0 0 0 0 0 0 0 0 0 0 0 0 3 108 189 83 132 44 84 38 99 78 121 41 84 30 194 49 143 61 207 126 0 0 0 0 0 0 0 0 0 0 0 0 243 159 214 229 26 173 136 246 244 206 106 184 130 114 121 207 255 185 34 102 0 0 0 0 0 0 0 0 0 0 0 0 243 159 214 229 26 173 136 246 244 206 106 184 130 114 121 207 255 185 34 102 131 2 148 139 160 107 192 47 241 246 181 88 142 27 225 167 48 7 83 28 0 25 77 99 104 179 87 90 252 19 82 26 55 209 117 232 203 160 84 2 246 219 245 176 114 135 186 115 213 159 140 76 9 51 88 191 122 102 194 224 60 204 49 151 210 88 208 75 8 92]][0m
[36mINFO[0m [32m[08/18 11:47:05.175] [0msuccessfully prepared create vault transaction[32m [base_txprepare][0m[36m [gasLimit:3000000] [gasPrice:3000168] [nonce:14869] [txHash:0x0bad61b8331408d9b38fa8f3dc73f8c77a1155fd0b35e61ceb99de264195d835][0m
[36mINFO[0m [32m[08/18 11:47:05.175] [0mqueryVaultCreated[32m [base_txprepare][0m[36m[0m
[36mINFO[0m [32m[08/18 11:47:05.175] [0mqueryVaultCreated[32m [base_txprepare][0m[36m [txHash:0x0bad61b8331408d9b38fa8f3dc73f8c77a1155fd0b35e61ceb99de264195d835][0m
[36mINFO[0m [32m[08/18 11:47:05.175] [0mwaitForReceipt[32m [base_txprepare][0m[36m [txHash:0x0bad61b8331408d9b38fa8f3dc73f8c77a1155fd0b35e61ceb99de264195d835][0m
[36mINFO[0m [32m[08/18 11:47:08.482] [0mwaitForReceipt[32m [base_txprepare][0m[36m [err:map[error:not found kind:*errors.errorString stack:<nil>]][0m
[36mINFO[0m [32m[08/18 11:47:11.504] [0mwaitForReceipt[32m [base_txprepare][0m[36m [err:map[error:not found kind:*errors.errorString stack:<nil>]][0m
[36mINFO[0m [32m[08/18 11:47:14.516] [0mwaitForReceipt[32m [base_txprepare][0m[36m [err:map[error:not found kind:*errors.errorString stack:<nil>]][0m
[36mINFO[0m [32m[08/18 11:47:17.487] [0mwaitForReceipt[32m [base_txprepare][0m[36m [err:map[error:not found kind:*errors.errorString stack:<nil>]][0m
[36mINFO[0m [32m[08/18 11:47:20.656] [0mwaitForReceipt[32m [base_txprepare][0m[36m [err:map[error:not found kind:*errors.errorString stack:<nil>]][0m
[36mINFO[0m [32m[08/18 11:47:23.502] [0mwaitForReceipt[32m [base_txprepare][0m[36m [err:map[error:not found kind:*errors.errorString stack:<nil>]][0m
[36mINFO[0m [32m[08/18 11:47:26.487] [0mwaitForReceipt[32m [base_txprepare][0m[36m [err:map[error:not found kind:*errors.errorString stack:<nil>]][0m
[36mINFO[0m [32m[08/18 11:47:29.504] [0mwaitForReceipt[32m [base_txprepare][0m[36m [err:map[error:not found kind:*errors.errorString stack:<nil>]][0m
[36mINFO[0m [32m[08/18 11:47:32.468] [0mwaitForReceipt[32m [base_txprepare][0m[36m [err:map[error:not found kind:*errors.errorString stack:<nil>]][0m
[36mINFO[0m [32m[08/18 11:47:35.729] [0mwaitForReceipt[32m [base_txprepare][0m[36m [err:map[error:not found kind:*errors.errorString stack:<nil>]][0m
[36mINFO[0m [32m[08/18 11:47:38.723] [0mwaitForReceipt[32m [base_txprepare][0m[36m [err:map[error:not found kind:*errors.errorString stack:<nil>]][0m
[36mINFO[0m [32m[08/18 11:47:41.500] [0mwaitForReceipt[32m [base_txprepare][0m[36m [err:map[error:not found kind:*errors.errorString stack:<nil>]][0m
[36mINFO[0m [32m[08/18 11:47:44.710] [0mwaitForReceipt[32m [base_txprepare][0m[36m [err:map[error:not found kind:*errors.errorString stack:<nil>]][0m
[36mINFO[0m [32m[08/18 11:47:46.187] [0mReceive exit signal: interrupt[32m [sidecar][0m[36m[0m
[36mINFO[0m [32m[08/18 11:47:46.187] [0mComponent[app] stopped[32m [sidecar][0m[36m [time_cost:148.542µs][0m
[36mINFO[0m [32m[08/18 11:47:46.187] [0mIPC server shutdown[32m [api][0m[36m[0m
[36mINFO[0m [32m[08/18 11:47:46.187] [0mHttp server shutdown[32m [api][0m[36m[0m
[36mINFO[0m [32m[08/18 11:47:46.187] [0mComponent[http-api-server] stopped[32m [sidecar][0m[36m [time_cost:208.416µs][0m
[36mINFO[0m [32m[08/18 11:47:46.187] [0mComponent[TokenBalanceService] stopped[32m [sidecar][0m[36m [time_cost:667ns][0m
[36mINFO[0m [32m[08/18 11:47:46.187] [0mwaitForReceipt[32m [base_txprepare][0m[36m [!BADKEY:ctx.Done][0m
[36mINFO[0m [32m[08/18 11:47:46.188] [0mDeployManager stopped[32m [base_deploymanager][0m[36m[0m
[31mERRO[0m [32m[08/18 11:47:46.188] [0mfailed to wait for receipt[32m [base_txprepare][0m[31m [error:map[error:context canceled kind:*errors.errorString stack:<nil>]][0m
[36mINFO[0m [32m[08/18 11:47:46.188] [0mComponent[deploymanager] stopped[32m [sidecar][0m[36m [time_cost:51.916µs][0m
[36mINFO[0m [32m[08/18 11:47:46.188] [0mAPI request[32m [api][0m[36m [uri:/api/v2/primary/vault/prepare_create] [method:POST] [ip:127.0.0.1] [http_code:200] [time_cost:43.224039916s] [caller:root][0m
[36mINFO[0m [32m[08/18 11:47:46.188] [0mevent processor stopping[32m [solana_sm][0m[36m[0m
[31mERRO[0m [32m[08/18 11:47:46.188] [0mStop components failed[32m [sidecar][0m[31m [err:map[error:goroutine exited without returning kind:*errors.errorString stack:<nil>]][0m
