[36mINFO[0m [32m[08/18 14:49:05.931] [0mtoken-engine version:[32m [app][0m[36m[0m
[36mINFO[0m [32m[08/18 14:49:05.931] [0mSystem version: darwin/arm64[32m [app][0m[36m[0m
[36mINFO[0m [32m[08/18 14:49:05.931] [0mGolang version: go1.24.2[32m [app][0m[36m[0m
[36mINFO[0m [32m[08/18 14:49:05.931] [0mApp build time:[32m [app][0m[36m[0m
[36mINFO[0m [32m[08/18 14:49:05.931] [0mGit commit id:[32m [app][0m[36m[0m
[36mINFO[0m [32m[08/18 14:49:05.931] [0mRepo path: /Users/yanzhixing/Downloads/GitHub/token-engine/deploy[32m [app][0m[36m[0m
[36mINFO[0m [32m[08/18 14:49:05.931] [0mExecutable: /Users/yanzhixing/Downloads/GitHub/token-engine/deploy/tools/bin/token-engine[32m [app][0m[36m[0m
[36mINFO[0m [32m[08/18 14:49:05.931] [0mPID: 51552[32m [app][0m[36m[0m
[36mINFO[0m [32m[08/18 14:49:05.931] [0mUUID node index: 0[32m [app][0m[36m[0m
[36mINFO[0m [32m[08/18 14:49:06.155] [0mcreating new base AxcTxPrepare[32m [base_txprepare][0m[36m[0m
[36mINFO[0m [32m[08/18 14:49:06.155] [0mcreating new base AxcTxExecutor[32m [base_txexecutor][0m[36m[0m
[36mINFO[0m [32m[08/18 14:49:06.156] [0mcreate axc vault idl[32m [solana-idl][0m[36m[0m
[36mINFO[0m [32m[08/18 14:49:06.156] [0mcreate axc vault transaction builder[32m [axc_tx_builder][0m[36m[0m
[36mINFO[0m [32m[08/18 14:49:06.156] [0mcreating Solana chain adaptor[32m [common_chain_adaptor][0m[36m[0m
[36mINFO[0m [32m[08/18 14:49:06.271] [0minitialized all program event definitions[32m [solana_sm][0m[36m [programCount:1][0m
[36mINFO[0m [32m[08/18 14:49:06.271] [0mRegistered transfer provider[32m [transfer-service][0m[36m [chainID:97] [tokens:[BNB USDT USDC]][0m
[36mINFO[0m [32m[08/18 14:49:06.272] [0mRegistered transfer provider[32m [transfer-service][0m[36m [chainID:2494104990] [tokens:[TRX USDT]][0m
[36mINFO[0m [32m[08/18 14:49:06.272] [0mcore api initialized[32m [coreApi][0m[36m[0m
[36mINFO[0m [32m[08/18 14:49:06.521] [0mComponent[sql-connector] started[32m [sidecar][0m[36m [time_cost:249.586375ms][0m
[36mINFO[0m [32m[08/18 14:49:08.309] [0mFinished connect to send tx http rpcs[32m [solana-jsonrpc][0m[36m [cost:1.787056375s] [num:3][0m
[36mINFO[0m [32m[08/18 14:49:08.605] [0mFinished connect to stable http rpcs[32m [solana-jsonrpc][0m[36m [cost:296.534875ms] [num:3][0m
[36mINFO[0m [32m[08/18 14:49:11.980] [0mFinished connect to unstable http rpcs[32m [solana-jsonrpc][0m[36m [cost:3.374617041s] [num:45][0m
[36mINFO[0m [32m[08/18 14:49:13.611] [0mFinished connect to ws rpcs[32m [solana-jsonrpc][0m[36m [cost:1.631012042s] [num:1][0m
[36mINFO[0m [32m[08/18 14:49:14.305] [0mScheduled task started[32m [sidecar][0m[36m [interval:2s] [task:solana-tx-sender[poll-last-block]][0m
[36mINFO[0m [32m[08/18 14:49:14.305] [0msolana submitter started[32m [solana-submitter][0m[36m[0m
[36mINFO[0m [32m[08/18 14:49:14.305] [0mswap submitter started[32m [submitter][0m[36m[0m
[36mINFO[0m [32m[08/18 14:49:14.305] [0mComponent[SwapSubmitter] started[32m [sidecar][0m[36m [time_cost:7.783684833s][0m
[36mINFO[0m [32m[08/18 14:49:14.305] [0mComponent[ExchangeDataService] started[32m [sidecar][0m[36m [time_cost:6.416µs][0m
[36mINFO[0m [32m[08/18 14:49:14.305] [0mComponent[ContractMaterials] started[32m [sidecar][0m[36m [time_cost:2.709µs][0m
[36mINFO[0m [32m[08/18 14:49:14.305] [0mScheduled task started[32m [sidecar][0m[36m [interval:1h0m0s] [task:UpdateExchangeTokenHolders][0m
[36mINFO[0m [32m[08/18 14:49:14.305] [0mScheduled task started[32m [sidecar][0m[36m [interval:1m0s] [task:StatisticExchangeData][0m
[36mINFO[0m [32m[08/18 14:49:14.305] [0mstarting Solana chain adaptor[32m [common_chain_adaptor][0m[36m[0m
[36mINFO[0m [32m[08/18 14:49:14.305] [0mSolana chain adaptor started successfully[32m [common_chain_adaptor][0m[36m[0m
[36mINFO[0m [32m[08/18 14:49:14.306] [0mComponent[common_chain_adaptor] started[32m [sidecar][0m[36m [time_cost:134.667µs][0m
[36mINFO[0m [32m[08/18 14:49:14.426] [0mContract materials loaded successfully[32m [basechain][0m[36m [appid:root] [chainId:84532] [contractCount:9] [errors:0][0m
[36mINFO[0m [32m[08/18 14:49:14.524] [0mSolana syncer started[32m [common_chain_adaptor][0m[36m[0m
[36mINFO[0m [32m[08/18 14:49:14.524] [0mComponent[Syncer] started[32m [sidecar][0m[36m [time_cost:218.380333ms][0m
[36mINFO[0m [32m[08/18 14:49:15.044] [0mNSQ consumer component started[32m [msgqueue][0m[36m[0m
[36mINFO[0m [32m[08/18 14:49:15.044] [0mComponent[msg_queue] started[32m [sidecar][0m[36m [time_cost:520.201708ms][0m
[36mINFO[0m [32m[08/18 14:49:15.044] [0mComponent[solana_sm] started[32m [sidecar][0m[36m [time_cost:6.083µs][0m
[36mINFO[0m [32m[08/18 14:49:15.044] [0mLoading deployment manifest from[32m [base_deploymanager][0m[36m [path:/Users/yanzhixing/Downloads/GitHub/token-engine/deploy/abis][0m
[36mINFO[0m [32m[08/18 14:49:15.044] [0mComponent[deploymanager] started[32m [sidecar][0m[36m [time_cost:48.084µs][0m
[36mINFO[0m [32m[08/18 14:49:15.044] [0mevent processor started[32m [solana_sm][0m[36m[0m
[36mINFO[0m [32m[08/18 14:49:15.045] [0mStarting TokenBalanceService[32m [TokenBalanceService][0m[36m[0m
[36mINFO[0m [32m[08/18 14:49:15.044] [0mSolana events manager started[32m [solana_sm][0m[36m[0m
[36mINFO[0m [32m[08/18 14:49:15.045] [0mComponent[TokenBalanceService] started[32m [sidecar][0m[36m [time_cost:50.917µs][0m
[36mINFO[0m [32m[08/18 14:49:15.045] [0mIPC server listen on: /Users/yanzhixing/Downloads/GitHub/token-engine/deploy/ipc.sock[32m [api][0m[36m[0m
[36mINFO[0m [32m[08/18 14:49:15.045] [0mHttp server listen on: 8082[32m [api][0m[36m[0m
[36mINFO[0m [32m[08/18 14:49:15.045] [0mComponent[http-api-server] started[32m [sidecar][0m[36m [time_cost:814.708µs][0m
[36mINFO[0m [32m[08/18 14:49:15.046] [0mComponent[app] started[32m [sidecar][0m[36m [time_cost:295.5µs][0m
[36mINFO[0m [32m[08/18 14:49:15.046] [0mtoken-engine is ready[32m [sidecar][0m[36m[0m
[36mINFO[0m [32m[08/18 14:49:15.047] [0m=====================================================================================
   __            __                                                  _
  / /_  ____    / /__  ___    ____          ___    ____    ____ _   (_)   ____   ___
 / __/ / __ \  / //_/ / _ \  / __ \ ______ / _ \  / __ \  / __ `/  / /   / __ \ / _ \
/ /_  / /_/ / / ,<   /  __/ / / / //_____//  __/ / / / / / /_/ /  / /   / / / //  __/
\__/  \____/ /_/|_|  \___/ /_/ /_/        \___/ /_/ /_/  \__, /  /_/   /_/ /_/ \___/
                                                        /____/

=====================================================================================[32m [sidecar][0m[36m[0m
[31mERRO[0m [32m[08/18 14:49:17.624] [0mAPI request failed[32m [api][0m[31m [uri:/api/v2/primary/vault/prepare_create] [err_code:10001] [err_msg:unsupported chain] [method:POST] [ip:127.0.0.1] [http_code:200] [time_cost:866.667µs] [caller:root][0m
[36mINFO[0m [32m[08/18 14:52:02.041] [0mReceive exit signal: interrupt[32m [sidecar][0m[36m[0m
[36mINFO[0m [32m[08/18 14:52:02.041] [0mComponent[app] stopped[32m [sidecar][0m[36m [time_cost:147.333µs][0m
[36mINFO[0m [32m[08/18 14:52:02.042] [0mIPC server shutdown[32m [api][0m[36m[0m
[36mINFO[0m [32m[08/18 14:52:02.042] [0mHttp server shutdown[32m [api][0m[36m[0m
[36mINFO[0m [32m[08/18 14:52:02.042] [0mComponent[http-api-server] stopped[32m [sidecar][0m[36m [time_cost:219.166µs][0m
[36mINFO[0m [32m[08/18 14:52:02.042] [0mComponent[TokenBalanceService] stopped[32m [sidecar][0m[36m [time_cost:875ns][0m
[36mINFO[0m [32m[08/18 14:52:02.042] [0mDeployManager stopped[32m [base_deploymanager][0m[36m[0m
[36mINFO[0m [32m[08/18 14:52:02.042] [0mComponent[deploymanager] stopped[32m [sidecar][0m[36m [time_cost:21.083µs][0m
[36mINFO[0m [32m[08/18 14:52:02.042] [0mevent processor stopping[32m [solana_sm][0m[36m[0m
