[36mINFO[0m [32m[08/18 11:48:53.852] [0mtoken-engine version:[32m [app][0m[36m[0m
[36mINFO[0m [32m[08/18 11:48:53.853] [0mSystem version: darwin/arm64[32m [app][0m[36m[0m
[36mINFO[0m [32m[08/18 11:48:53.853] [0mGolang version: go1.24.2[32m [app][0m[36m[0m
[36mINFO[0m [32m[08/18 11:48:53.853] [0mApp build time:[32m [app][0m[36m[0m
[36mINFO[0m [32m[08/18 11:48:53.853] [0mGit commit id:[32m [app][0m[36m[0m
[36mINFO[0m [32m[08/18 11:48:53.853] [0mRepo path: /Users/yanzhixing/Downloads/GitHub/token-engine/deploy[32m [app][0m[36m[0m
[36mINFO[0m [32m[08/18 11:48:53.853] [0mExecutable: /Users/yanzhixing/Downloads/GitHub/token-engine/deploy/tools/bin/token-engine[32m [app][0m[36m[0m
[36mINFO[0m [32m[08/18 11:48:53.853] [0mPID: 74938[32m [app][0m[36m[0m
[36mINFO[0m [32m[08/18 11:48:53.853] [0mUUID node index: 0[32m [app][0m[36m[0m
[36mINFO[0m [32m[08/18 11:48:54.073] [0mcreating new base AxcTxPrepare[32m [base_txprepare][0m[36m[0m
[36mINFO[0m [32m[08/18 11:48:54.073] [0mcreating new base AxcTxExecutor[32m [base_txexecutor][0m[36m[0m
[36mINFO[0m [32m[08/18 11:48:54.073] [0mcreate axc vault idl[32m [solana-idl][0m[36m[0m
[36mINFO[0m [32m[08/18 11:48:54.073] [0mcreate axc vault transaction builder[32m [axc_tx_builder][0m[36m[0m
[36mINFO[0m [32m[08/18 11:48:54.073] [0mcreating Solana chain adaptor[32m [common_chain_adaptor][0m[36m[0m
[36mINFO[0m [32m[08/18 11:48:54.226] [0minitialized all program event definitions[32m [solana_sm][0m[36m [programCount:1][0m
[36mINFO[0m [32m[08/18 11:48:54.226] [0mRegistered transfer provider[32m [transfer-service][0m[36m [chainID:97] [tokens:[BNB USDT USDC]][0m
[36mINFO[0m [32m[08/18 11:48:54.226] [0mRegistered transfer provider[32m [transfer-service][0m[36m [chainID:2494104990] [tokens:[TRX USDT]][0m
[36mINFO[0m [32m[08/18 11:48:54.227] [0mcore api initialized[32m [coreApi][0m[36m[0m
[36mINFO[0m [32m[08/18 11:48:54.424] [0mComponent[sql-connector] started[32m [sidecar][0m[36m [time_cost:197.392709ms][0m
[36mINFO[0m [32m[08/18 11:48:55.704] [0mFinished connect to send tx http rpcs[32m [solana-jsonrpc][0m[36m [cost:1.279408917s] [num:3][0m
[36mINFO[0m [32m[08/18 11:48:55.992] [0mFinished connect to stable http rpcs[32m [solana-jsonrpc][0m[36m [cost:287.873334ms] [num:3][0m
[36mINFO[0m [32m[08/18 11:48:58.203] [0mFinished connect to unstable http rpcs[32m [solana-jsonrpc][0m[36m [cost:2.211181167s] [num:45][0m
[36mINFO[0m [32m[08/18 11:48:59.246] [0mFinished connect to ws rpcs[32m [solana-jsonrpc][0m[36m [cost:1.042830292s] [num:1][0m
[36mINFO[0m [32m[08/18 11:48:59.759] [0mScheduled task started[32m [sidecar][0m[36m [interval:2s] [task:solana-tx-sender[poll-last-block]][0m
[36mINFO[0m [32m[08/18 11:48:59.759] [0msolana submitter started[32m [solana-submitter][0m[36m[0m
[36mINFO[0m [32m[08/18 11:48:59.759] [0mswap submitter started[32m [submitter][0m[36m[0m
[36mINFO[0m [32m[08/18 11:48:59.759] [0mComponent[SwapSubmitter] started[32m [sidecar][0m[36m [time_cost:5.335292542s][0m
[36mINFO[0m [32m[08/18 11:48:59.760] [0mComponent[ExchangeDataService] started[32m [sidecar][0m[36m [time_cost:7.25µs][0m
[36mINFO[0m [32m[08/18 11:48:59.760] [0mComponent[ContractMaterials] started[32m [sidecar][0m[36m [time_cost:2.458µs][0m
[36mINFO[0m [32m[08/18 11:48:59.760] [0mScheduled task started[32m [sidecar][0m[36m [interval:1h0m0s] [task:UpdateExchangeTokenHolders][0m
[36mINFO[0m [32m[08/18 11:48:59.760] [0mstarting Solana chain adaptor[32m [common_chain_adaptor][0m[36m[0m
[36mINFO[0m [32m[08/18 11:48:59.760] [0mScheduled task started[32m [sidecar][0m[36m [interval:1m0s] [task:StatisticExchangeData][0m
[36mINFO[0m [32m[08/18 11:48:59.760] [0mSolana chain adaptor started successfully[32m [common_chain_adaptor][0m[36m[0m
[36mINFO[0m [32m[08/18 11:48:59.760] [0mComponent[common_chain_adaptor] started[32m [sidecar][0m[36m [time_cost:156.709µs][0m
[36mINFO[0m [32m[08/18 11:48:59.919] [0mContract materials loaded successfully[32m [basechain][0m[36m [appid:root] [chainId:84532] [contractCount:9] [errors:0][0m
[36mINFO[0m [32m[08/18 11:49:00.019] [0mSolana syncer started[32m [common_chain_adaptor][0m[36m[0m
[36mINFO[0m [32m[08/18 11:49:00.019] [0mComponent[Syncer] started[32m [sidecar][0m[36m [time_cost:259.151ms][0m
[36mINFO[0m [32m[08/18 11:49:00.521] [0mNSQ consumer component started[32m [msgqueue][0m[36m[0m
[36mINFO[0m [32m[08/18 11:49:00.521] [0mComponent[msg_queue] started[32m [sidecar][0m[36m [time_cost:502.154292ms][0m
[36mINFO[0m [32m[08/18 11:49:00.521] [0mComponent[solana_sm] started[32m [sidecar][0m[36m [time_cost:5.75µs][0m
[36mINFO[0m [32m[08/18 11:49:00.521] [0mevent processor started[32m [solana_sm][0m[36m[0m
[36mINFO[0m [32m[08/18 11:49:00.521] [0mSolana events manager started[32m [solana_sm][0m[36m[0m
[36mINFO[0m [32m[08/18 11:49:00.522] [0mLoading deployment manifest from[32m [base_deploymanager][0m[36m [path:/Users/yanzhixing/Downloads/GitHub/token-engine/deploy/abis][0m
[36mINFO[0m [32m[08/18 11:49:00.522] [0mComponent[deploymanager] started[32m [sidecar][0m[36m [time_cost:115.416µs][0m
[36mINFO[0m [32m[08/18 11:49:00.522] [0mStarting TokenBalanceService[32m [TokenBalanceService][0m[36m[0m
[36mINFO[0m [32m[08/18 11:49:00.522] [0mComponent[TokenBalanceService] started[32m [sidecar][0m[36m [time_cost:133.667µs][0m
[36mINFO[0m [32m[08/18 11:49:00.523] [0mIPC server listen on: /Users/yanzhixing/Downloads/GitHub/token-engine/deploy/ipc.sock[32m [api][0m[36m[0m
[36mINFO[0m [32m[08/18 11:49:00.524] [0mHttp server listen on: 8082[32m [api][0m[36m[0m
[36mINFO[0m [32m[08/18 11:49:00.524] [0mComponent[http-api-server] started[32m [sidecar][0m[36m [time_cost:1.583042ms][0m
[36mINFO[0m [32m[08/18 11:49:00.524] [0mComponent[app] started[32m [sidecar][0m[36m [time_cost:500.5µs][0m
[36mINFO[0m [32m[08/18 11:49:00.524] [0mtoken-engine is ready[32m [sidecar][0m[36m[0m
[36mINFO[0m [32m[08/18 11:49:00.526] [0m=====================================================================================
   __            __                                                  _
  / /_  ____    / /__  ___    ____          ___    ____    ____ _   (_)   ____   ___
 / __/ / __ \  / //_/ / _ \  / __ \ ______ / _ \  / __ \  / __ `/  / /   / __ \ / _ \
/ /_  / /_/ / / ,<   /  __/ / / / //_____//  __/ / / / / / /_/ /  / /   / / / //  __/
\__/  \____/ /_/|_|  \___/ /_/ /_/        \___/ /_/ /_/  \__, /  /_/   /_/ /_/ \___/
                                                        /____/

=====================================================================================[32m [sidecar][0m[36m[0m
[36mINFO[0m [32m[08/18 11:49:10.272] [0mpreparing create vault transaction[32m [base_txprepare][0m[36m [params:&{84532 {0xf39Fd6e51aad88F6F4ce6aB8827279cffFb92266 0xf39Fd6e51aad88F6F4ce6aB8827279cffFb92266 0xf39Fd6e51aad88F6F4ce6aB8827279cffFb92266 0xf39Fd6e51aad88F6F4ce6aB8827279cffFb92266 0xf39Fd6e51aad88F6F4ce6aB8827279cffFb92266} {TestToken MT 6 https://example.com/token-metadata.json} {VaultCreate 0xf39Fd6e51aad88F6F4ce6aB8827279cffFb92266 1000000 1754832494 1786800494 110 560 1 100000 300 0xf39Fd6e51aad88F6F4ce6aB8827279cffFb92266 0xf39Fd6e51aad88F6F4ce6aB8827279cffFb92266 1} false}][0m
[36mINFO[0m [32m[08/18 11:49:11.523] [0mnonce retrieved successfully[32m [base_txprepare][0m[36m [deployer:0xf39Fd6e51aad88F6F4ce6aB8827279cffFb92266] [nonce:14869][0m
[31mERRO[0m [32m[08/18 11:49:12.629] [0mfailed to create vault transaction[32m [base_txprepare][0m[31m [error:map[error:already known kind:*rpc.jsonError stack:<nil>]][0m
[31mERRO[0m [32m[08/18 11:49:12.629] [0mAPI request failed[32m [api][0m[31m [uri:/api/v2/primary/vault/prepare_create] [err_code:10001] [err_msg:failed to create vault transaction: already known] [method:POST] [ip:127.0.0.1] [http_code:200] [time_cost:2.358013625s] [caller:root][0m
[36mINFO[0m [32m[08/18 11:52:28.502] [0mReceive exit signal: interrupt[32m [sidecar][0m[36m[0m
[36mINFO[0m [32m[08/18 11:52:28.503] [0mComponent[app] stopped[32m [sidecar][0m[36m [time_cost:471.458µs][0m
[36mINFO[0m [32m[08/18 11:52:28.504] [0mIPC server shutdown[32m [api][0m[36m[0m
[36mINFO[0m [32m[08/18 11:52:28.504] [0mHttp server shutdown[32m [api][0m[36m[0m
[36mINFO[0m [32m[08/18 11:52:28.504] [0mComponent[http-api-server] stopped[32m [sidecar][0m[36m [time_cost:342.333µs][0m
[36mINFO[0m [32m[08/18 11:52:28.504] [0mComponent[TokenBalanceService] stopped[32m [sidecar][0m[36m [time_cost:3.917µs][0m
[36mINFO[0m [32m[08/18 11:52:28.504] [0mDeployManager stopped[32m [base_deploymanager][0m[36m[0m
[36mINFO[0m [32m[08/18 11:52:28.504] [0mComponent[deploymanager] stopped[32m [sidecar][0m[36m [time_cost:43.875µs][0m
[36mINFO[0m [32m[08/18 11:52:28.504] [0mevent processor stopping[32m [solana_sm][0m[36m[0m
[31mERRO[0m [32m[08/18 11:52:28.504] [0mStop components failed[32m [sidecar][0m[31m [err:map[error:goroutine exited without returning kind:*errors.errorString stack:<nil>]][0m
