[36mINFO[0m [32m[08/18 11:52:57.020] [0mtoken-engine version:[32m [app][0m[36m[0m
[36mINFO[0m [32m[08/18 11:52:57.020] [0mSystem version: darwin/arm64[32m [app][0m[36m[0m
[36mINFO[0m [32m[08/18 11:52:57.020] [0mGolang version: go1.24.2[32m [app][0m[36m[0m
[36mINFO[0m [32m[08/18 11:52:57.020] [0mApp build time:[32m [app][0m[36m[0m
[36mINFO[0m [32m[08/18 11:52:57.020] [0mGit commit id:[32m [app][0m[36m[0m
[36mINFO[0m [32m[08/18 11:52:57.020] [0mRepo path: /Users/yanzhixing/Downloads/GitHub/token-engine/deploy[32m [app][0m[36m[0m
[36mINFO[0m [32m[08/18 11:52:57.020] [0mExecutable: /Users/yanzhixing/Downloads/GitHub/token-engine/deploy/tools/bin/token-engine[32m [app][0m[36m[0m
[36mINFO[0m [32m[08/18 11:52:57.020] [0mPID: 82058[32m [app][0m[36m[0m
[36mINFO[0m [32m[08/18 11:52:57.020] [0mUUID node index: 0[32m [app][0m[36m[0m
[36mINFO[0m [32m[08/18 11:52:57.204] [0mcreating new base AxcTxPrepare[32m [base_txprepare][0m[36m[0m
[36mINFO[0m [32m[08/18 11:52:57.204] [0mcreating new base AxcTxExecutor[32m [base_txexecutor][0m[36m[0m
[36mINFO[0m [32m[08/18 11:52:57.204] [0mcreate axc vault idl[32m [solana-idl][0m[36m[0m
[36mINFO[0m [32m[08/18 11:52:57.205] [0mcreate axc vault transaction builder[32m [axc_tx_builder][0m[36m[0m
[36mINFO[0m [32m[08/18 11:52:57.205] [0mcreating Solana chain adaptor[32m [common_chain_adaptor][0m[36m[0m
[36mINFO[0m [32m[08/18 11:52:57.342] [0minitialized all program event definitions[32m [solana_sm][0m[36m [programCount:1][0m
[36mINFO[0m [32m[08/18 11:52:57.342] [0mRegistered transfer provider[32m [transfer-service][0m[36m [chainID:97] [tokens:[BNB USDT USDC]][0m
[36mINFO[0m [32m[08/18 11:52:57.343] [0mRegistered transfer provider[32m [transfer-service][0m[36m [chainID:2494104990] [tokens:[TRX USDT]][0m
[36mINFO[0m [32m[08/18 11:52:57.343] [0mcore api initialized[32m [coreApi][0m[36m[0m
[36mINFO[0m [32m[08/18 11:52:57.733] [0mComponent[sql-connector] started[32m [sidecar][0m[36m [time_cost:390.161167ms][0m
[36mINFO[0m [32m[08/18 11:52:58.875] [0mFinished connect to send tx http rpcs[32m [solana-jsonrpc][0m[36m [cost:1.142140292s] [num:3][0m
[36mINFO[0m [32m[08/18 11:52:59.207] [0mFinished connect to stable http rpcs[32m [solana-jsonrpc][0m[36m [cost:331.748625ms] [num:3][0m
[36mINFO[0m [32m[08/18 11:53:01.442] [0mFinished connect to unstable http rpcs[32m [solana-jsonrpc][0m[36m [cost:2.234415333s] [num:45][0m
[36mINFO[0m [32m[08/18 11:53:02.481] [0mFinished connect to ws rpcs[32m [solana-jsonrpc][0m[36m [cost:1.039316333s] [num:1][0m
[36mINFO[0m [32m[08/18 11:53:04.310] [0mScheduled task started[32m [sidecar][0m[36m [interval:2s] [task:solana-tx-sender[poll-last-block]][0m
[36mINFO[0m [32m[08/18 11:53:04.310] [0msolana submitter started[32m [solana-submitter][0m[36m[0m
[36mINFO[0m [32m[08/18 11:53:04.310] [0mswap submitter started[32m [submitter][0m[36m[0m
[36mINFO[0m [32m[08/18 11:53:04.310] [0mComponent[SwapSubmitter] started[32m [sidecar][0m[36m [time_cost:6.577049125s][0m
[36mINFO[0m [32m[08/18 11:53:04.310] [0mComponent[ExchangeDataService] started[32m [sidecar][0m[36m [time_cost:7.917µs][0m
[36mINFO[0m [32m[08/18 11:53:04.310] [0mComponent[ContractMaterials] started[32m [sidecar][0m[36m [time_cost:4.75µs][0m
[36mINFO[0m [32m[08/18 11:53:04.310] [0mScheduled task started[32m [sidecar][0m[36m [interval:1h0m0s] [task:UpdateExchangeTokenHolders][0m
[36mINFO[0m [32m[08/18 11:53:04.310] [0mScheduled task started[32m [sidecar][0m[36m [interval:1m0s] [task:StatisticExchangeData][0m
[36mINFO[0m [32m[08/18 11:53:04.310] [0mstarting Solana chain adaptor[32m [common_chain_adaptor][0m[36m[0m
[36mINFO[0m [32m[08/18 11:53:04.310] [0mSolana chain adaptor started successfully[32m [common_chain_adaptor][0m[36m[0m
[36mINFO[0m [32m[08/18 11:53:04.311] [0mComponent[common_chain_adaptor] started[32m [sidecar][0m[36m [time_cost:101.5µs][0m
[36mINFO[0m [32m[08/18 11:53:04.443] [0mContract materials loaded successfully[32m [basechain][0m[36m [appid:root] [chainId:84532] [contractCount:9] [errors:0][0m
[36mINFO[0m [32m[08/18 11:53:04.749] [0mSolana syncer started[32m [common_chain_adaptor][0m[36m[0m
[36mINFO[0m [32m[08/18 11:53:04.750] [0mComponent[Syncer] started[32m [sidecar][0m[36m [time_cost:439.040125ms][0m
[36mINFO[0m [32m[08/18 11:53:05.263] [0mNSQ consumer component started[32m [msgqueue][0m[36m[0m
[36mINFO[0m [32m[08/18 11:53:05.263] [0mComponent[msg_queue] started[32m [sidecar][0m[36m [time_cost:513.135334ms][0m
[36mINFO[0m [32m[08/18 11:53:05.263] [0mComponent[solana_sm] started[32m [sidecar][0m[36m [time_cost:6.333µs][0m
[36mINFO[0m [32m[08/18 11:53:05.263] [0mevent processor started[32m [solana_sm][0m[36m[0m
[36mINFO[0m [32m[08/18 11:53:05.263] [0mLoading deployment manifest from[32m [base_deploymanager][0m[36m [path:/Users/yanzhixing/Downloads/GitHub/token-engine/deploy/abis][0m
[36mINFO[0m [32m[08/18 11:53:05.263] [0mSolana events manager started[32m [solana_sm][0m[36m[0m
[36mINFO[0m [32m[08/18 11:53:05.263] [0mComponent[deploymanager] started[32m [sidecar][0m[36m [time_cost:64.75µs][0m
[36mINFO[0m [32m[08/18 11:53:05.263] [0mStarting TokenBalanceService[32m [TokenBalanceService][0m[36m[0m
[36mINFO[0m [32m[08/18 11:53:05.263] [0mComponent[TokenBalanceService] started[32m [sidecar][0m[36m [time_cost:69.042µs][0m
[36mINFO[0m [32m[08/18 11:53:05.264] [0mIPC server listen on: /Users/yanzhixing/Downloads/GitHub/token-engine/deploy/ipc.sock[32m [api][0m[36m[0m
[36mINFO[0m [32m[08/18 11:53:05.264] [0mHttp server listen on: 8082[32m [api][0m[36m[0m
[36mINFO[0m [32m[08/18 11:53:05.264] [0mComponent[http-api-server] started[32m [sidecar][0m[36m [time_cost:814.291µs][0m
[36mINFO[0m [32m[08/18 11:53:05.264] [0mComponent[app] started[32m [sidecar][0m[36m [time_cost:250.333µs][0m
[36mINFO[0m [32m[08/18 11:53:05.264] [0mtoken-engine is ready[32m [sidecar][0m[36m[0m
[36mINFO[0m [32m[08/18 11:53:05.266] [0m=====================================================================================
   __            __                                                  _
  / /_  ____    / /__  ___    ____          ___    ____    ____ _   (_)   ____   ___
 / __/ / __ \  / //_/ / _ \  / __ \ ______ / _ \  / __ \  / __ `/  / /   / __ \ / _ \
/ /_  / /_/ / / ,<   /  __/ / / / //_____//  __/ / / / / / /_/ /  / /   / / / //  __/
\__/  \____/ /_/|_|  \___/ /_/ /_/        \___/ /_/ /_/  \__, /  /_/   /_/ /_/ \___/
                                                        /____/

=====================================================================================[32m [sidecar][0m[36m[0m
[36mINFO[0m [32m[08/18 11:53:11.899] [0mpreparing create vault transaction[32m [base_txprepare][0m[36m [params:&{84532 {0xf39Fd6e51aad88F6F4ce6aB8827279cffFb92266 0xf39Fd6e51aad88F6F4ce6aB8827279cffFb92266 0xf39Fd6e51aad88F6F4ce6aB8827279cffFb92266 0xf39Fd6e51aad88F6F4ce6aB8827279cffFb92266 0xf39Fd6e51aad88F6F4ce6aB8827279cffFb92266} {TestToken MT 6 https://example.com/token-metadata.json} {VaultCreate 0xf39Fd6e51aad88F6F4ce6aB8827279cffFb92266 1000000 1754832494 1786800494 110 560 1 100000 300 0xf39Fd6e51aad88F6F4ce6aB8827279cffFb92266 0xf39Fd6e51aad88F6F4ce6aB8827279cffFb92266 1} false}][0m
[36mINFO[0m [32m[08/18 11:53:13.109] [0mnonce retrieved successfully[32m [base_txprepare][0m[36m [deployer:0xf39Fd6e51aad88F6F4ce6aB8827279cffFb92266] [nonce:14869][0m
[31mERRO[0m [32m[08/18 11:53:14.649] [0mfailed to create vault transaction[32m [base_txprepare][0m[31m [error:map[error:replacement transaction underpriced kind:*rpc.jsonError stack:<nil>]][0m
[31mERRO[0m [32m[08/18 11:53:14.650] [0mAPI request failed[32m [api][0m[31m [uri:/api/v2/primary/vault/prepare_create] [err_code:10001] [err_msg:failed to create vault transaction: replacement transaction underpriced] [method:POST] [ip:127.0.0.1] [http_code:200] [time_cost:2.751057208s] [caller:root][0m
[36mINFO[0m [32m[08/18 11:53:37.283] [0mReceive exit signal: interrupt[32m [sidecar][0m[36m[0m
[36mINFO[0m [32m[08/18 11:53:37.284] [0mComponent[app] stopped[32m [sidecar][0m[36m [time_cost:449.5µs][0m
[36mINFO[0m [32m[08/18 11:53:37.285] [0mIPC server shutdown[32m [api][0m[36m[0m
[36mINFO[0m [32m[08/18 11:53:37.285] [0mHttp server shutdown[32m [api][0m[36m[0m
[36mINFO[0m [32m[08/18 11:53:37.285] [0mComponent[http-api-server] stopped[32m [sidecar][0m[36m [time_cost:438.667µs][0m
[36mINFO[0m [32m[08/18 11:53:37.285] [0mComponent[TokenBalanceService] stopped[32m [sidecar][0m[36m [time_cost:1.542µs][0m
[36mINFO[0m [32m[08/18 11:53:37.285] [0mDeployManager stopped[32m [base_deploymanager][0m[36m[0m
[36mINFO[0m [32m[08/18 11:53:37.285] [0mComponent[deploymanager] stopped[32m [sidecar][0m[36m [time_cost:67.041µs][0m
[36mINFO[0m [32m[08/18 11:53:37.285] [0mevent processor stopping[32m [solana_sm][0m[36m[0m
