[36mINFO[0m [32m[08/15 10:52:30.878] [0mtoken-engine version:[32m [app][0m[36m[0m
[36mINFO[0m [32m[08/15 10:52:30.878] [0mSystem version: darwin/arm64[32m [app][0m[36m[0m
[36mINFO[0m [32m[08/15 10:52:30.878] [0mGolang version: go1.24.2[32m [app][0m[36m[0m
[36mINFO[0m [32m[08/15 10:52:30.878] [0mApp build time:[32m [app][0m[36m[0m
[36mINFO[0m [32m[08/15 10:52:30.878] [0mGit commit id:[32m [app][0m[36m[0m
[36mINFO[0m [32m[08/15 10:52:30.878] [0mRepo path: /Users/yanzhixing/Downloads/GitHub/token-engine/deploy[32m [app][0m[36m[0m
[36mINFO[0m [32m[08/15 10:52:30.878] [0mExecutable: /Users/yanzhixing/Downloads/GitHub/token-engine/deploy/tools/bin/token-engine[32m [app][0m[36m[0m
[36mINFO[0m [32m[08/15 10:52:30.878] [0mPID: 57557[32m [app][0m[36m[0m
[36mINFO[0m [32m[08/15 10:52:30.878] [0mUUID node index: 0[32m [app][0m[36m[0m
[36mINFO[0m [32m[08/15 10:52:31.321] [0mcreating new base AxcTxPrepare[32m [base_txprepare][0m[36m[0m
[36mINFO[0m [32m[08/15 10:52:31.321] [0mcreating new base AxcTxExecutor[32m [base_txexecutor][0m[36m[0m
[36mINFO[0m [32m[08/15 10:52:31.321] [0mcreate axc vault idl[32m [solana-idl][0m[36m[0m
[36mINFO[0m [32m[08/15 10:52:31.321] [0mcreate axc vault transaction builder[32m [axc_tx_builder][0m[36m[0m
[36mINFO[0m [32m[08/15 10:52:31.321] [0mcreating Solana chain adaptor[32m [common_chain_adaptor][0m[36m[0m
[36mINFO[0m [32m[08/15 10:52:31.589] [0minitialized all program event definitions[32m [solana_sm][0m[36m [programCount:1][0m
[36mINFO[0m [32m[08/15 10:52:31.589] [0mRegistered transfer provider[32m [tron-transfer][0m[36m [chainID:97] [tokens:[BNB USDT USDC]][0m
[36mINFO[0m [32m[08/15 10:52:31.589] [0mRegistered transfer provider[32m [tron-transfer][0m[36m [chainID:2494104990] [tokens:[TRX USDT]][0m
[36mINFO[0m [32m[08/15 10:52:31.589] [0mcore api initialized[32m [coreApi][0m[36m[0m
[36mINFO[0m [32m[08/15 10:52:32.046] [0mComponent[sql-connector] started[32m [sidecar][0m[36m [time_cost:456.368166ms][0m
[36mINFO[0m [32m[08/15 10:52:32.955] [0mFinished connect to send tx http rpcs[32m [solana-jsonrpc][0m[36m [cost:908.693ms] [num:1][0m
[36mINFO[0m [32m[08/15 10:52:33.763] [0mFinished connect to stable http rpcs[32m [solana-jsonrpc][0m[36m [cost:807.709ms] [num:1][0m
[36mINFO[0m [32m[08/15 10:52:34.230] [0mFinished connect to unstable http rpcs[32m [solana-jsonrpc][0m[36m [cost:466.810875ms] [num:1][0m
[36mINFO[0m [32m[08/15 10:52:34.991] [0mFinished connect to ws rpcs[32m [solana-jsonrpc][0m[36m [cost:761.513834ms] [num:1][0m
[36mINFO[0m [32m[08/15 10:52:35.568] [0mScheduled task started[32m [sidecar][0m[36m [interval:2s] [task:solana-tx-sender[poll-last-block]][0m
[36mINFO[0m [32m[08/15 10:52:35.568] [0msolana submitter started[32m [solana-submitter][0m[36m[0m
[36mINFO[0m [32m[08/15 10:52:35.568] [0mswap submitter started[32m [submitter][0m[36m[0m
[36mINFO[0m [32m[08/15 10:52:35.569] [0mComponent[SwapSubmitter] started[32m [sidecar][0m[36m [time_cost:3.522474375s][0m
[36mINFO[0m [32m[08/15 10:52:35.569] [0mstart to subscribe exchange data by grpc...[32m [ExchangeDataService][0m[36m[0m
[36mINFO[0m [32m[08/15 10:52:35.569] [0mScheduled task started[32m [sidecar][0m[36m [interval:1h0m0s] [task:UpdateExchangeTokenHolders][0m
[36mINFO[0m [32m[08/15 10:52:35.569] [0mScheduled task started[32m [sidecar][0m[36m [interval:1m0s] [task:StatisticExchangeData][0m
[36mINFO[0m [32m[08/15 10:52:36.122] [0mComponent[ExchangeDataService] started[32m [sidecar][0m[36m [time_cost:553.210792ms][0m
[36mINFO[0m [32m[08/15 10:52:36.122] [0mComponent[ContractMaterials] started[32m [sidecar][0m[36m [time_cost:4.375µs][0m
[36mINFO[0m [32m[08/15 10:52:36.122] [0mstarting Solana chain adaptor[32m [common_chain_adaptor][0m[36m[0m
[36mINFO[0m [32m[08/15 10:52:36.122] [0mSolana chain adaptor started successfully[32m [common_chain_adaptor][0m[36m[0m
[36mINFO[0m [32m[08/15 10:52:36.122] [0mComponent[common_chain_adaptor] started[32m [sidecar][0m[36m [time_cost:41.458µs][0m
[33mWARN[0m [32m[08/15 10:52:36.330] [0mbegin compensate swap event[32m [ExchangeDataService][0m[33m [outer_id From:305504][0m
[36mINFO[0m [32m[08/15 10:52:36.698] [0mNSQ consumer component started[32m [msgqueue][0m[36m[0m
[36mINFO[0m [32m[08/15 10:52:36.698] [0mComponent[msg_queue] started[32m [sidecar][0m[36m [time_cost:575.728083ms][0m
[36mINFO[0m [32m[08/15 10:52:36.698] [0mComponent[solana_sm] started[32m [sidecar][0m[36m [time_cost:4.375µs][0m
[36mINFO[0m [32m[08/15 10:52:36.698] [0mLoading deployment manifest from[32m [base_deploymanager][0m[36m [path:/Users/yanzhixing/Downloads/GitHub/token-engine/deploy/abis][0m
[36mINFO[0m [32m[08/15 10:52:36.698] [0mComponent[deploymanager] started[32m [sidecar][0m[36m [time_cost:39.709µs][0m
[36mINFO[0m [32m[08/15 10:52:36.698] [0mDeployManager stopped[32m [base_deploymanager][0m[36m[0m
[36mINFO[0m [32m[08/15 10:52:36.698] [0mComponent[deploymanager] stopped[32m [sidecar][0m[36m [time_cost:37µs][0m
[36mINFO[0m [32m[08/15 10:52:36.699] [0mScheduled task stopped[32m [sidecar][0m[36m [interval:2s] [task:solana-tx-sender[poll-last-block]][0m
[31mERRO[0m [32m[08/15 10:52:36.699] [0mStart components failed[32m [sidecar][0m[31m [err:map[error:goroutine exited without returning kind:*errors.errorString stack:<nil>]][0m
