[36mINFO[0m [32m[08/13 10:52:48.325] [0mtoken-engine version:[32m [app][0m[36m[0m
[36mINFO[0m [32m[08/13 10:52:48.325] [0mSystem version: darwin/arm64[32m [app][0m[36m[0m
[36mINFO[0m [32m[08/13 10:52:48.325] [0mGolang version: go1.24.2[32m [app][0m[36m[0m
[36mINFO[0m [32m[08/13 10:52:48.325] [0mApp build time:[32m [app][0m[36m[0m
[36mINFO[0m [32m[08/13 10:52:48.325] [0mGit commit id:[32m [app][0m[36m[0m
[36mINFO[0m [32m[08/13 10:52:48.325] [0mRepo path: /Users/yanzhixing/Downloads/GitHub/token-engine/deploy[32m [app][0m[36m[0m
[36mINFO[0m [32m[08/13 10:52:48.325] [0mExecutable: /Users/yanzhixing/Downloads/GitHub/token-engine/deploy/tools/bin/token-engine[32m [app][0m[36m[0m
[36mINFO[0m [32m[08/13 10:52:48.325] [0mPID: 92548[32m [app][0m[36m[0m
[36mINFO[0m [32m[08/13 10:52:48.325] [0mUUID node index: 0[32m [app][0m[36m[0m
[36mINFO[0m [32m[08/13 10:52:48.801] [0mcreating new base AxcTxPrepare[32m [base_txprepare][0m[36m[0m
[36mINFO[0m [32m[08/13 10:52:48.801] [0mcreating new base AxcTxExecutor[32m [base_txexecutor][0m[36m[0m
[36mINFO[0m [32m[08/13 10:52:48.801] [0mcreate axc vault idl[32m [solana-idl][0m[36m[0m
[36mINFO[0m [32m[08/13 10:52:48.801] [0mcreate axc vault transaction builder[32m [axc_tx_builder][0m[36m[0m
[36mINFO[0m [32m[08/13 10:52:48.801] [0mcreating Solana chain adaptor[32m [common_chain_adaptor][0m[36m[0m
[36mINFO[0m [32m[08/13 10:52:49.011] [0minitialized all program event definitions[32m [solana_sm][0m[36m [programCount:1][0m
[36mINFO[0m [32m[08/13 10:52:49.011] [0mRegistered transfer provider[32m [tron-transfer][0m[36m [chainID:97] [tokens:[BNB USDT USDC]][0m
[36mINFO[0m [32m[08/13 10:52:49.011] [0mRegistered transfer provider[32m [tron-transfer][0m[36m [chainID:2494104990] [tokens:[TRX USDT]][0m
[36mINFO[0m [32m[08/13 10:52:49.011] [0mcore api initialized[32m [coreApi][0m[36m[0m
[36mINFO[0m [32m[08/13 10:52:49.744] [0mComponent[sql-connector] started[32m [sidecar][0m[36m [time_cost:732.6225ms][0m
[36mINFO[0m [32m[08/13 10:52:51.001] [0mFinished connect to send tx http rpcs[32m [solana-jsonrpc][0m[36m [cost:1.256842791s] [num:1][0m
[36mINFO[0m [32m[08/13 10:52:51.496] [0mFinished connect to stable http rpcs[32m [solana-jsonrpc][0m[36m [cost:494.852666ms] [num:1][0m
[36mINFO[0m [32m[08/13 10:52:51.805] [0mFinished connect to unstable http rpcs[32m [solana-jsonrpc][0m[36m [cost:308.607042ms] [num:1][0m
[36mINFO[0m [32m[08/13 10:52:53.043] [0mFinished connect to ws rpcs[32m [solana-jsonrpc][0m[36m [cost:1.238125375s] [num:1][0m
[36mINFO[0m [32m[08/13 10:52:53.821] [0mScheduled task started[32m [sidecar][0m[36m [interval:2s] [task:solana-tx-sender[poll-last-block]][0m
[36mINFO[0m [32m[08/13 10:52:53.821] [0msolana submitter started[32m [solana-submitter][0m[36m[0m
[36mINFO[0m [32m[08/13 10:52:53.821] [0mswap submitter started[32m [submitter][0m[36m[0m
[36mINFO[0m [32m[08/13 10:52:53.821] [0mComponent[SwapSubmitter] started[32m [sidecar][0m[36m [time_cost:4.077053208s][0m
[36mINFO[0m [32m[08/13 10:52:53.822] [0mstart to subscribe exchange data by grpc...[32m [ExchangeDataService][0m[36m[0m
[36mINFO[0m [32m[08/13 10:52:53.822] [0mScheduled task started[32m [sidecar][0m[36m [interval:1h0m0s] [task:UpdateExchangeTokenHolders][0m
[36mINFO[0m [32m[08/13 10:52:53.822] [0mScheduled task started[32m [sidecar][0m[36m [interval:1m0s] [task:StatisticExchangeData][0m
[36mINFO[0m [32m[08/13 10:52:54.500] [0mComponent[ExchangeDataService] started[32m [sidecar][0m[36m [time_cost:678.528625ms][0m
[36mINFO[0m [32m[08/13 10:52:54.500] [0mComponent[ContractMaterials] started[32m [sidecar][0m[36m [time_cost:5.666µs][0m
[36mINFO[0m [32m[08/13 10:52:54.500] [0mstarting Solana chain adaptor[32m [common_chain_adaptor][0m[36m[0m
[36mINFO[0m [32m[08/13 10:52:54.500] [0mSolana chain adaptor started successfully[32m [common_chain_adaptor][0m[36m[0m
[36mINFO[0m [32m[08/13 10:52:54.501] [0mComponent[common_chain_adaptor] started[32m [sidecar][0m[36m [time_cost:214.833µs][0m
[33mWARN[0m [32m[08/13 10:52:54.715] [0mbegin compensate swap event[32m [ExchangeDataService][0m[33m [outer_id From:267958][0m
[36mINFO[0m [32m[08/13 10:52:54.952] [0mContract materials loaded successfully[32m [basechain][0m[36m [appid:root] [chainId:84532] [contractCount:9] [errors:0][0m
[36mINFO[0m [32m[08/13 10:52:55.046] [0mNSQ consumer component started[32m [msgqueue][0m[36m[0m
[36mINFO[0m [32m[08/13 10:52:55.046] [0mComponent[msg_queue] started[32m [sidecar][0m[36m [time_cost:545.181083ms][0m
[36mINFO[0m [32m[08/13 10:52:55.046] [0mComponent[solana_sm] started[32m [sidecar][0m[36m [time_cost:4.666µs][0m
[36mINFO[0m [32m[08/13 10:52:55.046] [0mLoading deployment manifest from[32m [base_deploymanager][0m[36m [path:/Users/yanzhixing/Downloads/GitHub/token-engine/deploy/abis][0m
[36mINFO[0m [32m[08/13 10:52:55.046] [0mComponent[deploymanager] started[32m [sidecar][0m[36m [time_cost:68.417µs][0m
[36mINFO[0m [32m[08/13 10:52:55.047] [0mIPC server listen on: /Users/yanzhixing/Downloads/GitHub/token-engine/deploy/ipc.sock[32m [api][0m[36m[0m
[36mINFO[0m [32m[08/13 10:52:55.047] [0mHttp server listen on: 8082[32m [api][0m[36m[0m
[36mINFO[0m [32m[08/13 10:52:55.047] [0mComponent[http-api-server] started[32m [sidecar][0m[36m [time_cost:1.0455ms][0m
[36mINFO[0m [32m[08/13 10:52:55.048] [0mComponent[app] started[32m [sidecar][0m[36m [time_cost:312.583µs][0m
[36mINFO[0m [32m[08/13 10:52:55.048] [0mtoken-engine is ready[32m [sidecar][0m[36m[0m
[36mINFO[0m [32m[08/13 10:52:55.049] [0m=====================================================================================
   __            __                                                  _
  / /_  ____    / /__  ___    ____          ___    ____    ____ _   (_)   ____   ___
 / __/ / __ \  / //_/ / _ \  / __ \ ______ / _ \  / __ \  / __ `/  / /   / __ \ / _ \
/ /_  / /_/ / / ,<   /  __/ / / / //_____//  __/ / / / / / /_/ /  / /   / / / //  __/
\__/  \____/ /_/|_|  \___/ /_/ /_/        \___/ /_/ /_/  \__, /  /_/   /_/ /_/ \___/
                                                        /____/

=====================================================================================[32m [sidecar][0m[36m[0m
[36mINFO[0m [32m[08/13 10:52:55.197] [0mSolana events manager started[32m [solana_sm][0m[36m[0m
[36mINFO[0m [32m[08/13 10:52:55.197] [0mevent processor started[32m [solana_sm][0m[36m[0m
[31mERRO[0m [32m[08/13 10:53:07.518] [0mAPI request failed[32m [api][0m[31m [uri:/api/v2/deploy/prepare] [err_code:10001] [err_msg:error request parameter: Key: 'DeployPrepareReq.ChainID' Error:Field validation for 'ChainID' failed on the 'required' tag] [method:POST] [ip:127.0.0.1] [http_code:200] [time_cost:635.625µs] [caller:root][0m
[31mERRO[0m [32m[08/13 10:53:23.431] [0mFailed to prepare deployment tx[32m [base_deploymanager][0m[31m [contract:MockUSDT] [error:map[error:failed to pack constructor arguments: argument count mismatch: got 0 for 2 kind:*fmt.wrapError stack:<nil>]][0m
[36mINFO[0m [32m[08/13 10:53:23.431] [0mAPI request[32m [api][0m[36m [uri:/api/v2/deploy/prepare] [method:POST] [ip:127.0.0.1] [http_code:200] [time_cost:2.271016166s] [caller:root][0m
[31mERRO[0m [32m[08/13 10:53:31.395] [0mAPI request failed[32m [api][0m[31m [uri:/api/v2/deploy/prepare] [err_code:10001] [err_msg:unsupported chain ID] [method:POST] [ip:127.0.0.1] [http_code:200] [time_cost:82.042µs] [caller:root][0m
[31mERRO[0m [32m[08/13 10:53:38.032] [0mFailed to prepare deployment tx[32m [base_deploymanager][0m[31m [contract:MockUSDT] [error:map[error:failed to pack constructor arguments: argument count mismatch: got 0 for 2 kind:*fmt.wrapError stack:<nil>]][0m
[36mINFO[0m [32m[08/13 10:53:38.032] [0mAPI request[32m [api][0m[36m [uri:/api/v2/deploy/prepare] [method:POST] [ip:127.0.0.1] [http_code:200] [time_cost:1.794858667s] [caller:root][0m
[36mINFO[0m [32m[08/13 10:53:42.379] [0mAPI request[32m [api][0m[36m [uri:/api/v2/deploy/submit] [method:POST] [ip:127.0.0.1] [http_code:200] [time_cost:119.583µs] [caller:root][0m
[31mERRO[0m [32m[08/13 10:53:47.010] [0mAPI request failed[32m [api][0m[31m [uri:/api/v2/deploy/submit] [err_code:10001] [err_msg:unsupported chain ID] [method:POST] [ip:127.0.0.1] [http_code:200] [time_cost:103.833µs] [caller:root][0m
[36mINFO[0m [32m[08/13 10:53:50.616] [0mAPI request[32m [api][0m[36m [uri:/api/v2/deploy/submit] [method:POST] [ip:127.0.0.1] [http_code:200] [time_cost:134.958µs] [caller:root][0m
[36mINFO[0m [32m[08/13 10:54:21.369] [0mReceive exit signal: interrupt[32m [sidecar][0m[36m[0m
[36mINFO[0m [32m[08/13 10:54:21.370] [0mComponent[app] stopped[32m [sidecar][0m[36m [time_cost:216.542µs][0m
[36mINFO[0m [32m[08/13 10:54:21.370] [0mIPC server shutdown[32m [api][0m[36m[0m
[36mINFO[0m [32m[08/13 10:54:21.370] [0mHttp server shutdown[32m [api][0m[36m[0m
[36mINFO[0m [32m[08/13 10:54:21.370] [0mComponent[http-api-server] stopped[32m [sidecar][0m[36m [time_cost:411.209µs][0m
[36mINFO[0m [32m[08/13 10:54:21.370] [0mDeployManager stopped[32m [base_deploymanager][0m[36m[0m
[36mINFO[0m [32m[08/13 10:54:21.370] [0mComponent[deploymanager] stopped[32m [sidecar][0m[36m [time_cost:40.708µs][0m
[36mINFO[0m [32m[08/13 10:54:21.370] [0mScheduled task stopped[32m [sidecar][0m[36m [interval:2s] [task:solana-tx-sender[poll-last-block]][0m
[36mINFO[0m [32m[08/13 10:54:21.370] [0mevent processor stopping[32m [solana_sm][0m[36m[0m
