[36mINFO[0m [32m[08/15 15:52:26.575] [0mtoken-engine version:[32m [app][0m[36m[0m
[36mINFO[0m [32m[08/15 15:52:26.575] [0mSystem version: darwin/arm64[32m [app][0m[36m[0m
[36mINFO[0m [32m[08/15 15:52:26.575] [0mGolang version: go1.24.2[32m [app][0m[36m[0m
[36mINFO[0m [32m[08/15 15:52:26.575] [0mApp build time:[32m [app][0m[36m[0m
[36mINFO[0m [32m[08/15 15:52:26.575] [0mGit commit id:[32m [app][0m[36m[0m
[36mINFO[0m [32m[08/15 15:52:26.575] [0mRepo path: /Users/yanzhixing/Downloads/GitHub/token-engine/deploy[32m [app][0m[36m[0m
[36mINFO[0m [32m[08/15 15:52:26.575] [0mExecutable: /Users/yanzhixing/Downloads/GitHub/token-engine/deploy/tools/bin/token-engine[32m [app][0m[36m[0m
[36mINFO[0m [32m[08/15 15:52:26.575] [0mPID: 66779[32m [app][0m[36m[0m
[36mINFO[0m [32m[08/15 15:52:26.575] [0mUUID node index: 0[32m [app][0m[36m[0m
[36mINFO[0m [32m[08/15 15:52:26.917] [0mcreating new base AxcTxPrepare[32m [base_txprepare][0m[36m[0m
[36mINFO[0m [32m[08/15 15:52:26.917] [0mcreating new base AxcTxExecutor[32m [base_txexecutor][0m[36m[0m
[36mINFO[0m [32m[08/15 15:52:26.917] [0mcreate axc vault idl[32m [solana-idl][0m[36m[0m
[36mINFO[0m [32m[08/15 15:52:26.918] [0mcreate axc vault transaction builder[32m [axc_tx_builder][0m[36m[0m
[36mINFO[0m [32m[08/15 15:52:26.918] [0mcreating Solana chain adaptor[32m [common_chain_adaptor][0m[36m[0m
[36mINFO[0m [32m[08/15 15:52:27.167] [0minitialized all program event definitions[32m [solana_sm][0m[36m [programCount:1][0m
[36mINFO[0m [32m[08/15 15:52:27.168] [0mRegistered transfer provider[32m [tron-transfer][0m[36m [chainID:97] [tokens:[BNB USDT USDC]][0m
[36mINFO[0m [32m[08/15 15:52:27.169] [0mRegistered transfer provider[32m [tron-transfer][0m[36m [chainID:2494104990] [tokens:[TRX USDT]][0m
[36mINFO[0m [32m[08/15 15:52:27.169] [0mcore api initialized[32m [coreApi][0m[36m[0m
[36mINFO[0m [32m[08/15 15:52:27.363] [0mComponent[sql-connector] started[32m [sidecar][0m[36m [time_cost:193.200416ms][0m
[36mINFO[0m [32m[08/15 15:52:28.339] [0mFinished connect to send tx http rpcs[32m [solana-jsonrpc][0m[36m [cost:975.499792ms] [num:1][0m
[36mINFO[0m [32m[08/15 15:52:28.701] [0mFinished connect to stable http rpcs[32m [solana-jsonrpc][0m[36m [cost:361.386875ms] [num:1][0m
[36mINFO[0m [32m[08/15 15:52:29.066] [0mFinished connect to unstable http rpcs[32m [solana-jsonrpc][0m[36m [cost:365.567792ms] [num:1][0m
[36mINFO[0m [32m[08/15 15:52:30.473] [0mFinished connect to ws rpcs[32m [solana-jsonrpc][0m[36m [cost:1.406290042s] [num:1][0m
[36mINFO[0m [32m[08/15 15:52:30.957] [0mScheduled task started[32m [sidecar][0m[36m [interval:2s] [task:solana-tx-sender[poll-last-block]][0m
[36mINFO[0m [32m[08/15 15:52:30.957] [0msolana submitter started[32m [solana-submitter][0m[36m[0m
[36mINFO[0m [32m[08/15 15:52:30.957] [0mswap submitter started[32m [submitter][0m[36m[0m
[36mINFO[0m [32m[08/15 15:52:30.957] [0mComponent[SwapSubmitter] started[32m [sidecar][0m[36m [time_cost:3.593385917s][0m
[36mINFO[0m [32m[08/15 15:52:30.957] [0mstart to subscribe exchange data by grpc...[32m [ExchangeDataService][0m[36m[0m
[36mINFO[0m [32m[08/15 15:52:30.957] [0mScheduled task started[32m [sidecar][0m[36m [interval:1m0s] [task:StatisticExchangeData][0m
[36mINFO[0m [32m[08/15 15:52:30.957] [0mScheduled task started[32m [sidecar][0m[36m [interval:1h0m0s] [task:UpdateExchangeTokenHolders][0m
[36mINFO[0m [32m[08/15 15:52:31.770] [0mComponent[ExchangeDataService] started[32m [sidecar][0m[36m [time_cost:812.82175ms][0m
[36mINFO[0m [32m[08/15 15:52:31.770] [0mComponent[ContractMaterials] started[32m [sidecar][0m[36m [time_cost:3.917µs][0m
[36mINFO[0m [32m[08/15 15:52:31.770] [0mstarting Solana chain adaptor[32m [common_chain_adaptor][0m[36m[0m
[36mINFO[0m [32m[08/15 15:52:31.770] [0mSolana chain adaptor started successfully[32m [common_chain_adaptor][0m[36m[0m
[36mINFO[0m [32m[08/15 15:52:31.770] [0mComponent[common_chain_adaptor] started[32m [sidecar][0m[36m [time_cost:36µs][0m
[33mWARN[0m [32m[08/15 15:52:31.922] [0mbegin compensate swap event[32m [ExchangeDataService][0m[33m [outer_id From:305938][0m
[36mINFO[0m [32m[08/15 15:52:32.185] [0mContract materials loaded successfully[32m [basechain][0m[36m [appid:root] [chainId:84532] [contractCount:9] [errors:0][0m
[36mINFO[0m [32m[08/15 15:52:32.322] [0mNSQ consumer component started[32m [msgqueue][0m[36m[0m
[36mINFO[0m [32m[08/15 15:52:32.322] [0mComponent[msg_queue] started[32m [sidecar][0m[36m [time_cost:552.154542ms][0m
[36mINFO[0m [32m[08/15 15:52:32.322] [0mComponent[solana_sm] started[32m [sidecar][0m[36m [time_cost:71.125µs][0m
[36mINFO[0m [32m[08/15 15:52:32.323] [0mLoading deployment manifest from[32m [base_deploymanager][0m[36m [path:/Users/yanzhixing/Downloads/GitHub/token-engine/deploy/abis][0m
[36mINFO[0m [32m[08/15 15:52:32.323] [0mComponent[deploymanager] started[32m [sidecar][0m[36m [time_cost:58.625µs][0m
[36mINFO[0m [32m[08/15 15:52:32.324] [0mIPC server listen on: /Users/yanzhixing/Downloads/GitHub/token-engine/deploy/ipc.sock[32m [api][0m[36m[0m
[36mINFO[0m [32m[08/15 15:52:32.324] [0mHttp server listen on: 8082[32m [api][0m[36m[0m
[36mINFO[0m [32m[08/15 15:52:32.324] [0mComponent[http-api-server] started[32m [sidecar][0m[36m [time_cost:1.649875ms][0m
[36mINFO[0m [32m[08/15 15:52:32.325] [0mComponent[app] started[32m [sidecar][0m[36m [time_cost:266.667µs][0m
[36mINFO[0m [32m[08/15 15:52:32.325] [0mtoken-engine is ready[32m [sidecar][0m[36m[0m
[36mINFO[0m [32m[08/15 15:52:32.334] [0m=====================================================================================
   __            __                                                  _
  / /_  ____    / /__  ___    ____          ___    ____    ____ _   (_)   ____   ___
 / __/ / __ \  / //_/ / _ \  / __ \ ______ / _ \  / __ \  / __ `/  / /   / __ \ / _ \
/ /_  / /_/ / / ,<   /  __/ / / / //_____//  __/ / / / / / /_/ /  / /   / / / //  __/
\__/  \____/ /_/|_|  \___/ /_/ /_/        \___/ /_/ /_/  \__, /  /_/   /_/ /_/ \___/
                                                        /____/

=====================================================================================[32m [sidecar][0m[36m[0m
[36mINFO[0m [32m[08/15 15:52:32.484] [0mevent processor started[32m [solana_sm][0m[36m[0m
[36mINFO[0m [32m[08/15 15:52:32.484] [0mSolana events manager started[32m [solana_sm][0m[36m[0m
[36mINFO[0m [32m[08/15 15:52:34.905] [0mpreparing create vault transaction[32m [base_txprepare][0m[36m [params:&{8453 {0x4d6Ca5A0517cc18d66FEA10a51486fA0351bF61A 0x4d6Ca5A0517cc18d66FEA10a51486fA0351bF61A 0x4d6Ca5A0517cc18d66FEA10a51486fA0351bF61A 0x4d6Ca5A0517cc18d66FEA10a51486fA0351bF61A} {My Test Token MTT 18 https://example.com/token-metadata.json} {Test 0xA0b86a33E6441E6C7D3E4C2C4C6C6C6C6C6C6C6C 1000000 1703980800 1704067200 100 500 0.1 100000 200 0x1234567890123456789012345678901234567890 0x1234567890123456789012345678901234567890 1} false}][0m
[36mINFO[0m [32m[08/15 15:52:37.821] [0msuccessfully prepared create vault transaction[32m [base_txprepare][0m[36m [txHash:0x62f9a6cd1ea06976237f0e89ed28a9d7fbb7aa0701c4b4227f56ebbaf3546a75][0m
[36mINFO[0m [32m[08/15 15:52:38.269] [0mAPI request[32m [api][0m[36m [uri:/api/v2/primary/vault/prepare_create] [method:POST] [ip:127.0.0.1] [http_code:200] [time_cost:3.367525459s] [caller:root][0m
[36mINFO[0m [32m[08/15 15:53:30.527] [0mReceive exit signal: interrupt[32m [sidecar][0m[36m[0m
[36mINFO[0m [32m[08/15 15:53:30.528] [0mComponent[app] stopped[32m [sidecar][0m[36m [time_cost:174.833µs][0m
[36mINFO[0m [32m[08/15 15:53:30.528] [0mIPC server shutdown[32m [api][0m[36m[0m
[36mINFO[0m [32m[08/15 15:53:30.528] [0mHttp server shutdown[32m [api][0m[36m[0m
[36mINFO[0m [32m[08/15 15:53:30.528] [0mComponent[http-api-server] stopped[32m [sidecar][0m[36m [time_cost:337.75µs][0m
[36mINFO[0m [32m[08/15 15:53:30.529] [0mDeployManager stopped[32m [base_deploymanager][0m[36m[0m
[36mINFO[0m [32m[08/15 15:53:30.529] [0mComponent[deploymanager] stopped[32m [sidecar][0m[36m [time_cost:97.125µs][0m
[36mINFO[0m [32m[08/15 15:53:30.529] [0mScheduled task stopped[32m [sidecar][0m[36m [interval:2s] [task:solana-tx-sender[poll-last-block]][0m
[36mINFO[0m [32m[08/15 15:53:30.529] [0mevent processor stopping[32m [solana_sm][0m[36m[0m
[31mERRO[0m [32m[08/15 15:53:30.530] [0mStop components failed[32m [sidecar][0m[31m [err:map[error:goroutine exited without returning kind:*errors.errorString stack:<nil>]][0m
