[36mINFO[0m [32m[08/18 14:31:33.883] [0mtoken-engine version:[32m [app][0m[36m[0m
[36mINFO[0m [32m[08/18 14:31:33.883] [0mSystem version: darwin/arm64[32m [app][0m[36m[0m
[36mINFO[0m [32m[08/18 14:31:33.883] [0mGolang version: go1.24.2[32m [app][0m[36m[0m
[36mINFO[0m [32m[08/18 14:31:33.883] [0mApp build time:[32m [app][0m[36m[0m
[36mINFO[0m [32m[08/18 14:31:33.883] [0mGit commit id:[32m [app][0m[36m[0m
[36mINFO[0m [32m[08/18 14:31:33.883] [0mRepo path: /Users/yanzhixing/Downloads/GitHub/token-engine/deploy[32m [app][0m[36m[0m
[36mINFO[0m [32m[08/18 14:31:33.883] [0mExecutable: /Users/yanzhixing/Downloads/GitHub/token-engine/deploy/tools/bin/token-engine[32m [app][0m[36m[0m
[36mINFO[0m [32m[08/18 14:31:33.883] [0mPID: 19030[32m [app][0m[36m[0m
[36mINFO[0m [32m[08/18 14:31:33.883] [0mUUID node index: 0[32m [app][0m[36m[0m
[36mINFO[0m [32m[08/18 14:31:34.222] [0mcreating new base AxcTxPrepare[32m [base_txprepare][0m[36m[0m
[36mINFO[0m [32m[08/18 14:31:34.222] [0mcreating new base AxcTxExecutor[32m [base_txexecutor][0m[36m[0m
[36mINFO[0m [32m[08/18 14:31:34.222] [0mcreate axc vault idl[32m [solana-idl][0m[36m[0m
[36mINFO[0m [32m[08/18 14:31:34.223] [0mcreate axc vault transaction builder[32m [axc_tx_builder][0m[36m[0m
[36mINFO[0m [32m[08/18 14:31:34.223] [0mcreating Solana chain adaptor[32m [common_chain_adaptor][0m[36m[0m
[36mINFO[0m [32m[08/18 14:31:34.370] [0minitialized all program event definitions[32m [solana_sm][0m[36m [programCount:1][0m
[36mINFO[0m [32m[08/18 14:31:34.370] [0mRegistered transfer provider[32m [transfer-service][0m[36m [chainID:97] [tokens:[BNB USDT USDC]][0m
[36mINFO[0m [32m[08/18 14:31:34.370] [0mRegistered transfer provider[32m [transfer-service][0m[36m [chainID:2494104990] [tokens:[TRX USDT]][0m
[36mINFO[0m [32m[08/18 14:31:34.370] [0mcore api initialized[32m [coreApi][0m[36m[0m
[36mINFO[0m [32m[08/18 14:31:34.615] [0mComponent[sql-connector] started[32m [sidecar][0m[36m [time_cost:244.580916ms][0m
[36mINFO[0m [32m[08/18 14:31:52.109] [0mFinished connect to send tx http rpcs[32m [solana-jsonrpc][0m[36m [cost:17.494397209s] [num:3][0m
[36mINFO[0m [32m[08/18 14:31:53.170] [0mFinished connect to stable http rpcs[32m [solana-jsonrpc][0m[36m [cost:1.0610215s] [num:3][0m
[31mERRO[0m [32m[08/18 14:31:54.371] [0mStart components failed[32m [sidecar][0m[31m [err:map[error:context deadline exceeded kind:context.deadlineExceededError stack:<nil>]][0m
[36mINFO[0m [32m[08/18 14:31:54.372] [0mtoken-engine is stopped[32m [app][0m[36m[0m
