[36mINFO[0m [32m[08/18 11:59:14.332] [0mtoken-engine version:[32m [app][0m[36m[0m
[36mINFO[0m [32m[08/18 11:59:14.332] [0mSystem version: darwin/arm64[32m [app][0m[36m[0m
[36mINFO[0m [32m[08/18 11:59:14.332] [0mGolang version: go1.24.2[32m [app][0m[36m[0m
[36mINFO[0m [32m[08/18 11:59:14.332] [0mApp build time:[32m [app][0m[36m[0m
[36mINFO[0m [32m[08/18 11:59:14.332] [0mGit commit id:[32m [app][0m[36m[0m
[36mINFO[0m [32m[08/18 11:59:14.332] [0mRepo path: /Users/yanzhixing/Downloads/GitHub/token-engine/deploy[32m [app][0m[36m[0m
[36mINFO[0m [32m[08/18 11:59:14.332] [0mExecutable: /Users/yanzhixing/Downloads/GitHub/token-engine/deploy/tools/bin/token-engine[32m [app][0m[36m[0m
[36mINFO[0m [32m[08/18 11:59:14.332] [0mPID: 94605[32m [app][0m[36m[0m
[36mINFO[0m [32m[08/18 11:59:14.332] [0mUUID node index: 0[32m [app][0m[36m[0m
[36mINFO[0m [32m[08/18 11:59:14.567] [0mcreating new base AxcTxPrepare[32m [base_txprepare][0m[36m[0m
[36mINFO[0m [32m[08/18 11:59:14.567] [0mcreating new base AxcTxExecutor[32m [base_txexecutor][0m[36m[0m
[36mINFO[0m [32m[08/18 11:59:14.567] [0mcreate axc vault idl[32m [solana-idl][0m[36m[0m
[36mINFO[0m [32m[08/18 11:59:14.567] [0mcreate axc vault transaction builder[32m [axc_tx_builder][0m[36m[0m
[36mINFO[0m [32m[08/18 11:59:14.567] [0mcreating Solana chain adaptor[32m [common_chain_adaptor][0m[36m[0m
[36mINFO[0m [32m[08/18 11:59:14.684] [0minitialized all program event definitions[32m [solana_sm][0m[36m [programCount:1][0m
[36mINFO[0m [32m[08/18 11:59:14.684] [0mRegistered transfer provider[32m [transfer-service][0m[36m [chainID:97] [tokens:[BNB USDT USDC]][0m
[36mINFO[0m [32m[08/18 11:59:14.685] [0mRegistered transfer provider[32m [transfer-service][0m[36m [chainID:2494104990] [tokens:[TRX USDT]][0m
[36mINFO[0m [32m[08/18 11:59:14.685] [0mcore api initialized[32m [coreApi][0m[36m[0m
[36mINFO[0m [32m[08/18 11:59:14.851] [0mComponent[sql-connector] started[32m [sidecar][0m[36m [time_cost:165.69275ms][0m
[36mINFO[0m [32m[08/18 11:59:15.939] [0mFinished connect to send tx http rpcs[32m [solana-jsonrpc][0m[36m [cost:1.08825225s] [num:3][0m
[36mINFO[0m [32m[08/18 11:59:16.251] [0mFinished connect to stable http rpcs[32m [solana-jsonrpc][0m[36m [cost:311.836458ms] [num:3][0m
[36mINFO[0m [32m[08/18 11:59:18.125] [0mFinished connect to unstable http rpcs[32m [solana-jsonrpc][0m[36m [cost:1.874110125s] [num:45][0m
[36mINFO[0m [32m[08/18 11:59:19.744] [0mFinished connect to ws rpcs[32m [solana-jsonrpc][0m[36m [cost:1.618117625s] [num:1][0m
[36mINFO[0m [32m[08/18 11:59:20.288] [0mScheduled task started[32m [sidecar][0m[36m [interval:2s] [task:solana-tx-sender[poll-last-block]][0m
[36mINFO[0m [32m[08/18 11:59:20.289] [0msolana submitter started[32m [solana-submitter][0m[36m[0m
[36mINFO[0m [32m[08/18 11:59:20.289] [0mswap submitter started[32m [submitter][0m[36m[0m
[36mINFO[0m [32m[08/18 11:59:20.289] [0mComponent[SwapSubmitter] started[32m [sidecar][0m[36m [time_cost:5.437821084s][0m
[36mINFO[0m [32m[08/18 11:59:20.289] [0mComponent[ExchangeDataService] started[32m [sidecar][0m[36m [time_cost:8.291µs][0m
[36mINFO[0m [32m[08/18 11:59:20.289] [0mScheduled task started[32m [sidecar][0m[36m [interval:1m0s] [task:StatisticExchangeData][0m
[36mINFO[0m [32m[08/18 11:59:20.289] [0mComponent[ContractMaterials] started[32m [sidecar][0m[36m [time_cost:3.125µs][0m
[36mINFO[0m [32m[08/18 11:59:20.289] [0mstarting Solana chain adaptor[32m [common_chain_adaptor][0m[36m[0m
[36mINFO[0m [32m[08/18 11:59:20.289] [0mSolana chain adaptor started successfully[32m [common_chain_adaptor][0m[36m[0m
[36mINFO[0m [32m[08/18 11:59:20.289] [0mComponent[common_chain_adaptor] started[32m [sidecar][0m[36m [time_cost:79.5µs][0m
[36mINFO[0m [32m[08/18 11:59:20.289] [0mScheduled task started[32m [sidecar][0m[36m [interval:1h0m0s] [task:UpdateExchangeTokenHolders][0m
[36mINFO[0m [32m[08/18 11:59:20.422] [0mContract materials loaded successfully[32m [basechain][0m[36m [appid:root] [chainId:84532] [contractCount:9] [errors:0][0m
[36mINFO[0m [32m[08/18 11:59:20.499] [0mSolana syncer started[32m [common_chain_adaptor][0m[36m[0m
[36mINFO[0m [32m[08/18 11:59:20.499] [0mComponent[Syncer] started[32m [sidecar][0m[36m [time_cost:209.695666ms][0m
[36mINFO[0m [32m[08/18 11:59:21.006] [0mNSQ consumer component started[32m [msgqueue][0m[36m[0m
[36mINFO[0m [32m[08/18 11:59:21.007] [0mComponent[msg_queue] started[32m [sidecar][0m[36m [time_cost:507.521958ms][0m
[36mINFO[0m [32m[08/18 11:59:21.007] [0mComponent[solana_sm] started[32m [sidecar][0m[36m [time_cost:12µs][0m
[36mINFO[0m [32m[08/18 11:59:21.007] [0mevent processor started[32m [solana_sm][0m[36m[0m
[36mINFO[0m [32m[08/18 11:59:21.007] [0mLoading deployment manifest from[32m [base_deploymanager][0m[36m [path:/Users/yanzhixing/Downloads/GitHub/token-engine/deploy/abis][0m
[36mINFO[0m [32m[08/18 11:59:21.007] [0mComponent[deploymanager] started[32m [sidecar][0m[36m [time_cost:51.125µs][0m
[36mINFO[0m [32m[08/18 11:59:21.007] [0mSolana events manager started[32m [solana_sm][0m[36m[0m
[36mINFO[0m [32m[08/18 11:59:21.007] [0mStarting TokenBalanceService[32m [TokenBalanceService][0m[36m[0m
[36mINFO[0m [32m[08/18 11:59:21.007] [0mComponent[TokenBalanceService] started[32m [sidecar][0m[36m [time_cost:43.75µs][0m
[36mINFO[0m [32m[08/18 11:59:21.007] [0mComponent[TokenBalanceService] stopped[32m [sidecar][0m[36m [time_cost:1µs][0m
[36mINFO[0m [32m[08/18 11:59:21.007] [0mDeployManager stopped[32m [base_deploymanager][0m[36m[0m
[36mINFO[0m [32m[08/18 11:59:21.007] [0mComponent[deploymanager] stopped[32m [sidecar][0m[36m [time_cost:41.916µs][0m
[36mINFO[0m [32m[08/18 11:59:21.008] [0mevent processor stopping[32m [solana_sm][0m[36m[0m
