[36mINFO[0m [32m[08/14 15:53:45.499] [0mtoken-engine version:[32m [app][0m[36m[0m
[36mINFO[0m [32m[08/14 15:53:45.499] [0mSystem version: darwin/arm64[32m [app][0m[36m[0m
[36mINFO[0m [32m[08/14 15:53:45.499] [0mGolang version: go1.24.2[32m [app][0m[36m[0m
[36mINFO[0m [32m[08/14 15:53:45.499] [0mApp build time:[32m [app][0m[36m[0m
[36mINFO[0m [32m[08/14 15:53:45.499] [0mGit commit id:[32m [app][0m[36m[0m
[36mINFO[0m [32m[08/14 15:53:45.499] [0mRepo path: /Users/yanzhixing/Downloads/GitHub/token-engine/deploy[32m [app][0m[36m[0m
[36mINFO[0m [32m[08/14 15:53:45.499] [0mExecutable: /Users/yanzhixing/Downloads/GitHub/token-engine/deploy/tools/bin/token-engine[32m [app][0m[36m[0m
[36mINFO[0m [32m[08/14 15:53:45.499] [0mPID: 61338[32m [app][0m[36m[0m
[36mINFO[0m [32m[08/14 15:53:45.499] [0mUUID node index: 0[32m [app][0m[36m[0m
[36mINFO[0m [32m[08/14 15:53:45.771] [0mcreating new base AxcTxPrepare[32m [base_txprepare][0m[36m[0m
[36mINFO[0m [32m[08/14 15:53:45.771] [0mcreating new base AxcTxExecutor[32m [base_txexecutor][0m[36m[0m
[36mINFO[0m [32m[08/14 15:53:45.771] [0mcreate axc vault idl[32m [solana-idl][0m[36m[0m
[36mINFO[0m [32m[08/14 15:53:45.772] [0mcreate axc vault transaction builder[32m [axc_tx_builder][0m[36m[0m
[36mINFO[0m [32m[08/14 15:53:45.772] [0mcreating Solana chain adaptor[32m [common_chain_adaptor][0m[36m[0m
[36mINFO[0m [32m[08/14 15:53:45.921] [0minitialized all program event definitions[32m [solana_sm][0m[36m [programCount:1][0m
[36mINFO[0m [32m[08/14 15:53:45.922] [0mRegistered transfer provider[32m [tron-transfer][0m[36m [chainID:97] [tokens:[BNB USDT USDC]][0m
[36mINFO[0m [32m[08/14 15:53:45.923] [0mRegistered transfer provider[32m [tron-transfer][0m[36m [chainID:2494104990] [tokens:[TRX USDT]][0m
[36mINFO[0m [32m[08/14 15:53:45.923] [0mcore api initialized[32m [coreApi][0m[36m[0m
[36mINFO[0m [32m[08/14 15:53:46.115] [0mComponent[sql-connector] started[32m [sidecar][0m[36m [time_cost:191.147584ms][0m
[36mINFO[0m [32m[08/14 15:53:47.777] [0mFinished connect to send tx http rpcs[32m [solana-jsonrpc][0m[36m [cost:1.661192209s] [num:1][0m
[36mINFO[0m [32m[08/14 15:53:48.873] [0mFinished connect to stable http rpcs[32m [solana-jsonrpc][0m[36m [cost:1.095717709s] [num:1][0m
[36mINFO[0m [32m[08/14 15:53:49.676] [0mFinished connect to unstable http rpcs[32m [solana-jsonrpc][0m[36m [cost:802.944ms] [num:1][0m
[36mINFO[0m [32m[08/14 15:53:51.071] [0mFinished connect to ws rpcs[32m [solana-jsonrpc][0m[36m [cost:1.394512041s] [num:1][0m
[36mINFO[0m [32m[08/14 15:53:51.707] [0mScheduled task started[32m [sidecar][0m[36m [interval:2s] [task:solana-tx-sender[poll-last-block]][0m
[36mINFO[0m [32m[08/14 15:53:51.708] [0msolana submitter started[32m [solana-submitter][0m[36m[0m
[36mINFO[0m [32m[08/14 15:53:51.708] [0mswap submitter started[32m [submitter][0m[36m[0m
[36mINFO[0m [32m[08/14 15:53:51.708] [0mComponent[SwapSubmitter] started[32m [sidecar][0m[36m [time_cost:5.591652167s][0m
[36mINFO[0m [32m[08/14 15:53:51.708] [0mstart to subscribe exchange data by grpc...[32m [ExchangeDataService][0m[36m[0m
[36mINFO[0m [32m[08/14 15:53:51.708] [0mScheduled task started[32m [sidecar][0m[36m [interval:1h0m0s] [task:UpdateExchangeTokenHolders][0m
[36mINFO[0m [32m[08/14 15:53:51.708] [0mScheduled task started[32m [sidecar][0m[36m [interval:1m0s] [task:StatisticExchangeData][0m
[36mINFO[0m [32m[08/14 15:53:54.032] [0mComponent[ExchangeDataService] started[32m [sidecar][0m[36m [time_cost:2.324559958s][0m
[36mINFO[0m [32m[08/14 15:53:54.033] [0mComponent[ContractMaterials] started[32m [sidecar][0m[36m [time_cost:7.459µs][0m
[36mINFO[0m [32m[08/14 15:53:54.033] [0mstarting Solana chain adaptor[32m [common_chain_adaptor][0m[36m[0m
[36mINFO[0m [32m[08/14 15:53:54.034] [0mSolana chain adaptor started successfully[32m [common_chain_adaptor][0m[36m[0m
[36mINFO[0m [32m[08/14 15:53:54.034] [0mComponent[common_chain_adaptor] started[32m [sidecar][0m[36m [time_cost:979.792µs][0m
[33mWARN[0m [32m[08/14 15:53:54.460] [0mbegin compensate swap event[32m [ExchangeDataService][0m[33m [outer_id From:290835][0m
[36mINFO[0m [32m[08/14 15:53:54.574] [0mNSQ consumer component started[32m [msgqueue][0m[36m[0m
[36mINFO[0m [32m[08/14 15:53:54.574] [0mComponent[msg_queue] started[32m [sidecar][0m[36m [time_cost:540.098375ms][0m
[36mINFO[0m [32m[08/14 15:53:54.574] [0mComponent[solana_sm] started[32m [sidecar][0m[36m [time_cost:14.959µs][0m
[36mINFO[0m [32m[08/14 15:53:54.574] [0mLoading deployment manifest from[32m [base_deploymanager][0m[36m [path:/Users/yanzhixing/Downloads/GitHub/token-engine/deploy/abis][0m
[36mINFO[0m [32m[08/14 15:53:54.575] [0mComponent[deploymanager] started[32m [sidecar][0m[36m [time_cost:150.25µs][0m
[36mINFO[0m [32m[08/14 15:53:54.576] [0mIPC server listen on: /Users/yanzhixing/Downloads/GitHub/token-engine/deploy/ipc.sock[32m [api][0m[36m[0m
[36mINFO[0m [32m[08/14 15:53:54.576] [0mHttp server listen on: 8082[32m [api][0m[36m[0m
[36mINFO[0m [32m[08/14 15:53:54.576] [0mComponent[http-api-server] started[32m [sidecar][0m[36m [time_cost:1.555958ms][0m
[36mINFO[0m [32m[08/14 15:53:54.577] [0mComponent[app] started[32m [sidecar][0m[36m [time_cost:309.5µs][0m
[36mINFO[0m [32m[08/14 15:53:54.577] [0mtoken-engine is ready[32m [sidecar][0m[36m[0m
[36mINFO[0m [32m[08/14 15:53:54.579] [0m=====================================================================================
   __            __                                                  _
  / /_  ____    / /__  ___    ____          ___    ____    ____ _   (_)   ____   ___
 / __/ / __ \  / //_/ / _ \  / __ \ ______ / _ \  / __ \  / __ `/  / /   / __ \ / _ \
/ /_  / /_/ / / ,<   /  __/ / / / //_____//  __/ / / / / / /_/ /  / /   / / / //  __/
\__/  \____/ /_/|_|  \___/ /_/ /_/        \___/ /_/ /_/  \__, /  /_/   /_/ /_/ \___/
                                                        /____/

=====================================================================================[32m [sidecar][0m[36m[0m
[36mINFO[0m [32m[08/14 15:53:54.595] [0mContract materials loaded successfully[32m [basechain][0m[36m [appid:root] [chainId:84532] [contractCount:9] [errors:0][0m
[36mINFO[0m [32m[08/14 15:53:54.612] [0mSolana events manager started[32m [solana_sm][0m[36m[0m
[36mINFO[0m [32m[08/14 15:53:54.612] [0mevent processor started[32m [solana_sm][0m[36m[0m
[36mINFO[0m [32m[08/14 15:54:03.970] [0mAPI request SubmitTransfer[32m [api][0m[36m[0m
[36mINFO[0m [32m[08/14 15:54:03.971] [0mAPI request SubmitTransfer chainId:[32m [api][0m[36m [!BADKEY:%!d(request.ChainId=8453)][0m
[31mERRO[0m [32m[08/14 15:54:03.971] [0mAPI request failed[32m [api][0m[31m [uri:/api/v2/transfer/submit] [err_code:10001] [err_msg:unsupported chain ID] [method:POST] [ip:127.0.0.1] [http_code:200] [time_cost:1.085959ms] [caller:root][0m
[31mERRO[0m [32m[08/14 15:54:28.530] [0msave swap event data failed[32m [ExchangeDataService][0m[31m [error:map[error:model: unable to insert into exchange_token_tx: ERROR: duplicate key value violates unique constraint "exchange_token_tx_outer_id_key" (SQLSTATE 23505) kind:*errors.withStack stack:<nil>]] [txData:&{0 1001 290839 E3msGNZ7XFBXWwwacp7hqTs5uryVNyMen1MCi3Y1LPcM 6SjHKEW363NWgN8S73tKgYxrpXBZ9ATL6fbKEhYNZdcB 4xkEmPMWfPJvBp4wiTWe5J81g9CrQibg5aof2S9dUKpu 0 19360000 9330954 19360000 154694798 339520592 2194777047383 10000 8womd2riK6w4fHwkrop7v1ihUJ6dK2ycsq9pH8kZjMiD 5x9w1wjGomgDsiBhzcx4P3f5PFYdWZ5XBgtqTrVNJCNAQxYVyy8t2yNb1bAoadgpvkpYk7j88NfQnrRVkJypHMmP 401049350 1755158030 2025-08-14 15:54:27.064248 +0800 CST m=+41.594827084 2025-08-14 15:54:27.064248 +0800 CST m=+41.594827126 <nil> {}}][0m
[31mERRO[0m [32m[08/14 15:54:33.514] [0msave swap event data failed[32m [ExchangeDataService][0m[31m [error:map[error:model: unable to insert into exchange_token_tx: ERROR: duplicate key value violates unique constraint "exchange_token_tx_outer_id_key" (SQLSTATE 23505) kind:*errors.withStack stack:<nil>]] [txData:&{0 1001 290840 9ECeLgwfGi28a8cyjpC5RxLYM2iug5SXmP4N4y4aAZtB 7yLwMHEiP2NyGhw2qDQWG1XkavQrk1PuNEKp24w6keFD 4xkEmPMWfPJvBp4wiTWe5J81g9CrQibg5aof2S9dUKpu 0 7250000 3849493 7250000 2717020416 5111597797 1881324765503 10000 8womd2riK6w4fHwkrop7v1ihUJ6dK2ycsq9pH8kZjMiD 57MXTdBjffh8nSYfdtvVKdFyuuWi3mctJVtKmPkcw4PH5FyvL14cXcwXZVVUoiT18hGywRioQykLSgsHwBMfJKsg 401049363 1755158035 2025-08-14 15:54:31.953067 +0800 CST m=+46.483631167 2025-08-14 15:54:31.953068 +0800 CST m=+46.483631459 <nil> {}}][0m
[31mERRO[0m [32m[08/14 15:54:36.486] [0msave swap event data failed[32m [ExchangeDataService][0m[31m [error:map[error:model: unable to insert into exchange_token_tx: ERROR: duplicate key value violates unique constraint "exchange_token_tx_outer_id_key" (SQLSTATE 23505) kind:*errors.withStack stack:<nil>]] [txData:&{0 1001 290841 cbgot6rf3LaEBqhzZp8jRMoU63Qc9JEszZ3BVWXNtgF GKpUBoqvkC9kMJm8kuNDTDkBFAsTvUhr4pniu6eXaS5V 4xkEmPMWfPJvBp4wiTWe5J81g9CrQibg5aof2S9dUKpu 1 17613672 17890000 17613672 44327076273 43734126687 986623309366 10000 8womd2riK6w4fHwkrop7v1ihUJ6dK2ycsq9pH8kZjMiD 2BKTpgXW9BTxYjHUJFrQKjXaNCFKfBuLGPbm387TwgLpmEoXQe6YtyrRXAiuZ2oShrxeah9LStz1Aw7qaymPTovU 401049373 1755158039 2025-08-14 15:54:35.846406 +0800 CST m=+50.376957376 2025-08-14 15:54:35.846406 +0800 CST m=+50.376957417 <nil> {}}][0m
[31mERRO[0m [32m[08/14 15:54:38.993] [0msave swap event data failed[32m [ExchangeDataService][0m[31m [error:map[error:model: unable to insert into exchange_token_tx: ERROR: duplicate key value violates unique constraint "exchange_token_tx_outer_id_key" (SQLSTATE 23505) kind:*errors.withStack stack:<nil>]] [txData:&{0 1001 290842 3MhiVfThJjkVXfjyuEXYmPtC2VmXW8CpR2Gd7QFu7Hwg 8c5yxueAtqTgoqoVFwUugz8YADWt8PZMKBFXJMtR9Y2P 4xkEmPMWfPJvBp4wiTWe5J81g9CrQibg5aof2S9dUKpu 1 17288859 17230000 17288859 299153188960 300910108972 1005872977714 10000 8womd2riK6w4fHwkrop7v1ihUJ6dK2ycsq9pH8kZjMiD 3MBXGFMcmRPnCuSVc8Qk46Cm7Tdk1McU5gwkDAkjTjjkpnpJ68YVn1Swz2MLbgAb6oQX1MLHDzHfVLCrKbhJi8Tu 401049384 1755158043 2025-08-14 15:54:38.811858 +0800 CST m=+53.342400376 2025-08-14 15:54:38.811858 +0800 CST m=+53.342400501 <nil> {}}][0m
[31mERRO[0m [32m[08/14 15:54:41.693] [0msave swap event data failed[32m [ExchangeDataService][0m[31m [error:map[error:model: unable to insert into exchange_token_tx: ERROR: duplicate key value violates unique constraint "exchange_token_tx_outer_id_key" (SQLSTATE 23505) kind:*errors.withStack stack:<nil>]] [txData:&{0 1001 290843 5EMN5ZfdZWEF2VjUJhvYfoNoVJEnQUz5X9yTm2NG3Lik 2zKZyDdcs1kWsc5T72bQiufNnv54TxMG1evxb1WfgbKT 4xkEmPMWfPJvBp4wiTWe5J81g9CrQibg5aof2S9dUKpu 1 7808037 7820000 7808037 499790305851 500268634324 1000957058325 10000 8womd2riK6w4fHwkrop7v1ihUJ6dK2ycsq9pH8kZjMiD 4XLSfz5J5UaWFVyHKhMcng1zoYhsUqupKzNUeGZQcamiCtpzfFjZz943P3AqqAYx8Z454UJ3gMiXb9Yd5CYn73XM 401049395 1755158048 2025-08-14 15:54:41.535355 +0800 CST m=+56.065888792 2025-08-14 15:54:41.535355 +0800 CST m=+56.065888876 <nil> {}}][0m
[31mERRO[0m [32m[08/14 15:54:45.584] [0msave swap event data failed[32m [ExchangeDataService][0m[31m [error:map[error:model: unable to insert into exchange_token_tx: ERROR: duplicate key value violates unique constraint "exchange_token_tx_outer_id_key" (SQLSTATE 23505) kind:*errors.withStack stack:<nil>]] [txData:&{0 1001 290844 GBzStFo17kUHyEP3LBbwTsJi5v5zAZW3xqULMmYnRAPd 4VkahQrirfxuXs9yhVLVuMhobmvBQKCv2n8y5tAznfNU 4xkEmPMWfPJvBp4wiTWe5J81g9CrQibg5aof2S9dUKpu 0 11650000 11653878 11650000 40080970594 39979111442 997458665534 10000 8womd2riK6w4fHwkrop7v1ihUJ6dK2ycsq9pH8kZjMiD 4TGuQkSG7UCH3TFCPPBYwmhNVw69D2SRo9YDaTL7ZhBH5EzPuuW6nCib63U6vgzyvzTSMUbPPZmcawiTj4uBUXyD 401049406 1755158052 2025-08-14 15:54:45.483997 +0800 CST m=+60.014517334 2025-08-14 15:54:45.483997 +0800 CST m=+60.014517417 <nil> {}}][0m
[31mERRO[0m [32m[08/14 15:54:48.162] [0msave swap event data failed[32m [ExchangeDataService][0m[31m [error:map[error:model: unable to insert into exchange_token_tx: ERROR: duplicate key value violates unique constraint "exchange_token_tx_outer_id_key" (SQLSTATE 23505) kind:*errors.withStack stack:<nil>]] [txData:&{0 1001 290845 8uHK7JmwvRQYoSP5sCxjcdUn6PfhCGSRvtT7v63Rqm9T E64i27za4jcMT6ceMKncdw3aJxg1TwvXzBmULsXytJ63 4xkEmPMWfPJvBp4wiTWe5J81g9CrQibg5aof2S9dUKpu 0 7780000 7884754 7780000 2403439668 2373359634 987484589523 10000 8womd2riK6w4fHwkrop7v1ihUJ6dK2ycsq9pH8kZjMiD 3sZCPUEJ2UfJNFxhy47avcjv7LbiiuNsxXw6w7VuDsixJwyUkcLNE3XTw2oQ7yrF4qRM8ZW4hLMfjYe6oxTfaCks 401049418 1755158056 2025-08-14 15:54:48.106411 +0800 CST m=+62.636923376 2025-08-14 15:54:48.106411 +0800 CST m=+62.636923459 <nil> {}}][0m
[31mERRO[0m [32m[08/14 15:54:50.693] [0msave swap event data failed[32m [ExchangeDataService][0m[31m [error:map[error:model: unable to insert into exchange_token_tx: ERROR: duplicate key value violates unique constraint "exchange_token_tx_outer_id_key" (SQLSTATE 23505) kind:*errors.withStack stack:<nil>]] [txData:&{0 1001 290846 E3msGNZ7XFBXWwwacp7hqTs5uryVNyMen1MCi3Y1LPcM 6SjHKEW363NWgN8S73tKgYxrpXBZ9ATL6fbKEhYNZdcB 4xkEmPMWfPJvBp4wiTWe5J81g9CrQibg5aof2S9dUKpu 0 8420000 3734492 8420000 150960306 347932848 2304796917939 10000 8womd2riK6w4fHwkrop7v1ihUJ6dK2ycsq9pH8kZjMiD 3fqTQW6enRQzNeYVipnJvwCUfN9nCxJJdVAZh8HV991aVVmGPYH1kG5Qn4B7TsvHia3e1UHHCv8VNCfRySbAifrP 401049430 1755158061 2025-08-14 15:54:50.477691 +0800 CST m=+65.008195751 2025-08-14 15:54:50.477691 +0800 CST m=+65.008195834 <nil> {}}][0m
[31mERRO[0m [32m[08/14 15:54:53.120] [0msave swap event data failed[32m [ExchangeDataService][0m[31m [error:map[error:model: unable to insert into exchange_token_tx: ERROR: duplicate key value violates unique constraint "exchange_token_tx_outer_id_key" (SQLSTATE 23505) kind:*errors.withStack stack:<nil>]] [txData:&{0 1001 290847 9ECeLgwfGi28a8cyjpC5RxLYM2iug5SXmP4N4y4aAZtB 7yLwMHEiP2NyGhw2qDQWG1XkavQrk1PuNEKp24w6keFD 4xkEmPMWfPJvBp4wiTWe5J81g9CrQibg5aof2S9dUKpu 1 30091689 16130000 30091689 2733150416 5081503208 1859210959723 10000 8womd2riK6w4fHwkrop7v1ihUJ6dK2ycsq9pH8kZjMiD 2dK1WAxwg8n7qe7QMBWnRFu1qR7NQvroQmCmbuUtRQ7afm5kv9SBEVErJcZLh7RwSD8hmLMcJcZ1UBm24WNj2RqU 401049441 1755158066 2025-08-14 15:54:53.01654 +0800 CST m=+67.547036834 2025-08-14 15:54:53.01654 +0800 CST m=+67.547037126 <nil> {}}][0m
[31mERRO[0m [32m[08/14 15:54:55.567] [0msave swap event data failed[32m [ExchangeDataService][0m[31m [error:map[error:model: unable to insert into exchange_token_tx: ERROR: duplicate key value violates unique constraint "exchange_token_tx_outer_id_key" (SQLSTATE 23505) kind:*errors.withStack stack:<nil>]] [txData:&{0 1001 290848 cbgot6rf3LaEBqhzZp8jRMoU63Qc9JEszZ3BVWXNtgF GKpUBoqvkC9kMJm8kuNDTDkBFAsTvUhr4pniu6eXaS5V 4xkEmPMWfPJvBp4wiTWe5J81g9CrQibg5aof2S9dUKpu 1 4595529 4670000 4595529 44331739117 43729531158 986415873345 10000 8womd2riK6w4fHwkrop7v1ihUJ6dK2ycsq9pH8kZjMiD 5vXjNF3Fkb3vSPAotSmGcagNLDvfWJvtvNMXQhLzqvSLu6JZr8chAKTYBboPzU6FBvPn2y3HzG14cK548CAMhaqj 401049452 1755158070 2025-08-14 15:54:55.477451 +0800 CST m=+70.007939917 2025-08-14 15:54:55.477451 +0800 CST m=+70.007940084 <nil> {}}][0m
[31mERRO[0m [32m[08/14 15:54:58.045] [0msave swap event data failed[32m [ExchangeDataService][0m[31m [error:map[error:model: unable to insert into exchange_token_tx: ERROR: duplicate key value violates unique constraint "exchange_token_tx_outer_id_key" (SQLSTATE 23505) kind:*errors.withStack stack:<nil>]] [txData:&{0 1001 290849 3MhiVfThJjkVXfjyuEXYmPtC2VmXW8CpR2Gd7QFu7Hwg 8c5yxueAtqTgoqoVFwUugz8YADWt8PZMKBFXJMtR9Y2P 4xkEmPMWfPJvBp4wiTWe5J81g9CrQibg5aof2S9dUKpu 0 10020000 9936262 10020000 299143245806 300920128972 1005939907355 10000 8womd2riK6w4fHwkrop7v1ihUJ6dK2ycsq9pH8kZjMiD 4dXeCmhEH85PLqz12L7ySddE5eC3MMcvRJwGcXtsrwC9fTh49ng1Sfnr8QEz8Hf6XUEg5prDYqQhidWhpSdZX9Xh 401049464 1755158075 2025-08-14 15:54:57.896805 +0800 CST m=+72.427286459 2025-08-14 15:54:57.896805 +0800 CST m=+72.427286501 <nil> {}}][0m
[31mERRO[0m [32m[08/14 15:55:00.561] [0msave swap event data failed[32m [ExchangeDataService][0m[31m [error:map[error:model: unable to insert into exchange_token_tx: ERROR: duplicate key value violates unique constraint "exchange_token_tx_outer_id_key" (SQLSTATE 23505) kind:*errors.withStack stack:<nil>]] [txData:&{0 1001 290850 5EMN5ZfdZWEF2VjUJhvYfoNoVJEnQUz5X9yTm2NG3Lik 2zKZyDdcs1kWsc5T72bQiufNnv54TxMG1evxb1WfgbKT 4xkEmPMWfPJvBp4wiTWe5J81g9CrQibg5aof2S9dUKpu 1 17382491 17410000 17382491 499807712723 500251251833 1000887419498 10000 8womd2riK6w4fHwkrop7v1ihUJ6dK2ycsq9pH8kZjMiD 5fRWyHDiuUgqwj1HtzLZwrnPf7um3d4sF2GzD7NE2uNoBdArBkAqBY639xJ53b7jMhyCLf8utxatwoT8kxjpA1Ka 401049476 1755158080 2025-08-14 15:55:00.389799 +0800 CST m=+74.920272334 2025-08-14 15:55:00.389799 +0800 CST m=+74.920272417 <nil> {}}][0m
[31mERRO[0m [32m[08/14 15:55:03.015] [0msave swap event data failed[32m [ExchangeDataService][0m[31m [error:map[error:model: unable to insert into exchange_token_tx: ERROR: duplicate key value violates unique constraint "exchange_token_tx_outer_id_key" (SQLSTATE 23505) kind:*errors.withStack stack:<nil>]] [txData:&{0 1001 290851 GBzStFo17kUHyEP3LBbwTsJi5v5zAZW3xqULMmYnRAPd 4VkahQrirfxuXs9yhVLVuMhobmvBQKCv2n8y5tAznfNU 4xkEmPMWfPJvBp4wiTWe5J81g9CrQibg5aof2S9dUKpu 0 11030000 11027423 11030000 40069943171 39990136782 998008322880 10000 8womd2riK6w4fHwkrop7v1ihUJ6dK2ycsq9pH8kZjMiD 5QkTK6wi2q5otnpebkEAhhti1YEgjNdXcv6tuGpjU3TQaPK354B4YcGoEavNhJdk83z6epF6G5EasqV6Aaf9tvaf 401049487 1755158084 2025-08-14 15:55:02.885181 +0800 CST m=+77.415646667 2025-08-14 15:55:02.885181 +0800 CST m=+77.415646792 <nil> {}}][0m
[31mERRO[0m [32m[08/14 15:55:05.444] [0msave swap event data failed[32m [ExchangeDataService][0m[31m [error:map[error:model: unable to insert into exchange_token_tx: ERROR: duplicate key value violates unique constraint "exchange_token_tx_outer_id_key" (SQLSTATE 23505) kind:*errors.withStack stack:<nil>]] [txData:&{0 1001 290852 8uHK7JmwvRQYoSP5sCxjcdUn6PfhCGSRvtT7v63Rqm9T E64i27za4jcMT6ceMKncdw3aJxg1TwvXzBmULsXytJ63 4xkEmPMWfPJvBp4wiTWe5J81g9CrQibg5aof2S9dUKpu 0 15800000 15854983 15800000 2387584685 2389156522 1000658337695 10000 8womd2riK6w4fHwkrop7v1ihUJ6dK2ycsq9pH8kZjMiD 2awwe5M3VFzyGsbfJ2o5A9RPexwNBrmCyaBweXSojqFkH1ti4M5CENqa57AA5yqu4QnrbBW2sH7gzp7SJVxJbBQi 401049497 1755158088 2025-08-14 15:55:05.340513 +0800 CST m=+79.870970334 2025-08-14 15:55:05.340513 +0800 CST m=+79.870970459 <nil> {}}][0m
[31mERRO[0m [32m[08/14 15:55:07.933] [0msave swap event data failed[32m [ExchangeDataService][0m[31m [error:map[error:model: unable to insert into exchange_token_tx: ERROR: duplicate key value violates unique constraint "exchange_token_tx_outer_id_key" (SQLSTATE 23505) kind:*errors.withStack stack:<nil>]] [txData:&{0 1001 290853 E3msGNZ7XFBXWwwacp7hqTs5uryVNyMen1MCi3Y1LPcM 6SjHKEW363NWgN8S73tKgYxrpXBZ9ATL6fbKEhYNZdcB 4xkEmPMWfPJvBp4wiTWe5J81g9CrQibg5aof2S9dUKpu 0 9430000 3973843 9430000 146986463 357359480 2431240759905 10000 Ft5dUC14KJ4r7bwwwX5oRsjgVwbwFoG7ntfowwNd4bFq 5yMXAJXq2UUy6PsPykN5jcBB5BSYdcZcZQr2yMUxjHmeidFwjhhi7qFoasbejohQKxVk7CFa3wqfTQcuRstzGXj2 401049509 1755158093 2025-08-14 15:55:07.76343 +0800 CST m=+82.293880042 2025-08-14 15:55:07.76343 +0800 CST m=+82.293880167 <nil> {}}][0m
[31mERRO[0m [32m[08/14 15:55:10.408] [0msave swap event data failed[32m [ExchangeDataService][0m[31m [error:map[error:model: unable to insert into exchange_token_tx: ERROR: duplicate key value violates unique constraint "exchange_token_tx_outer_id_key" (SQLSTATE 23505) kind:*errors.withStack stack:<nil>]] [txData:&{0 1001 290854 9ECeLgwfGi28a8cyjpC5RxLYM2iug5SXmP4N4y4aAZtB 7yLwMHEiP2NyGhw2qDQWG1XkavQrk1PuNEKp24w6keFD 4xkEmPMWfPJvBp4wiTWe5J81g9CrQibg5aof2S9dUKpu 1 13041144 7050000 13041144 2740193964 5068462064 1849672735064 10000 Ft5dUC14KJ4r7bwwwX5oRsjgVwbwFoG7ntfowwNd4bFq 2esSE8KsSzmQToXzfVxuyQesV8UPt9LjDcLs7syzXdnH9DZj4C4Jj94V5uyqqRrdibYskHEoq5eT71nFFfMB4y1A 401049519 1755158097 2025-08-14 15:55:10.258557 +0800 CST m=+84.788999126 2025-08-14 15:55:10.258557 +0800 CST m=+84.788999459 <nil> {}}][0m
[31mERRO[0m [32m[08/14 15:55:14.590] [0msave swap event data failed[32m [ExchangeDataService][0m[31m [error:map[error:model: unable to insert into exchange_token_tx: ERROR: duplicate key value violates unique constraint "exchange_token_tx_outer_id_key" (SQLSTATE 23505) kind:*errors.withStack stack:<nil>]] [txData:&{0 1001 290855 cbgot6rf3LaEBqhzZp8jRMoU63Qc9JEszZ3BVWXNtgF GKpUBoqvkC9kMJm8kuNDTDkBFAsTvUhr4pniu6eXaS5V 4xkEmPMWfPJvBp4wiTWe5J81g9CrQibg5aof2S9dUKpu 0 10990000 11110706 10990000 44320626543 43740521158 986911164614 10000 Ft5dUC14KJ4r7bwwwX5oRsjgVwbwFoG7ntfowwNd4bFq 6v1xdu2u4qrTZoYJS43EFw3Ux33gmFAhnVT8YeuiMubBUQeiTZ4n4G3BJMHiSh1xyPBxBiW7nY5iWKv3hNStuqr 401049529 1755158101 2025-08-14 15:55:12.715801 +0800 CST m=+87.246235042 2025-08-14 15:55:12.715801 +0800 CST m=+87.246235126 <nil> {}}][0m
[31mERRO[0m [32m[08/14 15:55:16.993] [0msave swap event data failed[32m [ExchangeDataService][0m[31m [error:map[error:model: unable to insert into exchange_token_tx: ERROR: duplicate key value violates unique constraint "exchange_token_tx_outer_id_key" (SQLSTATE 23505) kind:*errors.withStack stack:<nil>]] [txData:&{0 1001 290856 3MhiVfThJjkVXfjyuEXYmPtC2VmXW8CpR2Gd7QFu7Hwg 8c5yxueAtqTgoqoVFwUugz8YADWt8PZMKBFXJMtR9Y2P 4xkEmPMWfPJvBp4wiTWe5J81g9CrQibg5aof2S9dUKpu 0 1520000 1507239 1520000 299141738567 300921644964 1005950043633 10000 Ft5dUC14KJ4r7bwwwX5oRsjgVwbwFoG7ntfowwNd4bFq 2AWFiMsVmPHiuET51MmUZdAq1ZEFtu7KvZxoHaRvhynQpyeqVoT2y4PDEvL7ydaJLxkZXzwzADVnPitGa4F6MrCr 401049540 1755158105 2025-08-14 15:55:16.906025 +0800 CST m=+91.436446042 2025-08-14 15:55:16.906025 +0800 CST m=+91.436446167 <nil> {}}][0m
[31mERRO[0m [32m[08/14 15:55:19.515] [0msave swap event data failed[32m [ExchangeDataService][0m[31m [error:map[error:model: unable to insert into exchange_token_tx: ERROR: duplicate key value violates unique constraint "exchange_token_tx_outer_id_key" (SQLSTATE 23505) kind:*errors.withStack stack:<nil>]] [txData:&{0 1001 290857 5EMN5ZfdZWEF2VjUJhvYfoNoVJEnQUz5X9yTm2NG3Lik 2zKZyDdcs1kWsc5T72bQiufNnv54TxMG1evxb1WfgbKT 4xkEmPMWfPJvBp4wiTWe5J81g9CrQibg5aof2S9dUKpu 0 8139999 8112318 8139999 499799593441 500259391832 1000919965516 10000 Ft5dUC14KJ4r7bwwwX5oRsjgVwbwFoG7ntfowwNd4bFq 5SWX4c3ZQ9z2DySi1pjfFtmEARPLAJyUfCEcWEFjarM6NX7obUNL1MQYK1FL7KS22gnKZaCMAqsQqj5sfuz2Lhk1 401049551 1755158110 2025-08-14 15:55:19.321173 +0800 CST m=+93.851586501 2025-08-14 15:55:19.321173 +0800 CST m=+93.851586626 <nil> {}}][0m
[31mERRO[0m [32m[08/14 15:55:22.233] [0msave swap event data failed[32m [ExchangeDataService][0m[31m [error:map[error:model: unable to insert into exchange_token_tx: ERROR: duplicate key value violates unique constraint "exchange_token_tx_outer_id_key" (SQLSTATE 23505) kind:*errors.withStack stack:<nil>]] [txData:&{0 1001 290858 GBzStFo17kUHyEP3LBbwTsJi5v5zAZW3xqULMmYnRAPd 4VkahQrirfxuXs9yhVLVuMhobmvBQKCv2n8y5tAznfNU 4xkEmPMWfPJvBp4wiTWe5J81g9CrQibg5aof2S9dUKpu 0 1750000 1749032 1750000 40068194139 39991882370 998095452748 10000 Ft5dUC14KJ4r7bwwwX5oRsjgVwbwFoG7ntfowwNd4bFq Bka6sQR6mzo5cfwxMNeeG9fpTp99k7BxAkq2qj4wUR2DdPe8rgSpsHyzydqZM3EFxC2epkwvheCHQuRuSWax76A 401049562 1755158114 2025-08-14 15:55:22.135856 +0800 CST m=+96.666260584 2025-08-14 15:55:22.135856 +0800 CST m=+96.666260709 <nil> {}}][0m
[31mERRO[0m [32m[08/14 15:55:25.236] [0msave swap event data failed[32m [ExchangeDataService][0m[31m [error:map[error:model: unable to insert into exchange_token_tx: ERROR: duplicate key value violates unique constraint "exchange_token_tx_outer_id_key" (SQLSTATE 23505) kind:*errors.withStack stack:<nil>]] [txData:&{0 1001 290859 8uHK7JmwvRQYoSP5sCxjcdUn6PfhCGSRvtT7v63Rqm9T E64i27za4jcMT6ceMKncdw3aJxg1TwvXzBmULsXytJ63 4xkEmPMWfPJvBp4wiTWe5J81g9CrQibg5aof2S9dUKpu 0 8510000 8453128 8510000 2379131557 2397660202 1007787986732 10000 Ft5dUC14KJ4r7bwwwX5oRsjgVwbwFoG7ntfowwNd4bFq TJMDeeMRJ8Cz8MF1y4ybHiFsmXfH1bGx7VEjcxPtUgXzA6eoWZSdiaWouQ4p5o2fn2fkFrxDLN9qBJNrHvQHTSe 401049573 1755158118 2025-08-14 15:55:25.060678 +0800 CST m=+99.591072834 2025-08-14 15:55:25.060678 +0800 CST m=+99.591072917 <nil> {}}][0m
[31mERRO[0m [32m[08/14 15:55:27.661] [0msave swap event data failed[32m [ExchangeDataService][0m[31m [error:map[error:model: unable to insert into exchange_token_tx: ERROR: duplicate key value violates unique constraint "exchange_token_tx_outer_id_key" (SQLSTATE 23505) kind:*errors.withStack stack:<nil>]] [txData:&{0 1001 290860 E3msGNZ7XFBXWwwacp7hqTs5uryVNyMen1MCi3Y1LPcM 6SjHKEW363NWgN8S73tKgYxrpXBZ9ATL6fbKEhYNZdcB 4xkEmPMWfPJvBp4wiTWe5J81g9CrQibg5aof2S9dUKpu 1 4832530 2020000 4832530 149006463 352523178 2365824749494 10000 Ft5dUC14KJ4r7bwwwX5oRsjgVwbwFoG7ntfowwNd4bFq 2o45HVCRmJeBegMiCSaMgjMZgcCULAscBhjQeNPcsLtUvKHDnJ2NmSGKs1WD58i5yezmkjK9yT2q9MMteo3bCaBF 401049583 1755158122 2025-08-14 15:55:27.55563 +0800 CST m=+102.086016667 2025-08-14 15:55:27.55563 +0800 CST m=+102.086016792 <nil> {}}][0m
[33mWARN[0m [32m[08/14 15:55:30.132] [0mstop compensate swap event[32m [ExchangeDataService][0m[33m [outer_id end:290860][0m
[36mINFO[0m [32m[08/14 16:00:21.829] [0mReceive exit signal: interrupt[32m [sidecar][0m[36m[0m
[36mINFO[0m [32m[08/14 16:00:21.830] [0mComponent[app] stopped[32m [sidecar][0m[36m [time_cost:270.959µs][0m
[36mINFO[0m [32m[08/14 16:00:21.830] [0mIPC server shutdown[32m [api][0m[36m[0m
[36mINFO[0m [32m[08/14 16:00:21.830] [0mComponent[http-api-server] stopped[32m [sidecar][0m[36m [time_cost:395.875µs][0m
[36mINFO[0m [32m[08/14 16:00:21.830] [0mDeployManager stopped[32m [base_deploymanager][0m[36m[0m
[36mINFO[0m [32m[08/14 16:00:21.830] [0mHttp server shutdown[32m [api][0m[36m[0m
[36mINFO[0m [32m[08/14 16:00:21.830] [0mComponent[deploymanager] stopped[32m [sidecar][0m[36m [time_cost:174.75µs][0m
[36mINFO[0m [32m[08/14 16:00:21.831] [0mevent processor stopping[32m [solana_sm][0m[36m[0m
[36mINFO[0m [32m[08/14 16:00:22.310] [0mScheduled task stopped[32m [sidecar][0m[36m [interval:2s] [task:solana-tx-sender[poll-last-block]][0m
