[36mINFO[0m [32m[08/18 10:03:13.528] [0mtoken-engine version:[32m [app][0m[36m[0m
[36mINFO[0m [32m[08/18 10:03:13.529] [0mSystem version: darwin/arm64[32m [app][0m[36m[0m
[36mINFO[0m [32m[08/18 10:03:13.529] [0mGolang version: go1.24.2[32m [app][0m[36m[0m
[36mINFO[0m [32m[08/18 10:03:13.529] [0mApp build time:[32m [app][0m[36m[0m
[36mINFO[0m [32m[08/18 10:03:13.529] [0mGit commit id:[32m [app][0m[36m[0m
[36mINFO[0m [32m[08/18 10:03:13.529] [0mRepo path: /Users/yanzhixing/Downloads/GitHub/token-engine/deploy[32m [app][0m[36m[0m
[36mINFO[0m [32m[08/18 10:03:13.529] [0mExecutable: /Users/yanzhixing/Downloads/GitHub/token-engine/deploy/tools/bin/token-engine[32m [app][0m[36m[0m
[36mINFO[0m [32m[08/18 10:03:13.529] [0mPID: 34907[32m [app][0m[36m[0m
[36mINFO[0m [32m[08/18 10:03:13.529] [0mUUID node index: 0[32m [app][0m[36m[0m
[36mINFO[0m [32m[08/18 10:03:16.093] [0mcreating new base AxcTxPrepare[32m [base_txprepare][0m[36m[0m
[36mINFO[0m [32m[08/18 10:03:16.093] [0mcreating new base AxcTxExecutor[32m [base_txexecutor][0m[36m[0m
[36mINFO[0m [32m[08/18 10:03:16.093] [0mcreate axc vault idl[32m [solana-idl][0m[36m[0m
[36mINFO[0m [32m[08/18 10:03:16.093] [0mcreate axc vault transaction builder[32m [axc_tx_builder][0m[36m[0m
[36mINFO[0m [32m[08/18 10:03:16.093] [0mcreating Solana chain adaptor[32m [common_chain_adaptor][0m[36m[0m
[36mINFO[0m [32m[08/18 10:03:16.236] [0minitialized all program event definitions[32m [solana_sm][0m[36m [programCount:1][0m
[36mINFO[0m [32m[08/18 10:03:16.237] [0mRegistered transfer provider[32m [transfer-service][0m[36m [chainID:97] [tokens:[BNB USDT USDC]][0m
[36mINFO[0m [32m[08/18 10:03:16.237] [0mRegistered transfer provider[32m [transfer-service][0m[36m [chainID:2494104990] [tokens:[TRX USDT]][0m
[36mINFO[0m [32m[08/18 10:03:16.237] [0mcore api initialized[32m [coreApi][0m[36m[0m
[36mINFO[0m [32m[08/18 10:03:16.764] [0mComponent[sql-connector] started[32m [sidecar][0m[36m [time_cost:526.383542ms][0m
[36mINFO[0m [32m[08/18 10:03:19.360] [0mFinished connect to send tx http rpcs[32m [solana-jsonrpc][0m[36m [cost:2.596258792s] [num:3][0m
[36mINFO[0m [32m[08/18 10:03:19.831] [0mFinished connect to stable http rpcs[32m [solana-jsonrpc][0m[36m [cost:470.544125ms] [num:3][0m
[31mERRO[0m [32m[08/18 10:03:36.239] [0mStart components failed[32m [sidecar][0m[31m [err:map[error:context deadline exceeded kind:context.deadlineExceededError stack:<nil>]][0m
[36mINFO[0m [32m[08/18 10:03:36.240] [0mtoken-engine is stopped[32m [app][0m[36m[0m
