[36mINFO[0m [32m[08/18 14:30:11.426] [0mtoken-engine version:[32m [app][0m[36m[0m
[36mINFO[0m [32m[08/18 14:30:11.426] [0mSystem version: darwin/arm64[32m [app][0m[36m[0m
[36mINFO[0m [32m[08/18 14:30:11.426] [0mGolang version: go1.24.2[32m [app][0m[36m[0m
[36mINFO[0m [32m[08/18 14:30:11.426] [0mApp build time:[32m [app][0m[36m[0m
[36mINFO[0m [32m[08/18 14:30:11.427] [0mGit commit id:[32m [app][0m[36m[0m
[36mINFO[0m [32m[08/18 14:30:11.427] [0mRepo path: /Users/yanzhixing/Downloads/GitHub/token-engine/deploy[32m [app][0m[36m[0m
[36mINFO[0m [32m[08/18 14:30:11.427] [0mExecutable: /Users/yanzhixing/Downloads/GitHub/token-engine/deploy/tools/bin/token-engine[32m [app][0m[36m[0m
[36mINFO[0m [32m[08/18 14:30:11.427] [0mPID: 16600[32m [app][0m[36m[0m
[36mINFO[0m [32m[08/18 14:30:11.427] [0mUUID node index: 0[32m [app][0m[36m[0m
[36mINFO[0m [32m[08/18 14:30:11.675] [0mcreating new base AxcTxPrepare[32m [base_txprepare][0m[36m[0m
[36mINFO[0m [32m[08/18 14:30:11.675] [0mcreating new base AxcTxExecutor[32m [base_txexecutor][0m[36m[0m
[36mINFO[0m [32m[08/18 14:30:11.675] [0mcreate axc vault idl[32m [solana-idl][0m[36m[0m
[36mINFO[0m [32m[08/18 14:30:11.677] [0mcreate axc vault transaction builder[32m [axc_tx_builder][0m[36m[0m
[36mINFO[0m [32m[08/18 14:30:11.677] [0mcreating Solana chain adaptor[32m [common_chain_adaptor][0m[36m[0m
[36mINFO[0m [32m[08/18 14:30:11.830] [0minitialized all program event definitions[32m [solana_sm][0m[36m [programCount:1][0m
[36mINFO[0m [32m[08/18 14:30:11.831] [0mRegistered transfer provider[32m [transfer-service][0m[36m [chainID:97] [tokens:[BNB USDT USDC]][0m
[36mINFO[0m [32m[08/18 14:30:11.831] [0mRegistered transfer provider[32m [transfer-service][0m[36m [chainID:2494104990] [tokens:[TRX USDT]][0m
[36mINFO[0m [32m[08/18 14:30:11.831] [0mcore api initialized[32m [coreApi][0m[36m[0m
[36mINFO[0m [32m[08/18 14:30:12.088] [0mComponent[sql-connector] started[32m [sidecar][0m[36m [time_cost:256.875625ms][0m
[36mINFO[0m [32m[08/18 14:30:13.983] [0mFinished connect to send tx http rpcs[32m [solana-jsonrpc][0m[36m [cost:1.89516775s] [num:3][0m
[36mINFO[0m [32m[08/18 14:30:18.377] [0mFinished connect to stable http rpcs[32m [solana-jsonrpc][0m[36m [cost:4.393369125s] [num:3][0m
[36mINFO[0m [32m[08/18 14:30:21.992] [0mFinished connect to unstable http rpcs[32m [solana-jsonrpc][0m[36m [cost:3.614789334s] [num:45][0m
[36mINFO[0m [32m[08/18 14:30:23.461] [0mFinished connect to ws rpcs[32m [solana-jsonrpc][0m[36m [cost:1.468843791s] [num:1][0m
[36mINFO[0m [32m[08/18 14:30:24.118] [0mScheduled task started[32m [sidecar][0m[36m [interval:2s] [task:solana-tx-sender[poll-last-block]][0m
[36mINFO[0m [32m[08/18 14:30:24.118] [0msolana submitter started[32m [solana-submitter][0m[36m[0m
[36mINFO[0m [32m[08/18 14:30:24.118] [0mswap submitter started[32m [submitter][0m[36m[0m
[36mINFO[0m [32m[08/18 14:30:24.118] [0mComponent[SwapSubmitter] started[32m [sidecar][0m[36m [time_cost:12.030130417s][0m
[36mINFO[0m [32m[08/18 14:30:24.118] [0mComponent[ExchangeDataService] started[32m [sidecar][0m[36m [time_cost:7.958µs][0m
[36mINFO[0m [32m[08/18 14:30:24.118] [0mComponent[ContractMaterials] started[32m [sidecar][0m[36m [time_cost:3.083µs][0m
[36mINFO[0m [32m[08/18 14:30:24.118] [0mstarting Solana chain adaptor[32m [common_chain_adaptor][0m[36m[0m
[36mINFO[0m [32m[08/18 14:30:24.118] [0mScheduled task started[32m [sidecar][0m[36m [interval:1m0s] [task:StatisticExchangeData][0m
[36mINFO[0m [32m[08/18 14:30:24.118] [0mScheduled task started[32m [sidecar][0m[36m [interval:1h0m0s] [task:UpdateExchangeTokenHolders][0m
[36mINFO[0m [32m[08/18 14:30:24.118] [0mSolana chain adaptor started successfully[32m [common_chain_adaptor][0m[36m[0m
[36mINFO[0m [32m[08/18 14:30:24.118] [0mComponent[common_chain_adaptor] started[32m [sidecar][0m[36m [time_cost:153.209µs][0m
[36mINFO[0m [32m[08/18 14:30:24.190] [0mSolana syncer started[32m [common_chain_adaptor][0m[36m[0m
[36mINFO[0m [32m[08/18 14:30:24.190] [0mComponent[Syncer] started[32m [sidecar][0m[36m [time_cost:72.122542ms][0m
[36mINFO[0m [32m[08/18 14:30:24.428] [0mContract materials loaded successfully[32m [basechain][0m[36m [appid:root] [chainId:84532] [contractCount:9] [errors:0][0m
[36mINFO[0m [32m[08/18 14:30:24.706] [0mNSQ consumer component started[32m [msgqueue][0m[36m[0m
[36mINFO[0m [32m[08/18 14:30:24.706] [0mComponent[msg_queue] started[32m [sidecar][0m[36m [time_cost:515.508291ms][0m
[36mINFO[0m [32m[08/18 14:30:24.706] [0mComponent[solana_sm] started[32m [sidecar][0m[36m [time_cost:6µs][0m
[36mINFO[0m [32m[08/18 14:30:24.706] [0mSolana events manager started[32m [solana_sm][0m[36m[0m
[36mINFO[0m [32m[08/18 14:30:24.706] [0mLoading deployment manifest from[32m [base_deploymanager][0m[36m [path:/Users/yanzhixing/Downloads/GitHub/token-engine/deploy/abis][0m
[36mINFO[0m [32m[08/18 14:30:24.706] [0mevent processor started[32m [solana_sm][0m[36m[0m
[36mINFO[0m [32m[08/18 14:30:24.706] [0mComponent[deploymanager] started[32m [sidecar][0m[36m [time_cost:72.375µs][0m
[36mINFO[0m [32m[08/18 14:30:24.706] [0mStarting TokenBalanceService[32m [TokenBalanceService][0m[36m[0m
[36mINFO[0m [32m[08/18 14:30:24.707] [0mComponent[TokenBalanceService] started[32m [sidecar][0m[36m [time_cost:50.5µs][0m
[36mINFO[0m [32m[08/18 14:30:24.707] [0mIPC server listen on: /Users/yanzhixing/Downloads/GitHub/token-engine/deploy/ipc.sock[32m [api][0m[36m[0m
[36mINFO[0m [32m[08/18 14:30:24.707] [0mHttp server listen on: 8082[32m [api][0m[36m[0m
[36mINFO[0m [32m[08/18 14:30:24.707] [0mComponent[http-api-server] started[32m [sidecar][0m[36m [time_cost:866.458µs][0m
[36mINFO[0m [32m[08/18 14:30:24.708] [0mComponent[app] started[32m [sidecar][0m[36m [time_cost:451.292µs][0m
[36mINFO[0m [32m[08/18 14:30:24.708] [0mtoken-engine is ready[32m [sidecar][0m[36m[0m
[36mINFO[0m [32m[08/18 14:30:24.710] [0m=====================================================================================
   __            __                                                  _
  / /_  ____    / /__  ___    ____          ___    ____    ____ _   (_)   ____   ___
 / __/ / __ \  / //_/ / _ \  / __ \ ______ / _ \  / __ \  / __ `/  / /   / __ \ / _ \
/ /_  / /_/ / / ,<   /  __/ / / / //_____//  __/ / / / / / /_/ /  / /   / / / //  __/
\__/  \____/ /_/|_|  \___/ /_/ /_/        \___/ /_/ /_/  \__, /  /_/   /_/ /_/ \___/
                                                        /____/

=====================================================================================[32m [sidecar][0m[36m[0m
[36mINFO[0m [32m[08/18 14:30:46.748] [0mpreparing create vault transaction[32m [base_txprepare][0m[36m [params:&{84532 {0xf39Fd6e51aad88F6F4ce6aB8827279cffFb92266 0xf39Fd6e51aad88F6F4ce6aB8827279cffFb92266 0xf39Fd6e51aad88F6F4ce6aB8827279cffFb92266 0xf39Fd6e51aad88F6F4ce6aB8827279cffFb92266 0xf39Fd6e51aad88F6F4ce6aB8827279cffFb92266} {My Test Token MTT 6 https://example.com/token-metadata.json} {Test 0xf39Fd6e51aad88F6F4ce6aB8827279cffFb92266 1000000 1754832494 1786800494 100 500 1 100000 200 0xf39Fd6e51aad88F6F4ce6aB8827279cffFb92266 0xf39Fd6e51aad88F6F4ce6aB8827279cffFb92266 1} false}][0m
[31mERRO[0m [32m[08/18 14:30:46.767] [0mfailed to get nonce[32m [base_txprepare][0m[31m [deployer:0xf39Fd6e51aad88F6F4ce6aB8827279cffFb92266] [error:map[error:Post "http://10.1.8.91": EOF kind:*url.Error stack:<nil>]][0m
[31mERRO[0m [32m[08/18 14:30:46.768] [0mAPI request failed[32m [api][0m[31m [uri:/api/v2/primary/vault/prepare_create] [err_code:10001] [err_msg:failed to get nonce: Post "http://10.1.8.91": EOF] [method:POST] [ip:127.0.0.1] [http_code:200] [time_cost:22.587375ms] [caller:root][0m
[36mINFO[0m [32m[08/18 14:31:23.522] [0mpreparing create vault transaction[32m [base_txprepare][0m[36m [params:&{84532 {0xf39Fd6e51aad88F6F4ce6aB8827279cffFb92266 0xf39Fd6e51aad88F6F4ce6aB8827279cffFb92266 0xf39Fd6e51aad88F6F4ce6aB8827279cffFb92266 0xf39Fd6e51aad88F6F4ce6aB8827279cffFb92266 0xf39Fd6e51aad88F6F4ce6aB8827279cffFb92266} {My Test Token MTT 6 https://example.com/token-metadata.json} {Test 0xf39Fd6e51aad88F6F4ce6aB8827279cffFb92266 1000000 1754832494 1786800494 100 500 1 100000 200 0xf39Fd6e51aad88F6F4ce6aB8827279cffFb92266 0xf39Fd6e51aad88F6F4ce6aB8827279cffFb92266 1} false}][0m
[31mERRO[0m [32m[08/18 14:31:23.631] [0mfailed to get nonce[32m [base_txprepare][0m[31m [deployer:0xf39Fd6e51aad88F6F4ce6aB8827279cffFb92266] [error:map[error:Post "http://10.1.8.91": EOF kind:*url.Error stack:<nil>]][0m
[31mERRO[0m [32m[08/18 14:31:23.631] [0mAPI request failed[32m [api][0m[31m [uri:/api/v2/primary/vault/prepare_create] [err_code:10001] [err_msg:failed to get nonce: Post "http://10.1.8.91": EOF] [method:POST] [ip:127.0.0.1] [http_code:200] [time_cost:109.275708ms] [caller:root][0m
[36mINFO[0m [32m[08/18 14:31:32.091] [0mReceive exit signal: interrupt[32m [sidecar][0m[36m[0m
[36mINFO[0m [32m[08/18 14:31:32.092] [0mComponent[app] stopped[32m [sidecar][0m[36m [time_cost:312.167µs][0m
[36mINFO[0m [32m[08/18 14:31:32.092] [0mIPC server shutdown[32m [api][0m[36m[0m
[36mINFO[0m [32m[08/18 14:31:32.092] [0mHttp server shutdown[32m [api][0m[36m[0m
[36mINFO[0m [32m[08/18 14:31:32.092] [0mComponent[http-api-server] stopped[32m [sidecar][0m[36m [time_cost:398.416µs][0m
[36mINFO[0m [32m[08/18 14:31:32.092] [0mComponent[TokenBalanceService] stopped[32m [sidecar][0m[36m [time_cost:1.291µs][0m
[36mINFO[0m [32m[08/18 14:31:32.093] [0mDeployManager stopped[32m [base_deploymanager][0m[36m[0m
[36mINFO[0m [32m[08/18 14:31:32.093] [0mComponent[deploymanager] stopped[32m [sidecar][0m[36m [time_cost:63.25µs][0m
[36mINFO[0m [32m[08/18 14:31:32.093] [0mevent processor stopping[32m [solana_sm][0m[36m[0m
