[36mINFO[0m [32m[08/14 15:52:16.814] [0mtoken-engine version:[32m [app][0m[36m[0m
[36mINFO[0m [32m[08/14 15:52:16.814] [0mSystem version: darwin/arm64[32m [app][0m[36m[0m
[36mINFO[0m [32m[08/14 15:52:16.814] [0mGolang version: go1.24.2[32m [app][0m[36m[0m
[36mINFO[0m [32m[08/14 15:52:16.814] [0mApp build time:[32m [app][0m[36m[0m
[36mINFO[0m [32m[08/14 15:52:16.815] [0mGit commit id:[32m [app][0m[36m[0m
[36mINFO[0m [32m[08/14 15:52:16.815] [0mRepo path: /Users/yanzhixing/Downloads/GitHub/token-engine/deploy[32m [app][0m[36m[0m
[36mINFO[0m [32m[08/14 15:52:16.815] [0mExecutable: /Users/yanzhixing/Downloads/GitHub/token-engine/deploy/tools/bin/token-engine[32m [app][0m[36m[0m
[36mINFO[0m [32m[08/14 15:52:16.815] [0mPID: 58583[32m [app][0m[36m[0m
[36mINFO[0m [32m[08/14 15:52:16.815] [0mUUID node index: 0[32m [app][0m[36m[0m
[36mINFO[0m [32m[08/14 15:52:17.187] [0mcreating new base AxcTxPrepare[32m [base_txprepare][0m[36m[0m
[36mINFO[0m [32m[08/14 15:52:17.188] [0mcreating new base AxcTxExecutor[32m [base_txexecutor][0m[36m[0m
[36mINFO[0m [32m[08/14 15:52:17.188] [0mcreate axc vault idl[32m [solana-idl][0m[36m[0m
[36mINFO[0m [32m[08/14 15:52:17.188] [0mcreate axc vault transaction builder[32m [axc_tx_builder][0m[36m[0m
[36mINFO[0m [32m[08/14 15:52:17.188] [0mcreating Solana chain adaptor[32m [common_chain_adaptor][0m[36m[0m
[36mINFO[0m [32m[08/14 15:52:17.510] [0minitialized all program event definitions[32m [solana_sm][0m[36m [programCount:1][0m
[36mINFO[0m [32m[08/14 15:52:17.510] [0mRegistered transfer provider[32m [tron-transfer][0m[36m [chainID:97] [tokens:[BNB USDT USDC]][0m
[36mINFO[0m [32m[08/14 15:52:17.511] [0mRegistered transfer provider[32m [tron-transfer][0m[36m [chainID:2494104990] [tokens:[TRX USDT]][0m
[36mINFO[0m [32m[08/14 15:52:17.511] [0mcore api initialized[32m [coreApi][0m[36m[0m
[36mINFO[0m [32m[08/14 15:52:17.771] [0mComponent[sql-connector] started[32m [sidecar][0m[36m [time_cost:260.14ms][0m
[36mINFO[0m [32m[08/14 15:52:20.351] [0mFinished connect to send tx http rpcs[32m [solana-jsonrpc][0m[36m [cost:2.579956s] [num:1][0m
[36mINFO[0m [32m[08/14 15:52:20.683] [0mFinished connect to stable http rpcs[32m [solana-jsonrpc][0m[36m [cost:331.666459ms] [num:1][0m
[36mINFO[0m [32m[08/14 15:52:21.763] [0mFinished connect to unstable http rpcs[32m [solana-jsonrpc][0m[36m [cost:1.078015458s] [num:1][0m
[36mINFO[0m [32m[08/14 15:52:22.968] [0mFinished connect to ws rpcs[32m [solana-jsonrpc][0m[36m [cost:1.204354s] [num:1][0m
[36mINFO[0m [32m[08/14 15:52:23.554] [0mScheduled task started[32m [sidecar][0m[36m [interval:2s] [task:solana-tx-sender[poll-last-block]][0m
[36mINFO[0m [32m[08/14 15:52:23.554] [0msolana submitter started[32m [solana-submitter][0m[36m[0m
[36mINFO[0m [32m[08/14 15:52:23.554] [0mswap submitter started[32m [submitter][0m[36m[0m
[36mINFO[0m [32m[08/14 15:52:23.554] [0mComponent[SwapSubmitter] started[32m [sidecar][0m[36m [time_cost:5.782598708s][0m
[36mINFO[0m [32m[08/14 15:52:23.554] [0mstart to subscribe exchange data by grpc...[32m [ExchangeDataService][0m[36m[0m
[36mINFO[0m [32m[08/14 15:52:23.555] [0mScheduled task started[32m [sidecar][0m[36m [interval:1m0s] [task:StatisticExchangeData][0m
[36mINFO[0m [32m[08/14 15:52:23.555] [0mScheduled task started[32m [sidecar][0m[36m [interval:1h0m0s] [task:UpdateExchangeTokenHolders][0m
[36mINFO[0m [32m[08/14 15:52:24.234] [0mComponent[ExchangeDataService] started[32m [sidecar][0m[36m [time_cost:679.385292ms][0m
[36mINFO[0m [32m[08/14 15:52:24.234] [0mComponent[ContractMaterials] started[32m [sidecar][0m[36m [time_cost:6.875µs][0m
[36mINFO[0m [32m[08/14 15:52:24.234] [0mstarting Solana chain adaptor[32m [common_chain_adaptor][0m[36m[0m
[36mINFO[0m [32m[08/14 15:52:24.234] [0mSolana chain adaptor started successfully[32m [common_chain_adaptor][0m[36m[0m
[36mINFO[0m [32m[08/14 15:52:24.234] [0mComponent[common_chain_adaptor] started[32m [sidecar][0m[36m [time_cost:42.75µs][0m
[33mWARN[0m [32m[08/14 15:52:24.465] [0mbegin compensate swap event[32m [ExchangeDataService][0m[33m [outer_id From:290814][0m
[36mINFO[0m [32m[08/14 15:52:24.551] [0mContract materials loaded successfully[32m [basechain][0m[36m [appid:root] [chainId:84532] [contractCount:9] [errors:0][0m
[36mINFO[0m [32m[08/14 15:52:24.752] [0mNSQ consumer component started[32m [msgqueue][0m[36m[0m
[36mINFO[0m [32m[08/14 15:52:24.752] [0mComponent[msg_queue] started[32m [sidecar][0m[36m [time_cost:517.718583ms][0m
[36mINFO[0m [32m[08/14 15:52:24.752] [0mComponent[solana_sm] started[32m [sidecar][0m[36m [time_cost:8.708µs][0m
[36mINFO[0m [32m[08/14 15:52:24.752] [0mLoading deployment manifest from[32m [base_deploymanager][0m[36m [path:/Users/yanzhixing/Downloads/GitHub/token-engine/deploy/abis][0m
[36mINFO[0m [32m[08/14 15:52:24.753] [0mComponent[deploymanager] started[32m [sidecar][0m[36m [time_cost:1.250791ms][0m
[36mINFO[0m [32m[08/14 15:52:24.755] [0mIPC server listen on: /Users/yanzhixing/Downloads/GitHub/token-engine/deploy/ipc.sock[32m [api][0m[36m[0m
[36mINFO[0m [32m[08/14 15:52:24.755] [0mHttp server listen on: 8082[32m [api][0m[36m[0m
[36mINFO[0m [32m[08/14 15:52:24.755] [0mComponent[http-api-server] started[32m [sidecar][0m[36m [time_cost:1.362583ms][0m
[36mINFO[0m [32m[08/14 15:52:24.755] [0mComponent[app] started[32m [sidecar][0m[36m [time_cost:283.709µs][0m
[36mINFO[0m [32m[08/14 15:52:24.755] [0mtoken-engine is ready[32m [sidecar][0m[36m[0m
[36mINFO[0m [32m[08/14 15:52:24.757] [0m=====================================================================================
   __            __                                                  _
  / /_  ____    / /__  ___    ____          ___    ____    ____ _   (_)   ____   ___
 / __/ / __ \  / //_/ / _ \  / __ \ ______ / _ \  / __ \  / __ `/  / /   / __ \ / _ \
/ /_  / /_/ / / ,<   /  __/ / / / //_____//  __/ / / / / / /_/ /  / /   / / / //  __/
\__/  \____/ /_/|_|  \___/ /_/ /_/        \___/ /_/ /_/  \__, /  /_/   /_/ /_/ \___/
                                                        /____/

=====================================================================================[32m [sidecar][0m[36m[0m
[36mINFO[0m [32m[08/14 15:52:24.870] [0mSolana events manager started[32m [solana_sm][0m[36m[0m
[36mINFO[0m [32m[08/14 15:52:24.870] [0mevent processor started[32m [solana_sm][0m[36m[0m
[36mINFO[0m [32m[08/14 15:52:45.106] [0mAPI request SubmitTransfer[32m [api][0m[36m[0m
[31mERRO[0m [32m[08/14 15:52:45.106] [0mAPI request failed[32m [api][0m[31m [uri:/api/v2/transfer/submit] [err_code:10001] [err_msg:unsupported chain ID] [method:POST] [ip:127.0.0.1] [http_code:200] [time_cost:794.041µs] [caller:root][0m
[31mERRO[0m [32m[08/14 15:52:47.914] [0msave swap event data failed[32m [ExchangeDataService][0m[31m [error:map[error:model: unable to insert into exchange_token_tx: ERROR: duplicate key value violates unique constraint "exchange_token_tx_outer_id_key" (SQLSTATE 23505) kind:*errors.withStack stack:<nil>]] [txData:&{0 1001 290820 cbgot6rf3LaEBqhzZp8jRMoU63Qc9JEszZ3BVWXNtgF GKpUBoqvkC9kMJm8kuNDTDkBFAsTvUhr4pniu6eXaS5V 4xkEmPMWfPJvBp4wiTWe5J81g9CrQibg5aof2S9dUKpu 1 12341533 12520000 12341533 44297557553 43763184874 987936746210 10000 Ft5dUC14KJ4r7bwwwX5oRsjgVwbwFoG7ntfowwNd4bFq 62zAVFxxJUFopuxUEGCmddYg6TjzHLZeERzE2Y8PA3YR6tK7c7JZUa9vBHMcEh8rky1KRopziRxcSzKkhJn1ZPRU 401049128 1755157942 2025-08-14 15:52:47.767222 +0800 CST m=+30.981016793 2025-08-14 15:52:47.767222 +0800 CST m=+30.981016835 <nil> {}}][0m
[31mERRO[0m [32m[08/14 15:52:50.378] [0msave swap event data failed[32m [ExchangeDataService][0m[31m [error:map[error:model: unable to insert into exchange_token_tx: ERROR: duplicate key value violates unique constraint "exchange_token_tx_outer_id_key" (SQLSTATE 23505) kind:*errors.withStack stack:<nil>]] [txData:&{0 1001 290821 3MhiVfThJjkVXfjyuEXYmPtC2VmXW8CpR2Gd7QFu7Hwg 8c5yxueAtqTgoqoVFwUugz8YADWt8PZMKBFXJMtR9Y2P 4xkEmPMWfPJvBp4wiTWe5J81g9CrQibg5aof2S9dUKpu 1 4205151 4189999 4205151 299116788308 300946645690 1006117534867 9999 Ft5dUC14KJ4r7bwwwX5oRsjgVwbwFoG7ntfowwNd4bFq BxffMx1gu9AKXB2YuR5v33e3f1ewYMCvo9DCqWiksUkuzMKFStcdQ9F3PMD3ySHFY7TT2y7vqiyt9CZVky1Xk7o 401049139 1755157946 2025-08-14 15:52:50.225571 +0800 CST m=+33.439358460 2025-08-14 15:52:50.225571 +0800 CST m=+33.439358585 <nil> {}}][0m
[31mERRO[0m [32m[08/14 15:52:52.885] [0msave swap event data failed[32m [ExchangeDataService][0m[31m [error:map[error:model: unable to insert into exchange_token_tx: ERROR: duplicate key value violates unique constraint "exchange_token_tx_outer_id_key" (SQLSTATE 23505) kind:*errors.withStack stack:<nil>]] [txData:&{0 1001 290822 5EMN5ZfdZWEF2VjUJhvYfoNoVJEnQUz5X9yTm2NG3Lik 2zKZyDdcs1kWsc5T72bQiufNnv54TxMG1evxb1WfgbKT 4xkEmPMWfPJvBp4wiTWe5J81g9CrQibg5aof2S9dUKpu 1 1887142 1890000 1887142 499782787821 500276062649 1000986978423 10000 Ft5dUC14KJ4r7bwwwX5oRsjgVwbwFoG7ntfowwNd4bFq 3LYDoa823G4dj5qUv6dzSAJGrR1Rb6iU66X3AvRwUui95PYYQjYknR7BvmS7pnKVXZ2QEnHDhjuM79rQRAiBVCMK 401049150 1755157951 2025-08-14 15:52:52.692531 +0800 CST m=+35.906310210 2025-08-14 15:52:52.692531 +0800 CST m=+35.906310501 <nil> {}}][0m
[31mERRO[0m [32m[08/14 15:52:55.559] [0msave swap event data failed[32m [ExchangeDataService][0m[31m [error:map[error:model: unable to insert into exchange_token_tx: ERROR: duplicate key value violates unique constraint "exchange_token_tx_outer_id_key" (SQLSTATE 23505) kind:*errors.withStack stack:<nil>]] [txData:&{0 1001 290823 GBzStFo17kUHyEP3LBbwTsJi5v5zAZW3xqULMmYnRAPd 4VkahQrirfxuXs9yhVLVuMhobmvBQKCv2n8y5tAznfNU 4xkEmPMWfPJvBp4wiTWe5J81g9CrQibg5aof2S9dUKpu 0 4430000 4433785 4430000 40095018120 39965065033 996758871972 10000 Ft5dUC14KJ4r7bwwwX5oRsjgVwbwFoG7ntfowwNd4bFq 3eTmmUmkoKTQx7QFB532AuvVvFyqpexMeZYkRJ9CuatMNGJWErKtikmX5g6tYvqTq59uMiuj9Pzkf9k95SnDN3ZY 401049162 1755157956 2025-08-14 15:52:55.484095 +0800 CST m=+38.697865751 2025-08-14 15:52:55.484095 +0800 CST m=+38.697865793 <nil> {}}][0m
[31mERRO[0m [32m[08/14 15:52:58.025] [0msave swap event data failed[32m [ExchangeDataService][0m[31m [error:map[error:model: unable to insert into exchange_token_tx: ERROR: duplicate key value violates unique constraint "exchange_token_tx_outer_id_key" (SQLSTATE 23505) kind:*errors.withStack stack:<nil>]] [txData:&{0 1001 290824 8uHK7JmwvRQYoSP5sCxjcdUn6PfhCGSRvtT7v63Rqm9T E64i27za4jcMT6ceMKncdw3aJxg1TwvXzBmULsXytJ63 4xkEmPMWfPJvBp4wiTWe5J81g9CrQibg5aof2S9dUKpu 0 10930000 10822315 10930000 2374069330 2402627583 1012029241370 10000 Ft5dUC14KJ4r7bwwwX5oRsjgVwbwFoG7ntfowwNd4bFq w6ma1NCpBcmPDjqYTrg38QYJf3twKLqpACrCuXV3fFZQgX4FSW9BDsTr74eUWvhLmcWDAcdYme7H2tY65nKmv9c 401049173 1755157960 2025-08-14 15:52:57.84693 +0800 CST m=+41.060692460 2025-08-14 15:52:57.84693 +0800 CST m=+41.060692501 <nil> {}}][0m
[31mERRO[0m [32m[08/14 15:53:00.462] [0msave swap event data failed[32m [ExchangeDataService][0m[31m [error:map[error:model: unable to insert into exchange_token_tx: ERROR: duplicate key value violates unique constraint "exchange_token_tx_outer_id_key" (SQLSTATE 23505) kind:*errors.withStack stack:<nil>]] [txData:&{0 1001 290825 E3msGNZ7XFBXWwwacp7hqTs5uryVNyMen1MCi3Y1LPcM 6SjHKEW363NWgN8S73tKgYxrpXBZ9ATL6fbKEhYNZdcB 4xkEmPMWfPJvBp4wiTWe5J81g9CrQibg5aof2S9dUKpu 0 240000 105179 240000 151830632 345822139 2277683590225 10000 8womd2riK6w4fHwkrop7v1ihUJ6dK2ycsq9pH8kZjMiD huDPj9XJpTLgz5Wvgeoivv5ST1RbT7myUXYAo7ixCMLBBSAAJKxWaN9nvtTJ6AdKoN3r3aRJQrG1XBwQTtpY26Y 401049184 1755157965 2025-08-14 15:53:00.328561 +0800 CST m=+43.542316418 2025-08-14 15:53:00.328562 +0800 CST m=+43.542316543 <nil> {}}][0m
[31mERRO[0m [32m[08/14 15:53:02.865] [0msave swap event data failed[32m [ExchangeDataService][0m[31m [error:map[error:model: unable to insert into exchange_token_tx: ERROR: duplicate key value violates unique constraint "exchange_token_tx_outer_id_key" (SQLSTATE 23505) kind:*errors.withStack stack:<nil>]] [txData:&{0 1001 290826 9ECeLgwfGi28a8cyjpC5RxLYM2iug5SXmP4N4y4aAZtB 7yLwMHEiP2NyGhw2qDQWG1XkavQrk1PuNEKp24w6keFD 4xkEmPMWfPJvBp4wiTWe5J81g9CrQibg5aof2S9dUKpu 0 19470000 10358475 19470000 2716461673 5112621447 1882088563154 10000 8womd2riK6w4fHwkrop7v1ihUJ6dK2ycsq9pH8kZjMiD 41rTcFSVpqmSmpS36ULk49RECHczxnNB936tKiXRnTeauf1xiuXdKwPWH2HVCfDsthN7vndYhxfTGdg4JyWhGqNE 401049197 1755157970 2025-08-14 15:53:02.762665 +0800 CST m=+45.976412460 2025-08-14 15:53:02.762665 +0800 CST m=+45.976412626 <nil> {}}][0m
[31mERRO[0m [32m[08/14 15:53:05.356] [0msave swap event data failed[32m [ExchangeDataService][0m[31m [error:map[error:model: unable to insert into exchange_token_tx: ERROR: duplicate key value violates unique constraint "exchange_token_tx_outer_id_key" (SQLSTATE 23505) kind:*errors.withStack stack:<nil>]] [txData:&{0 1001 290827 cbgot6rf3LaEBqhzZp8jRMoU63Qc9JEszZ3BVWXNtgF GKpUBoqvkC9kMJm8kuNDTDkBFAsTvUhr4pniu6eXaS5V 4xkEmPMWfPJvBp4wiTWe5J81g9CrQibg5aof2S9dUKpu 0 5180000 5229524 5180000 44292323021 43768364874 988170452320 10000 8womd2riK6w4fHwkrop7v1ihUJ6dK2ycsq9pH8kZjMiD 3S4oVVbnYDcFcfnNsPDFMPDNc9TrUYJ9dM3y616fiFHC2Ws5YWcdmn9eww9dpDMnnKNLrrzb5z7Cbw2kA6WWEWdQ 401049208 1755157974 2025-08-14 15:53:05.186603 +0800 CST m=+48.400342710 2025-08-14 15:53:05.186603 +0800 CST m=+48.400342876 <nil> {}}][0m
[31mERRO[0m [32m[08/14 15:53:07.745] [0msave swap event data failed[32m [ExchangeDataService][0m[31m [error:map[error:model: unable to insert into exchange_token_tx: ERROR: duplicate key value violates unique constraint "exchange_token_tx_outer_id_key" (SQLSTATE 23505) kind:*errors.withStack stack:<nil>]] [txData:&{0 1001 290828 3MhiVfThJjkVXfjyuEXYmPtC2VmXW8CpR2Gd7QFu7Hwg 8c5yxueAtqTgoqoVFwUugz8YADWt8PZMKBFXJMtR9Y2P 4xkEmPMWfPJvBp4wiTWe5J81g9CrQibg5aof2S9dUKpu 1 14240442 14190000 14240442 299130976632 300932405248 1006022206848 10000 8womd2riK6w4fHwkrop7v1ihUJ6dK2ycsq9pH8kZjMiD 4qDQR4MyYqfSb7AY59QFRJNCe8qnhaZwGVDNS8wqEjaswPXpkaE3wFNDw3ZhEGMXcXszSR4wEXMZAG4RAoa9hsWN 401049220 1755157978 2025-08-14 15:53:07.654527 +0800 CST m=+50.868259043 2025-08-14 15:53:07.654528 +0800 CST m=+50.868259251 <nil> {}}][0m
[31mERRO[0m [32m[08/14 15:53:10.457] [0msave swap event data failed[32m [ExchangeDataService][0m[31m [error:map[error:model: unable to insert into exchange_token_tx: ERROR: duplicate key value violates unique constraint "exchange_token_tx_outer_id_key" (SQLSTATE 23505) kind:*errors.withStack stack:<nil>]] [txData:&{0 1001 290829 5EMN5ZfdZWEF2VjUJhvYfoNoVJEnQUz5X9yTm2NG3Lik 2zKZyDdcs1kWsc5T72bQiufNnv54TxMG1evxb1WfgbKT 4xkEmPMWfPJvBp4wiTWe5J81g9CrQibg5aof2S9dUKpu 0 18790000 18723842 18790000 499764063223 500294852649 1001062080019 10000 8womd2riK6w4fHwkrop7v1ihUJ6dK2ycsq9pH8kZjMiD XEtK6Ex72b2ySD1EbMYPRkCw3iHXcEj3VdNTqsD6JozQ6F2b7im4nKLjm7vtXj6ntN1bECe3H7ACUtLPsyKCLEC 401049233 1755157984 2025-08-14 15:53:10.065786 +0800 CST m=+53.279509876 2025-08-14 15:53:10.065786 +0800 CST m=+53.279510168 <nil> {}}][0m
[31mERRO[0m [32m[08/14 15:53:12.858] [0msave swap event data failed[32m [ExchangeDataService][0m[31m [error:map[error:model: unable to insert into exchange_token_tx: ERROR: duplicate key value violates unique constraint "exchange_token_tx_outer_id_key" (SQLSTATE 23505) kind:*errors.withStack stack:<nil>]] [txData:&{0 1001 290830 GBzStFo17kUHyEP3LBbwTsJi5v5zAZW3xqULMmYnRAPd 4VkahQrirfxuXs9yhVLVuMhobmvBQKCv2n8y5tAznfNU 4xkEmPMWfPJvBp4wiTWe5J81g9CrQibg5aof2S9dUKpu 1 1690182 1700000 1690182 40096718120 39963373079 996674415083 10000 8womd2riK6w4fHwkrop7v1ihUJ6dK2ycsq9pH8kZjMiD LCa5r4kYQTKfMCNTtrfSYketcuBD8xkcGiZDn6QWZqzdfHX8Usi538V3c7tySy9VH6RknEaMPjdQH9v5en6Dk2n 401049245 1755157988 2025-08-14 15:53:12.751477 +0800 CST m=+55.965192585 2025-08-14 15:53:12.751477 +0800 CST m=+55.965192626 <nil> {}}][0m
[33mWARN[0m [32m[08/14 15:53:15.451] [0mstop compensate swap event[32m [ExchangeDataService][0m[33m [outer_id end:290830][0m
[36mINFO[0m [32m[08/14 15:53:34.460] [0mReceive exit signal: interrupt[32m [sidecar][0m[36m[0m
[36mINFO[0m [32m[08/14 15:53:34.461] [0mComponent[app] stopped[32m [sidecar][0m[36m [time_cost:111.542µs][0m
[36mINFO[0m [32m[08/14 15:53:34.461] [0mIPC server shutdown[32m [api][0m[36m[0m
[36mINFO[0m [32m[08/14 15:53:34.461] [0mHttp server shutdown[32m [api][0m[36m[0m
[36mINFO[0m [32m[08/14 15:53:34.461] [0mComponent[http-api-server] stopped[32m [sidecar][0m[36m [time_cost:250.209µs][0m
[36mINFO[0m [32m[08/14 15:53:34.461] [0mDeployManager stopped[32m [base_deploymanager][0m[36m[0m
[36mINFO[0m [32m[08/14 15:53:34.461] [0mComponent[deploymanager] stopped[32m [sidecar][0m[36m [time_cost:22µs][0m
[36mINFO[0m [32m[08/14 15:53:34.462] [0mevent processor stopping[32m [solana_sm][0m[36m[0m
[36mINFO[0m [32m[08/14 15:53:34.462] [0mScheduled task stopped[32m [sidecar][0m[36m [interval:2s] [task:solana-tx-sender[poll-last-block]][0m
