[36mINFO[0m [32m[08/15 16:34:08.902] [0mtoken-engine version:[32m [app][0m[36m[0m
[36mINFO[0m [32m[08/15 16:34:08.902] [0mSystem version: darwin/arm64[32m [app][0m[36m[0m
[36mINFO[0m [32m[08/15 16:34:08.902] [0mGolang version: go1.24.2[32m [app][0m[36m[0m
[36mINFO[0m [32m[08/15 16:34:08.902] [0mApp build time:[32m [app][0m[36m[0m
[36mINFO[0m [32m[08/15 16:34:08.902] [0mGit commit id:[32m [app][0m[36m[0m
[36mINFO[0m [32m[08/15 16:34:08.902] [0mRepo path: /Users/yanzhixing/Downloads/GitHub/token-engine/deploy[32m [app][0m[36m[0m
[36mINFO[0m [32m[08/15 16:34:08.902] [0mExecutable: /Users/yanzhixing/Downloads/GitHub/token-engine/deploy/tools/bin/token-engine[32m [app][0m[36m[0m
[36mINFO[0m [32m[08/15 16:34:08.902] [0mPID: 36772[32m [app][0m[36m[0m
[36mINFO[0m [32m[08/15 16:34:08.902] [0mUUID node index: 0[32m [app][0m[36m[0m
[36mINFO[0m [32m[08/15 16:34:09.165] [0mcreating new base AxcTxPrepare[32m [base_txprepare][0m[36m[0m
[36mINFO[0m [32m[08/15 16:34:09.165] [0mcreating new base AxcTxExecutor[32m [base_txexecutor][0m[36m[0m
[36mINFO[0m [32m[08/15 16:34:09.165] [0mcreate axc vault idl[32m [solana-idl][0m[36m[0m
[36mINFO[0m [32m[08/15 16:34:09.166] [0mcreate axc vault transaction builder[32m [axc_tx_builder][0m[36m[0m
[36mINFO[0m [32m[08/15 16:34:09.166] [0mcreating Solana chain adaptor[32m [common_chain_adaptor][0m[36m[0m
[36mINFO[0m [32m[08/15 16:34:09.330] [0minitialized all program event definitions[32m [solana_sm][0m[36m [programCount:1][0m
[36mINFO[0m [32m[08/15 16:34:09.330] [0mRegistered transfer provider[32m [tron-transfer][0m[36m [chainID:97] [tokens:[BNB USDT USDC]][0m
[36mINFO[0m [32m[08/15 16:34:09.331] [0mRegistered transfer provider[32m [tron-transfer][0m[36m [chainID:2494104990] [tokens:[TRX USDT]][0m
[36mINFO[0m [32m[08/15 16:34:09.331] [0mcore api initialized[32m [coreApi][0m[36m[0m
[36mINFO[0m [32m[08/15 16:34:09.648] [0mComponent[sql-connector] started[32m [sidecar][0m[36m [time_cost:317.565458ms][0m
[36mINFO[0m [32m[08/15 16:34:10.385] [0mFinished connect to send tx http rpcs[32m [solana-jsonrpc][0m[36m [cost:736.160042ms] [num:1][0m
[36mINFO[0m [32m[08/15 16:34:10.771] [0mFinished connect to stable http rpcs[32m [solana-jsonrpc][0m[36m [cost:386.485209ms] [num:1][0m
[36mINFO[0m [32m[08/15 16:34:11.153] [0mFinished connect to unstable http rpcs[32m [solana-jsonrpc][0m[36m [cost:381.178417ms] [num:1][0m
[36mINFO[0m [32m[08/15 16:34:12.311] [0mFinished connect to ws rpcs[32m [solana-jsonrpc][0m[36m [cost:1.158213125s] [num:1][0m
[36mINFO[0m [32m[08/15 16:34:12.785] [0mScheduled task started[32m [sidecar][0m[36m [interval:2s] [task:solana-tx-sender[poll-last-block]][0m
[36mINFO[0m [32m[08/15 16:34:12.785] [0msolana submitter started[32m [solana-submitter][0m[36m[0m
[36mINFO[0m [32m[08/15 16:34:12.785] [0mswap submitter started[32m [submitter][0m[36m[0m
[36mINFO[0m [32m[08/15 16:34:12.785] [0mComponent[SwapSubmitter] started[32m [sidecar][0m[36m [time_cost:3.136731666s][0m
[36mINFO[0m [32m[08/15 16:34:12.785] [0mstart to subscribe exchange data by grpc...[32m [ExchangeDataService][0m[36m[0m
[36mINFO[0m [32m[08/15 16:34:12.786] [0mScheduled task started[32m [sidecar][0m[36m [interval:1m0s] [task:StatisticExchangeData][0m
[36mINFO[0m [32m[08/15 16:34:12.786] [0mScheduled task started[32m [sidecar][0m[36m [interval:1h0m0s] [task:UpdateExchangeTokenHolders][0m
[31mERRO[0m [32m[08/15 16:34:17.836] [0mgrpc SubscribeEvents failed[32m [ExchangeDataService][0m[31m [error:map[error:rpc error: code = Unavailable desc = connection error: desc = "error reading server preface: read tcp 127.0.0.1:61855->127.0.0.1:4780: read: connection reset by peer" kind:*status.Error stack:<nil>]][0m
[36mINFO[0m [32m[08/15 16:34:17.836] [0mScheduled task stopped[32m [sidecar][0m[36m [interval:2s] [task:solana-tx-sender[poll-last-block]][0m
[36mINFO[0m [32m[08/15 16:34:17.837] [0msolana submitter stopped[32m [solana-submitter][0m[36m[0m
[36mINFO[0m [32m[08/15 16:34:17.837] [0mComponent[SwapSubmitter] stopped[32m [sidecar][0m[36m [time_cost:894.584µs][0m
[36mINFO[0m [32m[08/15 16:34:17.837] [0mComponent[sql-connector] stopped[32m [sidecar][0m[36m [time_cost:750ns][0m
[31mERRO[0m [32m[08/15 16:34:17.837] [0mStart components failed[32m [sidecar][0m[31m [err:map[error:componen[ExchangeDataService] start failed: rpc error: code = Unavailable desc = connection error: desc = "error reading server preface: read tcp 127.0.0.1:61855->127.0.0.1:4780: read: connection reset by peer" kind:*errors.withStack stack:<nil>]][0m
[36mINFO[0m [32m[08/15 16:34:17.838] [0mtoken-engine is stopped[32m [app][0m[36m[0m
