[36mINFO[0m [32m[08/11 17:46:41.707] [0mtoken-engine version:[32m [app][0m[36m[0m
[36mINFO[0m [32m[08/11 17:46:41.707] [0mSystem version: darwin/arm64[32m [app][0m[36m[0m
[36mINFO[0m [32m[08/11 17:46:41.707] [0mGolang version: go1.24.2[32m [app][0m[36m[0m
[36mINFO[0m [32m[08/11 17:46:41.707] [0mApp build time:[32m [app][0m[36m[0m
[36mINFO[0m [32m[08/11 17:46:41.707] [0mGit commit id:[32m [app][0m[36m[0m
[36mINFO[0m [32m[08/11 17:46:41.707] [0mRepo path: /Users/yanzhixing/Downloads/GitHub/token-engine/deploy[32m [app][0m[36m[0m
[36mINFO[0m [32m[08/11 17:46:41.707] [0mExecutable: /Users/yanzhixing/Downloads/GitHub/token-engine/deploy/tools/bin/token-engine[32m [app][0m[36m[0m
[36mINFO[0m [32m[08/11 17:46:41.707] [0mPID: 78790[32m [app][0m[36m[0m
[36mINFO[0m [32m[08/11 17:46:41.707] [0mUUID node index: 0[32m [app][0m[36m[0m
[36mINFO[0m [32m[08/11 17:46:42.150] [0mcreating new base AxcTxPrepare[32m [base_txprepare][0m[36m[0m
[36mINFO[0m [32m[08/11 17:46:42.150] [0mcreating new base AxcTxExecutor[32m [base_txexecutor][0m[36m[0m
[36mINFO[0m [32m[08/11 17:46:42.150] [0mcreate axc vault idl[32m [solana-idl][0m[36m[0m
[36mINFO[0m [32m[08/11 17:46:42.151] [0mcreate axc vault transaction builder[32m [axc_tx_builder][0m[36m[0m
[36mINFO[0m [32m[08/11 17:46:42.151] [0mcreating Solana chain adaptor[32m [common_chain_adaptor][0m[36m[0m
[36mINFO[0m [32m[08/11 17:46:42.628] [0minitialized all program event definitions[32m [solana_sm][0m[36m [programCount:1][0m
[36mINFO[0m [32m[08/11 17:46:42.628] [0mcore api initialized[32m [coreApi][0m[36m[0m
[36mINFO[0m [32m[08/11 17:46:43.657] [0mComponent[sql-connector] started[32m [sidecar][0m[36m [time_cost:1.028577s][0m
[36mINFO[0m [32m[08/11 17:46:44.765] [0mFinished connect to send tx http rpcs[32m [solana-jsonrpc][0m[36m [cost:1.107526875s] [num:1][0m
[36mINFO[0m [32m[08/11 17:46:45.226] [0mFinished connect to stable http rpcs[32m [solana-jsonrpc][0m[36m [cost:460.601208ms] [num:1][0m
[36mINFO[0m [32m[08/11 17:46:45.507] [0mFinished connect to unstable http rpcs[32m [solana-jsonrpc][0m[36m [cost:280.807167ms] [num:1][0m
[36mINFO[0m [32m[08/11 17:46:46.987] [0mFinished connect to ws rpcs[32m [solana-jsonrpc][0m[36m [cost:1.479984958s] [num:1][0m
[36mINFO[0m [32m[08/11 17:46:47.425] [0mScheduled task started[32m [sidecar][0m[36m [interval:2s] [task:solana-tx-sender[poll-last-block]][0m
[36mINFO[0m [32m[08/11 17:46:47.425] [0msolana submitter started[32m [solana-submitter][0m[36m[0m
[36mINFO[0m [32m[08/11 17:46:47.425] [0mswap submitter started[32m [submitter][0m[36m[0m
[36mINFO[0m [32m[08/11 17:46:47.425] [0mComponent[SwapSubmitter] started[32m [sidecar][0m[36m [time_cost:3.767295917s][0m
[36mINFO[0m [32m[08/11 17:46:47.425] [0mstart to subscribe exchange data by grpc...[32m [ExchangeDataService][0m[36m[0m
[36mINFO[0m [32m[08/11 17:46:47.425] [0mScheduled task started[32m [sidecar][0m[36m [interval:1m0s] [task:StatisticExchangeData][0m
[36mINFO[0m [32m[08/11 17:46:47.425] [0mScheduled task started[32m [sidecar][0m[36m [interval:1h0m0s] [task:UpdateExchangeTokenHolders][0m
[36mINFO[0m [32m[08/11 17:46:48.007] [0mComponent[ExchangeDataService] started[32m [sidecar][0m[36m [time_cost:581.54175ms][0m
[36mINFO[0m [32m[08/11 17:46:48.007] [0mComponent[ContractMaterials] started[32m [sidecar][0m[36m [time_cost:67.875µs][0m
[36mINFO[0m [32m[08/11 17:46:48.007] [0mstarting Solana chain adaptor[32m [common_chain_adaptor][0m[36m[0m
[36mINFO[0m [32m[08/11 17:46:48.007] [0mSolana chain adaptor started successfully[32m [common_chain_adaptor][0m[36m[0m
[36mINFO[0m [32m[08/11 17:46:48.008] [0mComponent[common_chain_adaptor] started[32m [sidecar][0m[36m [time_cost:123.083µs][0m
[36mINFO[0m [32m[08/11 17:46:48.521] [0mNSQ consumer component started[32m [msgqueue][0m[36m[0m
[36mINFO[0m [32m[08/11 17:46:48.521] [0mComponent[msg_queue] started[32m [sidecar][0m[36m [time_cost:513.352292ms][0m
[36mINFO[0m [32m[08/11 17:46:48.521] [0mComponent[solana_sm] started[32m [sidecar][0m[36m [time_cost:83.917µs][0m
[36mINFO[0m [32m[08/11 17:46:48.521] [0mLoading deployment manifest from[32m [base_deploymanager][0m[36m [path:/Users/yanzhixing/Downloads/GitHub/token-engine/deploy/abis][0m
[36mINFO[0m [32m[08/11 17:46:48.522] [0mComponent[deploymanager] started[32m [sidecar][0m[36m [time_cost:150.5µs][0m
[36mINFO[0m [32m[08/11 17:46:48.523] [0mIPC server listen on: /Users/yanzhixing/Downloads/GitHub/token-engine/deploy/ipc.sock[32m [api][0m[36m[0m
[36mINFO[0m [32m[08/11 17:46:48.523] [0mHttp server listen on: 8082[32m [api][0m[36m[0m
[36mINFO[0m [32m[08/11 17:46:48.523] [0mComponent[http-api-server] started[32m [sidecar][0m[36m [time_cost:1.31525ms][0m
[36mINFO[0m [32m[08/11 17:46:48.523] [0mComponent[app] started[32m [sidecar][0m[36m [time_cost:327.083µs][0m
[36mINFO[0m [32m[08/11 17:46:48.524] [0mtoken-engine is ready[32m [sidecar][0m[36m[0m
[36mINFO[0m [32m[08/11 17:46:48.525] [0m=====================================================================================
   __            __                                                  _
  / /_  ____    / /__  ___    ____          ___    ____    ____ _   (_)   ____   ___
 / __/ / __ \  / //_/ / _ \  / __ \ ______ / _ \  / __ \  / __ `/  / /   / __ \ / _ \
/ /_  / /_/ / / ,<   /  __/ / / / //_____//  __/ / / / / / /_/ /  / /   / / / //  __/
\__/  \____/ /_/|_|  \___/ /_/ /_/        \___/ /_/ /_/  \__, /  /_/   /_/ /_/ \___/
                                                        /____/

=====================================================================================[32m [sidecar][0m[36m[0m
[33mWARN[0m [32m[08/11 17:46:48.581] [0mbegin compensate swap event[32m [ExchangeDataService][0m[33m [outer_id From:235905][0m
[36mINFO[0m [32m[08/11 17:46:48.669] [0mContract materials loaded successfully[32m [basechain][0m[36m [appid:root] [chainId:84532] [contractCount:9] [errors:0][0m
[36mINFO[0m [32m[08/11 17:46:48.863] [0mSolana events manager started[32m [solana_sm][0m[36m[0m
[36mINFO[0m [32m[08/11 17:46:48.864] [0mevent processor started[32m [solana_sm][0m[36m[0m
[36mINFO[0m [32m[08/11 17:47:05.016] [0mpreparing create vault transaction[32m [base_txprepare][0m[36m [params:&{8453 {0x4d6Ca5A0517cc18d66FEA10a51486fA0351bF61A 0x4d6Ca5A0517cc18d66FEA10a51486fA0351bF61A 0x4d6Ca5A0517cc18d66FEA10a51486fA0351bF61A 0x4d6Ca5A0517cc18d66FEA10a51486fA0351bF61A} {My Test Token MTT 18 https://example.com/token-metadata.json} {0xA0b86a33E6441E6C7D3E4C2C4C6C6C6C6C6C6C6C 1000000 1703980800 1704067200 100 500 0.1 100000 200 0x1234567890123456789012345678901234567890 0x1234567890123456789012345678901234567890 1} false}][0m
[31mERRO[0m [32m[08/11 17:47:07.575] [0msave swap event data failed[32m [ExchangeDataService][0m[31m [error:map[error:model: unable to insert into exchange_token_tx: ERROR: duplicate key value violates unique constraint "exchange_token_tx_outer_id_key" (SQLSTATE 23505) kind:*errors.withStack stack:<nil>]] [txData:&{0 1001 235911 8uHK7JmwvRQYoSP5sCxjcdUn6PfhCGSRvtT7v63Rqm9T E64i27za4jcMT6ceMKncdw3aJxg1TwvXzBmULsXytJ63 4xkEmPMWfPJvBp4wiTWe5J81g9CrQibg5aof2S9dUKpu 0 13010000 12479150 13010000 2024126173 2117964763 1046360049710 10013 Ft5dUC14KJ4r7bwwwX5oRsjgVwbwFoG7ntfowwNd4bFq 61bgnQBL5btGvNVTDjNugRpUD1Jv5h53Rweg1pcFZmHHpgq3GPjFe1GEo7H5BWuKFGvjZvZhXCYtPCd8aeP5mJ1C 400413304 1754905600 2025-08-11 17:47:07.282401 +0800 CST m=+25.597446917 2025-08-11 17:47:07.282401 +0800 CST m=+25.597447209 <nil> {}}][0m
[36mINFO[0m [32m[08/11 17:47:09.546] [0msuccessfully prepared create vault transaction[32m [base_txprepare][0m[36m [txHash:0x5a17e286935c675e45b573e5400e92ffb110d83c7001773a11d718adfe29db2a][0m
[36mINFO[0m [32m[08/11 17:47:09.546] [0mAPI request[32m [api][0m[36m [uri:/api/v2/primary/vault/prepare_create] [method:POST] [ip:127.0.0.1] [http_code:200] [time_cost:4.530228875s] [caller:root][0m
[31mERRO[0m [32m[08/11 17:47:09.966] [0msave swap event data failed[32m [ExchangeDataService][0m[31m [error:map[error:model: unable to insert into exchange_token_tx: ERROR: duplicate key value violates unique constraint "exchange_token_tx_outer_id_key" (SQLSTATE 23505) kind:*errors.withStack stack:<nil>]] [txData:&{0 1001 235912 8uHK7JmwvRQYoSP5sCxjcdUn6PfhCGSRvtT7v63Rqm9T E64i27za4jcMT6ceMKncdw3aJxg1TwvXzBmULsXytJ63 4xkEmPMWfPJvBp4wiTWe5J81g9CrQibg5aof2S9dUKpu 1 8027146 7720000 8027146 2031846173 2109932413 1038431177043 10617 Ft5dUC14KJ4r7bwwwX5oRsjgVwbwFoG7ntfowwNd4bFq x3poZoLSS1cpp7VuyYLUmDFBoccmcZRuyTcUKVYkJYgZVGUqDyEujtnaLPA5BSyskckx676CAJPomjztMLmsPPB 400413316 1754905605 2025-08-11 17:47:09.877033 +0800 CST m=+28.192050501 2025-08-11 17:47:09.877033 +0800 CST m=+28.192050542 <nil> {}}][0m
[31mERRO[0m [32m[08/11 17:47:12.475] [0msave swap event data failed[32m [ExchangeDataService][0m[31m [error:map[error:model: unable to insert into exchange_token_tx: ERROR: duplicate key value violates unique constraint "exchange_token_tx_outer_id_key" (SQLSTATE 23505) kind:*errors.withStack stack:<nil>]] [txData:&{0 1001 235913 8uHK7JmwvRQYoSP5sCxjcdUn6PfhCGSRvtT7v63Rqm9T E64i27za4jcMT6ceMKncdw3aJxg1TwvXzBmULsXytJ63 4xkEmPMWfPJvBp4wiTWe5J81g9CrQibg5aof2S9dUKpu 1 19193936 18700000 19193936 2050543085 2090738477 1019602315256 10093 8womd2riK6w4fHwkrop7v1ihUJ6dK2ycsq9pH8kZjMiD 4aAT8vG24cKWcz3BajBU2uEuqqqTGTPCmK8rKdctu7MTEvBoajqPUdQ2yETCPDXZGqdE91qBGHRtgquectRhKhbV 400413328 1754905610 2025-08-11 17:47:12.276416 +0800 CST m=+30.591407042 2025-08-11 17:47:12.276417 +0800 CST m=+30.591407459 <nil> {}}][0m
[31mERRO[0m [32m[08/11 17:47:15.243] [0msave swap event data failed[32m [ExchangeDataService][0m[31m [error:map[error:model: unable to insert into exchange_token_tx: ERROR: duplicate key value violates unique constraint "exchange_token_tx_outer_id_key" (SQLSTATE 23505) kind:*errors.withStack stack:<nil>]] [txData:&{0 1001 235914 8uHK7JmwvRQYoSP5sCxjcdUn6PfhCGSRvtT7v63Rqm9T E64i27za4jcMT6ceMKncdw3aJxg1TwvXzBmULsXytJ63 4xkEmPMWfPJvBp4wiTWe5J81g9CrQibg5aof2S9dUKpu 0 5840000 5697508 5840000 2044838097 2096578477 1025302922552 10524 Ft5dUC14KJ4r7bwwwX5oRsjgVwbwFoG7ntfowwNd4bFq 3XELc1X2Aj8oCzNsXSdna42VAqrT2WvefD1fhMVidhTCJhavxrVTcgnSrTGVAuqabMaHh3c2mpeTH8L9tCLrF4FL 400413339 1754905615 2025-08-11 17:47:14.77899 +0800 CST m=+33.093952626 2025-08-11 17:47:14.77899 +0800 CST m=+33.093952917 <nil> {}}][0m
[36mINFO[0m [32m[08/11 17:47:16.291] [0mpreparing deposit transaction[32m [base_txprepare][0m[36m [params:&{8453 0x4d6Ca5A0517cc18d66FEA10a51486fA0351bF61A 0x4d6Ca5A0517cc18d66FEA10a51486fA0351bF61A  1}][0m
[36mINFO[0m [32m[08/11 17:47:17.437] [0msuccessfully prepared deposit transaction[32m [base_txprepare][0m[36m [txHash:0x519a297a20cc850c04ce4a0246aa82d42f90446d95a69e78cdfe7b8d1a165688][0m
[36mINFO[0m [32m[08/11 17:47:17.437] [0mAPI request[32m [api][0m[36m [uri:/api/v2/primary/vault/prepare_deposit] [method:POST] [ip:127.0.0.1] [http_code:200] [time_cost:1.146413292s] [caller:root][0m
[31mERRO[0m [32m[08/11 17:47:17.744] [0msave swap event data failed[32m [ExchangeDataService][0m[31m [error:map[error:model: unable to insert into exchange_token_tx: ERROR: duplicate key value violates unique constraint "exchange_token_tx_outer_id_key" (SQLSTATE 23505) kind:*errors.withStack stack:<nil>]] [txData:&{0 1001 235915 8uHK7JmwvRQYoSP5sCxjcdUn6PfhCGSRvtT7v63Rqm9T E64i27za4jcMT6ceMKncdw3aJxg1TwvXzBmULsXytJ63 4xkEmPMWfPJvBp4wiTWe5J81g9CrQibg5aof2S9dUKpu 1 6138858 6020000 6138858 2050858097 2090437283 1019298841815 9598 Ft5dUC14KJ4r7bwwwX5oRsjgVwbwFoG7ntfowwNd4bFq 5pu5jeRETuvBEWBsoqJj5kG6pFmCDbYCE2Zu2ZfV2JxH3rJjZrrdrV5dHDbaXEooRFoTVfJFuyRqxY7tGf1umKnj 400413350 1754905619 2025-08-11 17:47:17.567473 +0800 CST m=+35.882405126 2025-08-11 17:47:17.567473 +0800 CST m=+35.882405251 <nil> {}}][0m
[31mERRO[0m [32m[08/11 17:47:20.457] [0msave swap event data failed[32m [ExchangeDataService][0m[31m [error:map[error:model: unable to insert into exchange_token_tx: ERROR: duplicate key value violates unique constraint "exchange_token_tx_outer_id_key" (SQLSTATE 23505) kind:*errors.withStack stack:<nil>]] [txData:&{0 1001 235916 8uHK7JmwvRQYoSP5sCxjcdUn6PfhCGSRvtT7v63Rqm9T E64i27za4jcMT6ceMKncdw3aJxg1TwvXzBmULsXytJ63 4xkEmPMWfPJvBp4wiTWe5J81g9CrQibg5aof2S9dUKpu 1 5496305 5420000 5496305 2056275689 2084940978 1013940391919 9994 Ft5dUC14KJ4r7bwwwX5oRsjgVwbwFoG7ntfowwNd4bFq 2KPgMa6df3o67iqYWfWHQoEwr3VhBMAskBkjq61ro3x3QNHtNuuUkJSTi1fHafagR5xUPRy5xtAyrCGBeVnibDuE 400413362 1754905624 2025-08-11 17:47:20.052806 +0800 CST m=+38.367709876 2025-08-11 17:47:20.052806 +0800 CST m=+38.367710209 <nil> {}}][0m
[31mERRO[0m [32m[08/11 17:47:23.015] [0msave swap event data failed[32m [ExchangeDataService][0m[31m [error:map[error:model: unable to insert into exchange_token_tx: ERROR: duplicate key value violates unique constraint "exchange_token_tx_outer_id_key" (SQLSTATE 23505) kind:*errors.withStack stack:<nil>]] [txData:&{0 1001 235917 8uHK7JmwvRQYoSP5sCxjcdUn6PfhCGSRvtT7v63Rqm9T E64i27za4jcMT6ceMKncdw3aJxg1TwvXzBmULsXytJ63 4xkEmPMWfPJvBp4wiTWe5J81g9CrQibg5aof2S9dUKpu 0 18120000 17672967 18120000 2038600554 2103060978 1031619938429 10167 Ft5dUC14KJ4r7bwwwX5oRsjgVwbwFoG7ntfowwNd4bFq 2aHA7xSFuKPHeizsTQt862TZtLY9FxG6fECfRunWpfp27BZuFxhoFMrHVgNY1yf2ii8NAzaCq7KuRJhpav8SQY2i 400413372 1754905628 2025-08-11 17:47:22.75927 +0800 CST m=+41.074144626 2025-08-11 17:47:22.759271 +0800 CST m=+41.074144667 <nil> {}}][0m
[31mERRO[0m [32m[08/11 17:47:25.444] [0msave swap event data failed[32m [ExchangeDataService][0m[31m [error:map[error:model: unable to insert into exchange_token_tx: ERROR: duplicate key value violates unique constraint "exchange_token_tx_outer_id_key" (SQLSTATE 23505) kind:*errors.withStack stack:<nil>]] [txData:&{0 1001 235918 8uHK7JmwvRQYoSP5sCxjcdUn6PfhCGSRvtT7v63Rqm9T E64i27za4jcMT6ceMKncdw3aJxg1TwvXzBmULsXytJ63 4xkEmPMWfPJvBp4wiTWe5J81g9CrQibg5aof2S9dUKpu 1 13364051 13070000 13364051 2051670554 2089689679 1018530813792 10122 8womd2riK6w4fHwkrop7v1ihUJ6dK2ycsq9pH8kZjMiD 4Uh25vHnQTV6LjCibu1J5RtZHfL5PUpLZCjwQWxNx9LohGAHfUkpCGUCqJ2VsSSjWLZuQn9u4Wo2M2hu9DhANQko 400413383 1754905632 2025-08-11 17:47:25.306807 +0800 CST m=+43.621653001 2025-08-11 17:47:25.306807 +0800 CST m=+43.621653209 <nil> {}}][0m
[31mERRO[0m [32m[08/11 17:47:27.961] [0msave swap event data failed[32m [ExchangeDataService][0m[31m [error:map[error:model: unable to insert into exchange_token_tx: ERROR: duplicate key value violates unique constraint "exchange_token_tx_outer_id_key" (SQLSTATE 23505) kind:*errors.withStack stack:<nil>]] [txData:&{0 1001 235919 8uHK7JmwvRQYoSP5sCxjcdUn6PfhCGSRvtT7v63Rqm9T E64i27za4jcMT6ceMKncdw3aJxg1TwvXzBmULsXytJ63 4xkEmPMWfPJvBp4wiTWe5J81g9CrQibg5aof2S9dUKpu 1 14798977 14670000 14798977 2066335326 2074890702 1004140361872 9985 Ft5dUC14KJ4r7bwwwX5oRsjgVwbwFoG7ntfowwNd4bFq 2r1eXm6xmFoG9GdNfUACmqdEXmMVxyUSSRQhTaViFChBWdanxLMuMzU8KmMpyfWF5c7vHtFw6JFQpPS2ohCT3X16 400413395 1754905637 2025-08-11 17:47:27.733813 +0800 CST m=+46.048631584 2025-08-11 17:47:27.733813 +0800 CST m=+46.048631876 <nil> {}}][0m
[31mERRO[0m [32m[08/11 17:47:30.337] [0msave swap event data failed[32m [ExchangeDataService][0m[31m [error:map[error:model: unable to insert into exchange_token_tx: ERROR: duplicate key value violates unique constraint "exchange_token_tx_outer_id_key" (SQLSTATE 23505) kind:*errors.withStack stack:<nil>]] [txData:&{0 1001 235920 8uHK7JmwvRQYoSP5sCxjcdUn6PfhCGSRvtT7v63Rqm9T E64i27za4jcMT6ceMKncdw3aJxg1TwvXzBmULsXytJ63 4xkEmPMWfPJvBp4wiTWe5J81g9CrQibg5aof2S9dUKpu 1 14955971 15040000 14955971 2081369458 2059934731 989701623170 9469 8womd2riK6w4fHwkrop7v1ihUJ6dK2ycsq9pH8kZjMiD 2H1bdn6G3bA4vig9GC1r2ieH15wf9vi9CrJ3nU9k8vcv8eMSHDWavDM8ya52417EtseopGwyP6R3hh3W9rEgTbBU 400413406 1754905641 2025-08-11 17:47:30.257628 +0800 CST m=+48.572419042 2025-08-11 17:47:30.257628 +0800 CST m=+48.572419084 <nil> {}}][0m
[31mERRO[0m [32m[08/11 17:47:32.794] [0msave swap event data failed[32m [ExchangeDataService][0m[31m [error:map[error:model: unable to insert into exchange_token_tx: ERROR: duplicate key value violates unique constraint "exchange_token_tx_outer_id_key" (SQLSTATE 23505) kind:*errors.withStack stack:<nil>]] [txData:&{0 1001 235921 8uHK7JmwvRQYoSP5sCxjcdUn6PfhCGSRvtT7v63Rqm9T E64i27za4jcMT6ceMKncdw3aJxg1TwvXzBmULsXytJ63 4xkEmPMWfPJvBp4wiTWe5J81g9CrQibg5aof2S9dUKpu 1 4088873 4150000 4088873 2085513442 2055845858 985774446041 9188 8womd2riK6w4fHwkrop7v1ihUJ6dK2ycsq9pH8kZjMiD 3gxjiDkxiDsmadnhfC1SR49Q6BGLCYerrDh5odsNK3AyCh5cVj2JfG4gdkZpGAFnozqV9ZfeLN6PehwzpTPHmsW 400413416 1754905645 2025-08-11 17:47:32.625383 +0800 CST m=+50.940148126 2025-08-11 17:47:32.625384 +0800 CST m=+50.940148417 <nil> {}}][0m
[31mERRO[0m [32m[08/11 17:47:35.574] [0msave swap event data failed[32m [ExchangeDataService][0m[31m [error:map[error:model: unable to insert into exchange_token_tx: ERROR: duplicate key value violates unique constraint "exchange_token_tx_outer_id_key" (SQLSTATE 23505) kind:*errors.withStack stack:<nil>]] [txData:&{0 1001 235922 8uHK7JmwvRQYoSP5sCxjcdUn6PfhCGSRvtT7v63Rqm9T E64i27za4jcMT6ceMKncdw3aJxg1TwvXzBmULsXytJ63 4xkEmPMWfPJvBp4wiTWe5J81g9CrQibg5aof2S9dUKpu 0 12300000 12372457 12300000 2073139325 2068145858 997591350016 10662 Ft5dUC14KJ4r7bwwwX5oRsjgVwbwFoG7ntfowwNd4bFq 2jAkhsstowbQc84LageDbpuKjNsu9TUPJJzKwr6eW1qPr3Ha1MFiF9onDx7D5HjZo5mnURBfmkAZPw6C5UeppNNp 400413428 1754905650 2025-08-11 17:47:35.081142 +0800 CST m=+53.395879959 2025-08-11 17:47:35.081143 +0800 CST m=+53.395880126 <nil> {}}][0m
[33mWARN[0m [32m[08/11 17:47:37.862] [0mstop compensate swap event[32m [ExchangeDataService][0m[33m [outer_id end:235922][0m
[36mINFO[0m [32m[08/11 17:49:00.387] [0mpreparing withdraw transaction[32m [base_txprepare][0m[36m [params:&{8453 0x4d6Ca5A0517cc18d66FEA10a51486fA0351bF61A  0x4d6Ca5A0517cc18d66FEA10a51486fA0351bF61A  1}][0m
[31mERRO[0m [32m[08/11 17:49:02.467] [0mAPI request failed[32m [api][0m[31m [uri:/api/v2/primary/vault/prepare_withdraw] [err_code:10001] [err_msg:failed to create withdraw transaction: no signer to authorize the transaction with] [method:POST] [ip:127.0.0.1] [http_code:200] [time_cost:2.080198542s] [caller:root][0m
[36mINFO[0m [32m[08/11 17:49:58.626] [0mReceive exit signal: interrupt[32m [sidecar][0m[36m[0m
[36mINFO[0m [32m[08/11 17:49:58.627] [0mComponent[app] stopped[32m [sidecar][0m[36m [time_cost:326.959µs][0m
[36mINFO[0m [32m[08/11 17:49:58.627] [0mIPC server shutdown[32m [api][0m[36m[0m
[36mINFO[0m [32m[08/11 17:49:58.627] [0mHttp server shutdown[32m [api][0m[36m[0m
[36mINFO[0m [32m[08/11 17:49:58.628] [0mComponent[http-api-server] stopped[32m [sidecar][0m[36m [time_cost:724.041µs][0m
[36mINFO[0m [32m[08/11 17:49:58.628] [0mDeployManager stopped[32m [base_deploymanager][0m[36m[0m
[36mINFO[0m [32m[08/11 17:49:58.628] [0mComponent[deploymanager] stopped[32m [sidecar][0m[36m [time_cost:74.417µs][0m
[36mINFO[0m [32m[08/11 17:49:58.628] [0mScheduled task stopped[32m [sidecar][0m[36m [interval:2s] [task:solana-tx-sender[poll-last-block]][0m
[36mINFO[0m [32m[08/11 17:49:58.628] [0mevent processor stopping[32m [solana_sm][0m[36m[0m
[31mERRO[0m [32m[08/11 17:49:58.629] [0mStop components failed[32m [sidecar][0m[31m [err:map[error:goroutine exited without returning kind:*errors.errorString stack:<nil>]][0m
