[36mINFO[0m [32m[08/14 18:38:08.525] [0mtoken-engine version:[32m [app][0m[36m[0m
[36mINFO[0m [32m[08/14 18:38:08.525] [0mSystem version: darwin/arm64[32m [app][0m[36m[0m
[36mINFO[0m [32m[08/14 18:38:08.525] [0mGolang version: go1.24.2[32m [app][0m[36m[0m
[36mINFO[0m [32m[08/14 18:38:08.525] [0mApp build time:[32m [app][0m[36m[0m
[36mINFO[0m [32m[08/14 18:38:08.525] [0mGit commit id:[32m [app][0m[36m[0m
[36mINFO[0m [32m[08/14 18:38:08.525] [0mRepo path: /Users/yanzhixing/Downloads/GitHub/token-engine/deploy[32m [app][0m[36m[0m
[36mINFO[0m [32m[08/14 18:38:08.525] [0mExecutable: /Users/yanzhixing/Downloads/GitHub/token-engine/deploy/tools/bin/token-engine[32m [app][0m[36m[0m
[36mINFO[0m [32m[08/14 18:38:08.525] [0mPID: 13939[32m [app][0m[36m[0m
[36mINFO[0m [32m[08/14 18:38:08.525] [0mUUID node index: 0[32m [app][0m[36m[0m
[36mINFO[0m [32m[08/14 18:38:08.911] [0mcreating new base AxcTxPrepare[32m [base_txprepare][0m[36m[0m
[36mINFO[0m [32m[08/14 18:38:08.911] [0mcreating new base AxcTxExecutor[32m [base_txexecutor][0m[36m[0m
[36mINFO[0m [32m[08/14 18:38:08.911] [0mcreate axc vault idl[32m [solana-idl][0m[36m[0m
[36mINFO[0m [32m[08/14 18:38:08.911] [0mcreate axc vault transaction builder[32m [axc_tx_builder][0m[36m[0m
[36mINFO[0m [32m[08/14 18:38:08.912] [0mcreating Solana chain adaptor[32m [common_chain_adaptor][0m[36m[0m
[36mINFO[0m [32m[08/14 18:38:09.101] [0minitialized all program event definitions[32m [solana_sm][0m[36m [programCount:1][0m
[36mINFO[0m [32m[08/14 18:38:09.102] [0mRegistered transfer provider[32m [tron-transfer][0m[36m [chainID:97] [tokens:[BNB USDT USDC]][0m
[36mINFO[0m [32m[08/14 18:38:09.103] [0mRegistered transfer provider[32m [tron-transfer][0m[36m [chainID:2494104990] [tokens:[TRX USDT]][0m
[36mINFO[0m [32m[08/14 18:38:09.103] [0mcore api initialized[32m [coreApi][0m[36m[0m
[36mINFO[0m [32m[08/14 18:38:09.553] [0mComponent[sql-connector] started[32m [sidecar][0m[36m [time_cost:449.6455ms][0m
[36mINFO[0m [32m[08/14 18:38:10.944] [0mFinished connect to send tx http rpcs[32m [solana-jsonrpc][0m[36m [cost:1.390926s] [num:1][0m
[36mINFO[0m [32m[08/14 18:38:11.296] [0mFinished connect to stable http rpcs[32m [solana-jsonrpc][0m[36m [cost:347.680541ms] [num:1][0m
[36mINFO[0m [32m[08/14 18:38:11.637] [0mFinished connect to unstable http rpcs[32m [solana-jsonrpc][0m[36m [cost:340.377959ms] [num:1][0m
[36mINFO[0m [32m[08/14 18:38:13.214] [0mFinished connect to ws rpcs[32m [solana-jsonrpc][0m[36m [cost:1.57676275s] [num:1][0m
[36mINFO[0m [32m[08/14 18:38:13.795] [0mScheduled task started[32m [sidecar][0m[36m [interval:2s] [task:solana-tx-sender[poll-last-block]][0m
[36mINFO[0m [32m[08/14 18:38:13.796] [0msolana submitter started[32m [solana-submitter][0m[36m[0m
[36mINFO[0m [32m[08/14 18:38:13.796] [0mswap submitter started[32m [submitter][0m[36m[0m
[36mINFO[0m [32m[08/14 18:38:13.796] [0mComponent[SwapSubmitter] started[32m [sidecar][0m[36m [time_cost:4.2425195s][0m
[36mINFO[0m [32m[08/14 18:38:13.796] [0mstart to subscribe exchange data by grpc...[32m [ExchangeDataService][0m[36m[0m
[36mINFO[0m [32m[08/14 18:38:13.797] [0mScheduled task started[32m [sidecar][0m[36m [interval:1h0m0s] [task:UpdateExchangeTokenHolders][0m
[36mINFO[0m [32m[08/14 18:38:13.797] [0mScheduled task started[32m [sidecar][0m[36m [interval:1m0s] [task:StatisticExchangeData][0m
[36mINFO[0m [32m[08/14 18:38:14.762] [0mComponent[ExchangeDataService] started[32m [sidecar][0m[36m [time_cost:966.05075ms][0m
[36mINFO[0m [32m[08/14 18:38:14.763] [0mComponent[ContractMaterials] started[32m [sidecar][0m[36m [time_cost:4.708µs][0m
[36mINFO[0m [32m[08/14 18:38:14.763] [0mstarting Solana chain adaptor[32m [common_chain_adaptor][0m[36m[0m
[36mINFO[0m [32m[08/14 18:38:14.763] [0mSolana chain adaptor started successfully[32m [common_chain_adaptor][0m[36m[0m
[36mINFO[0m [32m[08/14 18:38:14.763] [0mComponent[common_chain_adaptor] started[32m [sidecar][0m[36m [time_cost:43.125µs][0m
[33mWARN[0m [32m[08/14 18:38:14.970] [0mbegin compensate swap event[32m [ExchangeDataService][0m[33m [outer_id From:292964][0m
[36mINFO[0m [32m[08/14 18:38:15.324] [0mNSQ consumer component started[32m [msgqueue][0m[36m[0m
[36mINFO[0m [32m[08/14 18:38:15.324] [0mComponent[msg_queue] started[32m [sidecar][0m[36m [time_cost:561.55975ms][0m
[36mINFO[0m [32m[08/14 18:38:15.324] [0mComponent[solana_sm] started[32m [sidecar][0m[36m [time_cost:3.917µs][0m
[36mINFO[0m [32m[08/14 18:38:15.324] [0mLoading deployment manifest from[32m [base_deploymanager][0m[36m [path:/Users/yanzhixing/Downloads/GitHub/token-engine/deploy/abis][0m
[36mINFO[0m [32m[08/14 18:38:15.324] [0mComponent[deploymanager] started[32m [sidecar][0m[36m [time_cost:55.542µs][0m
[36mINFO[0m [32m[08/14 18:38:15.325] [0mIPC server listen on: /Users/yanzhixing/Downloads/GitHub/token-engine/deploy/ipc.sock[32m [api][0m[36m[0m
[36mINFO[0m [32m[08/14 18:38:15.325] [0mHttp server listen on: 8082[32m [api][0m[36m[0m
[36mINFO[0m [32m[08/14 18:38:15.325] [0mComponent[http-api-server] started[32m [sidecar][0m[36m [time_cost:531.625µs][0m
[36mINFO[0m [32m[08/14 18:38:15.325] [0mComponent[app] started[32m [sidecar][0m[36m [time_cost:144.458µs][0m
[36mINFO[0m [32m[08/14 18:38:15.325] [0mtoken-engine is ready[32m [sidecar][0m[36m[0m
[36mINFO[0m [32m[08/14 18:38:15.326] [0m=====================================================================================
   __            __                                                  _
  / /_  ____    / /__  ___    ____          ___    ____    ____ _   (_)   ____   ___
 / __/ / __ \  / //_/ / _ \  / __ \ ______ / _ \  / __ \  / __ `/  / /   / __ \ / _ \
/ /_  / /_/ / / ,<   /  __/ / / / //_____//  __/ / / / / / /_/ /  / /   / / / //  __/
\__/  \____/ /_/|_|  \___/ /_/ /_/        \___/ /_/ /_/  \__, /  /_/   /_/ /_/ \___/
                                                        /____/

=====================================================================================[32m [sidecar][0m[36m[0m
[36mINFO[0m [32m[08/14 18:38:15.368] [0mSolana events manager started[32m [solana_sm][0m[36m[0m
[36mINFO[0m [32m[08/14 18:38:15.368] [0mevent processor started[32m [solana_sm][0m[36m[0m
[36mINFO[0m [32m[08/14 18:38:15.551] [0mContract materials loaded successfully[32m [basechain][0m[36m [appid:root] [chainId:84532] [contractCount:9] [errors:0][0m
[36mINFO[0m [32m[08/14 18:38:19.340] [0mPreparing transfer[32m [basechain][0m[36m [amount:0.000001] [from:0x4d6Ca5A0517cc18d66FEA10a51486fA0351bF61A] [to:0x4d6Ca5A0517cc18d66FEA10a51486fA0351bF61A] [tokenAddr:] [tokenType:ETH][0m
[36mINFO[0m [32m[08/14 18:38:21.270] [0mETH transfer prepared[32m [basechain][0m[36m [amount:1000000000000] [balance:8252265730947554] [chainID:84532] [gasLimit:21000] [gasPrice:1000072] [nonce:55] [unsignedTxHex:0xb202f083014a3437830f4288831e8510825208944d6ca5a0517cc18d66fea10a51486fa0351bf61a85e8d4a5100080c0808080][0m
[31mERRO[0m [32m[08/14 18:38:21.271] [0mFailed to decode unsigned tx: %v[32m [basechain][0m[31m [!BADKEY:rlp: expected input list for types.LegacyTx][0m
[36mINFO[0m [32m[08/14 18:38:21.271] [0mAPI request[32m [api][0m[36m [uri:/api/v2/transfer/prepare] [method:POST] [ip:127.0.0.1] [http_code:200] [time_cost:1.931458s] [caller:root][0m
[31mERRO[0m [32m[08/14 18:38:30.537] [0msave swap event data failed[32m [ExchangeDataService][0m[31m [error:map[error:model: unable to insert into exchange_token_tx: ERROR: duplicate key value violates unique constraint "exchange_token_tx_outer_id_key" (SQLSTATE 23505) kind:*errors.withStack stack:<nil>]] [txData:&{0 1001 292968 HkCcRG8NbdE32UqpoURRP4t55UauayDAWwQjoJZY7SsF 2zctNkBWYbndQmvWbKKudeJmepnAw6Ap1vimpFwKft9f 4xkEmPMWfPJvBp4wiTWe5J81g9CrQibg5aof2S9dUKpu 0 14160000 13889960 14160000 25381182716 25824100254 1017450626432 10000 Ft5dUC14KJ4r7bwwwX5oRsjgVwbwFoG7ntfowwNd4bFq 3C6eSyT2KAtybAWsFR5j9Km3dgACFQrqDJW68DwEFscgaAFkyJ84gWd917hrCRX4MoJU34zqZDVBGFeegYzJhNbr 401074140 1755167893 2025-08-14 18:38:30.431517 +0800 CST m=+21.930089460 2025-08-14 18:38:30.431517 +0800 CST m=+21.930089501 <nil> {}}][0m
[31mERRO[0m [32m[08/14 18:38:33.135] [0msave swap event data failed[32m [ExchangeDataService][0m[31m [error:map[error:model: unable to insert into exchange_token_tx: ERROR: duplicate key value violates unique constraint "exchange_token_tx_outer_id_key" (SQLSTATE 23505) kind:*errors.withStack stack:<nil>]] [txData:&{0 1001 292969 GBzStFo17kUHyEP3LBbwTsJi5v5zAZW3xqULMmYnRAPd 4VkahQrirfxuXs9yhVLVuMhobmvBQKCv2n8y5tAznfNU 4xkEmPMWfPJvBp4wiTWe5J81g9CrQibg5aof2S9dUKpu 0 1750000 4366675 1750000 63339814707 25322512723 399788234937 10000 Ft5dUC14KJ4r7bwwwX5oRsjgVwbwFoG7ntfowwNd4bFq 2MQt2GLk6hCSzQL2zvKZdQy9YjhNF3ixZFtW6md2nmuvKQj79LSUj2TEV71C6wUR2Hqrtk9ZfP6Xh4qFqvfuEzMs 401074152 1755167898 2025-08-14 18:38:33.00309 +0800 CST m=+24.501627626 2025-08-14 18:38:33.00309 +0800 CST m=+24.501627710 <nil> {}}][0m
[31mERRO[0m [32m[08/14 18:38:35.794] [0msave swap event data failed[32m [ExchangeDataService][0m[31m [error:map[error:model: unable to insert into exchange_token_tx: ERROR: duplicate key value violates unique constraint "exchange_token_tx_outer_id_key" (SQLSTATE 23505) kind:*errors.withStack stack:<nil>]] [txData:&{0 1001 292970 E3msGNZ7XFBXWwwacp7hqTs5uryVNyMen1MCi3Y1LPcM 6SjHKEW363NWgN8S73tKgYxrpXBZ9ATL6fbKEhYNZdcB 4xkEmPMWfPJvBp4wiTWe5J81g9CrQibg5aof2S9dUKpu 0 19970000 8725773 19970000 149378289 360985818 2416588249983 10000 Ft5dUC14KJ4r7bwwwX5oRsjgVwbwFoG7ntfowwNd4bFq 4EQTx8v6ynxivBgn2womGMzagCBwPMr3TctrDQBk3giRuoeTMC2gXqF6ApU9JeNTuhm85F3uJJLRVahSmd1ugMq1 401074164 1755167903 2025-08-14 18:38:35.591709 +0800 CST m=+27.090213126 2025-08-14 18:38:35.591709 +0800 CST m=+27.090213210 <nil> {}}][0m
[31mERRO[0m [32m[08/14 18:38:38.261] [0msave swap event data failed[32m [ExchangeDataService][0m[31m [error:map[error:model: unable to insert into exchange_token_tx: ERROR: duplicate key value violates unique constraint "exchange_token_tx_outer_id_key" (SQLSTATE 23505) kind:*errors.withStack stack:<nil>]] [txData:&{0 1001 292971 9ECeLgwfGi28a8cyjpC5RxLYM2iug5SXmP4N4y4aAZtB 7yLwMHEiP2NyGhw2qDQWG1XkavQrk1PuNEKp24w6keFD 4xkEmPMWfPJvBp4wiTWe5J81g9CrQibg5aof2S9dUKpu 1 36374818 19630000 36374818 2746382464 5065395375 1844388187515 10000 Ft5dUC14KJ4r7bwwwX5oRsjgVwbwFoG7ntfowwNd4bFq 5iiN9QwYH8apQdqLJXNGqJaL7McmUPWLXTiMuKeH9UnuSLhtQfxXd1U2KowW6mv4Je8ohrseC1zF4wPwp14fvSa3 401074175 1755167907 2025-08-14 18:38:38.222536 +0800 CST m=+29.721008293 2025-08-14 18:38:38.222536 +0800 CST m=+29.721008418 <nil> {}}][0m
[31mERRO[0m [32m[08/14 18:38:40.916] [0msave swap event data failed[32m [ExchangeDataService][0m[31m [error:map[error:model: unable to insert into exchange_token_tx: ERROR: duplicate key value violates unique constraint "exchange_token_tx_outer_id_key" (SQLSTATE 23505) kind:*errors.withStack stack:<nil>]] [txData:&{0 1001 292972 3MhiVfThJjkVXfjyuEXYmPtC2VmXW8CpR2Gd7QFu7Hwg 8c5yxueAtqTgoqoVFwUugz8YADWt8PZMKBFXJMtR9Y2P 4xkEmPMWfPJvBp4wiTWe5J81g9CrQibg5aof2S9dUKpu 1 2697899 2710000 2697899 300331714526 299737347254 998020964009 10000 Ft5dUC14KJ4r7bwwwX5oRsjgVwbwFoG7ntfowwNd4bFq 2EdVKJ51BTPY6EBmBtkpzYyvviKBs6VY8bGH3dADQNyZN1yA1RLXsDddo8s65mZdGoxvmzS5XJ99vepBJGH311xu 401074186 1755167911 2025-08-14 18:38:40.711301 +0800 CST m=+32.209745126 2025-08-14 18:38:40.711301 +0800 CST m=+32.209745168 <nil> {}}][0m
[31mERRO[0m [32m[08/14 18:38:43.485] [0msave swap event data failed[32m [ExchangeDataService][0m[31m [error:map[error:model: unable to insert into exchange_token_tx: ERROR: duplicate key value violates unique constraint "exchange_token_tx_outer_id_key" (SQLSTATE 23505) kind:*errors.withStack stack:<nil>]] [txData:&{0 1001 292973 5EMN5ZfdZWEF2VjUJhvYfoNoVJEnQUz5X9yTm2NG3Lik 2zKZyDdcs1kWsc5T72bQiufNnv54TxMG1evxb1WfgbKT 4xkEmPMWfPJvBp4wiTWe5J81g9CrQibg5aof2S9dUKpu 0 10610000 10585490 10610000 500074710739 499990098833 999830801469 10000 Ft5dUC14KJ4r7bwwwX5oRsjgVwbwFoG7ntfowwNd4bFq i7ytEzEyMqsyMezi7LohYe9i47mL3hgY1gY5ysr4j2gnN6PLMVAykJQN98QkexYrSxnGukqMQcsATMTdAngxCPJ 401074198 1755167916 2025-08-14 18:38:43.344992 +0800 CST m=+34.843406543 2025-08-14 18:38:43.344992 +0800 CST m=+34.843406626 <nil> {}}][0m
[31mERRO[0m [32m[08/14 18:38:46.000] [0msave swap event data failed[32m [ExchangeDataService][0m[31m [error:map[error:model: unable to insert into exchange_token_tx: ERROR: duplicate key value violates unique constraint "exchange_token_tx_outer_id_key" (SQLSTATE 23505) kind:*errors.withStack stack:<nil>]] [txData:&{0 1001 292974 cbgot6rf3LaEBqhzZp8jRMoU63Qc9JEszZ3BVWXNtgF GKpUBoqvkC9kMJm8kuNDTDkBFAsTvUhr4pniu6eXaS5V 4xkEmPMWfPJvBp4wiTWe5J81g9CrQibg5aof2S9dUKpu 1 5372073 5440000 5372073 44257313086 43808845973 989866824673 10000 Ft5dUC14KJ4r7bwwwX5oRsjgVwbwFoG7ntfowwNd4bFq 44WkJxT4TvavYf5KcZHCZmnkVb33Qihv9dBkgxEd5GFcBUkxyteacZASSbLF5Zk9DrY2JmTAndW2vMWsPUTRj2X3 401074211 1755167921 2025-08-14 18:38:45.910463 +0800 CST m=+37.408850126 2025-08-14 18:38:45.910463 +0800 CST m=+37.408850251 <nil> {}}][0m
[33mWARN[0m [32m[08/14 18:38:48.428] [0mstop compensate swap event[32m [ExchangeDataService][0m[33m [outer_id end:292974][0m
[36mINFO[0m [32m[08/14 18:39:11.540] [0mReceive exit signal: interrupt[32m [sidecar][0m[36m[0m
[36mINFO[0m [32m[08/14 18:39:11.540] [0mComponent[app] stopped[32m [sidecar][0m[36m [time_cost:177.209µs][0m
[36mINFO[0m [32m[08/14 18:39:11.541] [0mIPC server shutdown[32m [api][0m[36m[0m
[36mINFO[0m [32m[08/14 18:39:11.541] [0mComponent[http-api-server] stopped[32m [sidecar][0m[36m [time_cost:614.584µs][0m
[36mINFO[0m [32m[08/14 18:39:11.541] [0mHttp server shutdown[32m [api][0m[36m[0m
[36mINFO[0m [32m[08/14 18:39:11.541] [0mDeployManager stopped[32m [base_deploymanager][0m[36m[0m
[36mINFO[0m [32m[08/14 18:39:11.541] [0mComponent[deploymanager] stopped[32m [sidecar][0m[36m [time_cost:213.209µs][0m
[36mINFO[0m [32m[08/14 18:39:11.542] [0mScheduled task stopped[32m [sidecar][0m[36m [interval:2s] [task:solana-tx-sender[poll-last-block]][0m
[36mINFO[0m [32m[08/14 18:39:11.542] [0mevent processor stopping[32m [solana_sm][0m[36m[0m
