[36mINFO[0m [32m[08/18 14:32:59.062] [0mtoken-engine version:[32m [app][0m[36m[0m
[36mINFO[0m [32m[08/18 14:32:59.063] [0mSystem version: darwin/arm64[32m [app][0m[36m[0m
[36mINFO[0m [32m[08/18 14:32:59.063] [0mGolang version: go1.24.2[32m [app][0m[36m[0m
[36mINFO[0m [32m[08/18 14:32:59.063] [0mApp build time:[32m [app][0m[36m[0m
[36mINFO[0m [32m[08/18 14:32:59.063] [0mGit commit id:[32m [app][0m[36m[0m
[36mINFO[0m [32m[08/18 14:32:59.063] [0mRepo path: /Users/yanzhixing/Downloads/GitHub/token-engine/deploy[32m [app][0m[36m[0m
[36mINFO[0m [32m[08/18 14:32:59.063] [0mExecutable: /Users/yanzhixing/Downloads/GitHub/token-engine/deploy/tools/bin/token-engine[32m [app][0m[36m[0m
[36mINFO[0m [32m[08/18 14:32:59.063] [0mPID: 21797[32m [app][0m[36m[0m
[36mINFO[0m [32m[08/18 14:32:59.063] [0mUUID node index: 0[32m [app][0m[36m[0m
[36mINFO[0m [32m[08/18 14:32:59.495] [0mcreating new base AxcTxPrepare[32m [base_txprepare][0m[36m[0m
[36mINFO[0m [32m[08/18 14:32:59.495] [0mcreating new base AxcTxExecutor[32m [base_txexecutor][0m[36m[0m
[36mINFO[0m [32m[08/18 14:32:59.495] [0mcreate axc vault idl[32m [solana-idl][0m[36m[0m
[36mINFO[0m [32m[08/18 14:32:59.496] [0mcreate axc vault transaction builder[32m [axc_tx_builder][0m[36m[0m
[36mINFO[0m [32m[08/18 14:32:59.496] [0mcreating Solana chain adaptor[32m [common_chain_adaptor][0m[36m[0m
[36mINFO[0m [32m[08/18 14:32:59.646] [0minitialized all program event definitions[32m [solana_sm][0m[36m [programCount:1][0m
[36mINFO[0m [32m[08/18 14:32:59.647] [0mRegistered transfer provider[32m [transfer-service][0m[36m [chainID:97] [tokens:[BNB USDT USDC]][0m
[36mINFO[0m [32m[08/18 14:32:59.648] [0mRegistered transfer provider[32m [transfer-service][0m[36m [chainID:2494104990] [tokens:[TRX USDT]][0m
[36mINFO[0m [32m[08/18 14:32:59.648] [0mcore api initialized[32m [coreApi][0m[36m[0m
[36mINFO[0m [32m[08/18 14:32:59.848] [0mComponent[sql-connector] started[32m [sidecar][0m[36m [time_cost:199.171417ms][0m
[36mINFO[0m [32m[08/18 14:33:01.680] [0mFinished connect to send tx http rpcs[32m [solana-jsonrpc][0m[36m [cost:1.831079792s] [num:3][0m
[36mINFO[0m [32m[08/18 14:33:02.022] [0mFinished connect to stable http rpcs[32m [solana-jsonrpc][0m[36m [cost:341.413791ms] [num:3][0m
[36mINFO[0m [32m[08/18 14:33:05.992] [0mFinished connect to unstable http rpcs[32m [solana-jsonrpc][0m[36m [cost:3.969737541s] [num:45][0m
[36mINFO[0m [32m[08/18 14:33:07.279] [0mFinished connect to ws rpcs[32m [solana-jsonrpc][0m[36m [cost:1.287392167s] [num:1][0m
[36mINFO[0m [32m[08/18 14:33:08.057] [0mScheduled task started[32m [sidecar][0m[36m [interval:2s] [task:solana-tx-sender[poll-last-block]][0m
[36mINFO[0m [32m[08/18 14:33:08.057] [0msolana submitter started[32m [solana-submitter][0m[36m[0m
[36mINFO[0m [32m[08/18 14:33:08.057] [0mswap submitter started[32m [submitter][0m[36m[0m
[36mINFO[0m [32m[08/18 14:33:08.057] [0mComponent[SwapSubmitter] started[32m [sidecar][0m[36m [time_cost:8.209101209s][0m
[36mINFO[0m [32m[08/18 14:33:08.057] [0mComponent[ExchangeDataService] started[32m [sidecar][0m[36m [time_cost:3.792µs][0m
[36mINFO[0m [32m[08/18 14:33:08.057] [0mComponent[ContractMaterials] started[32m [sidecar][0m[36m [time_cost:1.792µs][0m
[36mINFO[0m [32m[08/18 14:33:08.057] [0mstarting Solana chain adaptor[32m [common_chain_adaptor][0m[36m[0m
[36mINFO[0m [32m[08/18 14:33:08.057] [0mSolana chain adaptor started successfully[32m [common_chain_adaptor][0m[36m[0m
[36mINFO[0m [32m[08/18 14:33:08.058] [0mComponent[common_chain_adaptor] started[32m [sidecar][0m[36m [time_cost:47.209µs][0m
[36mINFO[0m [32m[08/18 14:33:08.057] [0mScheduled task started[32m [sidecar][0m[36m [interval:1h0m0s] [task:UpdateExchangeTokenHolders][0m
[36mINFO[0m [32m[08/18 14:33:08.057] [0mScheduled task started[32m [sidecar][0m[36m [interval:1m0s] [task:StatisticExchangeData][0m
[36mINFO[0m [32m[08/18 14:33:08.133] [0mSolana syncer started[32m [common_chain_adaptor][0m[36m[0m
[36mINFO[0m [32m[08/18 14:33:08.133] [0mComponent[Syncer] started[32m [sidecar][0m[36m [time_cost:75.821792ms][0m
[36mINFO[0m [32m[08/18 14:33:08.361] [0mContract materials loaded successfully[32m [basechain][0m[36m [appid:root] [chainId:84532] [contractCount:9] [errors:0][0m
[36mINFO[0m [32m[08/18 14:33:08.681] [0mNSQ consumer component started[32m [msgqueue][0m[36m[0m
[36mINFO[0m [32m[08/18 14:33:08.682] [0mComponent[msg_queue] started[32m [sidecar][0m[36m [time_cost:548.112417ms][0m
[36mINFO[0m [32m[08/18 14:33:08.682] [0mComponent[solana_sm] started[32m [sidecar][0m[36m [time_cost:6.333µs][0m
[36mINFO[0m [32m[08/18 14:33:08.682] [0mLoading deployment manifest from[32m [base_deploymanager][0m[36m [path:/Users/yanzhixing/Downloads/GitHub/token-engine/deploy/abis][0m
[36mINFO[0m [32m[08/18 14:33:08.682] [0mevent processor started[32m [solana_sm][0m[36m[0m
[36mINFO[0m [32m[08/18 14:33:08.682] [0mComponent[deploymanager] started[32m [sidecar][0m[36m [time_cost:50.75µs][0m
[36mINFO[0m [32m[08/18 14:33:08.682] [0mStarting TokenBalanceService[32m [TokenBalanceService][0m[36m[0m
[36mINFO[0m [32m[08/18 14:33:08.682] [0mSolana events manager started[32m [solana_sm][0m[36m[0m
[36mINFO[0m [32m[08/18 14:33:08.682] [0mComponent[TokenBalanceService] started[32m [sidecar][0m[36m [time_cost:341.833µs][0m
[36mINFO[0m [32m[08/18 14:33:08.683] [0mIPC server listen on: /Users/yanzhixing/Downloads/GitHub/token-engine/deploy/ipc.sock[32m [api][0m[36m[0m
[36mINFO[0m [32m[08/18 14:33:08.683] [0mHttp server listen on: 8082[32m [api][0m[36m[0m
[36mINFO[0m [32m[08/18 14:33:08.683] [0mComponent[http-api-server] started[32m [sidecar][0m[36m [time_cost:1.150333ms][0m
[36mINFO[0m [32m[08/18 14:33:08.684] [0mComponent[app] started[32m [sidecar][0m[36m [time_cost:218.875µs][0m
[36mINFO[0m [32m[08/18 14:33:08.684] [0mtoken-engine is ready[32m [sidecar][0m[36m[0m
[36mINFO[0m [32m[08/18 14:33:08.686] [0m=====================================================================================
   __            __                                                  _
  / /_  ____    / /__  ___    ____          ___    ____    ____ _   (_)   ____   ___
 / __/ / __ \  / //_/ / _ \  / __ \ ______ / _ \  / __ \  / __ `/  / /   / __ \ / _ \
/ /_  / /_/ / / ,<   /  __/ / / / //_____//  __/ / / / / / /_/ /  / /   / / / //  __/
\__/  \____/ /_/|_|  \___/ /_/ /_/        \___/ /_/ /_/  \__, /  /_/   /_/ /_/ \___/
                                                        /____/

=====================================================================================[32m [sidecar][0m[36m[0m
[36mINFO[0m [32m[08/18 14:33:13.616] [0mpreparing create vault transaction[32m [base_txprepare][0m[36m [params:&{84532 {0xf39Fd6e51aad88F6F4ce6aB8827279cffFb92266 0xf39Fd6e51aad88F6F4ce6aB8827279cffFb92266 0xf39Fd6e51aad88F6F4ce6aB8827279cffFb92266 0xf39Fd6e51aad88F6F4ce6aB8827279cffFb92266 0xf39Fd6e51aad88F6F4ce6aB8827279cffFb92266} {My Test Token MTT 6 https://example.com/token-metadata.json} {Test 0xf39Fd6e51aad88F6F4ce6aB8827279cffFb92266 1000000 1754832494 1786800494 100 500 1 100000 200 0xf39Fd6e51aad88F6F4ce6aB8827279cffFb92266 0xf39Fd6e51aad88F6F4ce6aB8827279cffFb92266 1} false}][0m
[36mINFO[0m [32m[08/18 14:33:13.774] [0mnonce retrieved successfully[32m [base_txprepare][0m[36m [deployer:0xf39Fd6e51aad88F6F4ce6aB8827279cffFb92266] [nonce:27][0m
[33mWARN[0m [32m[08/18 14:33:13.908] [0mUnknown contract name[32m [basechain][0m[33m [name:StandardToken][0m
[33mWARN[0m [32m[08/18 14:33:13.909] [0mUnknown contract name[32m [basechain][0m[33m [name:AccumulatedYieldFactory][0m
[36mINFO[0m [32m[08/18 14:33:13.909] [0mContract materials loaded successfully[32m [basechain][0m[36m [appid:root] [chainId:31337] [contractCount:9] [errors:0][0m
[31mERRO[0m [32m[08/18 14:33:14.037] [0mfailed to create vault transaction[32m [base_txprepare][0m[31m [error:map[error:Error: Transaction reverted: function selector was not recognized and there's no fallback function kind:*rpc.jsonError stack:<nil>]][0m
[31mERRO[0m [32m[08/18 14:33:14.037] [0mAPI request failed[32m [api][0m[31m [uri:/api/v2/primary/vault/prepare_create] [err_code:10001] [err_msg:failed to create vault transaction: Error: Transaction reverted: function selector was not recognized and there's no fallback function] [method:POST] [ip:127.0.0.1] [http_code:200] [time_cost:423.89875ms] [caller:root][0m
[31mERRO[0m [32m[08/18 14:34:27.120] [0mAPI request failed[32m [api][0m[31m [uri:/api/v2/primary/vault/prepare_create] [err_code:10001] [err_msg:unsupported chain] [method:POST] [ip:127.0.0.1] [http_code:200] [time_cost:132.584µs] [caller:root][0m
[36mINFO[0m [32m[08/18 14:42:42.456] [0mReceive exit signal: interrupt[32m [sidecar][0m[36m[0m
[36mINFO[0m [32m[08/18 14:42:42.457] [0mComponent[app] stopped[32m [sidecar][0m[36m [time_cost:250.541µs][0m
[36mINFO[0m [32m[08/18 14:42:42.458] [0mIPC server shutdown[32m [api][0m[36m[0m
[36mINFO[0m [32m[08/18 14:42:42.458] [0mHttp server shutdown[32m [api][0m[36m[0m
[36mINFO[0m [32m[08/18 14:42:42.458] [0mComponent[http-api-server] stopped[32m [sidecar][0m[36m [time_cost:534.875µs][0m
[36mINFO[0m [32m[08/18 14:42:42.458] [0mComponent[TokenBalanceService] stopped[32m [sidecar][0m[36m [time_cost:213.333µs][0m
[36mINFO[0m [32m[08/18 14:42:42.458] [0mDeployManager stopped[32m [base_deploymanager][0m[36m[0m
[36mINFO[0m [32m[08/18 14:42:42.458] [0mComponent[deploymanager] stopped[32m [sidecar][0m[36m [time_cost:22.125µs][0m
[36mINFO[0m [32m[08/18 14:42:42.459] [0mevent processor stopping[32m [solana_sm][0m[36m[0m
