[36mINFO[0m [32m[08/15 10:52:59.620] [0mtoken-engine version:[32m [app][0m[36m[0m
[36mINFO[0m [32m[08/15 10:52:59.620] [0mSystem version: darwin/arm64[32m [app][0m[36m[0m
[36mINFO[0m [32m[08/15 10:52:59.620] [0mGolang version: go1.24.2[32m [app][0m[36m[0m
[36mINFO[0m [32m[08/15 10:52:59.620] [0mApp build time:[32m [app][0m[36m[0m
[36mINFO[0m [32m[08/15 10:52:59.620] [0mGit commit id:[32m [app][0m[36m[0m
[36mINFO[0m [32m[08/15 10:52:59.620] [0mRepo path: /Users/yanzhixing/Downloads/GitHub/token-engine/deploy[32m [app][0m[36m[0m
[36mINFO[0m [32m[08/15 10:52:59.621] [0mExecutable: /Users/yanzhixing/Downloads/GitHub/token-engine/deploy/tools/bin/token-engine[32m [app][0m[36m[0m
[36mINFO[0m [32m[08/15 10:52:59.621] [0mPID: 58620[32m [app][0m[36m[0m
[36mINFO[0m [32m[08/15 10:52:59.621] [0mUUID node index: 0[32m [app][0m[36m[0m
[36mINFO[0m [32m[08/15 10:52:59.917] [0mcreating new base AxcTxPrepare[32m [base_txprepare][0m[36m[0m
[36mINFO[0m [32m[08/15 10:52:59.918] [0mcreating new base AxcTxExecutor[32m [base_txexecutor][0m[36m[0m
[36mINFO[0m [32m[08/15 10:52:59.918] [0mcreate axc vault idl[32m [solana-idl][0m[36m[0m
[36mINFO[0m [32m[08/15 10:52:59.918] [0mcreate axc vault transaction builder[32m [axc_tx_builder][0m[36m[0m
[36mINFO[0m [32m[08/15 10:52:59.918] [0mcreating Solana chain adaptor[32m [common_chain_adaptor][0m[36m[0m
[36mINFO[0m [32m[08/15 10:53:00.074] [0minitialized all program event definitions[32m [solana_sm][0m[36m [programCount:1][0m
[36mINFO[0m [32m[08/15 10:53:00.074] [0mRegistered transfer provider[32m [tron-transfer][0m[36m [chainID:97] [tokens:[BNB USDT USDC]][0m
[36mINFO[0m [32m[08/15 10:53:00.074] [0mRegistered transfer provider[32m [tron-transfer][0m[36m [chainID:2494104990] [tokens:[TRX USDT]][0m
[36mINFO[0m [32m[08/15 10:53:00.074] [0mcore api initialized[32m [coreApi][0m[36m[0m
[36mINFO[0m [32m[08/15 10:53:00.751] [0mComponent[sql-connector] started[32m [sidecar][0m[36m [time_cost:676.412ms][0m
[36mINFO[0m [32m[08/15 10:53:01.617] [0mFinished connect to send tx http rpcs[32m [solana-jsonrpc][0m[36m [cost:865.353041ms] [num:1][0m
[36mINFO[0m [32m[08/15 10:53:01.928] [0mFinished connect to stable http rpcs[32m [solana-jsonrpc][0m[36m [cost:310.73875ms] [num:1][0m
[36mINFO[0m [32m[08/15 10:53:02.223] [0mFinished connect to unstable http rpcs[32m [solana-jsonrpc][0m[36m [cost:294.178625ms] [num:1][0m
[36mINFO[0m [32m[08/15 10:53:03.072] [0mFinished connect to ws rpcs[32m [solana-jsonrpc][0m[36m [cost:848.917542ms] [num:1][0m
[36mINFO[0m [32m[08/15 10:53:03.637] [0mScheduled task started[32m [sidecar][0m[36m [interval:2s] [task:solana-tx-sender[poll-last-block]][0m
[36mINFO[0m [32m[08/15 10:53:03.637] [0msolana submitter started[32m [solana-submitter][0m[36m[0m
[36mINFO[0m [32m[08/15 10:53:03.637] [0mswap submitter started[32m [submitter][0m[36m[0m
[36mINFO[0m [32m[08/15 10:53:03.637] [0mComponent[SwapSubmitter] started[32m [sidecar][0m[36m [time_cost:2.8853715s][0m
[36mINFO[0m [32m[08/15 10:53:03.637] [0mstart to subscribe exchange data by grpc...[32m [ExchangeDataService][0m[36m[0m
[36mINFO[0m [32m[08/15 10:53:03.637] [0mScheduled task started[32m [sidecar][0m[36m [interval:1m0s] [task:StatisticExchangeData][0m
[36mINFO[0m [32m[08/15 10:53:03.637] [0mScheduled task started[32m [sidecar][0m[36m [interval:1h0m0s] [task:UpdateExchangeTokenHolders][0m
[36mINFO[0m [32m[08/15 10:53:04.199] [0mComponent[ExchangeDataService] started[32m [sidecar][0m[36m [time_cost:561.965583ms][0m
[36mINFO[0m [32m[08/15 10:53:04.200] [0mComponent[ContractMaterials] started[32m [sidecar][0m[36m [time_cost:4.084µs][0m
[36mINFO[0m [32m[08/15 10:53:04.200] [0mstarting Solana chain adaptor[32m [common_chain_adaptor][0m[36m[0m
[36mINFO[0m [32m[08/15 10:53:04.200] [0mSolana chain adaptor started successfully[32m [common_chain_adaptor][0m[36m[0m
[36mINFO[0m [32m[08/15 10:53:04.200] [0mComponent[common_chain_adaptor] started[32m [sidecar][0m[36m [time_cost:407.375µs][0m
[33mWARN[0m [32m[08/15 10:53:04.388] [0mbegin compensate swap event[32m [ExchangeDataService][0m[33m [outer_id From:305506][0m
[36mINFO[0m [32m[08/15 10:53:04.608] [0mContract materials loaded successfully[32m [basechain][0m[36m [appid:root] [chainId:84532] [contractCount:9] [errors:0][0m
[36mINFO[0m [32m[08/15 10:53:04.767] [0mNSQ consumer component started[32m [msgqueue][0m[36m[0m
[36mINFO[0m [32m[08/15 10:53:04.767] [0mComponent[msg_queue] started[32m [sidecar][0m[36m [time_cost:566.393959ms][0m
[36mINFO[0m [32m[08/15 10:53:04.767] [0mComponent[solana_sm] started[32m [sidecar][0m[36m [time_cost:5.375µs][0m
[36mINFO[0m [32m[08/15 10:53:04.767] [0mLoading deployment manifest from[32m [base_deploymanager][0m[36m [path:/Users/yanzhixing/Downloads/GitHub/token-engine/deploy/abis][0m
[36mINFO[0m [32m[08/15 10:53:04.767] [0mComponent[deploymanager] started[32m [sidecar][0m[36m [time_cost:96.875µs][0m
[36mINFO[0m [32m[08/15 10:53:04.767] [0mDeployManager stopped[32m [base_deploymanager][0m[36m[0m
[36mINFO[0m [32m[08/15 10:53:04.767] [0mComponent[deploymanager] stopped[32m [sidecar][0m[36m [time_cost:23.083µs][0m
[36mINFO[0m [32m[08/15 10:53:04.767] [0mScheduled task stopped[32m [sidecar][0m[36m [interval:2s] [task:solana-tx-sender[poll-last-block]][0m
[31mERRO[0m [32m[08/15 10:53:04.768] [0mStart components failed[32m [sidecar][0m[31m [err:map[error:goroutine exited without returning kind:*errors.errorString stack:<nil>]][0m
