[36mINFO[0m [32m[08/18 14:52:12.879] [0mtoken-engine version:[32m [app][0m[36m[0m
[36mINFO[0m [32m[08/18 14:52:12.879] [0mSystem version: darwin/arm64[32m [app][0m[36m[0m
[36mINFO[0m [32m[08/18 14:52:12.879] [0mGolang version: go1.24.2[32m [app][0m[36m[0m
[36mINFO[0m [32m[08/18 14:52:12.879] [0mApp build time:[32m [app][0m[36m[0m
[36mINFO[0m [32m[08/18 14:52:12.879] [0mGit commit id:[32m [app][0m[36m[0m
[36mINFO[0m [32m[08/18 14:52:12.879] [0mRepo path: /Users/yanzhixing/Downloads/GitHub/token-engine/deploy[32m [app][0m[36m[0m
[36mINFO[0m [32m[08/18 14:52:12.879] [0mExecutable: /Users/yanzhixing/Downloads/GitHub/token-engine/deploy/tools/bin/token-engine[32m [app][0m[36m[0m
[36mINFO[0m [32m[08/18 14:52:12.879] [0mPID: 57183[32m [app][0m[36m[0m
[36mINFO[0m [32m[08/18 14:52:12.879] [0mUUID node index: 0[32m [app][0m[36m[0m
[36mINFO[0m [32m[08/18 14:52:13.170] [0mcreating new base AxcTxPrepare[32m [base_txprepare][0m[36m[0m
[36mINFO[0m [32m[08/18 14:52:13.170] [0mcreating new base AxcTxExecutor[32m [base_txexecutor][0m[36m[0m
[36mINFO[0m [32m[08/18 14:52:13.170] [0mcreate axc vault idl[32m [solana-idl][0m[36m[0m
[36mINFO[0m [32m[08/18 14:52:13.170] [0mcreate axc vault transaction builder[32m [axc_tx_builder][0m[36m[0m
[36mINFO[0m [32m[08/18 14:52:13.170] [0mcreating Solana chain adaptor[32m [common_chain_adaptor][0m[36m[0m
[36mINFO[0m [32m[08/18 14:52:13.318] [0minitialized all program event definitions[32m [solana_sm][0m[36m [programCount:1][0m
[36mINFO[0m [32m[08/18 14:52:13.319] [0mRegistered transfer provider[32m [transfer-service][0m[36m [chainID:97] [tokens:[BNB USDT USDC]][0m
[36mINFO[0m [32m[08/18 14:52:13.319] [0mRegistered transfer provider[32m [transfer-service][0m[36m [chainID:2494104990] [tokens:[TRX USDT]][0m
[36mINFO[0m [32m[08/18 14:52:13.319] [0mcore api initialized[32m [coreApi][0m[36m[0m
[36mINFO[0m [32m[08/18 14:52:13.485] [0mComponent[sql-connector] started[32m [sidecar][0m[36m [time_cost:165.602416ms][0m
[36mINFO[0m [32m[08/18 14:52:15.086] [0mFinished connect to send tx http rpcs[32m [solana-jsonrpc][0m[36m [cost:1.601055333s] [num:3][0m
[36mINFO[0m [32m[08/18 14:52:15.592] [0mFinished connect to stable http rpcs[32m [solana-jsonrpc][0m[36m [cost:505.853584ms] [num:3][0m
[36mINFO[0m [32m[08/18 14:52:18.417] [0mFinished connect to unstable http rpcs[32m [solana-jsonrpc][0m[36m [cost:2.825362584s] [num:45][0m
[33mWARN[0m [32m[08/18 14:52:23.419] [0mFailed to connect to ws rpc[32m [solana-jsonrpc][0m[33m [err:failed to connect to ws rpc: wss://devnet.helius-rpc.com/?api-key=adfeb5d6-3c05-4d32-8bd0-3860a795efdc: new ws client: dial: read tcp 127.0.0.1:53887->127.0.0.1:4780: i/o timeout] [rpc:wss://devnet.helius-rpc.com/?api-key=adfeb5d6-3c05-4d32-8bd0-3860a795efdc][0m
[36mINFO[0m [32m[08/18 14:52:23.419] [0mFinished connect to ws rpcs[32m [solana-jsonrpc][0m[36m [cost:5.001542833s] [num:0][0m
[36mINFO[0m [32m[08/18 14:52:23.419] [0mswap submitter started[32m [submitter][0m[36m[0m
[36mINFO[0m [32m[08/18 14:52:23.419] [0mComponent[sql-connector] stopped[32m [sidecar][0m[36m [time_cost:2.542µs][0m
[31mERRO[0m [32m[08/18 14:52:23.420] [0mStart components failed[32m [sidecar][0m[31m [err:map[error:componen[SwapSubmitter] start failed: failed to new multi rpc manager: failed to new multi rpc manager: failed to connect to any ws rpc kind:*errors.withStack stack:<nil>]][0m
[36mINFO[0m [32m[08/18 14:52:23.420] [0mtoken-engine is stopped[32m [app][0m[36m[0m
