[36mINFO[0m [32m[08/18 11:59:30.206] [0mtoken-engine version:[32m [app][0m[36m[0m
[36mINFO[0m [32m[08/18 11:59:30.206] [0mSystem version: darwin/arm64[32m [app][0m[36m[0m
[36mINFO[0m [32m[08/18 11:59:30.206] [0mGolang version: go1.24.2[32m [app][0m[36m[0m
[36mINFO[0m [32m[08/18 11:59:30.206] [0mApp build time:[32m [app][0m[36m[0m
[36mINFO[0m [32m[08/18 11:59:30.206] [0mGit commit id:[32m [app][0m[36m[0m
[36mINFO[0m [32m[08/18 11:59:30.206] [0mRepo path: /Users/yanzhixing/Downloads/GitHub/token-engine/deploy[32m [app][0m[36m[0m
[36mINFO[0m [32m[08/18 11:59:30.206] [0mExecutable: /Users/yanzhixing/Downloads/GitHub/token-engine/deploy/tools/bin/token-engine[32m [app][0m[36m[0m
[36mINFO[0m [32m[08/18 11:59:30.206] [0mPID: 95080[32m [app][0m[36m[0m
[36mINFO[0m [32m[08/18 11:59:30.206] [0mUUID node index: 0[32m [app][0m[36m[0m
[36mINFO[0m [32m[08/18 11:59:30.409] [0mcreating new base AxcTxPrepare[32m [base_txprepare][0m[36m[0m
[36mINFO[0m [32m[08/18 11:59:30.410] [0mcreating new base AxcTxExecutor[32m [base_txexecutor][0m[36m[0m
[36mINFO[0m [32m[08/18 11:59:30.410] [0mcreate axc vault idl[32m [solana-idl][0m[36m[0m
[36mINFO[0m [32m[08/18 11:59:30.410] [0mcreate axc vault transaction builder[32m [axc_tx_builder][0m[36m[0m
[36mINFO[0m [32m[08/18 11:59:30.410] [0mcreating Solana chain adaptor[32m [common_chain_adaptor][0m[36m[0m
[36mINFO[0m [32m[08/18 11:59:30.528] [0minitialized all program event definitions[32m [solana_sm][0m[36m [programCount:1][0m
[36mINFO[0m [32m[08/18 11:59:30.529] [0mRegistered transfer provider[32m [transfer-service][0m[36m [chainID:97] [tokens:[BNB USDT USDC]][0m
[36mINFO[0m [32m[08/18 11:59:30.529] [0mRegistered transfer provider[32m [transfer-service][0m[36m [chainID:2494104990] [tokens:[TRX USDT]][0m
[36mINFO[0m [32m[08/18 11:59:30.529] [0mcore api initialized[32m [coreApi][0m[36m[0m
[36mINFO[0m [32m[08/18 11:59:30.674] [0mComponent[sql-connector] started[32m [sidecar][0m[36m [time_cost:144.456125ms][0m
[36mINFO[0m [32m[08/18 11:59:32.042] [0mFinished connect to send tx http rpcs[32m [solana-jsonrpc][0m[36m [cost:1.367605833s] [num:3][0m
[36mINFO[0m [32m[08/18 11:59:32.362] [0mFinished connect to stable http rpcs[32m [solana-jsonrpc][0m[36m [cost:320.376209ms] [num:3][0m
[36mINFO[0m [32m[08/18 11:59:34.536] [0mFinished connect to unstable http rpcs[32m [solana-jsonrpc][0m[36m [cost:2.17349175s] [num:45][0m
[36mINFO[0m [32m[08/18 11:59:35.679] [0mFinished connect to ws rpcs[32m [solana-jsonrpc][0m[36m [cost:1.142979125s] [num:1][0m
[36mINFO[0m [32m[08/18 11:59:36.210] [0mScheduled task started[32m [sidecar][0m[36m [interval:2s] [task:solana-tx-sender[poll-last-block]][0m
[36mINFO[0m [32m[08/18 11:59:36.211] [0msolana submitter started[32m [solana-submitter][0m[36m[0m
[36mINFO[0m [32m[08/18 11:59:36.211] [0mswap submitter started[32m [submitter][0m[36m[0m
[36mINFO[0m [32m[08/18 11:59:36.211] [0mComponent[SwapSubmitter] started[32m [sidecar][0m[36m [time_cost:5.536475875s][0m
[36mINFO[0m [32m[08/18 11:59:36.211] [0mComponent[ExchangeDataService] started[32m [sidecar][0m[36m [time_cost:9.292µs][0m
[36mINFO[0m [32m[08/18 11:59:36.211] [0mComponent[ContractMaterials] started[32m [sidecar][0m[36m [time_cost:2.5µs][0m
[36mINFO[0m [32m[08/18 11:59:36.211] [0mstarting Solana chain adaptor[32m [common_chain_adaptor][0m[36m[0m
[36mINFO[0m [32m[08/18 11:59:36.211] [0mSolana chain adaptor started successfully[32m [common_chain_adaptor][0m[36m[0m
[36mINFO[0m [32m[08/18 11:59:36.211] [0mComponent[common_chain_adaptor] started[32m [sidecar][0m[36m [time_cost:66.959µs][0m
[36mINFO[0m [32m[08/18 11:59:36.211] [0mScheduled task started[32m [sidecar][0m[36m [interval:1m0s] [task:StatisticExchangeData][0m
[36mINFO[0m [32m[08/18 11:59:36.211] [0mScheduled task started[32m [sidecar][0m[36m [interval:1h0m0s] [task:UpdateExchangeTokenHolders][0m
[36mINFO[0m [32m[08/18 11:59:36.284] [0mSolana syncer started[32m [common_chain_adaptor][0m[36m[0m
[36mINFO[0m [32m[08/18 11:59:36.284] [0mComponent[Syncer] started[32m [sidecar][0m[36m [time_cost:73.518791ms][0m
[36mINFO[0m [32m[08/18 11:59:36.446] [0mContract materials loaded successfully[32m [basechain][0m[36m [appid:root] [chainId:84532] [contractCount:9] [errors:0][0m
[36mINFO[0m [32m[08/18 11:59:36.803] [0mNSQ consumer component started[32m [msgqueue][0m[36m[0m
[36mINFO[0m [32m[08/18 11:59:36.803] [0mComponent[msg_queue] started[32m [sidecar][0m[36m [time_cost:518.216083ms][0m
[36mINFO[0m [32m[08/18 11:59:36.803] [0mComponent[solana_sm] started[32m [sidecar][0m[36m [time_cost:5.625µs][0m
[36mINFO[0m [32m[08/18 11:59:36.803] [0mSolana events manager started[32m [solana_sm][0m[36m[0m
[36mINFO[0m [32m[08/18 11:59:36.803] [0mLoading deployment manifest from[32m [base_deploymanager][0m[36m [path:/Users/yanzhixing/Downloads/GitHub/token-engine/deploy/abis][0m
[36mINFO[0m [32m[08/18 11:59:36.803] [0mComponent[deploymanager] started[32m [sidecar][0m[36m [time_cost:83.458µs][0m
[36mINFO[0m [32m[08/18 11:59:36.803] [0mevent processor started[32m [solana_sm][0m[36m[0m
[36mINFO[0m [32m[08/18 11:59:36.803] [0mStarting TokenBalanceService[32m [TokenBalanceService][0m[36m[0m
[36mINFO[0m [32m[08/18 11:59:36.803] [0mComponent[TokenBalanceService] started[32m [sidecar][0m[36m [time_cost:42.208µs][0m
[36mINFO[0m [32m[08/18 11:59:36.803] [0mComponent[TokenBalanceService] stopped[32m [sidecar][0m[36m [time_cost:875ns][0m
[36mINFO[0m [32m[08/18 11:59:36.804] [0mDeployManager stopped[32m [base_deploymanager][0m[36m[0m
[36mINFO[0m [32m[08/18 11:59:36.804] [0mComponent[deploymanager] stopped[32m [sidecar][0m[36m [time_cost:39.875µs][0m
[36mINFO[0m [32m[08/18 11:59:36.804] [0mevent processor stopping[32m [solana_sm][0m[36m[0m
