[36mINFO[0m [32m[08/14 18:28:06.148] [0mtoken-engine version:[32m [app][0m[36m[0m
[36mINFO[0m [32m[08/14 18:28:06.148] [0mSystem version: darwin/arm64[32m [app][0m[36m[0m
[36mINFO[0m [32m[08/14 18:28:06.148] [0mGolang version: go1.24.2[32m [app][0m[36m[0m
[36mINFO[0m [32m[08/14 18:28:06.148] [0mApp build time:[32m [app][0m[36m[0m
[36mINFO[0m [32m[08/14 18:28:06.148] [0mGit commit id:[32m [app][0m[36m[0m
[36mINFO[0m [32m[08/14 18:28:06.148] [0mRepo path: /Users/yanzhixing/Downloads/GitHub/token-engine/deploy[32m [app][0m[36m[0m
[36mINFO[0m [32m[08/14 18:28:06.148] [0mExecutable: /Users/yanzhixing/Downloads/GitHub/token-engine/deploy/tools/bin/token-engine[32m [app][0m[36m[0m
[36mINFO[0m [32m[08/14 18:28:06.148] [0mPID: 96296[32m [app][0m[36m[0m
[36mINFO[0m [32m[08/14 18:28:06.148] [0mUUID node index: 0[32m [app][0m[36m[0m
[36mINFO[0m [32m[08/14 18:28:06.461] [0mcreating new base AxcTxPrepare[32m [base_txprepare][0m[36m[0m
[36mINFO[0m [32m[08/14 18:28:06.461] [0mcreating new base AxcTxExecutor[32m [base_txexecutor][0m[36m[0m
[36mINFO[0m [32m[08/14 18:28:06.461] [0mcreate axc vault idl[32m [solana-idl][0m[36m[0m
[36mINFO[0m [32m[08/14 18:28:06.461] [0mcreate axc vault transaction builder[32m [axc_tx_builder][0m[36m[0m
[36mINFO[0m [32m[08/14 18:28:06.461] [0mcreating Solana chain adaptor[32m [common_chain_adaptor][0m[36m[0m
[36mINFO[0m [32m[08/14 18:28:06.750] [0minitialized all program event definitions[32m [solana_sm][0m[36m [programCount:1][0m
[36mINFO[0m [32m[08/14 18:28:06.750] [0mRegistered transfer provider[32m [tron-transfer][0m[36m [chainID:97] [tokens:[BNB USDT USDC]][0m
[36mINFO[0m [32m[08/14 18:28:06.751] [0mRegistered transfer provider[32m [tron-transfer][0m[36m [chainID:2494104990] [tokens:[TRX USDT]][0m
[36mINFO[0m [32m[08/14 18:28:06.751] [0mcore api initialized[32m [coreApi][0m[36m[0m
[36mINFO[0m [32m[08/14 18:28:07.061] [0mComponent[sql-connector] started[32m [sidecar][0m[36m [time_cost:308.701166ms][0m
[36mINFO[0m [32m[08/14 18:28:08.971] [0mFinished connect to send tx http rpcs[32m [solana-jsonrpc][0m[36m [cost:1.909378833s] [num:1][0m
[36mINFO[0m [32m[08/14 18:28:09.796] [0mFinished connect to stable http rpcs[32m [solana-jsonrpc][0m[36m [cost:825.53725ms] [num:1][0m
[36mINFO[0m [32m[08/14 18:28:10.299] [0mFinished connect to unstable http rpcs[32m [solana-jsonrpc][0m[36m [cost:502.486792ms] [num:1][0m
[36mINFO[0m [32m[08/14 18:28:11.921] [0mFinished connect to ws rpcs[32m [solana-jsonrpc][0m[36m [cost:1.621576834s] [num:1][0m
[36mINFO[0m [32m[08/14 18:28:12.846] [0mScheduled task started[32m [sidecar][0m[36m [interval:2s] [task:solana-tx-sender[poll-last-block]][0m
[36mINFO[0m [32m[08/14 18:28:12.846] [0msolana submitter started[32m [solana-submitter][0m[36m[0m
[36mINFO[0m [32m[08/14 18:28:12.846] [0mswap submitter started[32m [submitter][0m[36m[0m
[36mINFO[0m [32m[08/14 18:28:12.846] [0mComponent[SwapSubmitter] started[32m [sidecar][0m[36m [time_cost:5.784564791s][0m
[36mINFO[0m [32m[08/14 18:28:12.846] [0mstart to subscribe exchange data by grpc...[32m [ExchangeDataService][0m[36m[0m
[36mINFO[0m [32m[08/14 18:28:12.846] [0mScheduled task started[32m [sidecar][0m[36m [interval:1m0s] [task:StatisticExchangeData][0m
[36mINFO[0m [32m[08/14 18:28:12.846] [0mScheduled task started[32m [sidecar][0m[36m [interval:1h0m0s] [task:UpdateExchangeTokenHolders][0m
[36mINFO[0m [32m[08/14 18:28:17.934] [0mComponent[ExchangeDataService] started[32m [sidecar][0m[36m [time_cost:5.088306042s][0m
[36mINFO[0m [32m[08/14 18:28:17.935] [0mComponent[ContractMaterials] started[32m [sidecar][0m[36m [time_cost:28.916µs][0m
[36mINFO[0m [32m[08/14 18:28:17.935] [0mstarting Solana chain adaptor[32m [common_chain_adaptor][0m[36m[0m
[36mINFO[0m [32m[08/14 18:28:17.935] [0mSolana chain adaptor started successfully[32m [common_chain_adaptor][0m[36m[0m
[36mINFO[0m [32m[08/14 18:28:17.935] [0mComponent[common_chain_adaptor] started[32m [sidecar][0m[36m [time_cost:87.458µs][0m
[33mWARN[0m [32m[08/14 18:28:18.159] [0mbegin compensate swap event[32m [ExchangeDataService][0m[33m [outer_id From:292826][0m
[36mINFO[0m [32m[08/14 18:28:18.270] [0mContract materials loaded successfully[32m [basechain][0m[36m [appid:root] [chainId:84532] [contractCount:9] [errors:0][0m
[36mINFO[0m [32m[08/14 18:28:18.457] [0mNSQ consumer component started[32m [msgqueue][0m[36m[0m
[36mINFO[0m [32m[08/14 18:28:18.495] [0mComponent[msg_queue] started[32m [sidecar][0m[36m [time_cost:559.870416ms][0m
[36mINFO[0m [32m[08/14 18:28:18.495] [0mComponent[solana_sm] started[32m [sidecar][0m[36m [time_cost:9.5µs][0m
[36mINFO[0m [32m[08/14 18:28:18.495] [0mLoading deployment manifest from[32m [base_deploymanager][0m[36m [path:/Users/yanzhixing/Downloads/GitHub/token-engine/deploy/abis][0m
[36mINFO[0m [32m[08/14 18:28:18.514] [0mComponent[deploymanager] started[32m [sidecar][0m[36m [time_cost:18.798875ms][0m
[36mINFO[0m [32m[08/14 18:28:18.516] [0mIPC server listen on: /Users/yanzhixing/Downloads/GitHub/token-engine/deploy/ipc.sock[32m [api][0m[36m[0m
[36mINFO[0m [32m[08/14 18:28:18.543] [0mHttp server listen on: 8082[32m [api][0m[36m[0m
[36mINFO[0m [32m[08/14 18:28:18.544] [0mComponent[http-api-server] started[32m [sidecar][0m[36m [time_cost:29.164375ms][0m
[36mINFO[0m [32m[08/14 18:28:18.550] [0mComponent[app] started[32m [sidecar][0m[36m [time_cost:6.664583ms][0m
[36mINFO[0m [32m[08/14 18:28:18.551] [0mtoken-engine is ready[32m [sidecar][0m[36m[0m
[36mINFO[0m [32m[08/14 18:28:18.553] [0m=====================================================================================
   __            __                                                  _
  / /_  ____    / /__  ___    ____          ___    ____    ____ _   (_)   ____   ___
 / __/ / __ \  / //_/ / _ \  / __ \ ______ / _ \  / __ \  / __ `/  / /   / __ \ / _ \
/ /_  / /_/ / / ,<   /  __/ / / / //_____//  __/ / / / / / /_/ /  / /   / / / //  __/
\__/  \____/ /_/|_|  \___/ /_/ /_/        \___/ /_/ /_/  \__, /  /_/   /_/ /_/ \___/
                                                        /____/

=====================================================================================[32m [sidecar][0m[36m[0m
[36mINFO[0m [32m[08/14 18:28:18.620] [0mSolana events manager started[32m [solana_sm][0m[36m[0m
[36mINFO[0m [32m[08/14 18:28:18.620] [0mevent processor started[32m [solana_sm][0m[36m[0m
[36mINFO[0m [32m[08/14 18:28:27.404] [0mPreparing transfer[32m [basechain][0m[36m [amount:0.000001] [from:0x4d6Ca5A0517cc18d66FEA10a51486fA0351bF61A] [to:0x4d6Ca5A0517cc18d66FEA10a51486fA0351bF61A] [tokenAddr:] [tokenType:ETH][0m
[36mINFO[0m [32m[08/14 18:28:31.588] [0mETH transfer prepared[32m [basechain][0m[36m [amount:1000000000000] [balance:8252265730947554] [chainID:84532] [gasLimit:21000] [gasPrice:1000087] [nonce:55] [unsignedTxHex:0xb202f083014a3437830f4297831e852e825208944d6ca5a0517cc18d66fea10a51486fa0351bf61a85e8d4a5100080c0808080][0m
[36mINFO[0m [32m[08/14 18:28:31.589] [0mSigned tx hex: %s[32m [basechain][0m[36m [!BADKEY:0xb87302f87083014a3437830f4297831e852e825208944d6ca5a0517cc18d66fea10a51486fa0351bf61a85e8d4a5100080c080a053f5ed586a7da7150aac1d5887e4ffb30cff0603a32ea420d0d6e79dd226fa08a0631bdf99d5bf15f20bbd623a771b27faa5d2d35e275fd6e3cce66bb90671ebb8][0m
[36mINFO[0m [32m[08/14 18:28:31.589] [0mAPI request[32m [api][0m[36m [uri:/api/v2/transfer/prepare] [method:POST] [ip:127.0.0.1] [http_code:200] [time_cost:4.185643542s] [caller:root][0m
[36mINFO[0m [32m[08/14 18:28:44.286] [0mAPI request SubmitTransfer[32m [api][0m[36m[0m
[36mINFO[0m [32m[08/14 18:28:44.286] [0mAPI request SubmitTransfer BaseChainIDs[32m [api][0m[36m[0m
[36mINFO[0m [32m[08/14 18:28:44.287] [0mSubmitting signed transfer[32m [basechain][0m[36m [txHex:0xb87302f87083014a3437830f4297831e852e825208944d6ca5a0517cc18d66fea10a51486fa0351bf61a85e8d4a5100080c080a053f5ed586a7da7150aac1d5887e4ffb30cff0603a32ea420d0d6e79dd226fa08a0631bdf99d5bf15f20bbd623a771b27faa5d2d35e275fd6e3cce66bb90671ebb8][0m
[31mERRO[0m [32m[08/14 18:28:44.287] [0mFailed to unmarshal signed transaction[32m [basechain][0m[31m [error:map[error:rlp: expected input list for types.LegacyTx kind:*rlp.decodeError stack:<nil>]][0m
[31mERRO[0m [32m[08/14 18:28:44.287] [0mAPI request failed[32m [api][0m[31m [uri:/api/v2/transfer/submit] [err_code:10001] [err_msg:rlp: expected input list for types.LegacyTx] [method:POST] [ip:127.0.0.1] [http_code:200] [time_cost:1.483708ms] [caller:root][0m
[31mERRO[0m [32m[08/14 18:28:50.004] [0msave swap event data failed[32m [ExchangeDataService][0m[31m [error:map[error:model: unable to insert into exchange_token_tx: ERROR: duplicate key value violates unique constraint "exchange_token_tx_outer_id_key" (SQLSTATE 23505) kind:*errors.withStack stack:<nil>]] [txData:&{0 1001 292837 5EMN5ZfdZWEF2VjUJhvYfoNoVJEnQUz5X9yTm2NG3Lik 2zKZyDdcs1kWsc5T72bQiufNnv54TxMG1evxb1WfgbKT 4xkEmPMWfPJvBp4wiTWe5J81g9CrQibg5aof2S9dUKpu 0 4360000 4350269 4360000 500097266830 499967229414 999739975751 10000 8womd2riK6w4fHwkrop7v1ihUJ6dK2ycsq9pH8kZjMiD 4PqhSZPre5PEWZfpgj6ZJU3oF1wFhZJRHLNNtqnHRJLvmMd1ZoP7ti5iS2wUAwrNL2ju1j9uQgQMcSmAkspq4J4Q 401072641 1755167293 2025-08-14 18:28:49.917143 +0800 CST m=+43.796700376 2025-08-14 18:28:49.917143 +0800 CST m=+43.796700501 <nil> {}}][0m
[31mERRO[0m [32m[08/14 18:28:52.528] [0msave swap event data failed[32m [ExchangeDataService][0m[31m [error:map[error:model: unable to insert into exchange_token_tx: ERROR: duplicate key value violates unique constraint "exchange_token_tx_outer_id_key" (SQLSTATE 23505) kind:*errors.withStack stack:<nil>]] [txData:&{0 1001 292838 cbgot6rf3LaEBqhzZp8jRMoU63Qc9JEszZ3BVWXNtgF GKpUBoqvkC9kMJm8kuNDTDkBFAsTvUhr4pniu6eXaS5V 4xkEmPMWfPJvBp4wiTWe5J81g9CrQibg5aof2S9dUKpu 0 19430000 19502572 19430000 44159989487 43905102572 994228102905 10000 8womd2riK6w4fHwkrop7v1ihUJ6dK2ycsq9pH8kZjMiD 4UFphNzTmQsoNdkQHNPT6LP7Uao9UfDF2fKFtF1fvhNWmgHXxQnCS4UHctWAmFgXjE836x5RxjeA42UbCfNS11ZL 401072652 1755167298 2025-08-14 18:28:52.300694 +0800 CST m=+46.180237626 2025-08-14 18:28:52.300694 +0800 CST m=+46.180237918 <nil> {}}][0m
[31mERRO[0m [32m[08/14 18:28:55.690] [0msave swap event data failed[32m [ExchangeDataService][0m[31m [error:map[error:model: unable to insert into exchange_token_tx: ERROR: duplicate key value violates unique constraint "exchange_token_tx_outer_id_key" (SQLSTATE 23505) kind:*errors.withStack stack:<nil>]] [txData:&{0 1001 292839 8uHK7JmwvRQYoSP5sCxjcdUn6PfhCGSRvtT7v63Rqm9T E64i27za4jcMT6ceMKncdw3aJxg1TwvXzBmULsXytJ63 4xkEmPMWfPJvBp4wiTWe5J81g9CrQibg5aof2S9dUKpu 0 3320000 3587726 3320000 2487090919 2299063251 924398554727 10000 8womd2riK6w4fHwkrop7v1ihUJ6dK2ycsq9pH8kZjMiD Zug89nLKYNjkQXV59CkfAojqFfDybEJCzfrYRMLAnrpHkhDBu4b92rUREqYqNGKna8xbo4MbHiX1Q53RQXJNiQu 401072664 1755167303 2025-08-14 18:28:55.446946 +0800 CST m=+49.326471918 2025-08-14 18:28:55.446946 +0800 CST m=+49.326472001 <nil> {}}][0m
[31mERRO[0m [32m[08/14 18:28:58.107] [0msave swap event data failed[32m [ExchangeDataService][0m[31m [error:map[error:model: unable to insert into exchange_token_tx: ERROR: duplicate key value violates unique constraint "exchange_token_tx_outer_id_key" (SQLSTATE 23505) kind:*errors.withStack stack:<nil>]] [txData:&{0 1001 292840 HkCcRG8NbdE32UqpoURRP4t55UauayDAWwQjoJZY7SsF 2zctNkBWYbndQmvWbKKudeJmepnAw6Ap1vimpFwKft9f 4xkEmPMWfPJvBp4wiTWe5J81g9CrQibg5aof2S9dUKpu 0 6600000 6465282 6600000 25367374022 25837816095 1018545162482 10000 8womd2riK6w4fHwkrop7v1ihUJ6dK2ycsq9pH8kZjMiD 4zvB42HvLkufphzGeEmYCTVDRihZMLo74Y2ZDtkxGc8QCqM9GjesNZ57qfnzTK2HcnMEyprBCu7BJHmCU7c3TEcu 401072676 1755167308 2025-08-14 18:28:57.969695 +0800 CST m=+51.849205835 2025-08-14 18:28:57.969695 +0800 CST m=+51.849205876 <nil> {}}][0m
[31mERRO[0m [32m[08/14 18:29:00.533] [0msave swap event data failed[32m [ExchangeDataService][0m[31m [error:map[error:model: unable to insert into exchange_token_tx: ERROR: duplicate key value violates unique constraint "exchange_token_tx_outer_id_key" (SQLSTATE 23505) kind:*errors.withStack stack:<nil>]] [txData:&{0 1001 292841 GBzStFo17kUHyEP3LBbwTsJi5v5zAZW3xqULMmYnRAPd 4VkahQrirfxuXs9yhVLVuMhobmvBQKCv2n8y5tAznfNU 4xkEmPMWfPJvBp4wiTWe5J81g9CrQibg5aof2S9dUKpu 1 7235837 18360000 7235837 63723437600 25169655321 394982698187 10000 Ft5dUC14KJ4r7bwwwX5oRsjgVwbwFoG7ntfowwNd4bFq 2ANegtmMYPgoS8cYMQJUydh8Jwa5mUxh2zAU33NTybU2FdVHkUXNvjZ1X3VvGEFdUECs3eXFV9RHx2CAsyq5yWc8 401072688 1755167312 2025-08-14 18:29:00.39361 +0800 CST m=+54.273107543 2025-08-14 18:29:00.393611 +0800 CST m=+54.273107585 <nil> {}}][0m
[31mERRO[0m [32m[08/14 18:29:03.026] [0msave swap event data failed[32m [ExchangeDataService][0m[31m [error:map[error:model: unable to insert into exchange_token_tx: ERROR: duplicate key value violates unique constraint "exchange_token_tx_outer_id_key" (SQLSTATE 23505) kind:*errors.withStack stack:<nil>]] [txData:&{0 1001 292842 E3msGNZ7XFBXWwwacp7hqTs5uryVNyMen1MCi3Y1LPcM 6SjHKEW363NWgN8S73tKgYxrpXBZ9ATL6fbKEhYNZdcB 4xkEmPMWfPJvBp4wiTWe5J81g9CrQibg5aof2S9dUKpu 0 10100000 4470672 10100000 152328968 353376385 2319823928696 10000 Ft5dUC14KJ4r7bwwwX5oRsjgVwbwFoG7ntfowwNd4bFq 3PzcA587SgS322muKiiUp5CowV6VRHWQqcS47GssQTVuVaAJvcCqAoKFT7iLjLNhFr7fGMq5K7TitbT5zDvFMfTf 401072700 1755167317 2025-08-14 18:29:02.860423 +0800 CST m=+56.739905876 2025-08-14 18:29:02.860423 +0800 CST m=+56.739906001 <nil> {}}][0m
[31mERRO[0m [32m[08/14 18:29:05.395] [0msave swap event data failed[32m [ExchangeDataService][0m[31m [error:map[error:model: unable to insert into exchange_token_tx: ERROR: duplicate key value violates unique constraint "exchange_token_tx_outer_id_key" (SQLSTATE 23505) kind:*errors.withStack stack:<nil>]] [txData:&{0 1001 292843 9ECeLgwfGi28a8cyjpC5RxLYM2iug5SXmP4N4y4aAZtB 7yLwMHEiP2NyGhw2qDQWG1XkavQrk1PuNEKp24w6keFD 4xkEmPMWfPJvBp4wiTWe5J81g9CrQibg5aof2S9dUKpu 0 7290000 3954729 7290000 2748473666 5061057605 1841406620557 10000 Ft5dUC14KJ4r7bwwwX5oRsjgVwbwFoG7ntfowwNd4bFq 2A7QzZCUQi1M8RcUTtmuBNac2m5hsz9LGyxVDYRhrnmecEVbE1oMT7fbCD1kc4bA1ZkP931rwdTiiUjFv3S88sDS 401072713 1755167322 2025-08-14 18:29:05.314804 +0800 CST m=+59.194273168 2025-08-14 18:29:05.314805 +0800 CST m=+59.194273210 <nil> {}}][0m
[31mERRO[0m [32m[08/14 18:29:07.839] [0msave swap event data failed[32m [ExchangeDataService][0m[31m [error:map[error:model: unable to insert into exchange_token_tx: ERROR: duplicate key value violates unique constraint "exchange_token_tx_outer_id_key" (SQLSTATE 23505) kind:*errors.withStack stack:<nil>]] [txData:&{0 1001 292844 3MhiVfThJjkVXfjyuEXYmPtC2VmXW8CpR2Gd7QFu7Hwg 8c5yxueAtqTgoqoVFwUugz8YADWt8PZMKBFXJMtR9Y2P 4xkEmPMWfPJvBp4wiTWe5J81g9CrQibg5aof2S9dUKpu 1 17751957 17830000 17751957 300325833670 299742895353 998058980441 10000 Ft5dUC14KJ4r7bwwwX5oRsjgVwbwFoG7ntfowwNd4bFq 5xtsqzWjr98qQom99jhrTgdUNpfENzDdooh474UL4T6BX1AyvHRBF4CRfFmE2TRyUwHH2wMggEWi9Avvh5pWawPW 401072724 1755167326 2025-08-14 18:29:07.702309 +0800 CST m=+61.581764376 2025-08-14 18:29:07.70231 +0800 CST m=+61.581764418 <nil> {}}][0m
[31mERRO[0m [32m[08/14 18:29:10.308] [0msave swap event data failed[32m [ExchangeDataService][0m[31m [error:map[error:model: unable to insert into exchange_token_tx: ERROR: duplicate key value violates unique constraint "exchange_token_tx_outer_id_key" (SQLSTATE 23505) kind:*errors.withStack stack:<nil>]] [txData:&{0 1001 292845 5EMN5ZfdZWEF2VjUJhvYfoNoVJEnQUz5X9yTm2NG3Lik 2zKZyDdcs1kWsc5T72bQiufNnv54TxMG1evxb1WfgbKT 4xkEmPMWfPJvBp4wiTWe5J81g9CrQibg5aof2S9dUKpu 1 8576122 8600000 8576122 500105866830 499958651548 999705631763 10000 Ft5dUC14KJ4r7bwwwX5oRsjgVwbwFoG7ntfowwNd4bFq VSDf7fbPDtZyVuqmiAEyvDMvnZ7V2uckS3tkKMAtYkpjiUcXQYgKwVjZH6YRcNbcV23oJMehs3wjaLJrKWs2S1Z 401072736 1755167331 2025-08-14 18:29:10.143898 +0800 CST m=+64.023338585 2025-08-14 18:29:10.143898 +0800 CST m=+64.023338626 <nil> {}}][0m
[31mERRO[0m [32m[08/14 18:29:12.678] [0msave swap event data failed[32m [ExchangeDataService][0m[31m [error:map[error:model: unable to insert into exchange_token_tx: ERROR: duplicate key value violates unique constraint "exchange_token_tx_outer_id_key" (SQLSTATE 23505) kind:*errors.withStack stack:<nil>]] [txData:&{0 1001 292846 cbgot6rf3LaEBqhzZp8jRMoU63Qc9JEszZ3BVWXNtgF GKpUBoqvkC9kMJm8kuNDTDkBFAsTvUhr4pniu6eXaS5V 4xkEmPMWfPJvBp4wiTWe5J81g9CrQibg5aof2S9dUKpu 1 17051343 17200000 17051343 44177189487 43888043457 993454856830 10000 Ft5dUC14KJ4r7bwwwX5oRsjgVwbwFoG7ntfowwNd4bFq yfrc7JawJPdKh36PRmNGMAC6XzmjSQ4kZYsPDQGV41PtT684QzRRoQz3kEe4zs7NVRsFEAywJRwtfJyjsQy3yik 401072747 1755167335 2025-08-14 18:29:12.591475 +0800 CST m=+66.470901460 2025-08-14 18:29:12.591475 +0800 CST m=+66.470901585 <nil> {}}][0m
[31mERRO[0m [32m[08/14 18:29:15.102] [0msave swap event data failed[32m [ExchangeDataService][0m[31m [error:map[error:model: unable to insert into exchange_token_tx: ERROR: duplicate key value violates unique constraint "exchange_token_tx_outer_id_key" (SQLSTATE 23505) kind:*errors.withStack stack:<nil>]] [txData:&{0 1001 292847 8uHK7JmwvRQYoSP5sCxjcdUn6PfhCGSRvtT7v63Rqm9T E64i27za4jcMT6ceMKncdw3aJxg1TwvXzBmULsXytJ63 4xkEmPMWfPJvBp4wiTWe5J81g9CrQibg5aof2S9dUKpu 1 17714059 19360000 17714059 2506450919 2281347864 910190519473 10000 Ft5dUC14KJ4r7bwwwX5oRsjgVwbwFoG7ntfowwNd4bFq 5EbqQ9Z2KciKsuCG9qdWLZW78vWKwtmHb1Xyb4xAUrKfimkZ5y3YQgEAkzLo5qzJwtMZ2S6hQfC2GTNPK3BfwQhh 401072757 1755167339 2025-08-14 18:29:14.969895 +0800 CST m=+68.849307793 2025-08-14 18:29:14.969895 +0800 CST m=+68.849308043 <nil> {}}][0m
[31mERRO[0m [32m[08/14 18:29:17.631] [0msave swap event data failed[32m [ExchangeDataService][0m[31m [error:map[error:model: unable to insert into exchange_token_tx: ERROR: duplicate key value violates unique constraint "exchange_token_tx_outer_id_key" (SQLSTATE 23505) kind:*errors.withStack stack:<nil>]] [txData:&{0 1001 292848 HkCcRG8NbdE32UqpoURRP4t55UauayDAWwQjoJZY7SsF 2zctNkBWYbndQmvWbKKudeJmepnAw6Ap1vimpFwKft9f 4xkEmPMWfPJvBp4wiTWe5J81g9CrQibg5aof2S9dUKpu 1 14845366 14620000 14845366 25381994022 25822968089 1017373499758 10000 Ft5dUC14KJ4r7bwwwX5oRsjgVwbwFoG7ntfowwNd4bFq 5qavaNtUagEXsCvuc7JSs7khnABygMzeuwW3fPbYFV4enNR2ZYSpgPaPwCWGemUCeBqCWbXEqUmgXJeaCGpa3bhu 401072770 1755167344 2025-08-14 18:29:17.585063 +0800 CST m=+71.464460710 2025-08-14 18:29:17.585063 +0800 CST m=+71.464460751 <nil> {}}][0m
[31mERRO[0m [32m[08/14 18:29:20.080] [0msave swap event data failed[32m [ExchangeDataService][0m[31m [error:map[error:model: unable to insert into exchange_token_tx: ERROR: duplicate key value violates unique constraint "exchange_token_tx_outer_id_key" (SQLSTATE 23505) kind:*errors.withStack stack:<nil>]] [txData:&{0 1001 292849 GBzStFo17kUHyEP3LBbwTsJi5v5zAZW3xqULMmYnRAPd 4VkahQrirfxuXs9yhVLVuMhobmvBQKCv2n8y5tAznfNU 4xkEmPMWfPJvBp4wiTWe5J81g9CrQibg5aof2S9dUKpu 1 6369291 16170000 6369291 63739600256 25163286030 394782614401 10000 8womd2riK6w4fHwkrop7v1ihUJ6dK2ycsq9pH8kZjMiD 2JPLooLx1NHJwzh2Nc24ikjLkkUyGAUQPzR8Rf52tyRnjmpsjZ47n4HJYysTMvoURJUmcUWZ5nPzEjecFs9N6fzm 401072782 1755167349 2025-08-14 18:29:19.913356 +0800 CST m=+73.792741001 2025-08-14 18:29:19.913357 +0800 CST m=+73.792741043 <nil> {}}][0m
[31mERRO[0m [32m[08/14 18:29:22.435] [0msave swap event data failed[32m [ExchangeDataService][0m[31m [error:map[error:model: unable to insert into exchange_token_tx: ERROR: duplicate key value violates unique constraint "exchange_token_tx_outer_id_key" (SQLSTATE 23505) kind:*errors.withStack stack:<nil>]] [txData:&{0 1001 292850 E3msGNZ7XFBXWwwacp7hqTs5uryVNyMen1MCi3Y1LPcM 6SjHKEW363NWgN8S73tKgYxrpXBZ9ATL6fbKEhYNZdcB 4xkEmPMWfPJvBp4wiTWe5J81g9CrQibg5aof2S9dUKpu 0 13070000 5420059 13070000 146908909 366442345 2494350734032 10000 8womd2riK6w4fHwkrop7v1ihUJ6dK2ycsq9pH8kZjMiD Btri576dHioEQu8PvmFyAiF5o6hPovkYAPahL37ZZhabfVWdjWuEczcQswDYvrfCd63LHnvAH7MNRXn47JFyYG3 401072794 1755167354 2025-08-14 18:29:22.389113 +0800 CST m=+76.268483585 2025-08-14 18:29:22.389114 +0800 CST m=+76.268483876 <nil> {}}][0m
[31mERRO[0m [32m[08/14 18:29:24.916] [0msave swap event data failed[32m [ExchangeDataService][0m[31m [error:map[error:model: unable to insert into exchange_token_tx: ERROR: duplicate key value violates unique constraint "exchange_token_tx_outer_id_key" (SQLSTATE 23505) kind:*errors.withStack stack:<nil>]] [txData:&{0 1001 292851 9ECeLgwfGi28a8cyjpC5RxLYM2iug5SXmP4N4y4aAZtB 7yLwMHEiP2NyGhw2qDQWG1XkavQrk1PuNEKp24w6keFD 4xkEmPMWfPJvBp4wiTWe5J81g9CrQibg5aof2S9dUKpu 0 13880000 7498363 13880000 2740975303 5074934689 1851506901009 10000 8womd2riK6w4fHwkrop7v1ihUJ6dK2ycsq9pH8kZjMiD 5fvZrfhV7B5ceXmhg1VZEFECTjppV1NiSfGPWUChkAYvmpZxTCypdTrpLUzSor6JiwhFJacNZUAoubU5n93mN4pp 401072806 1755167358 2025-08-14 18:29:24.730178 +0800 CST m=+78.609534543 2025-08-14 18:29:24.730178 +0800 CST m=+78.609534668 <nil> {}}][0m
[33mWARN[0m [32m[08/14 18:29:27.200] [0mstop compensate swap event[32m [ExchangeDataService][0m[33m [outer_id end:292851][0m
[36mINFO[0m [32m[08/14 18:37:56.137] [0mReceive exit signal: interrupt[32m [sidecar][0m[36m[0m
[36mINFO[0m [32m[08/14 18:37:56.137] [0mComponent[app] stopped[32m [sidecar][0m[36m [time_cost:127.416µs][0m
[36mINFO[0m [32m[08/14 18:37:56.138] [0mIPC server shutdown[32m [api][0m[36m[0m
[36mINFO[0m [32m[08/14 18:37:56.138] [0mComponent[http-api-server] stopped[32m [sidecar][0m[36m [time_cost:471.5µs][0m
[36mINFO[0m [32m[08/14 18:37:56.138] [0mDeployManager stopped[32m [base_deploymanager][0m[36m[0m
[36mINFO[0m [32m[08/14 18:37:56.138] [0mComponent[deploymanager] stopped[32m [sidecar][0m[36m [time_cost:23µs][0m
[36mINFO[0m [32m[08/14 18:37:56.138] [0mHttp server shutdown[32m [api][0m[36m[0m
[36mINFO[0m [32m[08/14 18:37:56.138] [0mScheduled task stopped[32m [sidecar][0m[36m [interval:2s] [task:solana-tx-sender[poll-last-block]][0m
[36mINFO[0m [32m[08/14 18:37:56.138] [0mevent processor stopping[32m [solana_sm][0m[36m[0m
