[36mINFO[0m [32m[08/15 19:01:18.589] [0mtoken-engine version:[32m [app][0m[36m[0m
[36mINFO[0m [32m[08/15 19:01:18.589] [0mSystem version: darwin/arm64[32m [app][0m[36m[0m
[36mINFO[0m [32m[08/15 19:01:18.589] [0mGolang version: go1.24.2[32m [app][0m[36m[0m
[36mINFO[0m [32m[08/15 19:01:18.589] [0mApp build time:[32m [app][0m[36m[0m
[36mINFO[0m [32m[08/15 19:01:18.589] [0mGit commit id:[32m [app][0m[36m[0m
[36mINFO[0m [32m[08/15 19:01:18.589] [0mRepo path: /Users/yanzhixing/Downloads/GitHub/token-engine/deploy[32m [app][0m[36m[0m
[36mINFO[0m [32m[08/15 19:01:18.589] [0mExecutable: /Users/yanzhixing/Downloads/GitHub/token-engine/deploy/tools/bin/token-engine[32m [app][0m[36m[0m
[36mINFO[0m [32m[08/15 19:01:18.589] [0mPID: 94012[32m [app][0m[36m[0m
[36mINFO[0m [32m[08/15 19:01:18.589] [0mUUID node index: 0[32m [app][0m[36m[0m
[36mINFO[0m [32m[08/15 19:01:18.821] [0mcreating new base AxcTxPrepare[32m [base_txprepare][0m[36m[0m
[36mINFO[0m [32m[08/15 19:01:18.821] [0mcreating new base AxcTxExecutor[32m [base_txexecutor][0m[36m[0m
[36mINFO[0m [32m[08/15 19:01:18.821] [0mcreate axc vault idl[32m [solana-idl][0m[36m[0m
[36mINFO[0m [32m[08/15 19:01:18.822] [0mcreate axc vault transaction builder[32m [axc_tx_builder][0m[36m[0m
[36mINFO[0m [32m[08/15 19:01:18.822] [0mcreating Solana chain adaptor[32m [common_chain_adaptor][0m[36m[0m
[36mINFO[0m [32m[08/15 19:01:19.017] [0minitialized all program event definitions[32m [solana_sm][0m[36m [programCount:1][0m
[36mINFO[0m [32m[08/15 19:01:19.018] [0mRegistered transfer provider[32m [tron-transfer][0m[36m [chainID:97] [tokens:[BNB USDT USDC]][0m
[36mINFO[0m [32m[08/15 19:01:19.018] [0mRegistered transfer provider[32m [tron-transfer][0m[36m [chainID:2494104990] [tokens:[TRX USDT]][0m
[36mINFO[0m [32m[08/15 19:01:19.018] [0mcore api initialized[32m [coreApi][0m[36m[0m
[36mINFO[0m [32m[08/15 19:01:19.188] [0mComponent[sql-connector] started[32m [sidecar][0m[36m [time_cost:169.593416ms][0m
[36mINFO[0m [32m[08/15 19:01:19.887] [0mFinished connect to send tx http rpcs[32m [solana-jsonrpc][0m[36m [cost:698.042166ms] [num:1][0m
[36mINFO[0m [32m[08/15 19:01:20.207] [0mFinished connect to stable http rpcs[32m [solana-jsonrpc][0m[36m [cost:319.818625ms] [num:1][0m
[36mINFO[0m [32m[08/15 19:01:20.579] [0mFinished connect to unstable http rpcs[32m [solana-jsonrpc][0m[36m [cost:371.926542ms] [num:1][0m
[33mWARN[0m [32m[08/15 19:01:25.580] [0mFailed to connect to ws rpc[32m [solana-jsonrpc][0m[33m [err:failed to connect to ws rpc: wss://devnet.helius-rpc.com/?api-key=adfeb5d6-3c05-4d32-8bd0-3860a795efdc: new ws client: dial: read tcp 127.0.0.1:59195->127.0.0.1:4780: i/o timeout] [rpc:wss://devnet.helius-rpc.com/?api-key=adfeb5d6-3c05-4d32-8bd0-3860a795efdc][0m
[36mINFO[0m [32m[08/15 19:01:25.580] [0mFinished connect to ws rpcs[32m [solana-jsonrpc][0m[36m [cost:5.001357292s] [num:0][0m
[36mINFO[0m [32m[08/15 19:01:25.580] [0mswap submitter started[32m [submitter][0m[36m[0m
[36mINFO[0m [32m[08/15 19:01:25.580] [0mComponent[sql-connector] stopped[32m [sidecar][0m[36m [time_cost:916ns][0m
[31mERRO[0m [32m[08/15 19:01:25.580] [0mStart components failed[32m [sidecar][0m[31m [err:map[error:componen[SwapSubmitter] start failed: failed to new multi rpc manager: failed to new multi rpc manager: failed to connect to any ws rpc kind:*errors.withStack stack:<nil>]][0m
[36mINFO[0m [32m[08/15 19:01:25.581] [0mtoken-engine is stopped[32m [app][0m[36m[0m
