[36mINFO[0m [32m[08/15 18:48:37.579] [0mtoken-engine version:[32m [app][0m[36m[0m
[36mINFO[0m [32m[08/15 18:48:37.579] [0mSystem version: darwin/arm64[32m [app][0m[36m[0m
[36mINFO[0m [32m[08/15 18:48:37.579] [0mGolang version: go1.24.2[32m [app][0m[36m[0m
[36mINFO[0m [32m[08/15 18:48:37.579] [0mApp build time:[32m [app][0m[36m[0m
[36mINFO[0m [32m[08/15 18:48:37.579] [0mGit commit id:[32m [app][0m[36m[0m
[36mINFO[0m [32m[08/15 18:48:37.579] [0mRepo path: /Users/yanzhixing/Downloads/GitHub/token-engine/deploy[32m [app][0m[36m[0m
[36mINFO[0m [32m[08/15 18:48:37.579] [0mExecutable: /Users/yanzhixing/Downloads/GitHub/token-engine/deploy/tools/bin/token-engine[32m [app][0m[36m[0m
[36mINFO[0m [32m[08/15 18:48:37.579] [0mPID: 71976[32m [app][0m[36m[0m
[36mINFO[0m [32m[08/15 18:48:37.579] [0mUUID node index: 0[32m [app][0m[36m[0m
[36mINFO[0m [32m[08/15 18:48:37.857] [0mcreating new base AxcTxPrepare[32m [base_txprepare][0m[36m[0m
[36mINFO[0m [32m[08/15 18:48:37.857] [0mcreating new base AxcTxExecutor[32m [base_txexecutor][0m[36m[0m
[36mINFO[0m [32m[08/15 18:48:37.857] [0mcreate axc vault idl[32m [solana-idl][0m[36m[0m
[36mINFO[0m [32m[08/15 18:48:37.858] [0mcreate axc vault transaction builder[32m [axc_tx_builder][0m[36m[0m
[36mINFO[0m [32m[08/15 18:48:37.858] [0mcreating Solana chain adaptor[32m [common_chain_adaptor][0m[36m[0m
[36mINFO[0m [32m[08/15 18:48:38.032] [0minitialized all program event definitions[32m [solana_sm][0m[36m [programCount:1][0m
[36mINFO[0m [32m[08/15 18:48:38.032] [0mRegistered transfer provider[32m [tron-transfer][0m[36m [chainID:97] [tokens:[BNB USDT USDC]][0m
[36mINFO[0m [32m[08/15 18:48:38.033] [0mRegistered transfer provider[32m [tron-transfer][0m[36m [chainID:2494104990] [tokens:[TRX USDT]][0m
[36mINFO[0m [32m[08/15 18:48:38.033] [0mcore api initialized[32m [coreApi][0m[36m[0m
[36mINFO[0m [32m[08/15 18:48:38.210] [0mComponent[sql-connector] started[32m [sidecar][0m[36m [time_cost:177.161083ms][0m
[36mINFO[0m [32m[08/15 18:48:39.286] [0mFinished connect to send tx http rpcs[32m [solana-jsonrpc][0m[36m [cost:1.076043958s] [num:1][0m
[36mINFO[0m [32m[08/15 18:48:39.866] [0mFinished connect to stable http rpcs[32m [solana-jsonrpc][0m[36m [cost:579.303125ms] [num:1][0m
[36mINFO[0m [32m[08/15 18:48:40.236] [0mFinished connect to unstable http rpcs[32m [solana-jsonrpc][0m[36m [cost:370.376458ms] [num:1][0m
[36mINFO[0m [32m[08/15 18:48:41.099] [0mFinished connect to ws rpcs[32m [solana-jsonrpc][0m[36m [cost:862.768ms] [num:1][0m
[36mINFO[0m [32m[08/15 18:48:41.519] [0mScheduled task started[32m [sidecar][0m[36m [interval:2s] [task:solana-tx-sender[poll-last-block]][0m
[36mINFO[0m [32m[08/15 18:48:41.519] [0msolana submitter started[32m [solana-submitter][0m[36m[0m
[36mINFO[0m [32m[08/15 18:48:41.519] [0mswap submitter started[32m [submitter][0m[36m[0m
[36mINFO[0m [32m[08/15 18:48:41.519] [0mComponent[SwapSubmitter] started[32m [sidecar][0m[36m [time_cost:3.309238458s][0m
[36mINFO[0m [32m[08/15 18:48:41.519] [0mstart to subscribe exchange data by grpc...[32m [ExchangeDataService][0m[36m[0m
[36mINFO[0m [32m[08/15 18:48:41.519] [0mScheduled task started[32m [sidecar][0m[36m [interval:1m0s] [task:StatisticExchangeData][0m
[36mINFO[0m [32m[08/15 18:48:41.519] [0mScheduled task started[32m [sidecar][0m[36m [interval:1h0m0s] [task:UpdateExchangeTokenHolders][0m
[36mINFO[0m [32m[08/15 18:48:42.430] [0mComponent[ExchangeDataService] started[32m [sidecar][0m[36m [time_cost:910.851375ms][0m
[36mINFO[0m [32m[08/15 18:48:42.430] [0mComponent[ContractMaterials] started[32m [sidecar][0m[36m [time_cost:3.417µs][0m
[36mINFO[0m [32m[08/15 18:48:42.430] [0mstarting Solana chain adaptor[32m [common_chain_adaptor][0m[36m[0m
[36mINFO[0m [32m[08/15 18:48:42.431] [0mSolana chain adaptor started successfully[32m [common_chain_adaptor][0m[36m[0m
[36mINFO[0m [32m[08/15 18:48:42.431] [0mComponent[common_chain_adaptor] started[32m [sidecar][0m[36m [time_cost:87.375µs][0m
[33mWARN[0m [32m[08/15 18:48:42.569] [0mbegin compensate swap event[32m [ExchangeDataService][0m[33m [outer_id From:307735][0m
[36mINFO[0m [32m[08/15 18:48:42.928] [0mContract materials loaded successfully[32m [basechain][0m[36m [appid:root] [chainId:84532] [contractCount:9] [errors:0][0m
[36mINFO[0m [32m[08/15 18:48:42.967] [0mNSQ consumer component started[32m [msgqueue][0m[36m[0m
[36mINFO[0m [32m[08/15 18:48:42.967] [0mComponent[msg_queue] started[32m [sidecar][0m[36m [time_cost:536.36525ms][0m
[36mINFO[0m [32m[08/15 18:48:42.967] [0mComponent[solana_sm] started[32m [sidecar][0m[36m [time_cost:3.875µs][0m
[36mINFO[0m [32m[08/15 18:48:42.967] [0mLoading deployment manifest from[32m [base_deploymanager][0m[36m [path:/Users/yanzhixing/Downloads/GitHub/token-engine/deploy/abis][0m
[36mINFO[0m [32m[08/15 18:48:42.967] [0mComponent[deploymanager] started[32m [sidecar][0m[36m [time_cost:39.5µs][0m
[36mINFO[0m [32m[08/15 18:48:42.967] [0mIPC server listen on: /Users/yanzhixing/Downloads/GitHub/token-engine/deploy/ipc.sock[32m [api][0m[36m[0m
[36mINFO[0m [32m[08/15 18:48:42.967] [0mHttp server listen on: 8082[32m [api][0m[36m[0m
[36mINFO[0m [32m[08/15 18:48:42.967] [0mComponent[http-api-server] started[32m [sidecar][0m[36m [time_cost:383.584µs][0m
[36mINFO[0m [32m[08/15 18:48:42.968] [0mComponent[app] started[32m [sidecar][0m[36m [time_cost:105.916µs][0m
[36mINFO[0m [32m[08/15 18:48:42.968] [0mtoken-engine is ready[32m [sidecar][0m[36m[0m
[36mINFO[0m [32m[08/15 18:48:42.968] [0m=====================================================================================
   __            __                                                  _
  / /_  ____    / /__  ___    ____          ___    ____    ____ _   (_)   ____   ___
 / __/ / __ \  / //_/ / _ \  / __ \ ______ / _ \  / __ \  / __ `/  / /   / __ \ / _ \
/ /_  / /_/ / / ,<   /  __/ / / / //_____//  __/ / / / / / /_/ /  / /   / / / //  __/
\__/  \____/ /_/|_|  \___/ /_/ /_/        \___/ /_/ /_/  \__, /  /_/   /_/ /_/ \___/
                                                        /____/

=====================================================================================[32m [sidecar][0m[36m[0m
[36mINFO[0m [32m[08/15 18:48:43.311] [0mSolana events manager started[32m [solana_sm][0m[36m[0m
[36mINFO[0m [32m[08/15 18:48:43.311] [0mevent processor started[32m [solana_sm][0m[36m[0m
[33mWARN[0m [32m[08/15 18:48:44.903] [0mstop compensate swap event[32m [ExchangeDataService][0m[33m [outer_id end:307734][0m
[36mINFO[0m [32m[08/15 18:48:47.507] [0mpreparing create vault transaction[32m [base_txprepare][0m[36m [params:&{84532 {0x4d6Ca5A0517cc18d66FEA10a51486fA0351bF61A 0x4d6Ca5A0517cc18d66FEA10a51486fA0351bF61A 0x4d6Ca5A0517cc18d66FEA10a51486fA0351bF61A 0x4d6Ca5A0517cc18d66FEA10a51486fA0351bF61A 0x4d6Ca5A0517cc18d66FEA10a51486fA0351bF61A} {My Test Token MTT 18 https://example.com/token-metadata.json} {Test 0xA0b86a33E6441E6C7D3E4C2C4C6C6C6C6C6C6C6C 1000000 1703980800 1704067200 100 500 0.1 100000 200 0x1234567890123456789012345678901234567890 0x1234567890123456789012345678901234567890 1} false}][0m
[31mERRO[0m [32m[08/15 18:48:50.521] [0mfailed to submit transaction[32m [base_txprepare][0m[31m [error:map[error:already known kind:*rpc.jsonError stack:<nil>]][0m
[31mERRO[0m [32m[08/15 18:48:50.522] [0mAPI request failed[32m [api][0m[31m [uri:/api/v2/primary/vault/prepare_create] [err_code:10001] [err_msg:already known] [method:POST] [ip:127.0.0.1] [http_code:200] [time_cost:3.015470083s] [caller:root][0m
[36mINFO[0m [32m[08/15 18:48:53.212] [0mpreparing create vault transaction[32m [base_txprepare][0m[36m [params:&{84532 {0x4d6Ca5A0517cc18d66FEA10a51486fA0351bF61A 0x4d6Ca5A0517cc18d66FEA10a51486fA0351bF61A 0x4d6Ca5A0517cc18d66FEA10a51486fA0351bF61A 0x4d6Ca5A0517cc18d66FEA10a51486fA0351bF61A 0x4d6Ca5A0517cc18d66FEA10a51486fA0351bF61A} {My Test Token MTT 18 https://example.com/token-metadata.json} {Test 0xA0b86a33E6441E6C7D3E4C2C4C6C6C6C6C6C6C6C 1000000 1703980800 1704067200 100 500 0.1 100000 200 0x1234567890123456789012345678901234567890 0x1234567890123456789012345678901234567890 1} false}][0m
[31mERRO[0m [32m[08/15 18:48:56.869] [0mfailed to submit transaction[32m [base_txprepare][0m[31m [error:map[error:already known kind:*rpc.jsonError stack:<nil>]][0m
[31mERRO[0m [32m[08/15 18:48:56.869] [0mAPI request failed[32m [api][0m[31m [uri:/api/v2/primary/vault/prepare_create] [err_code:10001] [err_msg:already known] [method:POST] [ip:127.0.0.1] [http_code:200] [time_cost:3.656950416s] [caller:root][0m
[36mINFO[0m [32m[08/15 18:56:41.009] [0mReceive exit signal: interrupt[32m [sidecar][0m[36m[0m
[36mINFO[0m [32m[08/15 18:56:41.009] [0mComponent[app] stopped[32m [sidecar][0m[36m [time_cost:167.541µs][0m
[36mINFO[0m [32m[08/15 18:56:41.010] [0mIPC server shutdown[32m [api][0m[36m[0m
[36mINFO[0m [32m[08/15 18:56:41.010] [0mHttp server shutdown[32m [api][0m[36m[0m
[36mINFO[0m [32m[08/15 18:56:41.010] [0mComponent[http-api-server] stopped[32m [sidecar][0m[36m [time_cost:185.334µs][0m
[36mINFO[0m [32m[08/15 18:56:41.010] [0mDeployManager stopped[32m [base_deploymanager][0m[36m[0m
[36mINFO[0m [32m[08/15 18:56:41.010] [0mComponent[deploymanager] stopped[32m [sidecar][0m[36m [time_cost:28.75µs][0m
[36mINFO[0m [32m[08/15 18:56:41.010] [0mevent processor stopping[32m [solana_sm][0m[36m[0m
[36mINFO[0m [32m[08/15 18:56:41.010] [0mScheduled task stopped[32m [sidecar][0m[36m [interval:2s] [task:solana-tx-sender[poll-last-block]][0m
