[36mINFO[0m [32m[08/14 19:00:11.231] [0mtoken-engine version:[32m [app][0m[36m[0m
[36mINFO[0m [32m[08/14 19:00:11.231] [0mSystem version: darwin/arm64[32m [app][0m[36m[0m
[36mINFO[0m [32m[08/14 19:00:11.231] [0mGolang version: go1.24.2[32m [app][0m[36m[0m
[36mINFO[0m [32m[08/14 19:00:11.231] [0mApp build time:[32m [app][0m[36m[0m
[36mINFO[0m [32m[08/14 19:00:11.231] [0mGit commit id:[32m [app][0m[36m[0m
[36mINFO[0m [32m[08/14 19:00:11.231] [0mRepo path: /Users/yanzhixing/Downloads/GitHub/token-engine/deploy[32m [app][0m[36m[0m
[36mINFO[0m [32m[08/14 19:00:11.231] [0mExecutable: /Users/yanzhixing/Downloads/GitHub/token-engine/deploy/tools/bin/token-engine[32m [app][0m[36m[0m
[36mINFO[0m [32m[08/14 19:00:11.231] [0mPID: 51700[32m [app][0m[36m[0m
[36mINFO[0m [32m[08/14 19:00:11.231] [0mUUID node index: 0[32m [app][0m[36m[0m
[36mINFO[0m [32m[08/14 19:00:11.629] [0mcreating new base AxcTxPrepare[32m [base_txprepare][0m[36m[0m
[36mINFO[0m [32m[08/14 19:00:11.629] [0mcreating new base AxcTxExecutor[32m [base_txexecutor][0m[36m[0m
[36mINFO[0m [32m[08/14 19:00:11.629] [0mcreate axc vault idl[32m [solana-idl][0m[36m[0m
[36mINFO[0m [32m[08/14 19:00:11.630] [0mcreate axc vault transaction builder[32m [axc_tx_builder][0m[36m[0m
[36mINFO[0m [32m[08/14 19:00:11.630] [0mcreating Solana chain adaptor[32m [common_chain_adaptor][0m[36m[0m
[36mINFO[0m [32m[08/14 19:00:11.810] [0minitialized all program event definitions[32m [solana_sm][0m[36m [programCount:1][0m
[36mINFO[0m [32m[08/14 19:00:11.810] [0mRegistered transfer provider[32m [tron-transfer][0m[36m [chainID:97] [tokens:[BNB USDT USDC]][0m
[36mINFO[0m [32m[08/14 19:00:11.811] [0mRegistered transfer provider[32m [tron-transfer][0m[36m [chainID:2494104990] [tokens:[TRX USDT]][0m
[36mINFO[0m [32m[08/14 19:00:11.811] [0mcore api initialized[32m [coreApi][0m[36m[0m
[36mINFO[0m [32m[08/14 19:00:12.028] [0mComponent[sql-connector] started[32m [sidecar][0m[36m [time_cost:217.443083ms][0m
[36mINFO[0m [32m[08/14 19:00:12.808] [0mFinished connect to send tx http rpcs[32m [solana-jsonrpc][0m[36m [cost:779.833084ms] [num:1][0m
[36mINFO[0m [32m[08/14 19:00:13.238] [0mFinished connect to stable http rpcs[32m [solana-jsonrpc][0m[36m [cost:429.8815ms] [num:1][0m
[36mINFO[0m [32m[08/14 19:00:13.511] [0mFinished connect to unstable http rpcs[32m [solana-jsonrpc][0m[36m [cost:272.260917ms] [num:1][0m
[36mINFO[0m [32m[08/14 19:00:14.326] [0mFinished connect to ws rpcs[32m [solana-jsonrpc][0m[36m [cost:815.583ms] [num:1][0m
[36mINFO[0m [32m[08/14 19:00:14.869] [0mScheduled task started[32m [sidecar][0m[36m [interval:2s] [task:solana-tx-sender[poll-last-block]][0m
[36mINFO[0m [32m[08/14 19:00:14.869] [0msolana submitter started[32m [solana-submitter][0m[36m[0m
[36mINFO[0m [32m[08/14 19:00:14.869] [0mswap submitter started[32m [submitter][0m[36m[0m
[36mINFO[0m [32m[08/14 19:00:14.869] [0mComponent[SwapSubmitter] started[32m [sidecar][0m[36m [time_cost:2.840708084s][0m
[36mINFO[0m [32m[08/14 19:00:14.869] [0mstart to subscribe exchange data by grpc...[32m [ExchangeDataService][0m[36m[0m
[36mINFO[0m [32m[08/14 19:00:14.869] [0mScheduled task started[32m [sidecar][0m[36m [interval:1m0s] [task:StatisticExchangeData][0m
[36mINFO[0m [32m[08/14 19:00:14.869] [0mScheduled task started[32m [sidecar][0m[36m [interval:1h0m0s] [task:UpdateExchangeTokenHolders][0m
[36mINFO[0m [32m[08/14 19:00:15.397] [0mComponent[ExchangeDataService] started[32m [sidecar][0m[36m [time_cost:527.874333ms][0m
[36mINFO[0m [32m[08/14 19:00:15.397] [0mComponent[ContractMaterials] started[32m [sidecar][0m[36m [time_cost:3.958µs][0m
[36mINFO[0m [32m[08/14 19:00:15.397] [0mstarting Solana chain adaptor[32m [common_chain_adaptor][0m[36m[0m
[36mINFO[0m [32m[08/14 19:00:15.397] [0mSolana chain adaptor started successfully[32m [common_chain_adaptor][0m[36m[0m
[36mINFO[0m [32m[08/14 19:00:15.397] [0mComponent[common_chain_adaptor] started[32m [sidecar][0m[36m [time_cost:83.916µs][0m
[33mWARN[0m [32m[08/14 19:00:15.543] [0mbegin compensate swap event[32m [ExchangeDataService][0m[33m [outer_id From:293243][0m
[36mINFO[0m [32m[08/14 19:00:15.691] [0mContract materials loaded successfully[32m [basechain][0m[36m [appid:root] [chainId:84532] [contractCount:9] [errors:0][0m
[36mINFO[0m [32m[08/14 19:00:15.903] [0mNSQ consumer component started[32m [msgqueue][0m[36m[0m
[36mINFO[0m [32m[08/14 19:00:15.903] [0mComponent[msg_queue] started[32m [sidecar][0m[36m [time_cost:505.925917ms][0m
[36mINFO[0m [32m[08/14 19:00:15.904] [0mComponent[solana_sm] started[32m [sidecar][0m[36m [time_cost:7.208µs][0m
[36mINFO[0m [32m[08/14 19:00:15.904] [0mLoading deployment manifest from[32m [base_deploymanager][0m[36m [path:/Users/yanzhixing/Downloads/GitHub/token-engine/deploy/abis][0m
[36mINFO[0m [32m[08/14 19:00:15.904] [0mComponent[deploymanager] started[32m [sidecar][0m[36m [time_cost:85.875µs][0m
[36mINFO[0m [32m[08/14 19:00:15.904] [0mIPC server listen on: /Users/yanzhixing/Downloads/GitHub/token-engine/deploy/ipc.sock[32m [api][0m[36m[0m
[36mINFO[0m [32m[08/14 19:00:15.904] [0mHttp server listen on: 8082[32m [api][0m[36m[0m
[36mINFO[0m [32m[08/14 19:00:15.904] [0mComponent[http-api-server] started[32m [sidecar][0m[36m [time_cost:470.792µs][0m
[36mINFO[0m [32m[08/14 19:00:15.904] [0mComponent[app] started[32m [sidecar][0m[36m [time_cost:156.75µs][0m
[36mINFO[0m [32m[08/14 19:00:15.904] [0mtoken-engine is ready[32m [sidecar][0m[36m[0m
[36mINFO[0m [32m[08/14 19:00:15.905] [0m=====================================================================================
   __            __                                                  _
  / /_  ____    / /__  ___    ____          ___    ____    ____ _   (_)   ____   ___
 / __/ / __ \  / //_/ / _ \  / __ \ ______ / _ \  / __ \  / __ `/  / /   / __ \ / _ \
/ /_  / /_/ / / ,<   /  __/ / / / //_____//  __/ / / / / / /_/ /  / /   / / / //  __/
\__/  \____/ /_/|_|  \___/ /_/ /_/        \___/ /_/ /_/  \__, /  /_/   /_/ /_/ \___/
                                                        /____/

=====================================================================================[32m [sidecar][0m[36m[0m
[36mINFO[0m [32m[08/14 19:00:16.002] [0mSolana events manager started[32m [solana_sm][0m[36m[0m
[36mINFO[0m [32m[08/14 19:00:16.002] [0mevent processor started[32m [solana_sm][0m[36m[0m
[36mINFO[0m [32m[08/14 19:00:23.428] [0mPreparing transfer[32m [basechain][0m[36m [amount:0.000001] [from:0x4d6Ca5A0517cc18d66FEA10a51486fA0351bF61A] [to:0x4d6Ca5A0517cc18d66FEA10a51486fA0351bF61A] [tokenAddr:] [tokenType:ETH][0m
[31mERRO[0m [32m[08/14 19:00:37.149] [0msave swap event data failed[32m [ExchangeDataService][0m[31m [error:map[error:model: unable to insert into exchange_token_tx: ERROR: duplicate key value violates unique constraint "exchange_token_tx_outer_id_key" (SQLSTATE 23505) kind:*errors.withStack stack:<nil>]] [txData:&{0 1001 293250 GBzStFo17kUHyEP3LBbwTsJi5v5zAZW3xqULMmYnRAPd 4VkahQrirfxuXs9yhVLVuMhobmvBQKCv2n8y5tAznfNU 4xkEmPMWfPJvBp4wiTWe5J81g9CrQibg5aof2S9dUKpu 1 5314717 13280000 5314717 63234944943 25365014010 401123366721 10000 Ft5dUC14KJ4r7bwwwX5oRsjgVwbwFoG7ntfowwNd4bFq uM7e4vhc2VkeajFNjRH8AMC4MEmCvxsy6DRPYFYsQtKWwQPXxQCwK5pm6BG8NB2QArbYwGXEZyrUaCpUf6pBkLG 401077476 1755169214 2025-08-14 19:00:37.078791 +0800 CST m=+25.891637876 2025-08-14 19:00:37.078791 +0800 CST m=+25.891637959 <nil> {}}][0m
[31mERRO[0m [32m[08/14 19:00:39.547] [0msave swap event data failed[32m [ExchangeDataService][0m[31m [error:map[error:model: unable to insert into exchange_token_tx: ERROR: duplicate key value violates unique constraint "exchange_token_tx_outer_id_key" (SQLSTATE 23505) kind:*errors.withStack stack:<nil>]] [txData:&{0 1001 293251 E3msGNZ7XFBXWwwacp7hqTs5uryVNyMen1MCi3Y1LPcM 6SjHKEW363NWgN8S73tKgYxrpXBZ9ATL6fbKEhYNZdcB 4xkEmPMWfPJvBp4wiTWe5J81g9CrQibg5aof2S9dUKpu 1 5028041 2860000 5028041 176630636 306264249 1733924849820 10000 Ft5dUC14KJ4r7bwwwX5oRsjgVwbwFoG7ntfowwNd4bFq AenZaDmooZp8u43FvXhsatzF36EtkJMeqfXkdGSGpTLWaGGWVQiFicupYk2Co2b7te7hu5trckzMxhLici9JjTm 401077488 1755169219 2025-08-14 19:00:39.429656 +0800 CST m=+28.242479959 2025-08-14 19:00:39.429656 +0800 CST m=+28.242480043 <nil> {}}][0m
[31mERRO[0m [32m[08/14 19:00:41.957] [0msave swap event data failed[32m [ExchangeDataService][0m[31m [error:map[error:model: unable to insert into exchange_token_tx: ERROR: duplicate key value violates unique constraint "exchange_token_tx_outer_id_key" (SQLSTATE 23505) kind:*errors.withStack stack:<nil>]] [txData:&{0 1001 293252 9ECeLgwfGi28a8cyjpC5RxLYM2iug5SXmP4N4y4aAZtB 7yLwMHEiP2NyGhw2qDQWG1XkavQrk1PuNEKp24w6keFD 4xkEmPMWfPJvBp4wiTWe5J81g9CrQibg5aof2S9dUKpu 0 7820000 4334625 7820000 2778472600 5007868736 1802381904359 10000 Ft5dUC14KJ4r7bwwwX5oRsjgVwbwFoG7ntfowwNd4bFq 5xBeu1tmEoPcsRLPDbrjBQtESDghTfb2dxKgEKa2A14p6Lvvi93gPW2z3VjuCMbNe3H6VG9Uth6Mp1E6MHarLJXj 401077501 1755169224 2025-08-14 19:00:41.804947 +0800 CST m=+30.617749168 2025-08-14 19:00:41.804948 +0800 CST m=+30.617749293 <nil> {}}][0m
[31mERRO[0m [32m[08/14 19:00:44.420] [0msave swap event data failed[32m [ExchangeDataService][0m[31m [error:map[error:model: unable to insert into exchange_token_tx: ERROR: duplicate key value violates unique constraint "exchange_token_tx_outer_id_key" (SQLSTATE 23505) kind:*errors.withStack stack:<nil>]] [txData:&{0 1001 293253 3MhiVfThJjkVXfjyuEXYmPtC2VmXW8CpR2Gd7QFu7Hwg 8c5yxueAtqTgoqoVFwUugz8YADWt8PZMKBFXJMtR9Y2P 4xkEmPMWfPJvBp4wiTWe5J81g9CrQibg5aof2S9dUKpu 1 6476387 6510000 6476387 300439346309 299630700339 997308455167 10000 Ft5dUC14KJ4r7bwwwX5oRsjgVwbwFoG7ntfowwNd4bFq 2sB6S938UBG8JF4Lq83MXaDVB4At1scwT4G4svBYcxCV3kyALrzB2hXxiQfxgHtKpUPDL1dEtuWvKWPnHVhJ4H6c 401077513 1755169228 2025-08-14 19:00:44.272283 +0800 CST m=+33.085060793 2025-08-14 19:00:44.272283 +0800 CST m=+33.085061001 <nil> {}}][0m
[31mERRO[0m [32m[08/14 19:00:46.752] [0msave swap event data failed[32m [ExchangeDataService][0m[31m [error:map[error:model: unable to insert into exchange_token_tx: ERROR: duplicate key value violates unique constraint "exchange_token_tx_outer_id_key" (SQLSTATE 23505) kind:*errors.withStack stack:<nil>]] [txData:&{0 1001 293254 5EMN5ZfdZWEF2VjUJhvYfoNoVJEnQUz5X9yTm2NG3Lik 2zKZyDdcs1kWsc5T72bQiufNnv54TxMG1evxb1WfgbKT 4xkEmPMWfPJvBp4wiTWe5J81g9CrQibg5aof2S9dUKpu 1 4218283 4230000 4218283 500102557017 499963046047 999721035279 10000 Ft5dUC14KJ4r7bwwwX5oRsjgVwbwFoG7ntfowwNd4bFq 5xVip2xZ5vpy5paHjNAcShbFksTAsDSSKqeP7MKWF3mJujd5x6GQujD5ovs3R2qvq2M3i7fNXhzKnmAvdprY6CiK 401077525 1755169233 2025-08-14 19:00:46.681782 +0800 CST m=+35.494537418 2025-08-14 19:00:46.681783 +0800 CST m=+35.494537501 <nil> {}}][0m
[31mERRO[0m [32m[08/14 19:00:49.213] [0msave swap event data failed[32m [ExchangeDataService][0m[31m [error:map[error:model: unable to insert into exchange_token_tx: ERROR: duplicate key value violates unique constraint "exchange_token_tx_outer_id_key" (SQLSTATE 23505) kind:*errors.withStack stack:<nil>]] [txData:&{0 1001 293255 cbgot6rf3LaEBqhzZp8jRMoU63Qc9JEszZ3BVWXNtgF GKpUBoqvkC9kMJm8kuNDTDkBFAsTvUhr4pniu6eXaS5V 4xkEmPMWfPJvBp4wiTWe5J81g9CrQibg5aof2S9dUKpu 1 14076478 14170000 14076478 44130765884 43935267560 995570021954 10000 Ft5dUC14KJ4r7bwwwX5oRsjgVwbwFoG7ntfowwNd4bFq 4XCUDAQNtuw8cT38QEfjGw4BK7iwrppnzNpM2ct2GAmk5gAPgN7E9Zkf6pVvAUgFnE1Mcin3x4Dw5ANQGzPWAtEq 401077537 1755169238 2025-08-14 19:00:49.014469 +0800 CST m=+37.827201459 2025-08-14 19:00:49.014469 +0800 CST m=+37.827201584 <nil> {}}][0m
[31mERRO[0m [32m[08/14 19:00:51.627] [0msave swap event data failed[32m [ExchangeDataService][0m[31m [error:map[error:model: unable to insert into exchange_token_tx: ERROR: duplicate key value violates unique constraint "exchange_token_tx_outer_id_key" (SQLSTATE 23505) kind:*errors.withStack stack:<nil>]] [txData:&{0 1001 293256 8uHK7JmwvRQYoSP5sCxjcdUn6PfhCGSRvtT7v63Rqm9T E64i27za4jcMT6ceMKncdw3aJxg1TwvXzBmULsXytJ63 4xkEmPMWfPJvBp4wiTWe5J81g9CrQibg5aof2S9dUKpu 0 5470000 5265316 5470000 2346904224 2437512167 1038607431046 10000 Ft5dUC14KJ4r7bwwwX5oRsjgVwbwFoG7ntfowwNd4bFq 3mBFvbzsL6SCcjznYAnjVp6s2TuQmKmWr1Xg98qnnaWHjSGFouKJCK2o67wNd6G3DNYnLUKNNUmfEA9nN9Z6vFXi 401077549 1755169243 2025-08-14 19:00:51.480093 +0800 CST m=+40.292801876 2025-08-14 19:00:51.480093 +0800 CST m=+40.292801918 <nil> {}}][0m
[31mERRO[0m [32m[08/14 19:00:53.430] [0mFailed to get nonce[32m [basechain][0m[31m [error:map[error:Post "https://api.developer.coinbase.com/rpc/v1/base-sepolia/JmJwHELnrYhdN3YgtwMjYOrnVDdSXppH": dial tcp 199.96.61.1:443: i/o timeout kind:*url.Error stack:<nil>]][0m
[31mERRO[0m [32m[08/14 19:00:53.433] [0mAPI request failed[32m [api][0m[31m [uri:/api/v2/transfer/prepare] [err_code:10001] [err_msg:Post "https://api.developer.coinbase.com/rpc/v1/base-sepolia/JmJwHELnrYhdN3YgtwMjYOrnVDdSXppH": dial tcp 199.96.61.1:443: i/o timeout] [method:POST] [ip:127.0.0.1] [http_code:200] [time_cost:30.004848459s] [caller:root][0m
[31mERRO[0m [32m[08/14 19:00:53.960] [0msave swap event data failed[32m [ExchangeDataService][0m[31m [error:map[error:model: unable to insert into exchange_token_tx: ERROR: duplicate key value violates unique constraint "exchange_token_tx_outer_id_key" (SQLSTATE 23505) kind:*errors.withStack stack:<nil>]] [txData:&{0 1001 293257 HkCcRG8NbdE32UqpoURRP4t55UauayDAWwQjoJZY7SsF 2zctNkBWYbndQmvWbKKudeJmepnAw6Ap1vimpFwKft9f 4xkEmPMWfPJvBp4wiTWe5J81g9CrQibg5aof2S9dUKpu 1 9104330 9090000 9104330 25554511199 25649817277 1003729520680 10000 Ft5dUC14KJ4r7bwwwX5oRsjgVwbwFoG7ntfowwNd4bFq 2pkByJRZS91XFnjkDYgBUN3A33Y1kJT8r8Zx6nnYH1T6jUNTdNDFZC3ETC1T2QjnaLqS8nMobnrCvGpfn9uZY3gM 401077560 1755169247 2025-08-14 19:00:53.885516 +0800 CST m=+42.698201918 2025-08-14 19:00:53.885516 +0800 CST m=+42.698202251 <nil> {}}][0m
[33mWARN[0m [32m[08/14 19:00:56.243] [0mstop compensate swap event[32m [ExchangeDataService][0m[33m [outer_id end:293257][0m
[36mINFO[0m [32m[08/14 19:01:13.371] [0mPreparing transfer[32m [basechain][0m[36m [amount:0.000001] [from:0x4d6Ca5A0517cc18d66FEA10a51486fA0351bF61A] [to:0x4d6Ca5A0517cc18d66FEA10a51486fA0351bF61A] [tokenAddr:] [tokenType:ETH][0m
[31mERRO[0m [32m[08/14 19:01:43.373] [0mFailed to get nonce[32m [basechain][0m[31m [error:map[error:Post "https://api.developer.coinbase.com/rpc/v1/base-sepolia/JmJwHELnrYhdN3YgtwMjYOrnVDdSXppH": dial tcp 199.96.61.1:443: i/o timeout kind:*url.Error stack:<nil>]][0m
[31mERRO[0m [32m[08/14 19:01:43.373] [0mAPI request failed[32m [api][0m[31m [uri:/api/v2/transfer/prepare] [err_code:10001] [err_msg:Post "https://api.developer.coinbase.com/rpc/v1/base-sepolia/JmJwHELnrYhdN3YgtwMjYOrnVDdSXppH": dial tcp 199.96.61.1:443: i/o timeout] [method:POST] [ip:127.0.0.1] [http_code:200] [time_cost:30.002617625s] [caller:root][0m
[36mINFO[0m [32m[08/14 19:02:00.725] [0mPreparing transfer[32m [basechain][0m[36m [amount:0.000001] [from:0x4d6Ca5A0517cc18d66FEA10a51486fA0351bF61A] [to:0x4d6Ca5A0517cc18d66FEA10a51486fA0351bF61A] [tokenAddr:] [tokenType:ETH][0m
[31mERRO[0m [32m[08/14 19:02:00.994] [0mFailed to get nonce[32m [basechain][0m[31m [error:map[error:Post "https://api.developer.coinbase.com/rpc/v1/base-sepolia/JmJwHELnrYhdN3YgtwMjYOrnVDdSXppH": read tcp 10.1.9.208:52161->172.64.152.241:443: read: connection reset by peer kind:*url.Error stack:<nil>]][0m
[31mERRO[0m [32m[08/14 19:02:00.995] [0mAPI request failed[32m [api][0m[31m [uri:/api/v2/transfer/prepare] [err_code:10001] [err_msg:Post "https://api.developer.coinbase.com/rpc/v1/base-sepolia/JmJwHELnrYhdN3YgtwMjYOrnVDdSXppH": read tcp 10.1.9.208:52161->172.64.152.241:443: read: connection reset by peer] [method:POST] [ip:127.0.0.1] [http_code:200] [time_cost:269.14725ms] [caller:root][0m
[36mINFO[0m [32m[08/14 19:02:03.042] [0mPreparing transfer[32m [basechain][0m[36m [amount:0.000001] [from:0x4d6Ca5A0517cc18d66FEA10a51486fA0351bF61A] [to:0x4d6Ca5A0517cc18d66FEA10a51486fA0351bF61A] [tokenAddr:] [tokenType:ETH][0m
[36mINFO[0m [32m[08/14 19:02:05.453] [0mETH transfer prepared[32m [basechain][0m[36m [amount:1000000000000] [balance:8252265730947554] [chainID:84532] [gasLimit:21000] [gasPrice:1000065] [nonce:55] [unsignedTxHex:0xb202f083014a3437830f4281831e8502825208944d6ca5a0517cc18d66fea10a51486fa0351bf61a85e8d4a5100080c0808080][0m
[36mINFO[0m [32m[08/14 19:02:05.453] [0mTestSubmitSignedUSDTTransfer[32m [basechain][0m[36m [chainID:84532] [unsignedTxHex:0xb202f083014a3437830f4281831e8502825208944d6ca5a0517cc18d66fea10a51486fa0351bf61a85e8d4a5100080c0808080][0m
[31mERRO[0m [32m[08/14 19:02:05.453] [0mFailed to decode unsigned tx: %v[32m [basechain][0m[31m [!BADKEY:rlp: expected input list for types.LegacyTx][0m
[36mINFO[0m [32m[08/14 19:02:05.453] [0mAPI request[32m [api][0m[36m [uri:/api/v2/transfer/prepare] [method:POST] [ip:127.0.0.1] [http_code:200] [time_cost:2.4111865s] [caller:root][0m
[36mINFO[0m [32m[08/14 19:02:42.013] [0mReceive exit signal: interrupt[32m [sidecar][0m[36m[0m
[36mINFO[0m [32m[08/14 19:02:42.014] [0mComponent[app] stopped[32m [sidecar][0m[36m [time_cost:328.292µs][0m
[36mINFO[0m [32m[08/14 19:02:42.014] [0mIPC server shutdown[32m [api][0m[36m[0m
[36mINFO[0m [32m[08/14 19:02:42.014] [0mHttp server shutdown[32m [api][0m[36m[0m
[36mINFO[0m [32m[08/14 19:02:42.014] [0mComponent[http-api-server] stopped[32m [sidecar][0m[36m [time_cost:270.084µs][0m
[36mINFO[0m [32m[08/14 19:02:42.014] [0mDeployManager stopped[32m [base_deploymanager][0m[36m[0m
[36mINFO[0m [32m[08/14 19:02:42.015] [0mComponent[deploymanager] stopped[32m [sidecar][0m[36m [time_cost:23.542µs][0m
[36mINFO[0m [32m[08/14 19:02:42.015] [0mScheduled task stopped[32m [sidecar][0m[36m [interval:2s] [task:solana-tx-sender[poll-last-block]][0m
[36mINFO[0m [32m[08/14 19:02:42.015] [0mevent processor stopping[32m [solana_sm][0m[36m[0m
