[36mINFO[0m [32m[08/15 18:56:54.864] [0mtoken-engine version:[32m [app][0m[36m[0m
[36mINFO[0m [32m[08/15 18:56:54.864] [0mSystem version: darwin/arm64[32m [app][0m[36m[0m
[36mINFO[0m [32m[08/15 18:56:54.864] [0mGolang version: go1.24.2[32m [app][0m[36m[0m
[36mINFO[0m [32m[08/15 18:56:54.864] [0mApp build time:[32m [app][0m[36m[0m
[36mINFO[0m [32m[08/15 18:56:54.864] [0mGit commit id:[32m [app][0m[36m[0m
[36mINFO[0m [32m[08/15 18:56:54.864] [0mRepo path: /Users/yanzhixing/Downloads/GitHub/token-engine/deploy[32m [app][0m[36m[0m
[36mINFO[0m [32m[08/15 18:56:54.864] [0mExecutable: /Users/yanzhixing/Downloads/GitHub/token-engine/deploy/tools/bin/token-engine[32m [app][0m[36m[0m
[36mINFO[0m [32m[08/15 18:56:54.864] [0mPID: 86532[32m [app][0m[36m[0m
[36mINFO[0m [32m[08/15 18:56:54.864] [0mUUID node index: 0[32m [app][0m[36m[0m
[36mINFO[0m [32m[08/15 18:56:55.097] [0mcreating new base AxcTxPrepare[32m [base_txprepare][0m[36m[0m
[36mINFO[0m [32m[08/15 18:56:55.097] [0mcreating new base AxcTxExecutor[32m [base_txexecutor][0m[36m[0m
[36mINFO[0m [32m[08/15 18:56:55.097] [0mcreate axc vault idl[32m [solana-idl][0m[36m[0m
[36mINFO[0m [32m[08/15 18:56:55.097] [0mcreate axc vault transaction builder[32m [axc_tx_builder][0m[36m[0m
[36mINFO[0m [32m[08/15 18:56:55.097] [0mcreating Solana chain adaptor[32m [common_chain_adaptor][0m[36m[0m
[36mINFO[0m [32m[08/15 18:56:55.264] [0minitialized all program event definitions[32m [solana_sm][0m[36m [programCount:1][0m
[36mINFO[0m [32m[08/15 18:56:55.264] [0mRegistered transfer provider[32m [tron-transfer][0m[36m [chainID:97] [tokens:[BNB USDT USDC]][0m
[36mINFO[0m [32m[08/15 18:56:55.264] [0mRegistered transfer provider[32m [tron-transfer][0m[36m [chainID:2494104990] [tokens:[TRX USDT]][0m
[36mINFO[0m [32m[08/15 18:56:55.264] [0mcore api initialized[32m [coreApi][0m[36m[0m
[36mINFO[0m [32m[08/15 18:56:55.747] [0mComponent[sql-connector] started[32m [sidecar][0m[36m [time_cost:482.776667ms][0m
[36mINFO[0m [32m[08/15 18:56:56.479] [0mFinished connect to send tx http rpcs[32m [solana-jsonrpc][0m[36m [cost:731.607542ms] [num:1][0m
[36mINFO[0m [32m[08/15 18:56:56.911] [0mFinished connect to stable http rpcs[32m [solana-jsonrpc][0m[36m [cost:431.821042ms] [num:1][0m
[36mINFO[0m [32m[08/15 18:56:57.271] [0mFinished connect to unstable http rpcs[32m [solana-jsonrpc][0m[36m [cost:359.933542ms] [num:1][0m
[36mINFO[0m [32m[08/15 18:56:58.163] [0mFinished connect to ws rpcs[32m [solana-jsonrpc][0m[36m [cost:891.33325ms] [num:1][0m
[36mINFO[0m [32m[08/15 18:56:58.582] [0mScheduled task started[32m [sidecar][0m[36m [interval:2s] [task:solana-tx-sender[poll-last-block]][0m
[36mINFO[0m [32m[08/15 18:56:58.582] [0msolana submitter started[32m [solana-submitter][0m[36m[0m
[36mINFO[0m [32m[08/15 18:56:58.582] [0mswap submitter started[32m [submitter][0m[36m[0m
[36mINFO[0m [32m[08/15 18:56:58.583] [0mComponent[SwapSubmitter] started[32m [sidecar][0m[36m [time_cost:2.8349555s][0m
[36mINFO[0m [32m[08/15 18:56:58.583] [0mstart to subscribe exchange data by grpc...[32m [ExchangeDataService][0m[36m[0m
[36mINFO[0m [32m[08/15 18:56:58.583] [0mScheduled task started[32m [sidecar][0m[36m [interval:1m0s] [task:StatisticExchangeData][0m
[36mINFO[0m [32m[08/15 18:56:58.583] [0mScheduled task started[32m [sidecar][0m[36m [interval:1h0m0s] [task:UpdateExchangeTokenHolders][0m
[36mINFO[0m [32m[08/15 18:56:59.381] [0mComponent[ExchangeDataService] started[32m [sidecar][0m[36m [time_cost:798.604375ms][0m
[36mINFO[0m [32m[08/15 18:56:59.382] [0mComponent[ContractMaterials] started[32m [sidecar][0m[36m [time_cost:119.166µs][0m
[36mINFO[0m [32m[08/15 18:56:59.382] [0mstarting Solana chain adaptor[32m [common_chain_adaptor][0m[36m[0m
[36mINFO[0m [32m[08/15 18:56:59.382] [0mSolana chain adaptor started successfully[32m [common_chain_adaptor][0m[36m[0m
[36mINFO[0m [32m[08/15 18:56:59.382] [0mComponent[common_chain_adaptor] started[32m [sidecar][0m[36m [time_cost:135.583µs][0m
[33mWARN[0m [32m[08/15 18:56:59.504] [0mbegin compensate swap event[32m [ExchangeDataService][0m[33m [outer_id From:307735][0m
[36mINFO[0m [32m[08/15 18:56:59.627] [0mContract materials loaded successfully[32m [basechain][0m[36m [appid:root] [chainId:84532] [contractCount:9] [errors:0][0m
[36mINFO[0m [32m[08/15 18:56:59.891] [0mNSQ consumer component started[32m [msgqueue][0m[36m[0m
[36mINFO[0m [32m[08/15 18:56:59.891] [0mComponent[msg_queue] started[32m [sidecar][0m[36m [time_cost:508.863041ms][0m
[36mINFO[0m [32m[08/15 18:56:59.891] [0mComponent[solana_sm] started[32m [sidecar][0m[36m [time_cost:11.666µs][0m
[36mINFO[0m [32m[08/15 18:56:59.891] [0mLoading deployment manifest from[32m [base_deploymanager][0m[36m [path:/Users/yanzhixing/Downloads/GitHub/token-engine/deploy/abis][0m
[36mINFO[0m [32m[08/15 18:56:59.891] [0mComponent[deploymanager] started[32m [sidecar][0m[36m [time_cost:77.5µs][0m
[36mINFO[0m [32m[08/15 18:56:59.892] [0mIPC server listen on: /Users/yanzhixing/Downloads/GitHub/token-engine/deploy/ipc.sock[32m [api][0m[36m[0m
[36mINFO[0m [32m[08/15 18:56:59.892] [0mHttp server listen on: 8082[32m [api][0m[36m[0m
[36mINFO[0m [32m[08/15 18:56:59.892] [0mComponent[http-api-server] started[32m [sidecar][0m[36m [time_cost:1.155625ms][0m
[36mINFO[0m [32m[08/15 18:56:59.893] [0mComponent[app] started[32m [sidecar][0m[36m [time_cost:319.291µs][0m
[36mINFO[0m [32m[08/15 18:56:59.893] [0mtoken-engine is ready[32m [sidecar][0m[36m[0m
[36mINFO[0m [32m[08/15 18:56:59.895] [0m=====================================================================================
   __            __                                                  _
  / /_  ____    / /__  ___    ____          ___    ____    ____ _   (_)   ____   ___
 / __/ / __ \  / //_/ / _ \  / __ \ ______ / _ \  / __ \  / __ `/  / /   / __ \ / _ \
/ /_  / /_/ / / ,<   /  __/ / / / //_____//  __/ / / / / / /_/ /  / /   / / / //  __/
\__/  \____/ /_/|_|  \___/ /_/ /_/        \___/ /_/ /_/  \__, /  /_/   /_/ /_/ \___/
                                                        /____/

=====================================================================================[32m [sidecar][0m[36m[0m
[36mINFO[0m [32m[08/15 18:56:59.966] [0mevent processor started[32m [solana_sm][0m[36m[0m
[36mINFO[0m [32m[08/15 18:56:59.966] [0mSolana events manager started[32m [solana_sm][0m[36m[0m
[33mWARN[0m [32m[08/15 18:57:01.835] [0mstop compensate swap event[32m [ExchangeDataService][0m[33m [outer_id end:307734][0m
[36mINFO[0m [32m[08/15 18:57:02.728] [0mpreparing create vault transaction[32m [base_txprepare][0m[36m [params:&{84532 {0x4d6Ca5A0517cc18d66FEA10a51486fA0351bF61A 0x4d6Ca5A0517cc18d66FEA10a51486fA0351bF61A 0x4d6Ca5A0517cc18d66FEA10a51486fA0351bF61A 0x4d6Ca5A0517cc18d66FEA10a51486fA0351bF61A 0x4d6Ca5A0517cc18d66FEA10a51486fA0351bF61A} {My Test Token MTT 18 https://example.com/token-metadata.json} {Test 0xA0b86a33E6441E6C7D3E4C2C4C6C6C6C6C6C6C6C 1000000 1703980800 1704067200 100 500 0.1 100000 200 0x1234567890123456789012345678901234567890 0x1234567890123456789012345678901234567890 1} false}][0m
[31mERRO[0m [32m[08/15 18:57:06.892] [0mfailed to submit transaction[32m [base_txprepare][0m[31m [error:map[error:already known kind:*rpc.jsonError stack:<nil>]][0m
[31mERRO[0m [32m[08/15 18:57:06.893] [0mAPI request failed[32m [api][0m[31m [uri:/api/v2/primary/vault/prepare_create] [err_code:10001] [err_msg:already known] [method:POST] [ip:127.0.0.1] [http_code:200] [time_cost:4.165435166s] [caller:root][0m
[36mINFO[0m [32m[08/15 19:01:07.020] [0mReceive exit signal: interrupt[32m [sidecar][0m[36m[0m
[36mINFO[0m [32m[08/15 19:01:07.021] [0mComponent[app] stopped[32m [sidecar][0m[36m [time_cost:114.75µs][0m
[36mINFO[0m [32m[08/15 19:01:07.021] [0mIPC server shutdown[32m [api][0m[36m[0m
[36mINFO[0m [32m[08/15 19:01:07.021] [0mHttp server shutdown[32m [api][0m[36m[0m
[36mINFO[0m [32m[08/15 19:01:07.021] [0mComponent[http-api-server] stopped[32m [sidecar][0m[36m [time_cost:200.083µs][0m
[36mINFO[0m [32m[08/15 19:01:07.021] [0mDeployManager stopped[32m [base_deploymanager][0m[36m[0m
[36mINFO[0m [32m[08/15 19:01:07.021] [0mComponent[deploymanager] stopped[32m [sidecar][0m[36m [time_cost:18.417µs][0m
[36mINFO[0m [32m[08/15 19:01:07.021] [0mevent processor stopping[32m [solana_sm][0m[36m[0m
[36mINFO[0m [32m[08/15 19:01:07.050] [0mScheduled task stopped[32m [sidecar][0m[36m [interval:2s] [task:solana-tx-sender[poll-last-block]][0m
[31mERRO[0m [32m[08/15 19:01:07.051] [0mStop components failed[32m [sidecar][0m[31m [err:map[error:goroutine exited without returning kind:*errors.errorString stack:<nil>]][0m
