[36mINFO[0m [32m[08/18 14:52:25.830] [0mtoken-engine version:[32m [app][0m[36m[0m
[36mINFO[0m [32m[08/18 14:52:25.831] [0mSystem version: darwin/arm64[32m [app][0m[36m[0m
[36mINFO[0m [32m[08/18 14:52:25.831] [0mGolang version: go1.24.2[32m [app][0m[36m[0m
[36mINFO[0m [32m[08/18 14:52:25.831] [0mApp build time:[32m [app][0m[36m[0m
[36mINFO[0m [32m[08/18 14:52:25.831] [0mGit commit id:[32m [app][0m[36m[0m
[36mINFO[0m [32m[08/18 14:52:25.831] [0mRepo path: /Users/yanzhixing/Downloads/GitHub/token-engine/deploy[32m [app][0m[36m[0m
[36mINFO[0m [32m[08/18 14:52:25.831] [0mExecutable: /Users/yanzhixing/Downloads/GitHub/token-engine/deploy/tools/bin/token-engine[32m [app][0m[36m[0m
[36mINFO[0m [32m[08/18 14:52:25.831] [0mPID: 57612[32m [app][0m[36m[0m
[36mINFO[0m [32m[08/18 14:52:25.831] [0mUUID node index: 0[32m [app][0m[36m[0m
[36mINFO[0m [32m[08/18 14:52:26.134] [0mcreating new base AxcTxPrepare[32m [base_txprepare][0m[36m[0m
[36mINFO[0m [32m[08/18 14:52:26.134] [0mcreating new base AxcTxExecutor[32m [base_txexecutor][0m[36m[0m
[36mINFO[0m [32m[08/18 14:52:26.134] [0mcreate axc vault idl[32m [solana-idl][0m[36m[0m
[36mINFO[0m [32m[08/18 14:52:26.135] [0mcreate axc vault transaction builder[32m [axc_tx_builder][0m[36m[0m
[36mINFO[0m [32m[08/18 14:52:26.135] [0mcreating Solana chain adaptor[32m [common_chain_adaptor][0m[36m[0m
[36mINFO[0m [32m[08/18 14:52:26.294] [0minitialized all program event definitions[32m [solana_sm][0m[36m [programCount:1][0m
[36mINFO[0m [32m[08/18 14:52:26.295] [0mRegistered transfer provider[32m [transfer-service][0m[36m [chainID:97] [tokens:[BNB USDT USDC]][0m
[36mINFO[0m [32m[08/18 14:52:26.295] [0mRegistered transfer provider[32m [transfer-service][0m[36m [chainID:2494104990] [tokens:[TRX USDT]][0m
[36mINFO[0m [32m[08/18 14:52:26.296] [0mcore api initialized[32m [coreApi][0m[36m[0m
[36mINFO[0m [32m[08/18 14:52:26.507] [0mComponent[sql-connector] started[32m [sidecar][0m[36m [time_cost:210.316208ms][0m
[36mINFO[0m [32m[08/18 14:52:36.576] [0mFinished connect to send tx http rpcs[32m [solana-jsonrpc][0m[36m [cost:10.069386166s] [num:3][0m
[36mINFO[0m [32m[08/18 14:52:36.882] [0mFinished connect to stable http rpcs[32m [solana-jsonrpc][0m[36m [cost:305.655167ms] [num:3][0m
[36mINFO[0m [32m[08/18 14:52:39.226] [0mFinished connect to unstable http rpcs[32m [solana-jsonrpc][0m[36m [cost:2.343851625s] [num:45][0m
[36mINFO[0m [32m[08/18 14:52:40.559] [0mFinished connect to ws rpcs[32m [solana-jsonrpc][0m[36m [cost:1.332414042s] [num:1][0m
[36mINFO[0m [32m[08/18 14:52:41.758] [0mScheduled task started[32m [sidecar][0m[36m [interval:2s] [task:solana-tx-sender[poll-last-block]][0m
[36mINFO[0m [32m[08/18 14:52:41.758] [0msolana submitter started[32m [solana-submitter][0m[36m[0m
[36mINFO[0m [32m[08/18 14:52:41.758] [0mswap submitter started[32m [submitter][0m[36m[0m
[36mINFO[0m [32m[08/18 14:52:41.758] [0mComponent[SwapSubmitter] started[32m [sidecar][0m[36m [time_cost:15.251712125s][0m
[36mINFO[0m [32m[08/18 14:52:41.758] [0mComponent[ExchangeDataService] started[32m [sidecar][0m[36m [time_cost:11.792µs][0m
[36mINFO[0m [32m[08/18 14:52:41.758] [0mScheduled task started[32m [sidecar][0m[36m [interval:1m0s] [task:StatisticExchangeData][0m
[36mINFO[0m [32m[08/18 14:52:41.758] [0mScheduled task started[32m [sidecar][0m[36m [interval:1h0m0s] [task:UpdateExchangeTokenHolders][0m
[36mINFO[0m [32m[08/18 14:52:41.758] [0mComponent[ContractMaterials] started[32m [sidecar][0m[36m [time_cost:3.709µs][0m
[36mINFO[0m [32m[08/18 14:52:41.759] [0mstarting Solana chain adaptor[32m [common_chain_adaptor][0m[36m[0m
[36mINFO[0m [32m[08/18 14:52:41.759] [0mSolana chain adaptor started successfully[32m [common_chain_adaptor][0m[36m[0m
[36mINFO[0m [32m[08/18 14:52:41.759] [0mComponent[common_chain_adaptor] started[32m [sidecar][0m[36m [time_cost:158.875µs][0m
[33mWARN[0m [32m[08/18 14:52:41.882] [0mUnknown contract name[32m [basechain][0m[33m [name:StandardToken][0m
[33mWARN[0m [32m[08/18 14:52:41.886] [0mUnknown contract name[32m [basechain][0m[33m [name:AccumulatedYieldFactory][0m
[36mINFO[0m [32m[08/18 14:52:41.888] [0mContract materials loaded successfully[32m [basechain][0m[36m [appid:root] [chainId:31337] [contractCount:9] [errors:0][0m
[36mINFO[0m [32m[08/18 14:52:41.959] [0mSolana syncer started[32m [common_chain_adaptor][0m[36m[0m
[36mINFO[0m [32m[08/18 14:52:41.959] [0mComponent[Syncer] started[32m [sidecar][0m[36m [time_cost:200.176625ms][0m
[36mINFO[0m [32m[08/18 14:52:42.458] [0mNSQ consumer component started[32m [msgqueue][0m[36m[0m
[36mINFO[0m [32m[08/18 14:52:42.458] [0mComponent[msg_queue] started[32m [sidecar][0m[36m [time_cost:498.847708ms][0m
[36mINFO[0m [32m[08/18 14:52:42.458] [0mComponent[solana_sm] started[32m [sidecar][0m[36m [time_cost:13.167µs][0m
[36mINFO[0m [32m[08/18 14:52:42.458] [0mSolana events manager started[32m [solana_sm][0m[36m[0m
[36mINFO[0m [32m[08/18 14:52:42.458] [0mevent processor started[32m [solana_sm][0m[36m[0m
[36mINFO[0m [32m[08/18 14:52:42.458] [0mLoading deployment manifest from[32m [base_deploymanager][0m[36m [path:/Users/yanzhixing/Downloads/GitHub/token-engine/deploy/abis][0m
[36mINFO[0m [32m[08/18 14:52:42.459] [0mComponent[deploymanager] started[32m [sidecar][0m[36m [time_cost:237.875µs][0m
[36mINFO[0m [32m[08/18 14:52:42.459] [0mStarting TokenBalanceService[32m [TokenBalanceService][0m[36m[0m
[36mINFO[0m [32m[08/18 14:52:42.459] [0mComponent[TokenBalanceService] started[32m [sidecar][0m[36m [time_cost:120.875µs][0m
[36mINFO[0m [32m[08/18 14:52:42.460] [0mIPC server listen on: /Users/yanzhixing/Downloads/GitHub/token-engine/deploy/ipc.sock[32m [api][0m[36m[0m
[36mINFO[0m [32m[08/18 14:52:42.460] [0mHttp server listen on: 8082[32m [api][0m[36m[0m
[36mINFO[0m [32m[08/18 14:52:42.460] [0mComponent[http-api-server] started[32m [sidecar][0m[36m [time_cost:1.266042ms][0m
[36mINFO[0m [32m[08/18 14:52:42.461] [0mComponent[app] started[32m [sidecar][0m[36m [time_cost:292.25µs][0m
[36mINFO[0m [32m[08/18 14:52:42.461] [0mtoken-engine is ready[32m [sidecar][0m[36m[0m
[36mINFO[0m [32m[08/18 14:52:42.462] [0m=====================================================================================
   __            __                                                  _
  / /_  ____    / /__  ___    ____          ___    ____    ____ _   (_)   ____   ___
 / __/ / __ \  / //_/ / _ \  / __ \ ______ / _ \  / __ \  / __ `/  / /   / __ \ / _ \
/ /_  / /_/ / / ,<   /  __/ / / / //_____//  __/ / / / / / /_/ /  / /   / / / //  __/
\__/  \____/ /_/|_|  \___/ /_/ /_/        \___/ /_/ /_/  \__, /  /_/   /_/ /_/ \___/
                                                        /____/

=====================================================================================[32m [sidecar][0m[36m[0m
[36mINFO[0m [32m[08/18 14:52:46.608] [0mpreparing create vault transaction[32m [base_txprepare][0m[36m [params:&{31337 {0xf39Fd6e51aad88F6F4ce6aB8827279cffFb92266 0xf39Fd6e51aad88F6F4ce6aB8827279cffFb92266 0xf39Fd6e51aad88F6F4ce6aB8827279cffFb92266 0xf39Fd6e51aad88F6F4ce6aB8827279cffFb92266 0xf39Fd6e51aad88F6F4ce6aB8827279cffFb92266} {My Test Token MTT 6 https://example.com/token-metadata.json} {Test 0xf39Fd6e51aad88F6F4ce6aB8827279cffFb92266 1000000 1754832494 1786800494 100 500 1 100000 200 0xf39Fd6e51aad88F6F4ce6aB8827279cffFb92266 0xf39Fd6e51aad88F6F4ce6aB8827279cffFb92266 1} false}][0m
[36mINFO[0m [32m[08/18 14:52:46.699] [0mnonce retrieved successfully[32m [base_txprepare][0m[36m [deployer:0xf39Fd6e51aad88F6F4ce6aB8827279cffFb92266] [nonce:27][0m
[31mERRO[0m [32m[08/18 14:52:46.980] [0mfailed to create vault transaction[32m [base_txprepare][0m[31m [error:map[error:Error: Transaction reverted: function selector was not recognized and there's no fallback function kind:*rpc.jsonError stack:<nil>]][0m
[31mERRO[0m [32m[08/18 14:52:46.980] [0mAPI request failed[32m [api][0m[31m [uri:/api/v2/primary/vault/prepare_create] [err_code:10001] [err_msg:failed to create vault transaction: Error: Transaction reverted: function selector was not recognized and there's no fallback function] [method:POST] [ip:127.0.0.1] [http_code:200] [time_cost:373.456917ms] [caller:root][0m
[36mINFO[0m [32m[08/18 14:55:38.856] [0mReceive exit signal: interrupt[32m [sidecar][0m[36m[0m
[36mINFO[0m [32m[08/18 14:55:38.858] [0mComponent[app] stopped[32m [sidecar][0m[36m [time_cost:468.125µs][0m
[36mINFO[0m [32m[08/18 14:55:38.858] [0mIPC server shutdown[32m [api][0m[36m[0m
[36mINFO[0m [32m[08/18 14:55:38.858] [0mHttp server shutdown[32m [api][0m[36m[0m
[36mINFO[0m [32m[08/18 14:55:38.858] [0mComponent[http-api-server] stopped[32m [sidecar][0m[36m [time_cost:508.709µs][0m
[36mINFO[0m [32m[08/18 14:55:38.859] [0mComponent[TokenBalanceService] stopped[32m [sidecar][0m[36m [time_cost:1.375µs][0m
[36mINFO[0m [32m[08/18 14:55:38.859] [0mDeployManager stopped[32m [base_deploymanager][0m[36m[0m
[36mINFO[0m [32m[08/18 14:55:38.859] [0mComponent[deploymanager] stopped[32m [sidecar][0m[36m [time_cost:38.292µs][0m
[36mINFO[0m [32m[08/18 14:55:38.859] [0mevent processor stopping[32m [solana_sm][0m[36m[0m
