[36mINFO[0m [32m[08/18 11:01:54.965] [0mtoken-engine version:[32m [app][0m[36m[0m
[36mINFO[0m [32m[08/18 11:01:54.965] [0mSystem version: darwin/arm64[32m [app][0m[36m[0m
[36mINFO[0m [32m[08/18 11:01:54.965] [0mGolang version: go1.24.2[32m [app][0m[36m[0m
[36mINFO[0m [32m[08/18 11:01:54.965] [0mApp build time:[32m [app][0m[36m[0m
[36mINFO[0m [32m[08/18 11:01:54.965] [0mGit commit id:[32m [app][0m[36m[0m
[36mINFO[0m [32m[08/18 11:01:54.965] [0mRepo path: /Users/yanzhixing/Downloads/GitHub/token-engine/deploy[32m [app][0m[36m[0m
[36mINFO[0m [32m[08/18 11:01:54.965] [0mExecutable: /Users/yanzhixing/Downloads/GitHub/token-engine/deploy/tools/bin/token-engine[32m [app][0m[36m[0m
[36mINFO[0m [32m[08/18 11:01:54.965] [0mPID: 95703[32m [app][0m[36m[0m
[36mINFO[0m [32m[08/18 11:01:54.965] [0mUUID node index: 0[32m [app][0m[36m[0m
[36mINFO[0m [32m[08/18 11:01:55.249] [0mcreating new base AxcTxPrepare[32m [base_txprepare][0m[36m[0m
[36mINFO[0m [32m[08/18 11:01:55.249] [0mcreating new base AxcTxExecutor[32m [base_txexecutor][0m[36m[0m
[36mINFO[0m [32m[08/18 11:01:55.249] [0mcreate axc vault idl[32m [solana-idl][0m[36m[0m
[36mINFO[0m [32m[08/18 11:01:55.249] [0mcreate axc vault transaction builder[32m [axc_tx_builder][0m[36m[0m
[36mINFO[0m [32m[08/18 11:01:55.249] [0mcreating Solana chain adaptor[32m [common_chain_adaptor][0m[36m[0m
[36mINFO[0m [32m[08/18 11:01:55.368] [0minitialized all program event definitions[32m [solana_sm][0m[36m [programCount:1][0m
[36mINFO[0m [32m[08/18 11:01:55.368] [0mRegistered transfer provider[32m [transfer-service][0m[36m [chainID:97] [tokens:[BNB USDT USDC]][0m
[36mINFO[0m [32m[08/18 11:01:55.368] [0mRegistered transfer provider[32m [transfer-service][0m[36m [chainID:2494104990] [tokens:[TRX USDT]][0m
[36mINFO[0m [32m[08/18 11:01:55.369] [0mcore api initialized[32m [coreApi][0m[36m[0m
[36mINFO[0m [32m[08/18 11:01:55.801] [0mComponent[sql-connector] started[32m [sidecar][0m[36m [time_cost:431.6665ms][0m
[36mINFO[0m [32m[08/18 11:01:56.985] [0mFinished connect to send tx http rpcs[32m [solana-jsonrpc][0m[36m [cost:1.183957375s] [num:3][0m
[36mINFO[0m [32m[08/18 11:01:57.379] [0mFinished connect to stable http rpcs[32m [solana-jsonrpc][0m[36m [cost:393.671125ms] [num:3][0m
[36mINFO[0m [32m[08/18 11:02:03.592] [0mFinished connect to unstable http rpcs[32m [solana-jsonrpc][0m[36m [cost:6.212449708s] [num:45][0m
[36mINFO[0m [32m[08/18 11:02:04.904] [0mFinished connect to ws rpcs[32m [solana-jsonrpc][0m[36m [cost:1.311922583s] [num:1][0m
[36mINFO[0m [32m[08/18 11:02:05.425] [0mScheduled task started[32m [sidecar][0m[36m [interval:2s] [task:solana-tx-sender[poll-last-block]][0m
[36mINFO[0m [32m[08/18 11:02:05.425] [0msolana submitter started[32m [solana-submitter][0m[36m[0m
[36mINFO[0m [32m[08/18 11:02:05.425] [0mswap submitter started[32m [submitter][0m[36m[0m
[36mINFO[0m [32m[08/18 11:02:05.425] [0mComponent[SwapSubmitter] started[32m [sidecar][0m[36m [time_cost:9.623869459s][0m
[36mINFO[0m [32m[08/18 11:02:05.425] [0mComponent[ExchangeDataService] started[32m [sidecar][0m[36m [time_cost:372.167µs][0m
[36mINFO[0m [32m[08/18 11:02:05.425] [0mComponent[ContractMaterials] started[32m [sidecar][0m[36m [time_cost:3.083µs][0m
[36mINFO[0m [32m[08/18 11:02:05.426] [0mstarting Solana chain adaptor[32m [common_chain_adaptor][0m[36m[0m
[36mINFO[0m [32m[08/18 11:02:05.426] [0mSolana chain adaptor started successfully[32m [common_chain_adaptor][0m[36m[0m
[36mINFO[0m [32m[08/18 11:02:05.426] [0mComponent[common_chain_adaptor] started[32m [sidecar][0m[36m [time_cost:103.042µs][0m
[36mINFO[0m [32m[08/18 11:02:05.428] [0mScheduled task started[32m [sidecar][0m[36m [interval:1h0m0s] [task:UpdateExchangeTokenHolders][0m
[36mINFO[0m [32m[08/18 11:02:05.428] [0mScheduled task started[32m [sidecar][0m[36m [interval:1m0s] [task:StatisticExchangeData][0m
[36mINFO[0m [32m[08/18 11:02:05.501] [0mSolana syncer started[32m [common_chain_adaptor][0m[36m[0m
[36mINFO[0m [32m[08/18 11:02:05.501] [0mComponent[Syncer] started[32m [sidecar][0m[36m [time_cost:74.974333ms][0m
[36mINFO[0m [32m[08/18 11:02:05.708] [0mContract materials loaded successfully[32m [basechain][0m[36m [appid:root] [chainId:84532] [contractCount:9] [errors:0][0m
[36mINFO[0m [32m[08/18 11:02:05.995] [0mNSQ consumer component started[32m [msgqueue][0m[36m[0m
[36mINFO[0m [32m[08/18 11:02:05.995] [0mComponent[msg_queue] started[32m [sidecar][0m[36m [time_cost:494.578958ms][0m
[36mINFO[0m [32m[08/18 11:02:05.996] [0mComponent[solana_sm] started[32m [sidecar][0m[36m [time_cost:3.625µs][0m
[36mINFO[0m [32m[08/18 11:02:05.996] [0mLoading deployment manifest from[32m [base_deploymanager][0m[36m [path:/Users/yanzhixing/Downloads/GitHub/token-engine/deploy/abis][0m
[36mINFO[0m [32m[08/18 11:02:05.996] [0mSolana events manager started[32m [solana_sm][0m[36m[0m
[36mINFO[0m [32m[08/18 11:02:05.996] [0mevent processor started[32m [solana_sm][0m[36m[0m
[36mINFO[0m [32m[08/18 11:02:05.996] [0mComponent[deploymanager] started[32m [sidecar][0m[36m [time_cost:221.292µs][0m
[36mINFO[0m [32m[08/18 11:02:05.996] [0mStarting TokenBalanceService[32m [TokenBalanceService][0m[36m[0m
[36mINFO[0m [32m[08/18 11:02:05.996] [0mComponent[TokenBalanceService] started[32m [sidecar][0m[36m [time_cost:104.125µs][0m
[36mINFO[0m [32m[08/18 11:02:05.997] [0mIPC server listen on: /Users/yanzhixing/Downloads/GitHub/token-engine/deploy/ipc.sock[32m [api][0m[36m[0m
[36mINFO[0m [32m[08/18 11:02:05.997] [0mHttp server listen on: 8082[32m [api][0m[36m[0m
[36mINFO[0m [32m[08/18 11:02:05.997] [0mComponent[http-api-server] started[32m [sidecar][0m[36m [time_cost:784.25µs][0m
[36mINFO[0m [32m[08/18 11:02:05.997] [0mComponent[app] started[32m [sidecar][0m[36m [time_cost:275.416µs][0m
[36mINFO[0m [32m[08/18 11:02:05.997] [0mtoken-engine is ready[32m [sidecar][0m[36m[0m
[36mINFO[0m [32m[08/18 11:02:05.999] [0m=====================================================================================
   __            __                                                  _
  / /_  ____    / /__  ___    ____          ___    ____    ____ _   (_)   ____   ___
 / __/ / __ \  / //_/ / _ \  / __ \ ______ / _ \  / __ \  / __ `/  / /   / __ \ / _ \
/ /_  / /_/ / / ,<   /  __/ / / / //_____//  __/ / / / / / /_/ /  / /   / / / //  __/
\__/  \____/ /_/|_|  \___/ /_/ /_/        \___/ /_/ /_/  \__, /  /_/   /_/ /_/ \___/
                                                        /____/

=====================================================================================[32m [sidecar][0m[36m[0m
[36mINFO[0m [32m[08/18 11:02:14.179] [0mpreparing create vault transaction[32m [base_txprepare][0m[36m [params:&{84532 {0xf39Fd6e51aad88F6F4ce6aB8827279cffFb92266 0xf39Fd6e51aad88F6F4ce6aB8827279cffFb92266 0xf39Fd6e51aad88F6F4ce6aB8827279cffFb92266 0xf39Fd6e51aad88F6F4ce6aB8827279cffFb92266 0xf39Fd6e51aad88F6F4ce6aB8827279cffFb92266} {My Test Token MTT 6 https://example.com/token-metadata.json} {Test 0xf39Fd6e51aad88F6F4ce6aB8827279cffFb92266 1000000 1754832494 1786800494 100 500 1 100000 200 0xf39Fd6e51aad88F6F4ce6aB8827279cffFb92266 0xf39Fd6e51aad88F6F4ce6aB8827279cffFb92266 1} false}][0m
[36mINFO[0m [32m[08/18 11:02:15.227] [0mnonce retrieved successfully[32m [base_txprepare][0m[36m [deployer:0xf39Fd6e51aad88F6F4ce6aB8827279cffFb92266] [nonce:14869][0m
[31mERRO[0m [32m[08/18 11:02:16.133] [0mfailed to create vault transaction[32m [base_txprepare][0m[31m [error:map[error:429 Too Many Requests: {"id":4,"jsonrpc":"2.0","error":{"code":-32005,"message":"rate limit exceeded"}} kind:rpc.HTTPError stack:<nil>]][0m
[31mERRO[0m [32m[08/18 11:02:16.133] [0mAPI request failed[32m [api][0m[31m [uri:/api/v2/primary/vault/prepare_create] [err_code:10001] [err_msg:failed to create vault transaction: 429 Too Many Requests: {"id":4,"jsonrpc":"2.0","error":{"code":-32005,"message":"rate limit exceeded"}}] [method:POST] [ip:127.0.0.1] [http_code:200] [time_cost:1.95559875s] [caller:root][0m
[36mINFO[0m [32m[08/18 11:05:31.259] [0mReceive exit signal: interrupt[32m [sidecar][0m[36m[0m
[36mINFO[0m [32m[08/18 11:05:31.261] [0mComponent[app] stopped[32m [sidecar][0m[36m [time_cost:639.542µs][0m
[36mINFO[0m [32m[08/18 11:05:31.261] [0mIPC server shutdown[32m [api][0m[36m[0m
[36mINFO[0m [32m[08/18 11:05:31.261] [0mHttp server shutdown[32m [api][0m[36m[0m
[36mINFO[0m [32m[08/18 11:05:31.261] [0mComponent[http-api-server] stopped[32m [sidecar][0m[36m [time_cost:464µs][0m
[36mINFO[0m [32m[08/18 11:05:31.262] [0mComponent[TokenBalanceService] stopped[32m [sidecar][0m[36m [time_cost:1.583µs][0m
[36mINFO[0m [32m[08/18 11:05:31.262] [0mDeployManager stopped[32m [base_deploymanager][0m[36m[0m
[36mINFO[0m [32m[08/18 11:05:31.262] [0mComponent[deploymanager] stopped[32m [sidecar][0m[36m [time_cost:49.584µs][0m
