[36mINFO[0m [32m[08/15 10:53:37.150] [0mtoken-engine version:[32m [app][0m[36m[0m
[36mINFO[0m [32m[08/15 10:53:37.151] [0mSystem version: darwin/arm64[32m [app][0m[36m[0m
[36mINFO[0m [32m[08/15 10:53:37.151] [0mGolang version: go1.24.2[32m [app][0m[36m[0m
[36mINFO[0m [32m[08/15 10:53:37.151] [0mApp build time:[32m [app][0m[36m[0m
[36mINFO[0m [32m[08/15 10:53:37.151] [0mGit commit id:[32m [app][0m[36m[0m
[36mINFO[0m [32m[08/15 10:53:37.151] [0mRepo path: /Users/yanzhixing/Downloads/GitHub/token-engine/deploy[32m [app][0m[36m[0m
[36mINFO[0m [32m[08/15 10:53:37.151] [0mExecutable: /Users/yanzhixing/Downloads/GitHub/token-engine/deploy/tools/bin/token-engine[32m [app][0m[36m[0m
[36mINFO[0m [32m[08/15 10:53:37.151] [0mPID: 59970[32m [app][0m[36m[0m
[36mINFO[0m [32m[08/15 10:53:37.151] [0mUUID node index: 0[32m [app][0m[36m[0m
[36mINFO[0m [32m[08/15 10:53:37.468] [0mcreating new base AxcTxPrepare[32m [base_txprepare][0m[36m[0m
[36mINFO[0m [32m[08/15 10:53:37.468] [0mcreating new base AxcTxExecutor[32m [base_txexecutor][0m[36m[0m
[36mINFO[0m [32m[08/15 10:53:37.469] [0mcreate axc vault idl[32m [solana-idl][0m[36m[0m
[36mINFO[0m [32m[08/15 10:53:37.469] [0mcreate axc vault transaction builder[32m [axc_tx_builder][0m[36m[0m
[36mINFO[0m [32m[08/15 10:53:37.469] [0mcreating Solana chain adaptor[32m [common_chain_adaptor][0m[36m[0m
[36mINFO[0m [32m[08/15 10:53:37.826] [0minitialized all program event definitions[32m [solana_sm][0m[36m [programCount:1][0m
[36mINFO[0m [32m[08/15 10:53:37.826] [0mRegistered transfer provider[32m [tron-transfer][0m[36m [chainID:97] [tokens:[BNB USDT USDC]][0m
[36mINFO[0m [32m[08/15 10:53:37.826] [0mRegistered transfer provider[32m [tron-transfer][0m[36m [chainID:2494104990] [tokens:[TRX USDT]][0m
[36mINFO[0m [32m[08/15 10:53:37.826] [0mcore api initialized[32m [coreApi][0m[36m[0m
[36mINFO[0m [32m[08/15 10:53:38.039] [0mComponent[sql-connector] started[32m [sidecar][0m[36m [time_cost:213.361209ms][0m
[36mINFO[0m [32m[08/15 10:53:39.069] [0mFinished connect to send tx http rpcs[32m [solana-jsonrpc][0m[36m [cost:1.029419834s] [num:1][0m
[36mINFO[0m [32m[08/15 10:53:39.400] [0mFinished connect to stable http rpcs[32m [solana-jsonrpc][0m[36m [cost:330.706792ms] [num:1][0m
[36mINFO[0m [32m[08/15 10:53:39.646] [0mFinished connect to unstable http rpcs[32m [solana-jsonrpc][0m[36m [cost:245.519125ms] [num:1][0m
[36mINFO[0m [32m[08/15 10:53:40.430] [0mFinished connect to ws rpcs[32m [solana-jsonrpc][0m[36m [cost:783.760417ms] [num:1][0m
[36mINFO[0m [32m[08/15 10:53:40.954] [0mScheduled task started[32m [sidecar][0m[36m [interval:2s] [task:solana-tx-sender[poll-last-block]][0m
[36mINFO[0m [32m[08/15 10:53:40.954] [0msolana submitter started[32m [solana-submitter][0m[36m[0m
[36mINFO[0m [32m[08/15 10:53:40.954] [0mswap submitter started[32m [submitter][0m[36m[0m
[36mINFO[0m [32m[08/15 10:53:40.954] [0mComponent[SwapSubmitter] started[32m [sidecar][0m[36m [time_cost:2.914678625s][0m
[36mINFO[0m [32m[08/15 10:53:40.954] [0mstart to subscribe exchange data by grpc...[32m [ExchangeDataService][0m[36m[0m
[36mINFO[0m [32m[08/15 10:53:40.954] [0mScheduled task started[32m [sidecar][0m[36m [interval:1m0s] [task:StatisticExchangeData][0m
[36mINFO[0m [32m[08/15 10:53:40.954] [0mScheduled task started[32m [sidecar][0m[36m [interval:1h0m0s] [task:UpdateExchangeTokenHolders][0m
[36mINFO[0m [32m[08/15 10:53:41.485] [0mComponent[ExchangeDataService] started[32m [sidecar][0m[36m [time_cost:530.7495ms][0m
[36mINFO[0m [32m[08/15 10:53:41.486] [0mComponent[ContractMaterials] started[32m [sidecar][0m[36m [time_cost:7.25µs][0m
[36mINFO[0m [32m[08/15 10:53:41.486] [0mstarting Solana chain adaptor[32m [common_chain_adaptor][0m[36m[0m
[36mINFO[0m [32m[08/15 10:53:41.486] [0mSolana chain adaptor started successfully[32m [common_chain_adaptor][0m[36m[0m
[36mINFO[0m [32m[08/15 10:53:41.487] [0mComponent[common_chain_adaptor] started[32m [sidecar][0m[36m [time_cost:616.666µs][0m
[33mWARN[0m [32m[08/15 10:53:41.733] [0mbegin compensate swap event[32m [ExchangeDataService][0m[33m [outer_id From:305520][0m
[36mINFO[0m [32m[08/15 10:53:41.884] [0mContract materials loaded successfully[32m [basechain][0m[36m [appid:root] [chainId:84532] [contractCount:9] [errors:0][0m
[36mINFO[0m [32m[08/15 10:53:42.041] [0mNSQ consumer component started[32m [msgqueue][0m[36m[0m
[36mINFO[0m [32m[08/15 10:53:42.041] [0mComponent[msg_queue] started[32m [sidecar][0m[36m [time_cost:553.312333ms][0m
[36mINFO[0m [32m[08/15 10:53:42.041] [0mComponent[solana_sm] started[32m [sidecar][0m[36m [time_cost:3.25µs][0m
[36mINFO[0m [32m[08/15 10:53:42.041] [0mLoading deployment manifest from[32m [base_deploymanager][0m[36m [path:/Users/yanzhixing/Downloads/GitHub/token-engine/deploy/abis][0m
[36mINFO[0m [32m[08/15 10:53:42.041] [0mComponent[deploymanager] started[32m [sidecar][0m[36m [time_cost:22.958µs][0m
[36mINFO[0m [32m[08/15 10:53:42.041] [0mDeployManager stopped[32m [base_deploymanager][0m[36m[0m
[36mINFO[0m [32m[08/15 10:53:42.041] [0mComponent[deploymanager] stopped[32m [sidecar][0m[36m [time_cost:20.25µs][0m
[36mINFO[0m [32m[08/15 10:53:42.041] [0mScheduled task stopped[32m [sidecar][0m[36m [interval:2s] [task:solana-tx-sender[poll-last-block]][0m
