[36mINFO[0m [32m[08/13 09:49:26.106] [0mtoken-engine version:[32m [app][0m[36m[0m
[36mINFO[0m [32m[08/13 09:49:26.106] [0mSystem version: darwin/arm64[32m [app][0m[36m[0m
[36mINFO[0m [32m[08/13 09:49:26.106] [0mGolang version: go1.24.2[32m [app][0m[36m[0m
[36mINFO[0m [32m[08/13 09:49:26.106] [0mApp build time:[32m [app][0m[36m[0m
[36mINFO[0m [32m[08/13 09:49:26.106] [0mGit commit id:[32m [app][0m[36m[0m
[36mINFO[0m [32m[08/13 09:49:26.106] [0mRepo path: /Users/yanzhixing/Downloads/GitHub/token-engine/deploy[32m [app][0m[36m[0m
[36mINFO[0m [32m[08/13 09:49:26.106] [0mExecutable: /Users/yanzhixing/Downloads/GitHub/token-engine/deploy/tools/bin/token-engine[32m [app][0m[36m[0m
[36mINFO[0m [32m[08/13 09:49:26.106] [0mPID: 98479[32m [app][0m[36m[0m
[36mINFO[0m [32m[08/13 09:49:26.106] [0mUUID node index: 0[32m [app][0m[36m[0m
[36mINFO[0m [32m[08/13 09:49:26.373] [0mcreating new base AxcTxPrepare[32m [base_txprepare][0m[36m[0m
[36mINFO[0m [32m[08/13 09:49:26.374] [0mcreating new base AxcTxExecutor[32m [base_txexecutor][0m[36m[0m
[36mINFO[0m [32m[08/13 09:49:26.374] [0mcreate axc vault idl[32m [solana-idl][0m[36m[0m
[36mINFO[0m [32m[08/13 09:49:26.374] [0mcreate axc vault transaction builder[32m [axc_tx_builder][0m[36m[0m
[36mINFO[0m [32m[08/13 09:49:26.375] [0mcreating Solana chain adaptor[32m [common_chain_adaptor][0m[36m[0m
[36mINFO[0m [32m[08/13 09:49:26.646] [0minitialized all program event definitions[32m [solana_sm][0m[36m [programCount:1][0m
[36mINFO[0m [32m[08/13 09:49:26.647] [0mRegistered transfer provider[32m [tron-transfer][0m[36m [chainID:97] [tokens:[BNB USDT USDC]][0m
[36mINFO[0m [32m[08/13 09:49:26.647] [0mRegistered transfer provider[32m [tron-transfer][0m[36m [chainID:2494104990] [tokens:[TRX USDT]][0m
[36mINFO[0m [32m[08/13 09:49:26.647] [0mcore api initialized[32m [coreApi][0m[36m[0m
[36mINFO[0m [32m[08/13 09:49:27.074] [0mComponent[sql-connector] started[32m [sidecar][0m[36m [time_cost:425.52425ms][0m
[36mINFO[0m [32m[08/13 09:49:28.094] [0mFinished connect to send tx http rpcs[32m [solana-jsonrpc][0m[36m [cost:1.019667375s] [num:1][0m
[36mINFO[0m [32m[08/13 09:49:28.396] [0mFinished connect to stable http rpcs[32m [solana-jsonrpc][0m[36m [cost:300.583792ms] [num:1][0m
[36mINFO[0m [32m[08/13 09:49:28.757] [0mFinished connect to unstable http rpcs[32m [solana-jsonrpc][0m[36m [cost:360.658958ms] [num:1][0m
[36mINFO[0m [32m[08/13 09:49:29.507] [0mFinished connect to ws rpcs[32m [solana-jsonrpc][0m[36m [cost:749.683458ms] [num:1][0m
[36mINFO[0m [32m[08/13 09:49:30.009] [0mScheduled task started[32m [sidecar][0m[36m [interval:2s] [task:solana-tx-sender[poll-last-block]][0m
[36mINFO[0m [32m[08/13 09:49:30.009] [0msolana submitter started[32m [solana-submitter][0m[36m[0m
[36mINFO[0m [32m[08/13 09:49:30.010] [0mswap submitter started[32m [submitter][0m[36m[0m
[36mINFO[0m [32m[08/13 09:49:30.010] [0mComponent[SwapSubmitter] started[32m [sidecar][0m[36m [time_cost:2.935499167s][0m
[36mINFO[0m [32m[08/13 09:49:30.010] [0mstart to subscribe exchange data by grpc...[32m [ExchangeDataService][0m[36m[0m
[36mINFO[0m [32m[08/13 09:49:30.010] [0mScheduled task started[32m [sidecar][0m[36m [interval:1m0s] [task:StatisticExchangeData][0m
[36mINFO[0m [32m[08/13 09:49:30.010] [0mScheduled task started[32m [sidecar][0m[36m [interval:1h0m0s] [task:UpdateExchangeTokenHolders][0m
[36mINFO[0m [32m[08/13 09:49:30.587] [0mComponent[ExchangeDataService] started[32m [sidecar][0m[36m [time_cost:577.215792ms][0m
[36mINFO[0m [32m[08/13 09:49:30.587] [0mComponent[ContractMaterials] started[32m [sidecar][0m[36m [time_cost:7.208µs][0m
[36mINFO[0m [32m[08/13 09:49:30.587] [0mstarting Solana chain adaptor[32m [common_chain_adaptor][0m[36m[0m
[36mINFO[0m [32m[08/13 09:49:30.587] [0mSolana chain adaptor started successfully[32m [common_chain_adaptor][0m[36m[0m
[36mINFO[0m [32m[08/13 09:49:30.587] [0mComponent[common_chain_adaptor] started[32m [sidecar][0m[36m [time_cost:108.667µs][0m
[33mWARN[0m [32m[08/13 09:49:30.713] [0mbegin compensate swap event[32m [ExchangeDataService][0m[33m [outer_id From:253385][0m
[36mINFO[0m [32m[08/13 09:49:30.912] [0mContract materials loaded successfully[32m [basechain][0m[36m [appid:root] [chainId:84532] [contractCount:9] [errors:0][0m
[36mINFO[0m [32m[08/13 09:49:31.121] [0mNSQ consumer component started[32m [msgqueue][0m[36m[0m
[36mINFO[0m [32m[08/13 09:49:31.121] [0mComponent[msg_queue] started[32m [sidecar][0m[36m [time_cost:533.703208ms][0m
[36mINFO[0m [32m[08/13 09:49:31.122] [0mComponent[solana_sm] started[32m [sidecar][0m[36m [time_cost:14µs][0m
[36mINFO[0m [32m[08/13 09:49:31.122] [0mLoading deployment manifest from[32m [base_deploymanager][0m[36m [path:/Users/yanzhixing/Downloads/GitHub/token-engine/deploy/abis][0m
[36mINFO[0m [32m[08/13 09:49:31.122] [0mComponent[deploymanager] started[32m [sidecar][0m[36m [time_cost:163.292µs][0m
[36mINFO[0m [32m[08/13 09:49:31.124] [0mIPC server listen on: /Users/yanzhixing/Downloads/GitHub/token-engine/deploy/ipc.sock[32m [api][0m[36m[0m
[36mINFO[0m [32m[08/13 09:49:31.125] [0mHttp server listen on: 8082[32m [api][0m[36m[0m
[36mINFO[0m [32m[08/13 09:49:31.125] [0mComponent[http-api-server] started[32m [sidecar][0m[36m [time_cost:2.835ms][0m
[36mINFO[0m [32m[08/13 09:49:31.126] [0mComponent[app] started[32m [sidecar][0m[36m [time_cost:649.5µs][0m
[36mINFO[0m [32m[08/13 09:49:31.126] [0mtoken-engine is ready[32m [sidecar][0m[36m[0m
[36mINFO[0m [32m[08/13 09:49:31.128] [0m=====================================================================================
   __            __                                                  _
  / /_  ____    / /__  ___    ____          ___    ____    ____ _   (_)   ____   ___
 / __/ / __ \  / //_/ / _ \  / __ \ ______ / _ \  / __ \  / __ `/  / /   / __ \ / _ \
/ /_  / /_/ / / ,<   /  __/ / / / //_____//  __/ / / / / / /_/ /  / /   / / / //  __/
\__/  \____/ /_/|_|  \___/ /_/ /_/        \___/ /_/ /_/  \__, /  /_/   /_/ /_/ \___/
                                                        /____/

=====================================================================================[32m [sidecar][0m[36m[0m
[36mINFO[0m [32m[08/13 09:49:31.193] [0mevent processor started[32m [solana_sm][0m[36m[0m
[36mINFO[0m [32m[08/13 09:49:31.193] [0mSolana events manager started[32m [solana_sm][0m[36m[0m
[36mINFO[0m [32m[08/13 09:50:25.861] [0mpreparing create vault transaction[32m [base_txprepare][0m[36m [params:&{8453 {0x4d6Ca5A0517cc18d66FEA10a51486fA0351bF61A 0x4d6Ca5A0517cc18d66FEA10a51486fA0351bF61A 0x4d6Ca5A0517cc18d66FEA10a51486fA0351bF61A 0x4d6Ca5A0517cc18d66FEA10a51486fA0351bF61A} {My Test Token MTT 18 https://example.com/token-metadata.json} {0xA0b86a33E6441E6C7D3E4C2C4C6C6C6C6C6C6C6C 1000000 1703980800 1704067200 100 500 0.1 100000 200 0x1234567890123456789012345678901234567890 0x1234567890123456789012345678901234567890 1} false}][0m
[36mINFO[0m [32m[08/13 09:50:33.013] [0msuccessfully prepared create vault transaction[32m [base_txprepare][0m[36m [txHash:0xec63bb9d2dc4b1b58085feeb0631dff8451cebe2ce9c439957a5c0ded0048bf4][0m
[36mINFO[0m [32m[08/13 09:50:33.013] [0mAPI request[32m [api][0m[36m [uri:/api/v2/primary/vault/prepare_create] [method:POST] [ip:127.0.0.1] [http_code:200] [time_cost:7.153896041s] [caller:root][0m
[36mINFO[0m [32m[08/13 09:50:41.304] [0mpreparing deposit transaction[32m [base_txprepare][0m[36m [params:&{8453 0x4d6Ca5A0517cc18d66FEA10a51486fA0351bF61A 0x4d6Ca5A0517cc18d66FEA10a51486fA0351bF61A  1}][0m
[36mINFO[0m [32m[08/13 09:50:42.263] [0msuccessfully prepared deposit transaction[32m [base_txprepare][0m[36m [txHash:0x7a39e79d3d66a382a4fcfc85afb1d54652d19ce63372c6bb7ab2d845e18d34de][0m
[36mINFO[0m [32m[08/13 09:50:42.263] [0mAPI request[32m [api][0m[36m [uri:/api/v2/primary/vault/prepare_deposit] [method:POST] [ip:127.0.0.1] [http_code:200] [time_cost:959.522584ms] [caller:root][0m
[36mINFO[0m [32m[08/13 09:50:48.273] [0mpreparing withdraw transaction[32m [base_txprepare][0m[36m [params:&{8453 0x4d6Ca5A0517cc18d66FEA10a51486fA0351bF61A  0x4d6Ca5A0517cc18d66FEA10a51486fA0351bF61A  1}][0m
[36mINFO[0m [32m[08/13 09:50:49.307] [0mAPI request[32m [api][0m[36m [uri:/api/v2/primary/vault/prepare_withdraw] [method:POST] [ip:127.0.0.1] [http_code:200] [time_cost:1.033538958s] [caller:root][0m
[36mINFO[0m [32m[08/13 09:50:52.550] [0mpreparing distribute dividend transaction[32m [base_txprepare][0m[36m [params:&{8453 0x4d6Ca5A0517cc18d66FEA10a51486fA0351bF61A 1}][0m
[36mINFO[0m [32m[08/13 09:50:53.209] [0mAPI request[32m [api][0m[36m [uri:/api/v2/primary/vault/prepare_distribute_dividend] [method:POST] [ip:127.0.0.1] [http_code:200] [time_cost:658.714041ms] [caller:root][0m
[36mINFO[0m [32m[08/13 09:50:57.251] [0mpreparing claim profit transaction[32m [base_txprepare][0m[36m [params:&{8453 0x4d6Ca5A0517cc18d66FEA10a51486fA0351bF61A 0x4d6Ca5A0517cc18d66FEA10a51486fA0351bF61A  1}][0m
[36mINFO[0m [32m[08/13 09:50:57.900] [0mAPI request[32m [api][0m[36m [uri:/api/v2/primary/vault/prepare_claim_profit] [method:POST] [ip:127.0.0.1] [http_code:200] [time_cost:648.95625ms] [caller:root][0m
[36mINFO[0m [32m[08/13 09:51:01.490] [0mpreparing redeem transaction[32m [base_txprepare][0m[36m [params:&{8453 0x4d6Ca5A0517cc18d66FEA10a51486fA0351bF61A 0x4d6Ca5A0517cc18d66FEA10a51486fA0351bF61A  1}][0m
[36mINFO[0m [32m[08/13 09:51:02.193] [0mAPI request[32m [api][0m[36m [uri:/api/v2/primary/vault/prepare_redeem] [method:POST] [ip:127.0.0.1] [http_code:200] [time_cost:703.298833ms] [caller:root][0m
[36mINFO[0m [32m[08/13 09:51:05.343] [0mpreparing funding overview transaction[32m [base_txprepare][0m[36m [params:&{8453 0x4d6Ca5A0517cc18d66FEA10a51486fA0351bF61A }][0m
[36mINFO[0m [32m[08/13 09:51:05.999] [0mAPI request[32m [api][0m[36m [uri:/api/v2/primary/vault/funding_overview] [method:GET] [ip:127.0.0.1] [http_code:200] [time_cost:656.049958ms] [caller:root][0m
[31mERRO[0m [32m[08/13 09:51:12.332] [0mAPI request failed[32m [api][0m[31m [uri:/api/v2/transfer/prepare] [err_code:10001] [err_msg:Key: 'TransferPrepareReq.ChainID' Error:Field validation for 'ChainID' failed on the 'required' tag] [method:POST] [ip:127.0.0.1] [http_code:200] [time_cost:147.25µs] [caller:root][0m
[31mERRO[0m [32m[08/13 09:51:19.862] [0mAPI request failed[32m [api][0m[31m [uri:/api/v2/transfer/prepare] [err_code:10001] [err_msg:Key: 'TransferPrepareReq.ChainID' Error:Field validation for 'ChainID' failed on the 'required' tag] [method:POST] [ip:127.0.0.1] [http_code:200] [time_cost:56.625µs] [caller:root][0m
[31mERRO[0m [32m[08/13 09:52:16.716] [0mAPI request failed[32m [api][0m[31m [uri:/api/v2/transfer/prepare] [err_code:10001] [err_msg:json: cannot unmarshal string into Go struct field TransferPrepareReq.chain_id of type int64] [method:POST] [ip:127.0.0.1] [http_code:200] [time_cost:128.833µs] [caller:root][0m
[36mINFO[0m [32m[08/13 09:52:39.846] [0mPreparing transfer[32m [basechain][0m[36m [amount:0.000001] [from:0x4d6Ca5A0517cc18d66FEA10a51486fA0351bF61A] [to:0x4d6Ca5A0517cc18d66FEA10a51486fA0351bF61A] [tokenAddr:] [tokenType:ETH][0m
[36mINFO[0m [32m[08/13 09:52:41.285] [0mETH transfer prepared[32m [basechain][0m[36m [amount:1000000000000] [balance:8268306009036733] [chainID:84532] [gasLimit:21000] [gasPrice:1000053] [nonce:35] [unsignedTxHex:0xe723830f4275825208944d6ca5a0517cc18d66fea10a51486fa0351bf61a85e8d4a5100080808080][0m
[36mINFO[0m [32m[08/13 09:52:41.286] [0mAPI request[32m [api][0m[36m [uri:/api/v2/transfer/prepare] [method:POST] [ip:127.0.0.1] [http_code:200] [time_cost:1.440245s] [caller:root][0m
[31mERRO[0m [32m[08/13 09:54:06.085] [0mAPI request failed[32m [api][0m[31m [uri:/api/v2/transfer/submit] [err_code:10001] [err_msg:Key: 'TransferSubmitReq.ChainID' Error:Field validation for 'ChainID' failed on the 'required' tag] [method:POST] [ip:127.0.0.1] [http_code:200] [time_cost:237.042µs] [caller:root][0m
[36mINFO[0m [32m[08/13 09:54:10.417] [0mSubmitting signed transfer[32m [basechain][0m[36m [txHex:0x4d6Ca5A0517cc18d66FEA10a51486fA0351bF61A][0m
[31mERRO[0m [32m[08/13 09:54:10.417] [0mFailed to unmarshal signed transaction[32m [basechain][0m[31m [error:map[error:transaction type not supported kind:*errors.errorString stack:<nil>]][0m
[31mERRO[0m [32m[08/13 09:54:10.418] [0mAPI request failed[32m [api][0m[31m [uri:/api/v2/transfer/submit] [err_code:10001] [err_msg:transaction type not supported] [method:POST] [ip:127.0.0.1] [http_code:200] [time_cost:724.792µs] [caller:root][0m
[31mERRO[0m [32m[08/13 09:54:21.733] [0mFailed to prepare deployment tx[32m [base_deploymanager][0m[31m [contract:MockUSDT] [error:map[error:failed to pack constructor arguments: argument count mismatch: got 0 for 2 kind:*fmt.wrapError stack:<nil>]][0m
[36mINFO[0m [32m[08/13 09:54:21.734] [0mAPI request[32m [api][0m[36m [uri:/api/v2/deploy/prepare] [method:POST] [ip:127.0.0.1] [http_code:200] [time_cost:2.146125625s] [caller:root][0m
[36mINFO[0m [32m[08/13 09:54:30.523] [0mAPI request[32m [api][0m[36m [uri:/api/v2/deploy/submit] [method:POST] [ip:127.0.0.1] [http_code:200] [time_cost:315.75µs] [caller:root][0m
[36mINFO[0m [32m[08/13 10:40:17.868] [0mReceive exit signal: interrupt[32m [sidecar][0m[36m[0m
[36mINFO[0m [32m[08/13 10:40:17.873] [0mComponent[app] stopped[32m [sidecar][0m[36m [time_cost:1.050959ms][0m
[36mINFO[0m [32m[08/13 10:40:17.874] [0mHttp server shutdown[32m [api][0m[36m[0m
[36mINFO[0m [32m[08/13 10:40:17.874] [0mComponent[http-api-server] stopped[32m [sidecar][0m[36m [time_cost:644.167µs][0m
[36mINFO[0m [32m[08/13 10:40:17.874] [0mIPC server shutdown[32m [api][0m[36m[0m
[36mINFO[0m [32m[08/13 10:40:17.875] [0mDeployManager stopped[32m [base_deploymanager][0m[36m[0m
[36mINFO[0m [32m[08/13 10:40:17.875] [0mComponent[deploymanager] stopped[32m [sidecar][0m[36m [time_cost:499.083µs][0m
[36mINFO[0m [32m[08/13 10:40:17.875] [0mevent processor stopping[32m [solana_sm][0m[36m[0m
[36mINFO[0m [32m[08/13 10:40:17.875] [0mScheduled task stopped[32m [sidecar][0m[36m [interval:2s] [task:solana-tx-sender[poll-last-block]][0m
