[36mINFO[0m [32m[08/15 18:20:40.946] [0mtoken-engine version:[32m [app][0m[36m[0m
[36mINFO[0m [32m[08/15 18:20:40.946] [0mSystem version: darwin/arm64[32m [app][0m[36m[0m
[36mINFO[0m [32m[08/15 18:20:40.946] [0mGolang version: go1.24.2[32m [app][0m[36m[0m
[36mINFO[0m [32m[08/15 18:20:40.946] [0mApp build time:[32m [app][0m[36m[0m
[36mINFO[0m [32m[08/15 18:20:40.946] [0mGit commit id:[32m [app][0m[36m[0m
[36mINFO[0m [32m[08/15 18:20:40.946] [0mRepo path: /Users/yanzhixing/Downloads/GitHub/token-engine/deploy[32m [app][0m[36m[0m
[36mINFO[0m [32m[08/15 18:20:40.946] [0mExecutable: /Users/yanzhixing/Downloads/GitHub/token-engine/deploy/tools/bin/token-engine[32m [app][0m[36m[0m
[36mINFO[0m [32m[08/15 18:20:40.946] [0mPID: 28152[32m [app][0m[36m[0m
[36mINFO[0m [32m[08/15 18:20:40.946] [0mUUID node index: 0[32m [app][0m[36m[0m
[36mINFO[0m [32m[08/15 18:20:41.239] [0mcreating new base AxcTxPrepare[32m [base_txprepare][0m[36m[0m
[36mINFO[0m [32m[08/15 18:20:41.239] [0mcreating new base AxcTxExecutor[32m [base_txexecutor][0m[36m[0m
[36mINFO[0m [32m[08/15 18:20:41.239] [0mcreate axc vault idl[32m [solana-idl][0m[36m[0m
[36mINFO[0m [32m[08/15 18:20:41.239] [0mcreate axc vault transaction builder[32m [axc_tx_builder][0m[36m[0m
[36mINFO[0m [32m[08/15 18:20:41.239] [0mcreating Solana chain adaptor[32m [common_chain_adaptor][0m[36m[0m
[36mINFO[0m [32m[08/15 18:20:41.408] [0minitialized all program event definitions[32m [solana_sm][0m[36m [programCount:1][0m
[36mINFO[0m [32m[08/15 18:20:41.409] [0mRegistered transfer provider[32m [tron-transfer][0m[36m [chainID:97] [tokens:[BNB USDT USDC]][0m
[36mINFO[0m [32m[08/15 18:20:41.410] [0mRegistered transfer provider[32m [tron-transfer][0m[36m [chainID:2494104990] [tokens:[TRX USDT]][0m
[36mINFO[0m [32m[08/15 18:20:41.410] [0mcore api initialized[32m [coreApi][0m[36m[0m
[36mINFO[0m [32m[08/15 18:20:41.577] [0mComponent[sql-connector] started[32m [sidecar][0m[36m [time_cost:166.204166ms][0m
[36mINFO[0m [32m[08/15 18:20:42.455] [0mFinished connect to send tx http rpcs[32m [solana-jsonrpc][0m[36m [cost:877.948708ms] [num:1][0m
[36mINFO[0m [32m[08/15 18:20:42.794] [0mFinished connect to stable http rpcs[32m [solana-jsonrpc][0m[36m [cost:338.259583ms] [num:1][0m
[36mINFO[0m [32m[08/15 18:20:43.124] [0mFinished connect to unstable http rpcs[32m [solana-jsonrpc][0m[36m [cost:329.852292ms] [num:1][0m
[36mINFO[0m [32m[08/15 18:20:44.171] [0mFinished connect to ws rpcs[32m [solana-jsonrpc][0m[36m [cost:1.046691166s] [num:1][0m
[36mINFO[0m [32m[08/15 18:20:44.666] [0mScheduled task started[32m [sidecar][0m[36m [interval:2s] [task:solana-tx-sender[poll-last-block]][0m
[36mINFO[0m [32m[08/15 18:20:44.666] [0msolana submitter started[32m [solana-submitter][0m[36m[0m
[36mINFO[0m [32m[08/15 18:20:44.666] [0mswap submitter started[32m [submitter][0m[36m[0m
[36mINFO[0m [32m[08/15 18:20:44.666] [0mComponent[SwapSubmitter] started[32m [sidecar][0m[36m [time_cost:3.088678167s][0m
[36mINFO[0m [32m[08/15 18:20:44.666] [0mstart to subscribe exchange data by grpc...[32m [ExchangeDataService][0m[36m[0m
[36mINFO[0m [32m[08/15 18:20:44.666] [0mScheduled task started[32m [sidecar][0m[36m [interval:1m0s] [task:StatisticExchangeData][0m
[36mINFO[0m [32m[08/15 18:20:44.666] [0mScheduled task started[32m [sidecar][0m[36m [interval:1h0m0s] [task:UpdateExchangeTokenHolders][0m
[36mINFO[0m [32m[08/15 18:20:45.334] [0mComponent[ExchangeDataService] started[32m [sidecar][0m[36m [time_cost:667.727292ms][0m
[36mINFO[0m [32m[08/15 18:20:45.334] [0mComponent[ContractMaterials] started[32m [sidecar][0m[36m [time_cost:25.084µs][0m
[36mINFO[0m [32m[08/15 18:20:45.334] [0mstarting Solana chain adaptor[32m [common_chain_adaptor][0m[36m[0m
[36mINFO[0m [32m[08/15 18:20:45.334] [0mSolana chain adaptor started successfully[32m [common_chain_adaptor][0m[36m[0m
[36mINFO[0m [32m[08/15 18:20:45.334] [0mComponent[common_chain_adaptor] started[32m [sidecar][0m[36m [time_cost:35.916µs][0m
[33mWARN[0m [32m[08/15 18:20:45.490] [0mbegin compensate swap event[32m [ExchangeDataService][0m[33m [outer_id From:307735][0m
[36mINFO[0m [32m[08/15 18:20:45.745] [0mContract materials loaded successfully[32m [basechain][0m[36m [appid:root] [chainId:84532] [contractCount:9] [errors:0][0m
[36mINFO[0m [32m[08/15 18:20:45.922] [0mNSQ consumer component started[32m [msgqueue][0m[36m[0m
[36mINFO[0m [32m[08/15 18:20:45.922] [0mComponent[msg_queue] started[32m [sidecar][0m[36m [time_cost:587.8665ms][0m
[36mINFO[0m [32m[08/15 18:20:45.922] [0mComponent[solana_sm] started[32m [sidecar][0m[36m [time_cost:4.417µs][0m
[36mINFO[0m [32m[08/15 18:20:45.922] [0mLoading deployment manifest from[32m [base_deploymanager][0m[36m [path:/Users/yanzhixing/Downloads/GitHub/token-engine/deploy/abis][0m
[36mINFO[0m [32m[08/15 18:20:45.922] [0mComponent[deploymanager] started[32m [sidecar][0m[36m [time_cost:49.75µs][0m
[36mINFO[0m [32m[08/15 18:20:45.923] [0mIPC server listen on: /Users/yanzhixing/Downloads/GitHub/token-engine/deploy/ipc.sock[32m [api][0m[36m[0m
[36mINFO[0m [32m[08/15 18:20:45.923] [0mHttp server listen on: 8082[32m [api][0m[36m[0m
[36mINFO[0m [32m[08/15 18:20:45.923] [0mComponent[http-api-server] started[32m [sidecar][0m[36m [time_cost:719.833µs][0m
[36mINFO[0m [32m[08/15 18:20:45.923] [0mComponent[app] started[32m [sidecar][0m[36m [time_cost:261.041µs][0m
[36mINFO[0m [32m[08/15 18:20:45.923] [0mtoken-engine is ready[32m [sidecar][0m[36m[0m
[36mINFO[0m [32m[08/15 18:20:45.924] [0m=====================================================================================
   __            __                                                  _
  / /_  ____    / /__  ___    ____          ___    ____    ____ _   (_)   ____   ___
 / __/ / __ \  / //_/ / _ \  / __ \ ______ / _ \  / __ \  / __ `/  / /   / __ \ / _ \
/ /_  / /_/ / / ,<   /  __/ / / / //_____//  __/ / / / / / /_/ /  / /   / / / //  __/
\__/  \____/ /_/|_|  \___/ /_/ /_/        \___/ /_/ /_/  \__, /  /_/   /_/ /_/ \___/
                                                        /____/

=====================================================================================[32m [sidecar][0m[36m[0m
[36mINFO[0m [32m[08/15 18:20:46.102] [0mSolana events manager started[32m [solana_sm][0m[36m[0m
[36mINFO[0m [32m[08/15 18:20:46.102] [0mevent processor started[32m [solana_sm][0m[36m[0m
[33mWARN[0m [32m[08/15 18:20:47.954] [0mstop compensate swap event[32m [ExchangeDataService][0m[33m [outer_id end:307734][0m
[31mERRO[0m [32m[08/15 18:20:50.758] [0mAPI request failed[32m [api][0m[31m [uri:/api/v2/primary/vault/prepare_create] [err_code:10001] [err_msg:Key: 'VaultCreateReq.ManagementData.DividendManager' Error:Field validation for 'DividendManager' failed on the 'required' tag] [method:POST] [ip:127.0.0.1] [http_code:200] [time_cost:1.481ms] [caller:root][0m
[36mINFO[0m [32m[08/15 18:21:24.018] [0mpreparing create vault transaction[32m [base_txprepare][0m[36m [params:&{84532 {0x4d6Ca5A0517cc18d66FEA10a51486fA0351bF61A 0x4d6Ca5A0517cc18d66FEA10a51486fA0351bF61A 0x4d6Ca5A0517cc18d66FEA10a51486fA0351bF61A 0x4d6Ca5A0517cc18d66FEA10a51486fA0351bF61A 0x4d6Ca5A0517cc18d66FEA10a51486fA0351bF61A} {My Test Token MTT 18 https://example.com/token-metadata.json} {Test 0xA0b86a33E6441E6C7D3E4C2C4C6C6C6C6C6C6C6C 1000000 1703980800 1704067200 100 500 0.1 100000 200 0x1234567890123456789012345678901234567890 0x1234567890123456789012345678901234567890 1} false}][0m
[36mINFO[0m [32m[08/15 18:21:27.955] [0msuccessfully prepared create vault transaction[32m [base_txprepare][0m[36m [txHash:0x0b6bd99adba89e21a04dd01c1920a42454c260ccd1ff90aa0bc8e0bf6af1c12e][0m
[36mINFO[0m [32m[08/15 18:21:27.955] [0mqueryVaultCreated[32m [base_txprepare][0m[36m[0m
[36mINFO[0m [32m[08/15 18:21:27.955] [0mqueryVaultCreated[32m [base_txprepare][0m[36m [txHash:0x0b6bd99adba89e21a04dd01c1920a42454c260ccd1ff90aa0bc8e0bf6af1c12e][0m
[36mINFO[0m [32m[08/15 18:21:28.258] [0mqueryVaultCreated[32m [base_txprepare][0m[36m [receipt:&{0 [] 0 769315 [0 0 0 0 0 0 0 0 0 0 0 0 0 0 0 0 0 0 0 0 0 0 0 0 0 0 0 0 0 0 0 0 0 0 0 0 0 0 0 0 0 0 0 0 0 0 0 0 0 0 0 0 0 0 0 0 0 0 0 0 0 0 0 0 0 0 0 0 0 0 0 0 0 0 0 0 0 0 0 0 0 0 0 0 0 0 0 0 0 0 0 0 0 0 0 0 0 0 0 0 0 0 0 0 0 0 0 0 0 0 0 0 0 0 0 0 0 0 0 0 0 0 0 0 0 0 0 0 0 0 0 0 0 0 0 0 0 0 0 0 0 0 0 0 0 0 0 0 0 0 0 0 0 0 0 0 0 0 0 0 0 0 0 0 0 0 0 0 0 0 0 0 0 0 0 0 0 0 0 0 0 0 0 0 0 0 0 0 0 0 0 0 0 0 0 0 0 0 0 0 0 0 0 0 0 0 0 0 0 0 0 0 0 0 0 0 0 0 0 0 0 0 0 0 0 0 0 0 0 0 0 0 0 0 0 0 0 0 0 0 0 0 0 0 0 0 0 0 0 0 0 0 0 0 0 0] [] 0x0b6bd99adba89e21a04dd01c1920a42454c260ccd1ff90aa0bc8e0bf6af1c12e 0x0000000000000000000000000000000000000000 39770 1000061 0 <nil> 0x56f1b544225e2620327c1d734ce37bb46251fd36a74c57451efbc7ea8bf49da4 29742501 2}][0m
[36mINFO[0m [32m[08/15 18:21:28.259] [0mAPI request[32m [api][0m[36m [uri:/api/v2/primary/vault/prepare_create] [method:POST] [ip:127.0.0.1] [http_code:200] [time_cost:4.240608417s] [caller:root][0m
[36mINFO[0m [32m[08/15 18:41:40.727] [0mReceive exit signal: interrupt[32m [sidecar][0m[36m[0m
[36mINFO[0m [32m[08/15 18:41:40.732] [0mComponent[app] stopped[32m [sidecar][0m[36m [time_cost:1.142ms][0m
[36mINFO[0m [32m[08/15 18:41:40.734] [0mComponent[http-api-server] stopped[32m [sidecar][0m[36m [time_cost:1.426083ms][0m
[36mINFO[0m [32m[08/15 18:41:40.734] [0mIPC server shutdown[32m [api][0m[36m[0m
[36mINFO[0m [32m[08/15 18:41:40.734] [0mHttp server shutdown[32m [api][0m[36m[0m
[36mINFO[0m [32m[08/15 18:41:40.734] [0mDeployManager stopped[32m [base_deploymanager][0m[36m[0m
[36mINFO[0m [32m[08/15 18:41:40.734] [0mComponent[deploymanager] stopped[32m [sidecar][0m[36m [time_cost:209.083µs][0m
[36mINFO[0m [32m[08/15 18:41:40.734] [0mevent processor stopping[32m [solana_sm][0m[36m[0m
[36mINFO[0m [32m[08/15 18:41:40.735] [0mScheduled task stopped[32m [sidecar][0m[36m [interval:2s] [task:solana-tx-sender[poll-last-block]][0m
