[36mINFO[0m [32m[08/14 15:36:48.636] [0mtoken-engine version:[32m [app][0m[36m[0m
[36mINFO[0m [32m[08/14 15:36:48.637] [0mSystem version: darwin/arm64[32m [app][0m[36m[0m
[36mINFO[0m [32m[08/14 15:36:48.637] [0mGolang version: go1.24.2[32m [app][0m[36m[0m
[36mINFO[0m [32m[08/14 15:36:48.637] [0mApp build time:[32m [app][0m[36m[0m
[36mINFO[0m [32m[08/14 15:36:48.637] [0mGit commit id:[32m [app][0m[36m[0m
[36mINFO[0m [32m[08/14 15:36:48.637] [0mRepo path: /Users/yanzhixing/Downloads/GitHub/token-engine/deploy[32m [app][0m[36m[0m
[36mINFO[0m [32m[08/14 15:36:48.637] [0mExecutable: /Users/yanzhixing/Downloads/GitHub/token-engine/deploy/tools/bin/token-engine[32m [app][0m[36m[0m
[36mINFO[0m [32m[08/14 15:36:48.637] [0mPID: 34088[32m [app][0m[36m[0m
[36mINFO[0m [32m[08/14 15:36:48.637] [0mUUID node index: 0[32m [app][0m[36m[0m
[36mINFO[0m [32m[08/14 15:36:57.526] [0mcreating new base AxcTxPrepare[32m [base_txprepare][0m[36m[0m
[36mINFO[0m [32m[08/14 15:36:57.526] [0mcreating new base AxcTxExecutor[32m [base_txexecutor][0m[36m[0m
[36mINFO[0m [32m[08/14 15:36:57.527] [0mcreate axc vault idl[32m [solana-idl][0m[36m[0m
[36mINFO[0m [32m[08/14 15:36:57.527] [0mcreate axc vault transaction builder[32m [axc_tx_builder][0m[36m[0m
[36mINFO[0m [32m[08/14 15:36:57.527] [0mcreating Solana chain adaptor[32m [common_chain_adaptor][0m[36m[0m
[36mINFO[0m [32m[08/14 15:37:01.571] [0minitialized all program event definitions[32m [solana_sm][0m[36m [programCount:1][0m
[36mINFO[0m [32m[08/14 15:37:01.571] [0mRegistered transfer provider[32m [tron-transfer][0m[36m [chainID:97] [tokens:[BNB USDT USDC]][0m
[36mINFO[0m [32m[08/14 15:37:01.572] [0mRegistered transfer provider[32m [tron-transfer][0m[36m [chainID:2494104990] [tokens:[TRX USDT]][0m
[36mINFO[0m [32m[08/14 15:37:01.572] [0mcore api initialized[32m [coreApi][0m[36m[0m
[36mINFO[0m [32m[08/14 15:37:06.609] [0mComponent[sql-connector] started[32m [sidecar][0m[36m [time_cost:5.036610875s][0m
[36mINFO[0m [32m[08/14 15:37:08.462] [0mFinished connect to send tx http rpcs[32m [solana-jsonrpc][0m[36m [cost:1.853546458s] [num:1][0m
[36mINFO[0m [32m[08/14 15:37:09.131] [0mFinished connect to stable http rpcs[32m [solana-jsonrpc][0m[36m [cost:668.473959ms] [num:1][0m
[36mINFO[0m [32m[08/14 15:37:09.662] [0mFinished connect to unstable http rpcs[32m [solana-jsonrpc][0m[36m [cost:530.468041ms] [num:1][0m
[36mINFO[0m [32m[08/14 15:37:12.520] [0mFinished connect to ws rpcs[32m [solana-jsonrpc][0m[36m [cost:2.856927041s] [num:1][0m
[36mINFO[0m [32m[08/14 15:37:13.329] [0mScheduled task started[32m [sidecar][0m[36m [interval:2s] [task:solana-tx-sender[poll-last-block]][0m
[36mINFO[0m [32m[08/14 15:37:13.329] [0msolana submitter started[32m [solana-submitter][0m[36m[0m
[36mINFO[0m [32m[08/14 15:37:13.329] [0mswap submitter started[32m [submitter][0m[36m[0m
[36mINFO[0m [32m[08/14 15:37:13.329] [0mComponent[SwapSubmitter] started[32m [sidecar][0m[36m [time_cost:6.720049166s][0m
[36mINFO[0m [32m[08/14 15:37:13.329] [0mstart to subscribe exchange data by grpc...[32m [ExchangeDataService][0m[36m[0m
[36mINFO[0m [32m[08/14 15:37:13.329] [0mScheduled task started[32m [sidecar][0m[36m [interval:1m0s] [task:StatisticExchangeData][0m
[36mINFO[0m [32m[08/14 15:37:13.329] [0mScheduled task started[32m [sidecar][0m[36m [interval:1h0m0s] [task:UpdateExchangeTokenHolders][0m
[36mINFO[0m [32m[08/14 15:37:14.277] [0mComponent[ExchangeDataService] started[32m [sidecar][0m[36m [time_cost:948.179917ms][0m
[36mINFO[0m [32m[08/14 15:37:14.277] [0mComponent[ContractMaterials] started[32m [sidecar][0m[36m [time_cost:4.875µs][0m
[36mINFO[0m [32m[08/14 15:37:14.277] [0mstarting Solana chain adaptor[32m [common_chain_adaptor][0m[36m[0m
[36mINFO[0m [32m[08/14 15:37:14.278] [0mSolana chain adaptor started successfully[32m [common_chain_adaptor][0m[36m[0m
[36mINFO[0m [32m[08/14 15:37:14.278] [0mComponent[common_chain_adaptor] started[32m [sidecar][0m[36m [time_cost:168.208µs][0m
[33mWARN[0m [32m[08/14 15:37:14.508] [0mbegin compensate swap event[32m [ExchangeDataService][0m[33m [outer_id From:290296][0m
[36mINFO[0m [32m[08/14 15:37:14.795] [0mNSQ consumer component started[32m [msgqueue][0m[36m[0m
[36mINFO[0m [32m[08/14 15:37:14.795] [0mComponent[msg_queue] started[32m [sidecar][0m[36m [time_cost:517.332334ms][0m
[36mINFO[0m [32m[08/14 15:37:14.795] [0mComponent[solana_sm] started[32m [sidecar][0m[36m [time_cost:7.417µs][0m
[36mINFO[0m [32m[08/14 15:37:14.795] [0mLoading deployment manifest from[32m [base_deploymanager][0m[36m [path:/Users/yanzhixing/Downloads/GitHub/token-engine/deploy/abis][0m
[36mINFO[0m [32m[08/14 15:37:14.795] [0mComponent[deploymanager] started[32m [sidecar][0m[36m [time_cost:186.791µs][0m
[36mINFO[0m [32m[08/14 15:37:14.796] [0mIPC server listen on: /Users/yanzhixing/Downloads/GitHub/token-engine/deploy/ipc.sock[32m [api][0m[36m[0m
[36mINFO[0m [32m[08/14 15:37:14.796] [0mHttp server listen on: 8082[32m [api][0m[36m[0m
[36mINFO[0m [32m[08/14 15:37:14.796] [0mComponent[http-api-server] started[32m [sidecar][0m[36m [time_cost:748.792µs][0m
[36mINFO[0m [32m[08/14 15:37:14.796] [0mComponent[app] started[32m [sidecar][0m[36m [time_cost:243.625µs][0m
[36mINFO[0m [32m[08/14 15:37:14.797] [0mtoken-engine is ready[32m [sidecar][0m[36m[0m
[36mINFO[0m [32m[08/14 15:37:14.798] [0m=====================================================================================
   __            __                                                  _
  / /_  ____    / /__  ___    ____          ___    ____    ____ _   (_)   ____   ___
 / __/ / __ \  / //_/ / _ \  / __ \ ______ / _ \  / __ \  / __ `/  / /   / __ \ / _ \
/ /_  / /_/ / / ,<   /  __/ / / / //_____//  __/ / / / / / /_/ /  / /   / / / //  __/
\__/  \____/ /_/|_|  \___/ /_/ /_/        \___/ /_/ /_/  \__, /  /_/   /_/ /_/ \___/
                                                        /____/

=====================================================================================[32m [sidecar][0m[36m[0m
[36mINFO[0m [32m[08/14 15:37:14.842] [0mSolana events manager started[32m [solana_sm][0m[36m[0m
[36mINFO[0m [32m[08/14 15:37:14.843] [0mevent processor started[32m [solana_sm][0m[36m[0m
[36mINFO[0m [32m[08/14 15:37:16.516] [0mContract materials loaded successfully[32m [basechain][0m[36m [appid:root] [chainId:84532] [contractCount:9] [errors:0][0m
[36mINFO[0m [32m[08/14 15:37:26.234] [0mpreparing create vault transaction[32m [base_txprepare][0m[36m [params:&{8453 {0x4d6Ca5A0517cc18d66FEA10a51486fA0351bF61A 0x4d6Ca5A0517cc18d66FEA10a51486fA0351bF61A 0x4d6Ca5A0517cc18d66FEA10a51486fA0351bF61A 0x4d6Ca5A0517cc18d66FEA10a51486fA0351bF61A} {My Test Token MTT 18 https://example.com/token-metadata.json} {Test 0xA0b86a33E6441E6C7D3E4C2C4C6C6C6C6C6C6C6C 1000000 1703980800 1704067200 100 500 0.1 100000 200 0x1234567890123456789012345678901234567890 0x1234567890123456789012345678901234567890 1} false}][0m
[36mINFO[0m [32m[08/14 15:37:30.483] [0msuccessfully prepared create vault transaction[32m [base_txprepare][0m[36m [txHash:0x9b306c05f8a6774d94bdcef80f664d0f7d0a176302deb62f961269c81e5a7558][0m
[36mINFO[0m [32m[08/14 15:37:30.484] [0mAPI request[32m [api][0m[36m [uri:/api/v2/primary/vault/prepare_create] [method:POST] [ip:127.0.0.1] [http_code:200] [time_cost:4.250522916s] [caller:root][0m
[36mINFO[0m [32m[08/14 15:37:33.592] [0mpreparing deposit transaction[32m [base_txprepare][0m[36m [params:&{8453 0x4d6Ca5A0517cc18d66FEA10a51486fA0351bF61A 0x4d6Ca5A0517cc18d66FEA10a51486fA0351bF61A  1}][0m
[33mWARN[0m [32m[08/14 15:37:35.516] [0mUnknown contract name[32m [basechain][0m[33m [name:StandardToken][0m
[33mWARN[0m [32m[08/14 15:37:35.516] [0mUnknown contract name[32m [basechain][0m[33m [name:AccumulatedYieldFactory][0m
[36mINFO[0m [32m[08/14 15:37:35.516] [0mContract materials loaded successfully[32m [basechain][0m[36m [appid:] [chainId:8453] [contractCount:9] [errors:0][0m
[36mINFO[0m [32m[08/14 15:37:35.911] [0msuccessfully prepared deposit transaction[32m [base_txprepare][0m[36m [txHash:0x75067fbc745a5bfec655be24703cfdd73877b3c7af8422459074617bb2fda248][0m
[36mINFO[0m [32m[08/14 15:37:35.911] [0mAPI request[32m [api][0m[36m [uri:/api/v2/primary/vault/prepare_deposit] [method:POST] [ip:127.0.0.1] [http_code:200] [time_cost:2.319059542s] [caller:root][0m
[36mINFO[0m [32m[08/14 15:37:43.144] [0mpreparing withdraw transaction[32m [base_txprepare][0m[36m [params:&{8453 0x4d6Ca5A0517cc18d66FEA10a51486fA0351bF61A  0x4d6Ca5A0517cc18d66FEA10a51486fA0351bF61A  1}][0m
[36mINFO[0m [32m[08/14 15:37:44.436] [0mAPI request[32m [api][0m[36m [uri:/api/v2/primary/vault/prepare_withdraw] [method:POST] [ip:127.0.0.1] [http_code:200] [time_cost:1.292189833s] [caller:root][0m
[36mINFO[0m [32m[08/14 15:38:03.518] [0mpreparing distribute dividend transaction[32m [base_txprepare][0m[36m [params:&{8453 0x4d6Ca5A0517cc18d66FEA10a51486fA0351bF61A 1}][0m
[36mINFO[0m [32m[08/14 15:38:04.355] [0mAPI request[32m [api][0m[36m [uri:/api/v2/primary/vault/prepare_distribute_dividend] [method:POST] [ip:127.0.0.1] [http_code:200] [time_cost:837.632917ms] [caller:root][0m
[36mINFO[0m [32m[08/14 15:38:09.652] [0mpreparing claim profit transaction[32m [base_txprepare][0m[36m [params:&{8453 0x4d6Ca5A0517cc18d66FEA10a51486fA0351bF61A 0x4d6Ca5A0517cc18d66FEA10a51486fA0351bF61A  1}][0m
[36mINFO[0m [32m[08/14 15:38:10.701] [0mAPI request[32m [api][0m[36m [uri:/api/v2/primary/vault/prepare_claim_profit] [method:POST] [ip:127.0.0.1] [http_code:200] [time_cost:1.04893625s] [caller:root][0m
[36mINFO[0m [32m[08/14 15:38:15.934] [0mpreparing redeem transaction[32m [base_txprepare][0m[36m [params:&{8453 0x4d6Ca5A0517cc18d66FEA10a51486fA0351bF61A 0x4d6Ca5A0517cc18d66FEA10a51486fA0351bF61A  1}][0m
[36mINFO[0m [32m[08/14 15:38:16.916] [0mAPI request[32m [api][0m[36m [uri:/api/v2/primary/vault/prepare_redeem] [method:POST] [ip:127.0.0.1] [http_code:200] [time_cost:982.975333ms] [caller:root][0m
[36mINFO[0m [32m[08/14 15:38:20.865] [0mpreparing funding overview transaction[32m [base_txprepare][0m[36m [params:&{8453 0x4d6Ca5A0517cc18d66FEA10a51486fA0351bF61A }][0m
[36mINFO[0m [32m[08/14 15:38:21.963] [0mAPI request[32m [api][0m[36m [uri:/api/v2/primary/vault/funding_overview] [method:GET] [ip:127.0.0.1] [http_code:200] [time_cost:1.098125917s] [caller:root][0m
[31mERRO[0m [32m[08/14 15:38:25.877] [0mAPI request failed[32m [api][0m[31m [uri:/api/v2/transfer/prepare] [err_code:10001] [err_msg:json: cannot unmarshal number into Go struct field TransferPrepareReq.chain_id of type request.ChainId] [method:POST] [ip:127.0.0.1] [http_code:200] [time_cost:104.5µs] [caller:root][0m
[36mINFO[0m [32m[08/14 15:39:17.936] [0mPreparing transfer[32m [basechain][0m[36m [amount:0.000001] [from:0x4d6Ca5A0517cc18d66FEA10a51486fA0351bF61A] [to:0x4d6Ca5A0517cc18d66FEA10a51486fA0351bF61A] [tokenAddr:] [tokenType:ETH][0m
[36mINFO[0m [32m[08/14 15:39:19.023] [0mETH transfer prepared[32m [basechain][0m[36m [amount:1000000000000] [balance:8252265730947554] [chainID:84532] [gasLimit:21000] [gasPrice:1000093] [nonce:55] [unsignedTxHex:0xe737830f429d825208944d6ca5a0517cc18d66fea10a51486fa0351bf61a85e8d4a5100080808080][0m
[36mINFO[0m [32m[08/14 15:39:19.023] [0mAPI request[32m [api][0m[36m [uri:/api/v2/transfer/prepare] [method:POST] [ip:127.0.0.1] [http_code:200] [time_cost:1.087474541s] [caller:root][0m
[31mERRO[0m [32m[08/14 15:39:24.525] [0mAPI request failed[32m [api][0m[31m [uri:/api/v2/transfer/submit] [err_code:10001] [err_msg:json: cannot unmarshal number into Go struct field TransferSubmitReq.chain_id of type request.ChainId] [method:POST] [ip:127.0.0.1] [http_code:200] [time_cost:61.459µs] [caller:root][0m
[31mERRO[0m [32m[08/14 15:39:31.154] [0mAPI request failed[32m [api][0m[31m [uri:/api/v2/transfer/submit] [err_code:10001] [err_msg:unsupported chain ID] [method:POST] [ip:127.0.0.1] [http_code:200] [time_cost:91.875µs] [caller:root][0m
[31mERRO[0m [32m[08/14 15:45:01.810] [0mAPI request failed[32m [api][0m[31m [uri:/api/v2/transfer/submit] [err_code:10001] [err_msg:unsupported chain ID] [method:POST] [ip:127.0.0.1] [http_code:200] [time_cost:976.541µs] [caller:root][0m
[31mERRO[0m [32m[08/14 15:45:26.031] [0mFailed to prepare deployment tx[32m [base_deploymanager][0m[31m [contract:MockUSDT] [error:map[error:failed to pack constructor arguments: argument count mismatch: got 0 for 2 kind:*fmt.wrapError stack:<nil>]][0m
[36mINFO[0m [32m[08/14 15:45:26.031] [0mAPI request[32m [api][0m[36m [uri:/api/v2/deploy/prepare] [method:POST] [ip:127.0.0.1] [http_code:200] [time_cost:3.834609791s] [caller:root][0m
[36mINFO[0m [32m[08/14 15:45:32.653] [0mAPI request[32m [api][0m[36m [uri:/api/v2/deploy/submit] [method:POST] [ip:127.0.0.1] [http_code:200] [time_cost:193.083µs] [caller:root][0m
[31mERRO[0m [32m[08/14 15:50:11.139] [0mAPI request failed[32m [api][0m[31m [uri:/api/v2/transfer/submit] [err_code:10001] [err_msg:unsupported chain ID] [method:POST] [ip:127.0.0.1] [http_code:200] [time_cost:99.333µs] [caller:root][0m
[36mINFO[0m [32m[08/14 15:52:04.188] [0mReceive exit signal: interrupt[32m [sidecar][0m[36m[0m
[36mINFO[0m [32m[08/14 15:52:04.189] [0mComponent[app] stopped[32m [sidecar][0m[36m [time_cost:237.125µs][0m
[36mINFO[0m [32m[08/14 15:52:04.189] [0mIPC server shutdown[32m [api][0m[36m[0m
[36mINFO[0m [32m[08/14 15:52:04.190] [0mHttp server shutdown[32m [api][0m[36m[0m
[36mINFO[0m [32m[08/14 15:52:04.190] [0mComponent[http-api-server] stopped[32m [sidecar][0m[36m [time_cost:356.333µs][0m
[36mINFO[0m [32m[08/14 15:52:04.190] [0mDeployManager stopped[32m [base_deploymanager][0m[36m[0m
[36mINFO[0m [32m[08/14 15:52:04.190] [0mComponent[deploymanager] stopped[32m [sidecar][0m[36m [time_cost:51.375µs][0m
[36mINFO[0m [32m[08/14 15:52:04.190] [0mScheduled task stopped[32m [sidecar][0m[36m [interval:2s] [task:solana-tx-sender[poll-last-block]][0m
[36mINFO[0m [32m[08/14 15:52:04.190] [0mevent processor stopping[32m [solana_sm][0m[36m[0m
[31mERRO[0m [32m[08/14 15:52:04.191] [0mStop components failed[32m [sidecar][0m[31m [err:map[error:goroutine exited without returning kind:*errors.errorString stack:<nil>]][0m
