[36mINFO[0m [32m[08/15 15:53:45.130] [0mtoken-engine version:[32m [app][0m[36m[0m
[36mINFO[0m [32m[08/15 15:53:45.131] [0mSystem version: darwin/arm64[32m [app][0m[36m[0m
[36mINFO[0m [32m[08/15 15:53:45.131] [0mGolang version: go1.24.2[32m [app][0m[36m[0m
[36mINFO[0m [32m[08/15 15:53:45.131] [0mApp build time:[32m [app][0m[36m[0m
[36mINFO[0m [32m[08/15 15:53:45.131] [0mGit commit id:[32m [app][0m[36m[0m
[36mINFO[0m [32m[08/15 15:53:45.131] [0mRepo path: /Users/yanzhixing/Downloads/GitHub/token-engine/deploy[32m [app][0m[36m[0m
[36mINFO[0m [32m[08/15 15:53:45.131] [0mExecutable: /Users/yanzhixing/Downloads/GitHub/token-engine/deploy/tools/bin/token-engine[32m [app][0m[36m[0m
[36mINFO[0m [32m[08/15 15:53:45.131] [0mPID: 69304[32m [app][0m[36m[0m
[36mINFO[0m [32m[08/15 15:53:45.131] [0mUUID node index: 0[32m [app][0m[36m[0m
[36mINFO[0m [32m[08/15 15:53:45.416] [0mcreating new base AxcTxPrepare[32m [base_txprepare][0m[36m[0m
[36mINFO[0m [32m[08/15 15:53:45.416] [0mcreating new base AxcTxExecutor[32m [base_txexecutor][0m[36m[0m
[36mINFO[0m [32m[08/15 15:53:45.416] [0mcreate axc vault idl[32m [solana-idl][0m[36m[0m
[36mINFO[0m [32m[08/15 15:53:45.417] [0mcreate axc vault transaction builder[32m [axc_tx_builder][0m[36m[0m
[36mINFO[0m [32m[08/15 15:53:45.417] [0mcreating Solana chain adaptor[32m [common_chain_adaptor][0m[36m[0m
[36mINFO[0m [32m[08/15 15:53:45.566] [0minitialized all program event definitions[32m [solana_sm][0m[36m [programCount:1][0m
[36mINFO[0m [32m[08/15 15:53:45.566] [0mRegistered transfer provider[32m [tron-transfer][0m[36m [chainID:97] [tokens:[BNB USDT USDC]][0m
[36mINFO[0m [32m[08/15 15:53:45.567] [0mRegistered transfer provider[32m [tron-transfer][0m[36m [chainID:2494104990] [tokens:[TRX USDT]][0m
[36mINFO[0m [32m[08/15 15:53:45.567] [0mcore api initialized[32m [coreApi][0m[36m[0m
[36mINFO[0m [32m[08/15 15:53:45.912] [0mComponent[sql-connector] started[32m [sidecar][0m[36m [time_cost:345.42025ms][0m
[36mINFO[0m [32m[08/15 15:53:46.878] [0mFinished connect to send tx http rpcs[32m [solana-jsonrpc][0m[36m [cost:965.2105ms] [num:1][0m
[36mINFO[0m [32m[08/15 15:53:47.262] [0mFinished connect to stable http rpcs[32m [solana-jsonrpc][0m[36m [cost:383.509541ms] [num:1][0m
[36mINFO[0m [32m[08/15 15:53:47.625] [0mFinished connect to unstable http rpcs[32m [solana-jsonrpc][0m[36m [cost:362.668ms] [num:1][0m
[36mINFO[0m [32m[08/15 15:53:49.113] [0mFinished connect to ws rpcs[32m [solana-jsonrpc][0m[36m [cost:1.487932083s] [num:1][0m
[36mINFO[0m [32m[08/15 15:53:49.518] [0mScheduled task started[32m [sidecar][0m[36m [interval:2s] [task:solana-tx-sender[poll-last-block]][0m
[36mINFO[0m [32m[08/15 15:53:49.518] [0msolana submitter started[32m [solana-submitter][0m[36m[0m
[36mINFO[0m [32m[08/15 15:53:49.518] [0mswap submitter started[32m [submitter][0m[36m[0m
[36mINFO[0m [32m[08/15 15:53:49.518] [0mComponent[SwapSubmitter] started[32m [sidecar][0m[36m [time_cost:3.605679667s][0m
[36mINFO[0m [32m[08/15 15:53:49.518] [0mstart to subscribe exchange data by grpc...[32m [ExchangeDataService][0m[36m[0m
[36mINFO[0m [32m[08/15 15:53:49.519] [0mScheduled task started[32m [sidecar][0m[36m [interval:1m0s] [task:StatisticExchangeData][0m
[36mINFO[0m [32m[08/15 15:53:49.519] [0mScheduled task started[32m [sidecar][0m[36m [interval:1h0m0s] [task:UpdateExchangeTokenHolders][0m
[36mINFO[0m [32m[08/15 15:53:50.319] [0mComponent[ExchangeDataService] started[32m [sidecar][0m[36m [time_cost:800.905834ms][0m
[36mINFO[0m [32m[08/15 15:53:50.320] [0mComponent[ContractMaterials] started[32m [sidecar][0m[36m [time_cost:5.916µs][0m
[36mINFO[0m [32m[08/15 15:53:50.320] [0mstarting Solana chain adaptor[32m [common_chain_adaptor][0m[36m[0m
[36mINFO[0m [32m[08/15 15:53:50.320] [0mSolana chain adaptor started successfully[32m [common_chain_adaptor][0m[36m[0m
[36mINFO[0m [32m[08/15 15:53:50.320] [0mComponent[common_chain_adaptor] started[32m [sidecar][0m[36m [time_cost:55.25µs][0m
[33mWARN[0m [32m[08/15 15:53:50.448] [0mbegin compensate swap event[32m [ExchangeDataService][0m[33m [outer_id From:305959][0m
[36mINFO[0m [32m[08/15 15:53:50.579] [0mContract materials loaded successfully[32m [basechain][0m[36m [appid:root] [chainId:84532] [contractCount:9] [errors:0][0m
[36mINFO[0m [32m[08/15 15:53:50.833] [0mNSQ consumer component started[32m [msgqueue][0m[36m[0m
[36mINFO[0m [32m[08/15 15:53:50.833] [0mComponent[msg_queue] started[32m [sidecar][0m[36m [time_cost:513.44075ms][0m
[36mINFO[0m [32m[08/15 15:53:50.833] [0mComponent[solana_sm] started[32m [sidecar][0m[36m [time_cost:32.875µs][0m
[36mINFO[0m [32m[08/15 15:53:50.834] [0mLoading deployment manifest from[32m [base_deploymanager][0m[36m [path:/Users/yanzhixing/Downloads/GitHub/token-engine/deploy/abis][0m
[36mINFO[0m [32m[08/15 15:53:50.834] [0mComponent[deploymanager] started[32m [sidecar][0m[36m [time_cost:108.75µs][0m
[36mINFO[0m [32m[08/15 15:53:50.835] [0mIPC server listen on: /Users/yanzhixing/Downloads/GitHub/token-engine/deploy/ipc.sock[32m [api][0m[36m[0m
[36mINFO[0m [32m[08/15 15:53:50.835] [0mHttp server listen on: 8082[32m [api][0m[36m[0m
[36mINFO[0m [32m[08/15 15:53:50.835] [0mComponent[http-api-server] started[32m [sidecar][0m[36m [time_cost:1.478583ms][0m
[36mINFO[0m [32m[08/15 15:53:50.836] [0mComponent[app] started[32m [sidecar][0m[36m [time_cost:481.25µs][0m
[36mINFO[0m [32m[08/15 15:53:50.836] [0mtoken-engine is ready[32m [sidecar][0m[36m[0m
[36mINFO[0m [32m[08/15 15:53:50.838] [0m=====================================================================================
   __            __                                                  _
  / /_  ____    / /__  ___    ____          ___    ____    ____ _   (_)   ____   ___
 / __/ / __ \  / //_/ / _ \  / __ \ ______ / _ \  / __ \  / __ `/  / /   / __ \ / _ \
/ /_  / /_/ / / ,<   /  __/ / / / //_____//  __/ / / / / / /_/ /  / /   / / / //  __/
\__/  \____/ /_/|_|  \___/ /_/ /_/        \___/ /_/ /_/  \__, /  /_/   /_/ /_/ \___/
                                                        /____/

=====================================================================================[32m [sidecar][0m[36m[0m
[36mINFO[0m [32m[08/15 15:53:50.989] [0mSolana events manager started[32m [solana_sm][0m[36m[0m
[36mINFO[0m [32m[08/15 15:53:50.989] [0mevent processor started[32m [solana_sm][0m[36m[0m
[36mINFO[0m [32m[08/15 15:53:53.844] [0mpreparing create vault transaction[32m [base_txprepare][0m[36m [params:&{8453 {0x4d6Ca5A0517cc18d66FEA10a51486fA0351bF61A 0x4d6Ca5A0517cc18d66FEA10a51486fA0351bF61A 0x4d6Ca5A0517cc18d66FEA10a51486fA0351bF61A 0x4d6Ca5A0517cc18d66FEA10a51486fA0351bF61A} {My Test Token MTT 18 https://example.com/token-metadata.json} {Test 0xA0b86a33E6441E6C7D3E4C2C4C6C6C6C6C6C6C6C 1000000 1703980800 1704067200 100 500 0.1 100000 200 0x1234567890123456789012345678901234567890 0x1234567890123456789012345678901234567890 1} false}][0m
[36mINFO[0m [32m[08/15 15:53:57.215] [0msuccessfully prepared create vault transaction[32m [base_txprepare][0m[36m [txHash:0x389da6ec6bbd3d1eded4c202905bb5f263aba1fdae13c9118cf01c28f6a71eda][0m
[36mINFO[0m [32m[08/15 15:53:57.215] [0mqueryVaultCreated[32m [base_txprepare][0m[36m[0m
[36mINFO[0m [32m[08/15 15:53:57.627] [0mAPI request[32m [api][0m[36m [uri:/api/v2/primary/vault/prepare_create] [method:POST] [ip:127.0.0.1] [http_code:200] [time_cost:3.783155416s] [caller:root][0m
[36mINFO[0m [32m[08/15 15:54:58.935] [0mReceive exit signal: interrupt[32m [sidecar][0m[36m[0m
[36mINFO[0m [32m[08/15 15:54:58.936] [0mComponent[app] stopped[32m [sidecar][0m[36m [time_cost:730.5µs][0m
[36mINFO[0m [32m[08/15 15:54:58.937] [0mIPC server shutdown[32m [api][0m[36m[0m
[36mINFO[0m [32m[08/15 15:54:58.937] [0mHttp server shutdown[32m [api][0m[36m[0m
[36mINFO[0m [32m[08/15 15:54:58.937] [0mComponent[http-api-server] stopped[32m [sidecar][0m[36m [time_cost:1.007334ms][0m
[36mINFO[0m [32m[08/15 15:54:58.938] [0mDeployManager stopped[32m [base_deploymanager][0m[36m[0m
[36mINFO[0m [32m[08/15 15:54:58.938] [0mComponent[deploymanager] stopped[32m [sidecar][0m[36m [time_cost:70.042µs][0m
[36mINFO[0m [32m[08/15 15:54:58.938] [0mScheduled task stopped[32m [sidecar][0m[36m [interval:2s] [task:solana-tx-sender[poll-last-block]][0m
[36mINFO[0m [32m[08/15 15:54:58.938] [0mevent processor stopping[32m [solana_sm][0m[36m[0m
