[36mINFO[0m [32m[08/15 16:06:00.376] [0mtoken-engine version:[32m [app][0m[36m[0m
[36mINFO[0m [32m[08/15 16:06:00.377] [0mSystem version: darwin/arm64[32m [app][0m[36m[0m
[36mINFO[0m [32m[08/15 16:06:00.377] [0mGolang version: go1.24.2[32m [app][0m[36m[0m
[36mINFO[0m [32m[08/15 16:06:00.377] [0mApp build time:[32m [app][0m[36m[0m
[36mINFO[0m [32m[08/15 16:06:00.377] [0mGit commit id:[32m [app][0m[36m[0m
[36mINFO[0m [32m[08/15 16:06:00.377] [0mRepo path: /Users/yanzhixing/Downloads/GitHub/token-engine/deploy[32m [app][0m[36m[0m
[36mINFO[0m [32m[08/15 16:06:00.377] [0mExecutable: /Users/yanzhixing/Downloads/GitHub/token-engine/deploy/tools/bin/token-engine[32m [app][0m[36m[0m
[36mINFO[0m [32m[08/15 16:06:00.377] [0mPID: 90513[32m [app][0m[36m[0m
[36mINFO[0m [32m[08/15 16:06:00.377] [0mUUID node index: 0[32m [app][0m[36m[0m
[36mINFO[0m [32m[08/15 16:06:00.658] [0mcreating new base AxcTxPrepare[32m [base_txprepare][0m[36m[0m
[36mINFO[0m [32m[08/15 16:06:00.659] [0mcreating new base AxcTxExecutor[32m [base_txexecutor][0m[36m[0m
[36mINFO[0m [32m[08/15 16:06:00.659] [0mcreate axc vault idl[32m [solana-idl][0m[36m[0m
[36mINFO[0m [32m[08/15 16:06:00.659] [0mcreate axc vault transaction builder[32m [axc_tx_builder][0m[36m[0m
[36mINFO[0m [32m[08/15 16:06:00.659] [0mcreating Solana chain adaptor[32m [common_chain_adaptor][0m[36m[0m
[36mINFO[0m [32m[08/15 16:06:01.310] [0minitialized all program event definitions[32m [solana_sm][0m[36m [programCount:1][0m
[36mINFO[0m [32m[08/15 16:06:01.310] [0mRegistered transfer provider[32m [tron-transfer][0m[36m [chainID:97] [tokens:[BNB USDT USDC]][0m
[36mINFO[0m [32m[08/15 16:06:01.310] [0mRegistered transfer provider[32m [tron-transfer][0m[36m [chainID:2494104990] [tokens:[TRX USDT]][0m
[36mINFO[0m [32m[08/15 16:06:01.310] [0mcore api initialized[32m [coreApi][0m[36m[0m
[36mINFO[0m [32m[08/15 16:06:01.681] [0mComponent[sql-connector] started[32m [sidecar][0m[36m [time_cost:369.862916ms][0m
[36mINFO[0m [32m[08/15 16:06:07.678] [0mFinished connect to send tx http rpcs[32m [solana-jsonrpc][0m[36m [cost:5.996298209s] [num:1][0m
[36mINFO[0m [32m[08/15 16:06:08.026] [0mFinished connect to stable http rpcs[32m [solana-jsonrpc][0m[36m [cost:347.781042ms] [num:1][0m
[36mINFO[0m [32m[08/15 16:06:08.533] [0mFinished connect to unstable http rpcs[32m [solana-jsonrpc][0m[36m [cost:506.664666ms] [num:1][0m
[36mINFO[0m [32m[08/15 16:06:09.501] [0mFinished connect to ws rpcs[32m [solana-jsonrpc][0m[36m [cost:968.498459ms] [num:1][0m
[36mINFO[0m [32m[08/15 16:06:09.959] [0mScheduled task started[32m [sidecar][0m[36m [interval:2s] [task:solana-tx-sender[poll-last-block]][0m
[36mINFO[0m [32m[08/15 16:06:09.959] [0msolana submitter started[32m [solana-submitter][0m[36m[0m
[36mINFO[0m [32m[08/15 16:06:09.959] [0mswap submitter started[32m [submitter][0m[36m[0m
[36mINFO[0m [32m[08/15 16:06:09.959] [0mComponent[SwapSubmitter] started[32m [sidecar][0m[36m [time_cost:8.278181292s][0m
[36mINFO[0m [32m[08/15 16:06:09.960] [0mstart to subscribe exchange data by grpc...[32m [ExchangeDataService][0m[36m[0m
[36mINFO[0m [32m[08/15 16:06:09.960] [0mScheduled task started[32m [sidecar][0m[36m [interval:1m0s] [task:StatisticExchangeData][0m
[36mINFO[0m [32m[08/15 16:06:09.960] [0mScheduled task started[32m [sidecar][0m[36m [interval:1h0m0s] [task:UpdateExchangeTokenHolders][0m
[36mINFO[0m [32m[08/15 16:06:10.699] [0mComponent[ExchangeDataService] started[32m [sidecar][0m[36m [time_cost:739.228583ms][0m
[36mINFO[0m [32m[08/15 16:06:10.700] [0mComponent[ContractMaterials] started[32m [sidecar][0m[36m [time_cost:4.667µs][0m
[36mINFO[0m [32m[08/15 16:06:10.700] [0mstarting Solana chain adaptor[32m [common_chain_adaptor][0m[36m[0m
[36mINFO[0m [32m[08/15 16:06:10.700] [0mSolana chain adaptor started successfully[32m [common_chain_adaptor][0m[36m[0m
[36mINFO[0m [32m[08/15 16:06:10.700] [0mComponent[common_chain_adaptor] started[32m [sidecar][0m[36m [time_cost:460.291µs][0m
[33mWARN[0m [32m[08/15 16:06:10.833] [0mbegin compensate swap event[32m [ExchangeDataService][0m[33m [outer_id From:306199][0m
[36mINFO[0m [32m[08/15 16:06:11.192] [0mContract materials loaded successfully[32m [basechain][0m[36m [appid:root] [chainId:84532] [contractCount:9] [errors:0][0m
[36mINFO[0m [32m[08/15 16:06:11.257] [0mNSQ consumer component started[32m [msgqueue][0m[36m[0m
[36mINFO[0m [32m[08/15 16:06:11.258] [0mComponent[msg_queue] started[32m [sidecar][0m[36m [time_cost:557.020542ms][0m
[36mINFO[0m [32m[08/15 16:06:11.258] [0mComponent[solana_sm] started[32m [sidecar][0m[36m [time_cost:8.292µs][0m
[36mINFO[0m [32m[08/15 16:06:11.258] [0mLoading deployment manifest from[32m [base_deploymanager][0m[36m [path:/Users/yanzhixing/Downloads/GitHub/token-engine/deploy/abis][0m
[36mINFO[0m [32m[08/15 16:06:11.258] [0mComponent[deploymanager] started[32m [sidecar][0m[36m [time_cost:53.416µs][0m
[36mINFO[0m [32m[08/15 16:06:11.258] [0mIPC server listen on: /Users/yanzhixing/Downloads/GitHub/token-engine/deploy/ipc.sock[32m [api][0m[36m[0m
[36mINFO[0m [32m[08/15 16:06:11.259] [0mHttp server listen on: 8082[32m [api][0m[36m[0m
[36mINFO[0m [32m[08/15 16:06:11.259] [0mComponent[http-api-server] started[32m [sidecar][0m[36m [time_cost:772.083µs][0m
[36mINFO[0m [32m[08/15 16:06:11.259] [0mComponent[app] started[32m [sidecar][0m[36m [time_cost:241.416µs][0m
[36mINFO[0m [32m[08/15 16:06:11.259] [0mtoken-engine is ready[32m [sidecar][0m[36m[0m
[36mINFO[0m [32m[08/15 16:06:11.260] [0m=====================================================================================
   __            __                                                  _
  / /_  ____    / /__  ___    ____          ___    ____    ____ _   (_)   ____   ___
 / __/ / __ \  / //_/ / _ \  / __ \ ______ / _ \  / __ \  / __ `/  / /   / __ \ / _ \
/ /_  / /_/ / / ,<   /  __/ / / / //_____//  __/ / / / / / /_/ /  / /   / / / //  __/
\__/  \____/ /_/|_|  \___/ /_/ /_/        \___/ /_/ /_/  \__, /  /_/   /_/ /_/ \___/
                                                        /____/

=====================================================================================[32m [sidecar][0m[36m[0m
[36mINFO[0m [32m[08/15 16:06:11.382] [0mSolana events manager started[32m [solana_sm][0m[36m[0m
[36mINFO[0m [32m[08/15 16:06:11.382] [0mevent processor started[32m [solana_sm][0m[36m[0m
[36mINFO[0m [32m[08/15 16:06:15.398] [0mpreparing create vault transaction[32m [base_txprepare][0m[36m [params:&{8453 {0x4d6Ca5A0517cc18d66FEA10a51486fA0351bF61A 0x4d6Ca5A0517cc18d66FEA10a51486fA0351bF61A 0x4d6Ca5A0517cc18d66FEA10a51486fA0351bF61A 0x4d6Ca5A0517cc18d66FEA10a51486fA0351bF61A} {My Test Token MTT 18 https://example.com/token-metadata.json} {Test 0xA0b86a33E6441E6C7D3E4C2C4C6C6C6C6C6C6C6C 1000000 1703980800 1704067200 100 500 0.1 100000 200 0x1234567890123456789012345678901234567890 0x1234567890123456789012345678901234567890 1} false}][0m
[36mINFO[0m [32m[08/15 16:06:21.007] [0msuccessfully prepared create vault transaction[32m [base_txprepare][0m[36m [txHash:0x621d2d550d55c3dc77c0a1db7e231ac261669d92cfdfed92c9b7fdf2f37f7a28][0m
[36mINFO[0m [32m[08/15 16:06:21.007] [0mqueryVaultCreated[32m [base_txprepare][0m[36m[0m
[36mINFO[0m [32m[08/15 16:06:22.499] [0mqueryVaultCreated[32m [base_txprepare][0m[36m [receipt:&{0 [] 0 3088321 [0 0 0 0 0 0 0 0 0 0 0 0 0 0 0 0 0 0 0 0 0 0 0 0 0 0 0 0 0 0 0 0 0 0 0 0 0 0 0 0 0 0 0 0 0 0 0 0 0 0 0 0 0 0 0 0 0 0 0 0 0 0 0 0 0 0 0 0 0 0 0 0 0 0 0 0 0 0 0 0 0 0 0 0 0 0 0 0 0 0 0 0 0 0 0 0 0 0 0 0 0 0 0 0 0 0 0 0 0 0 0 0 0 0 0 0 0 0 0 0 0 0 0 0 0 0 0 0 0 0 0 0 0 0 0 0 0 0 0 0 0 0 0 0 0 0 0 0 0 0 0 0 0 0 0 0 0 0 0 0 0 0 0 0 0 0 0 0 0 0 0 0 0 0 0 0 0 0 0 0 0 0 0 0 0 0 0 0 0 0 0 0 0 0 0 0 0 0 0 0 0 0 0 0 0 0 0 0 0 0 0 0 0 0 0 0 0 0 0 0 0 0 0 0 0 0 0 0 0 0 0 0 0 0 0 0 0 0 0 0 0 0 0 0 0 0 0 0 0 0 0 0 0 0 0 0] [] 0x621d2d550d55c3dc77c0a1db7e231ac261669d92cfdfed92c9b7fdf2f37f7a28 0x0000000000000000000000000000000000000000 39070 1000065 0 <nil> 0x4a8080983e8090813ce953667d4ce6297abefe51905e35e2a69cc676f9aca16a 29738447 13}][0m
[36mINFO[0m [32m[08/15 16:06:22.499] [0mAPI request[32m [api][0m[36m [uri:/api/v2/primary/vault/prepare_create] [method:POST] [ip:127.0.0.1] [http_code:200] [time_cost:7.101620375s] [caller:root][0m
[36mINFO[0m [32m[08/15 16:13:56.027] [0mpreparing create vault transaction[32m [base_txprepare][0m[36m [params:&{84532 {0x4d6Ca5A0517cc18d66FEA10a51486fA0351bF61A 0x4d6Ca5A0517cc18d66FEA10a51486fA0351bF61A 0x4d6Ca5A0517cc18d66FEA10a51486fA0351bF61A 0x4d6Ca5A0517cc18d66FEA10a51486fA0351bF61A} {My Test Token MTT 18 https://example.com/token-metadata.json} {Test 0xA0b86a33E6441E6C7D3E4C2C4C6C6C6C6C6C6C6C 1000000 1703980800 1704067200 100 500 0.1 100000 200 0x1234567890123456789012345678901234567890 0x1234567890123456789012345678901234567890 1} false}][0m
[36mINFO[0m [32m[08/15 16:14:00.187] [0msuccessfully prepared create vault transaction[32m [base_txprepare][0m[36m [txHash:0xb9f0311a32e4772e93b7ff2f1bc2016e6439407dff95ad56f60b62484fc125c0][0m
[36mINFO[0m [32m[08/15 16:14:00.188] [0mqueryVaultCreated[32m [base_txprepare][0m[36m[0m
[36mINFO[0m [32m[08/15 16:14:00.831] [0mqueryVaultCreated[32m [base_txprepare][0m[36m [receipt:&{0 [] 0 1198898 [0 0 0 0 0 0 0 0 0 0 0 0 0 0 0 0 0 0 0 0 0 0 0 0 0 0 0 0 0 0 0 0 0 0 0 0 0 0 0 0 0 0 0 0 0 0 0 0 0 0 0 0 0 0 0 0 0 0 0 0 0 0 0 0 0 0 0 0 0 0 0 0 0 0 0 0 0 0 0 0 0 0 0 0 0 0 0 0 0 0 0 0 0 0 0 0 0 0 0 0 0 0 0 0 0 0 0 0 0 0 0 0 0 0 0 0 0 0 0 0 0 0 0 0 0 0 0 0 0 0 0 0 0 0 0 0 0 0 0 0 0 0 0 0 0 0 0 0 0 0 0 0 0 0 0 0 0 0 0 0 0 0 0 0 0 0 0 0 0 0 0 0 0 0 0 0 0 0 0 0 0 0 0 0 0 0 0 0 0 0 0 0 0 0 0 0 0 0 0 0 0 0 0 0 0 0 0 0 0 0 0 0 0 0 0 0 0 0 0 0 0 0 0 0 0 0 0 0 0 0 0 0 0 0 0 0 0 0 0 0 0 0 0 0 0 0 0 0 0 0 0 0 0 0 0 0] [] 0xb9f0311a32e4772e93b7ff2f1bc2016e6439407dff95ad56f60b62484fc125c0 0x0000000000000000000000000000000000000000 39070 1000062 0 <nil> 0x9745ea7470044d05a64748cfd9bfc084b557f08c79bc213d5564a1bb1b566479 29738677 6}][0m
[36mINFO[0m [32m[08/15 16:14:00.831] [0mAPI request[32m [api][0m[36m [uri:/api/v2/primary/vault/prepare_create] [method:POST] [ip:127.0.0.1] [http_code:200] [time_cost:4.803812667s] [caller:root][0m
[33mWARN[0m [32m[08/15 16:20:07.180] [0mDo scheduled task executor error[32m [sidecar][0m[33m [err:map[error:max retry times reached: 3: failed to retry for: https://devnet.helius-rpc.com/?api-key=adfeb5d6-3c05-4d32-8bd0-3860a795efdc: request failed: rpc call failed on sendRequest: Post "https://devnet.helius-rpc.com/?api-key=adfeb5d6-3c05-4d32-8bd0-3860a795efdc": context deadline exceeded kind:*errors.withStack stack:<nil>]] [task:solana-tx-sender[poll-last-block]][0m
[33mWARN[0m [32m[08/15 16:20:22.394] [0mDo scheduled task executor error[32m [sidecar][0m[33m [err:map[error:max retry times reached: 3: failed to retry for: https://devnet.helius-rpc.com/?api-key=adfeb5d6-3c05-4d32-8bd0-3860a795efdc: request failed: rpc call failed on sendRequest: Post "https://devnet.helius-rpc.com/?api-key=adfeb5d6-3c05-4d32-8bd0-3860a795efdc": context deadline exceeded kind:*errors.withStack stack:<nil>]] [task:solana-tx-sender[poll-last-block]][0m
[33mWARN[0m [32m[08/15 16:20:37.601] [0mDo scheduled task executor error[32m [sidecar][0m[33m [err:map[error:max retry times reached: 3: failed to retry for: https://devnet.helius-rpc.com/?api-key=adfeb5d6-3c05-4d32-8bd0-3860a795efdc: request failed: rpc call failed on sendRequest: Post "https://devnet.helius-rpc.com/?api-key=adfeb5d6-3c05-4d32-8bd0-3860a795efdc": context deadline exceeded kind:*errors.withStack stack:<nil>]] [task:solana-tx-sender[poll-last-block]][0m
[33mWARN[0m [32m[08/15 16:20:52.806] [0mDo scheduled task executor error[32m [sidecar][0m[33m [err:map[error:max retry times reached: 3: failed to retry for: https://devnet.helius-rpc.com/?api-key=adfeb5d6-3c05-4d32-8bd0-3860a795efdc: request failed: rpc call failed on sendRequest: Post "https://devnet.helius-rpc.com/?api-key=adfeb5d6-3c05-4d32-8bd0-3860a795efdc": context deadline exceeded kind:*errors.withStack stack:<nil>]] [task:solana-tx-sender[poll-last-block]][0m
[33mWARN[0m [32m[08/15 16:21:08.017] [0mDo scheduled task executor error[32m [sidecar][0m[33m [err:map[error:max retry times reached: 3: failed to retry for: https://devnet.helius-rpc.com/?api-key=adfeb5d6-3c05-4d32-8bd0-3860a795efdc: request failed: rpc call failed on sendRequest: Post "https://devnet.helius-rpc.com/?api-key=adfeb5d6-3c05-4d32-8bd0-3860a795efdc": context deadline exceeded kind:*errors.withStack stack:<nil>]] [task:solana-tx-sender[poll-last-block]][0m
[33mWARN[0m [32m[08/15 16:21:23.226] [0mDo scheduled task executor error[32m [sidecar][0m[33m [err:map[error:max retry times reached: 3: failed to retry for: https://devnet.helius-rpc.com/?api-key=adfeb5d6-3c05-4d32-8bd0-3860a795efdc: request failed: rpc call failed on sendRequest: Post "https://devnet.helius-rpc.com/?api-key=adfeb5d6-3c05-4d32-8bd0-3860a795efdc": context deadline exceeded kind:*errors.withStack stack:<nil>]] [task:solana-tx-sender[poll-last-block]][0m
[33mWARN[0m [32m[08/15 16:21:38.476] [0mDo scheduled task executor error[32m [sidecar][0m[33m [err:map[error:max retry times reached: 3: failed to retry for: https://devnet.helius-rpc.com/?api-key=adfeb5d6-3c05-4d32-8bd0-3860a795efdc: request failed: rpc call failed on sendRequest: Post "https://devnet.helius-rpc.com/?api-key=adfeb5d6-3c05-4d32-8bd0-3860a795efdc": context deadline exceeded kind:*errors.withStack stack:<nil>]] [task:solana-tx-sender[poll-last-block]][0m
[33mWARN[0m [32m[08/15 16:21:53.682] [0mDo scheduled task executor error[32m [sidecar][0m[33m [err:map[error:max retry times reached: 3: failed to retry for: https://devnet.helius-rpc.com/?api-key=adfeb5d6-3c05-4d32-8bd0-3860a795efdc: request failed: rpc call failed on sendRequest: Post "https://devnet.helius-rpc.com/?api-key=adfeb5d6-3c05-4d32-8bd0-3860a795efdc": context deadline exceeded kind:*errors.withStack stack:<nil>]] [task:solana-tx-sender[poll-last-block]][0m
[33mWARN[0m [32m[08/15 16:22:08.887] [0mDo scheduled task executor error[32m [sidecar][0m[33m [err:map[error:max retry times reached: 3: failed to retry for: https://devnet.helius-rpc.com/?api-key=adfeb5d6-3c05-4d32-8bd0-3860a795efdc: request failed: rpc call failed on sendRequest: Post "https://devnet.helius-rpc.com/?api-key=adfeb5d6-3c05-4d32-8bd0-3860a795efdc": context deadline exceeded kind:*errors.withStack stack:<nil>]] [task:solana-tx-sender[poll-last-block]][0m
[33mWARN[0m [32m[08/15 16:22:24.093] [0mDo scheduled task executor error[32m [sidecar][0m[33m [err:map[error:max retry times reached: 3: failed to retry for: https://devnet.helius-rpc.com/?api-key=adfeb5d6-3c05-4d32-8bd0-3860a795efdc: request failed: rpc call failed on sendRequest: Post "https://devnet.helius-rpc.com/?api-key=adfeb5d6-3c05-4d32-8bd0-3860a795efdc": context deadline exceeded kind:*errors.withStack stack:<nil>]] [task:solana-tx-sender[poll-last-block]][0m
[33mWARN[0m [32m[08/15 16:22:39.298] [0mDo scheduled task executor error[32m [sidecar][0m[33m [err:map[error:max retry times reached: 3: failed to retry for: https://devnet.helius-rpc.com/?api-key=adfeb5d6-3c05-4d32-8bd0-3860a795efdc: request failed: rpc call failed on sendRequest: Post "https://devnet.helius-rpc.com/?api-key=adfeb5d6-3c05-4d32-8bd0-3860a795efdc": context deadline exceeded kind:*errors.withStack stack:<nil>]] [task:solana-tx-sender[poll-last-block]][0m
[36mINFO[0m [32m[08/15 16:31:14.223] [0mReceive exit signal: interrupt[32m [sidecar][0m[36m[0m
[36mINFO[0m [32m[08/15 16:31:14.235] [0mComponent[app] stopped[32m [sidecar][0m[36m [time_cost:4.9495ms][0m
[36mINFO[0m [32m[08/15 16:31:14.238] [0mIPC server shutdown[32m [api][0m[36m[0m
[36mINFO[0m [32m[08/15 16:31:14.238] [0mHttp server shutdown[32m [api][0m[36m[0m
[36mINFO[0m [32m[08/15 16:31:14.238] [0mComponent[http-api-server] stopped[32m [sidecar][0m[36m [time_cost:2.420667ms][0m
[36mINFO[0m [32m[08/15 16:31:14.238] [0mDeployManager stopped[32m [base_deploymanager][0m[36m[0m
[36mINFO[0m [32m[08/15 16:31:14.238] [0mComponent[deploymanager] stopped[32m [sidecar][0m[36m [time_cost:482.125µs][0m
[36mINFO[0m [32m[08/15 16:31:14.239] [0mevent processor stopping[32m [solana_sm][0m[36m[0m
[36mINFO[0m [32m[08/15 16:31:14.239] [0mScheduled task stopped[32m [sidecar][0m[36m [interval:2s] [task:solana-tx-sender[poll-last-block]][0m
