[36mINFO[0m [32m[08/15 16:34:26.704] [0mtoken-engine version:[32m [app][0m[36m[0m
[36mINFO[0m [32m[08/15 16:34:26.704] [0mSystem version: darwin/arm64[32m [app][0m[36m[0m
[36mINFO[0m [32m[08/15 16:34:26.704] [0mGolang version: go1.24.2[32m [app][0m[36m[0m
[36mINFO[0m [32m[08/15 16:34:26.704] [0mApp build time:[32m [app][0m[36m[0m
[36mINFO[0m [32m[08/15 16:34:26.704] [0mGit commit id:[32m [app][0m[36m[0m
[36mINFO[0m [32m[08/15 16:34:26.704] [0mRepo path: /Users/yanzhixing/Downloads/GitHub/token-engine/deploy[32m [app][0m[36m[0m
[36mINFO[0m [32m[08/15 16:34:26.704] [0mExecutable: /Users/yanzhixing/Downloads/GitHub/token-engine/deploy/tools/bin/token-engine[32m [app][0m[36m[0m
[36mINFO[0m [32m[08/15 16:34:26.704] [0mPID: 37370[32m [app][0m[36m[0m
[36mINFO[0m [32m[08/15 16:34:26.705] [0mUUID node index: 0[32m [app][0m[36m[0m
[36mINFO[0m [32m[08/15 16:34:26.958] [0mcreating new base AxcTxPrepare[32m [base_txprepare][0m[36m[0m
[36mINFO[0m [32m[08/15 16:34:26.958] [0mcreating new base AxcTxExecutor[32m [base_txexecutor][0m[36m[0m
[36mINFO[0m [32m[08/15 16:34:26.958] [0mcreate axc vault idl[32m [solana-idl][0m[36m[0m
[36mINFO[0m [32m[08/15 16:34:26.958] [0mcreate axc vault transaction builder[32m [axc_tx_builder][0m[36m[0m
[36mINFO[0m [32m[08/15 16:34:26.958] [0mcreating Solana chain adaptor[32m [common_chain_adaptor][0m[36m[0m
[36mINFO[0m [32m[08/15 16:34:27.093] [0minitialized all program event definitions[32m [solana_sm][0m[36m [programCount:1][0m
[36mINFO[0m [32m[08/15 16:34:27.093] [0mRegistered transfer provider[32m [tron-transfer][0m[36m [chainID:97] [tokens:[BNB USDT USDC]][0m
[36mINFO[0m [32m[08/15 16:34:27.094] [0mRegistered transfer provider[32m [tron-transfer][0m[36m [chainID:2494104990] [tokens:[TRX USDT]][0m
[36mINFO[0m [32m[08/15 16:34:27.094] [0mcore api initialized[32m [coreApi][0m[36m[0m
[36mINFO[0m [32m[08/15 16:34:27.262] [0mComponent[sql-connector] started[32m [sidecar][0m[36m [time_cost:167.942542ms][0m
[36mINFO[0m [32m[08/15 16:34:28.440] [0mFinished connect to send tx http rpcs[32m [solana-jsonrpc][0m[36m [cost:1.1786085s] [num:1][0m
[36mINFO[0m [32m[08/15 16:34:28.764] [0mFinished connect to stable http rpcs[32m [solana-jsonrpc][0m[36m [cost:323.268291ms] [num:1][0m
[36mINFO[0m [32m[08/15 16:34:29.087] [0mFinished connect to unstable http rpcs[32m [solana-jsonrpc][0m[36m [cost:322.652875ms] [num:1][0m
[36mINFO[0m [32m[08/15 16:34:30.272] [0mFinished connect to ws rpcs[32m [solana-jsonrpc][0m[36m [cost:1.185552625s] [num:1][0m
[36mINFO[0m [32m[08/15 16:34:30.726] [0mScheduled task started[32m [sidecar][0m[36m [interval:2s] [task:solana-tx-sender[poll-last-block]][0m
[36mINFO[0m [32m[08/15 16:34:30.726] [0msolana submitter started[32m [solana-submitter][0m[36m[0m
[36mINFO[0m [32m[08/15 16:34:30.727] [0mswap submitter started[32m [submitter][0m[36m[0m
[36mINFO[0m [32m[08/15 16:34:30.727] [0mComponent[SwapSubmitter] started[32m [sidecar][0m[36m [time_cost:3.464657583s][0m
[36mINFO[0m [32m[08/15 16:34:30.727] [0mstart to subscribe exchange data by grpc...[32m [ExchangeDataService][0m[36m[0m
[36mINFO[0m [32m[08/15 16:34:30.727] [0mScheduled task started[32m [sidecar][0m[36m [interval:1m0s] [task:StatisticExchangeData][0m
[36mINFO[0m [32m[08/15 16:34:30.727] [0mScheduled task started[32m [sidecar][0m[36m [interval:1h0m0s] [task:UpdateExchangeTokenHolders][0m
[36mINFO[0m [32m[08/15 16:34:31.779] [0mComponent[ExchangeDataService] started[32m [sidecar][0m[36m [time_cost:1.052797625s][0m
[36mINFO[0m [32m[08/15 16:34:31.779] [0mComponent[ContractMaterials] started[32m [sidecar][0m[36m [time_cost:18.666µs][0m
[36mINFO[0m [32m[08/15 16:34:31.780] [0mstarting Solana chain adaptor[32m [common_chain_adaptor][0m[36m[0m
[36mINFO[0m [32m[08/15 16:34:31.780] [0mSolana chain adaptor started successfully[32m [common_chain_adaptor][0m[36m[0m
[36mINFO[0m [32m[08/15 16:34:31.780] [0mComponent[common_chain_adaptor] started[32m [sidecar][0m[36m [time_cost:276.75µs][0m
[33mWARN[0m [32m[08/15 16:34:31.904] [0mbegin compensate swap event[32m [ExchangeDataService][0m[33m [outer_id From:306816][0m
[36mINFO[0m [32m[08/15 16:34:32.106] [0mContract materials loaded successfully[32m [basechain][0m[36m [appid:root] [chainId:84532] [contractCount:9] [errors:0][0m
[36mINFO[0m [32m[08/15 16:34:32.322] [0mNSQ consumer component started[32m [msgqueue][0m[36m[0m
[36mINFO[0m [32m[08/15 16:34:32.322] [0mComponent[msg_queue] started[32m [sidecar][0m[36m [time_cost:542.460042ms][0m
[36mINFO[0m [32m[08/15 16:34:32.322] [0mComponent[solana_sm] started[32m [sidecar][0m[36m [time_cost:4.417µs][0m
[36mINFO[0m [32m[08/15 16:34:32.322] [0mLoading deployment manifest from[32m [base_deploymanager][0m[36m [path:/Users/yanzhixing/Downloads/GitHub/token-engine/deploy/abis][0m
[36mINFO[0m [32m[08/15 16:34:32.322] [0mComponent[deploymanager] started[32m [sidecar][0m[36m [time_cost:24µs][0m
[36mINFO[0m [32m[08/15 16:34:32.323] [0mIPC server listen on: /Users/yanzhixing/Downloads/GitHub/token-engine/deploy/ipc.sock[32m [api][0m[36m[0m
[36mINFO[0m [32m[08/15 16:34:32.323] [0mHttp server listen on: 8082[32m [api][0m[36m[0m
[36mINFO[0m [32m[08/15 16:34:32.323] [0mComponent[http-api-server] started[32m [sidecar][0m[36m [time_cost:467.292µs][0m
[36mINFO[0m [32m[08/15 16:34:32.323] [0mComponent[app] started[32m [sidecar][0m[36m [time_cost:119.541µs][0m
[36mINFO[0m [32m[08/15 16:34:32.323] [0mtoken-engine is ready[32m [sidecar][0m[36m[0m
[36mINFO[0m [32m[08/15 16:34:32.324] [0m=====================================================================================
   __            __                                                  _
  / /_  ____    / /__  ___    ____          ___    ____    ____ _   (_)   ____   ___
 / __/ / __ \  / //_/ / _ \  / __ \ ______ / _ \  / __ \  / __ `/  / /   / __ \ / _ \
/ /_  / /_/ / / ,<   /  __/ / / / //_____//  __/ / / / / / /_/ /  / /   / / / //  __/
\__/  \____/ /_/|_|  \___/ /_/ /_/        \___/ /_/ /_/  \__, /  /_/   /_/ /_/ \___/
                                                        /____/

=====================================================================================[32m [sidecar][0m[36m[0m
[36mINFO[0m [32m[08/15 16:34:32.439] [0mevent processor started[32m [solana_sm][0m[36m[0m
[36mINFO[0m [32m[08/15 16:34:32.439] [0mSolana events manager started[32m [solana_sm][0m[36m[0m
[36mINFO[0m [32m[08/15 16:34:36.334] [0mpreparing create vault transaction[32m [base_txprepare][0m[36m [params:&{84532 {0x4d6Ca5A0517cc18d66FEA10a51486fA0351bF61A 0x4d6Ca5A0517cc18d66FEA10a51486fA0351bF61A 0x4d6Ca5A0517cc18d66FEA10a51486fA0351bF61A 0x4d6Ca5A0517cc18d66FEA10a51486fA0351bF61A} {My Test Token MTT 18 https://example.com/token-metadata.json} {Test 0xA0b86a33E6441E6C7D3E4C2C4C6C6C6C6C6C6C6C 1000000 1703980800 1704067200 100 500 0.1 100000 200 0x1234567890123456789012345678901234567890 0x1234567890123456789012345678901234567890 1} false}][0m
[31mERRO[0m [32m[08/15 16:34:41.381] [0mfailed to get nonce[32m [base_txprepare][0m[31m [deployer:0x4d6Ca5A0517cc18d66FEA10a51486fA0351bF61A] [error:map[error:Post "https://api.developer.coinbase.com/rpc/v1/base-sepolia/JmJwHELnrYhdN3YgtwMjYOrnVDdSXppH": read tcp 127.0.0.1:62012->127.0.0.1:4780: read: connection reset by peer kind:*url.Error stack:<nil>]][0m
[31mERRO[0m [32m[08/15 16:34:41.381] [0mAPI request failed[32m [api][0m[31m [uri:/api/v2/primary/vault/prepare_create] [err_code:10001] [err_msg:failed to get nonce: Post "https://api.developer.coinbase.com/rpc/v1/base-sepolia/JmJwHELnrYhdN3YgtwMjYOrnVDdSXppH": read tcp 127.0.0.1:62012->127.0.0.1:4780: read: connection reset by peer] [method:POST] [ip:127.0.0.1] [http_code:200] [time_cost:5.048558792s] [caller:root][0m
[36mINFO[0m [32m[08/15 16:34:46.186] [0mpreparing create vault transaction[32m [base_txprepare][0m[36m [params:&{84532 {0x4d6Ca5A0517cc18d66FEA10a51486fA0351bF61A 0x4d6Ca5A0517cc18d66FEA10a51486fA0351bF61A 0x4d6Ca5A0517cc18d66FEA10a51486fA0351bF61A 0x4d6Ca5A0517cc18d66FEA10a51486fA0351bF61A} {My Test Token MTT 18 https://example.com/token-metadata.json} {Test 0xA0b86a33E6441E6C7D3E4C2C4C6C6C6C6C6C6C6C 1000000 1703980800 1704067200 100 500 0.1 100000 200 0x1234567890123456789012345678901234567890 0x1234567890123456789012345678901234567890 1} false}][0m
[36mINFO[0m [32m[08/15 16:34:49.086] [0msuccessfully prepared create vault transaction[32m [base_txprepare][0m[36m [txHash:0x03ce7f31471d4ebca05456764196efbdaa6c12bed518f17d53b2d7591274d8eb][0m
[36mINFO[0m [32m[08/15 16:34:49.086] [0mqueryVaultCreated[32m [base_txprepare][0m[36m[0m
[36mINFO[0m [32m[08/15 16:34:49.086] [0mqueryVaultCreated[32m [base_txprepare][0m[36m [txHash:0x03ce7f31471d4ebca05456764196efbdaa6c12bed518f17d53b2d7591274d8eb][0m
[36mINFO[0m [32m[08/15 16:34:50.557] [0mqueryVaultCreated[32m [base_txprepare][0m[36m [receipt:&{0 [] 0 1553024 [0 0 0 0 0 0 0 0 0 0 0 0 0 0 0 0 0 0 0 0 0 0 0 0 0 0 0 0 0 0 0 0 0 0 0 0 0 0 0 0 0 0 0 0 0 0 0 0 0 0 0 0 0 0 0 0 0 0 0 0 0 0 0 0 0 0 0 0 0 0 0 0 0 0 0 0 0 0 0 0 0 0 0 0 0 0 0 0 0 0 0 0 0 0 0 0 0 0 0 0 0 0 0 0 0 0 0 0 0 0 0 0 0 0 0 0 0 0 0 0 0 0 0 0 0 0 0 0 0 0 0 0 0 0 0 0 0 0 0 0 0 0 0 0 0 0 0 0 0 0 0 0 0 0 0 0 0 0 0 0 0 0 0 0 0 0 0 0 0 0 0 0 0 0 0 0 0 0 0 0 0 0 0 0 0 0 0 0 0 0 0 0 0 0 0 0 0 0 0 0 0 0 0 0 0 0 0 0 0 0 0 0 0 0 0 0 0 0 0 0 0 0 0 0 0 0 0 0 0 0 0 0 0 0 0 0 0 0 0 0 0 0 0 0 0 0 0 0 0 0 0 0 0 0 0 0] [] 0x03ce7f31471d4ebca05456764196efbdaa6c12bed518f17d53b2d7591274d8eb 0x0000000000000000000000000000000000000000 39070 1000059 0 <nil> 0x6e830a60380adec9988258bd605d97a7bb7c87b18975b12a0a83766f489d5808 29739301 9}][0m
[36mINFO[0m [32m[08/15 16:34:50.557] [0mAPI request[32m [api][0m[36m [uri:/api/v2/primary/vault/prepare_create] [method:POST] [ip:127.0.0.1] [http_code:200] [time_cost:4.371264875s] [caller:root][0m
[36mINFO[0m [32m[08/15 16:37:48.768] [0mReceive exit signal: interrupt[32m [sidecar][0m[36m[0m
[36mINFO[0m [32m[08/15 16:37:48.769] [0mComponent[app] stopped[32m [sidecar][0m[36m [time_cost:193.709µs][0m
[36mINFO[0m [32m[08/15 16:37:48.770] [0mIPC server shutdown[32m [api][0m[36m[0m
[36mINFO[0m [32m[08/15 16:37:48.770] [0mHttp server shutdown[32m [api][0m[36m[0m
[36mINFO[0m [32m[08/15 16:37:48.770] [0mComponent[http-api-server] stopped[32m [sidecar][0m[36m [time_cost:361.833µs][0m
[36mINFO[0m [32m[08/15 16:37:48.770] [0mDeployManager stopped[32m [base_deploymanager][0m[36m[0m
[36mINFO[0m [32m[08/15 16:37:48.770] [0mComponent[deploymanager] stopped[32m [sidecar][0m[36m [time_cost:27.917µs][0m
[36mINFO[0m [32m[08/15 16:37:48.770] [0mScheduled task stopped[32m [sidecar][0m[36m [interval:2s] [task:solana-tx-sender[poll-last-block]][0m
[36mINFO[0m [32m[08/15 16:37:48.770] [0mevent processor stopping[32m [solana_sm][0m[36m[0m
