[36mINFO[0m [32m[08/15 19:04:39.450] [0mtoken-engine version:[32m [app][0m[36m[0m
[36mINFO[0m [32m[08/15 19:04:39.450] [0mSystem version: darwin/arm64[32m [app][0m[36m[0m
[36mINFO[0m [32m[08/15 19:04:39.450] [0mGolang version: go1.24.2[32m [app][0m[36m[0m
[36mINFO[0m [32m[08/15 19:04:39.450] [0mApp build time:[32m [app][0m[36m[0m
[36mINFO[0m [32m[08/15 19:04:39.450] [0mGit commit id:[32m [app][0m[36m[0m
[36mINFO[0m [32m[08/15 19:04:39.450] [0mRepo path: /Users/yanzhixing/Downloads/GitHub/token-engine/deploy[32m [app][0m[36m[0m
[36mINFO[0m [32m[08/15 19:04:39.450] [0mExecutable: /Users/yanzhixing/Downloads/GitHub/token-engine/deploy/tools/bin/token-engine[32m [app][0m[36m[0m
[36mINFO[0m [32m[08/15 19:04:39.450] [0mPID: 355[32m [app][0m[36m[0m
[36mINFO[0m [32m[08/15 19:04:39.450] [0mUUID node index: 0[32m [app][0m[36m[0m
[36mINFO[0m [32m[08/15 19:04:39.726] [0mcreating new base AxcTxPrepare[32m [base_txprepare][0m[36m[0m
[36mINFO[0m [32m[08/15 19:04:39.726] [0mcreating new base AxcTxExecutor[32m [base_txexecutor][0m[36m[0m
[36mINFO[0m [32m[08/15 19:04:39.726] [0mcreate axc vault idl[32m [solana-idl][0m[36m[0m
[36mINFO[0m [32m[08/15 19:04:39.727] [0mcreate axc vault transaction builder[32m [axc_tx_builder][0m[36m[0m
[36mINFO[0m [32m[08/15 19:04:39.727] [0mcreating Solana chain adaptor[32m [common_chain_adaptor][0m[36m[0m
[36mINFO[0m [32m[08/15 19:04:39.849] [0minitialized all program event definitions[32m [solana_sm][0m[36m [programCount:1][0m
[36mINFO[0m [32m[08/15 19:04:39.849] [0mRegistered transfer provider[32m [tron-transfer][0m[36m [chainID:97] [tokens:[BNB USDT USDC]][0m
[36mINFO[0m [32m[08/15 19:04:39.851] [0mRegistered transfer provider[32m [tron-transfer][0m[36m [chainID:2494104990] [tokens:[TRX USDT]][0m
[36mINFO[0m [32m[08/15 19:04:39.851] [0mcore api initialized[32m [coreApi][0m[36m[0m
[36mINFO[0m [32m[08/15 19:04:40.074] [0mComponent[sql-connector] started[32m [sidecar][0m[36m [time_cost:221.971084ms][0m
[36mINFO[0m [32m[08/15 19:04:40.790] [0mFinished connect to send tx http rpcs[32m [solana-jsonrpc][0m[36m [cost:715.825458ms] [num:1][0m
[36mINFO[0m [32m[08/15 19:04:41.321] [0mFinished connect to stable http rpcs[32m [solana-jsonrpc][0m[36m [cost:531.047375ms] [num:1][0m
[36mINFO[0m [32m[08/15 19:04:41.607] [0mFinished connect to unstable http rpcs[32m [solana-jsonrpc][0m[36m [cost:285.819333ms] [num:1][0m
[36mINFO[0m [32m[08/15 19:04:42.761] [0mFinished connect to ws rpcs[32m [solana-jsonrpc][0m[36m [cost:1.153397292s] [num:1][0m
[36mINFO[0m [32m[08/15 19:04:43.162] [0mScheduled task started[32m [sidecar][0m[36m [interval:2s] [task:solana-tx-sender[poll-last-block]][0m
[36mINFO[0m [32m[08/15 19:04:43.162] [0msolana submitter started[32m [solana-submitter][0m[36m[0m
[36mINFO[0m [32m[08/15 19:04:43.162] [0mswap submitter started[32m [submitter][0m[36m[0m
[36mINFO[0m [32m[08/15 19:04:43.162] [0mComponent[SwapSubmitter] started[32m [sidecar][0m[36m [time_cost:3.088085584s][0m
[36mINFO[0m [32m[08/15 19:04:43.162] [0mstart to subscribe exchange data by grpc...[32m [ExchangeDataService][0m[36m[0m
[36mINFO[0m [32m[08/15 19:04:43.162] [0mScheduled task started[32m [sidecar][0m[36m [interval:1h0m0s] [task:UpdateExchangeTokenHolders][0m
[36mINFO[0m [32m[08/15 19:04:43.162] [0mScheduled task started[32m [sidecar][0m[36m [interval:1m0s] [task:StatisticExchangeData][0m
[31mERRO[0m [32m[08/15 19:04:48.187] [0mgrpc SubscribeEvents failed[32m [ExchangeDataService][0m[31m [error:map[error:rpc error: code = Unavailable desc = connection error: desc = "error reading server preface: read tcp 127.0.0.1:60455->127.0.0.1:4780: read: connection reset by peer" kind:*status.Error stack:<nil>]][0m
[36mINFO[0m [32m[08/15 19:04:48.188] [0mScheduled task stopped[32m [sidecar][0m[36m [interval:2s] [task:solana-tx-sender[poll-last-block]][0m
[36mINFO[0m [32m[08/15 19:04:48.188] [0msolana submitter stopped[32m [solana-submitter][0m[36m[0m
[36mINFO[0m [32m[08/15 19:04:48.188] [0mComponent[SwapSubmitter] stopped[32m [sidecar][0m[36m [time_cost:722.125µs][0m
[36mINFO[0m [32m[08/15 19:04:48.189] [0mComponent[sql-connector] stopped[32m [sidecar][0m[36m [time_cost:1.708µs][0m
[31mERRO[0m [32m[08/15 19:04:48.189] [0mStart components failed[32m [sidecar][0m[31m [err:map[error:componen[ExchangeDataService] start failed: rpc error: code = Unavailable desc = connection error: desc = "error reading server preface: read tcp 127.0.0.1:60455->127.0.0.1:4780: read: connection reset by peer" kind:*errors.withStack stack:<nil>]][0m
[36mINFO[0m [32m[08/15 19:04:48.189] [0mtoken-engine is stopped[32m [app][0m[36m[0m
