[36mINFO[0m [32m[08/15 19:13:09.188] [0mtoken-engine version:[32m [app][0m[36m[0m
[36mINFO[0m [32m[08/15 19:13:09.189] [0mSystem version: darwin/arm64[32m [app][0m[36m[0m
[36mINFO[0m [32m[08/15 19:13:09.189] [0mGolang version: go1.24.2[32m [app][0m[36m[0m
[36mINFO[0m [32m[08/15 19:13:09.189] [0mApp build time:[32m [app][0m[36m[0m
[36mINFO[0m [32m[08/15 19:13:09.189] [0mGit commit id:[32m [app][0m[36m[0m
[36mINFO[0m [32m[08/15 19:13:09.189] [0mRepo path: /Users/yanzhixing/Downloads/GitHub/token-engine/deploy[32m [app][0m[36m[0m
[36mINFO[0m [32m[08/15 19:13:09.189] [0mExecutable: /Users/yanzhixing/Downloads/GitHub/token-engine/deploy/tools/bin/token-engine[32m [app][0m[36m[0m
[36mINFO[0m [32m[08/15 19:13:09.189] [0mPID: 15882[32m [app][0m[36m[0m
[36mINFO[0m [32m[08/15 19:13:09.189] [0mUUID node index: 0[32m [app][0m[36m[0m
[36mINFO[0m [32m[08/15 19:13:09.473] [0mcreating new base AxcTxPrepare[32m [base_txprepare][0m[36m[0m
[36mINFO[0m [32m[08/15 19:13:09.473] [0mcreating new base AxcTxExecutor[32m [base_txexecutor][0m[36m[0m
[36mINFO[0m [32m[08/15 19:13:09.473] [0mcreate axc vault idl[32m [solana-idl][0m[36m[0m
[36mINFO[0m [32m[08/15 19:13:09.473] [0mcreate axc vault transaction builder[32m [axc_tx_builder][0m[36m[0m
[36mINFO[0m [32m[08/15 19:13:09.473] [0mcreating Solana chain adaptor[32m [common_chain_adaptor][0m[36m[0m
[36mINFO[0m [32m[08/15 19:13:09.601] [0minitialized all program event definitions[32m [solana_sm][0m[36m [programCount:1][0m
[36mINFO[0m [32m[08/15 19:13:09.601] [0mRegistered transfer provider[32m [tron-transfer][0m[36m [chainID:97] [tokens:[BNB USDT USDC]][0m
[36mINFO[0m [32m[08/15 19:13:09.602] [0mRegistered transfer provider[32m [tron-transfer][0m[36m [chainID:2494104990] [tokens:[TRX USDT]][0m
[36mINFO[0m [32m[08/15 19:13:09.603] [0mcore api initialized[32m [coreApi][0m[36m[0m
[36mINFO[0m [32m[08/15 19:13:09.816] [0mComponent[sql-connector] started[32m [sidecar][0m[36m [time_cost:212.963083ms][0m
[36mINFO[0m [32m[08/15 19:13:15.867] [0mFinished connect to send tx http rpcs[32m [solana-jsonrpc][0m[36m [cost:6.0507415s] [num:1][0m
[36mINFO[0m [32m[08/15 19:13:16.146] [0mFinished connect to stable http rpcs[32m [solana-jsonrpc][0m[36m [cost:278.355292ms] [num:1][0m
[36mINFO[0m [32m[08/15 19:13:16.783] [0mFinished connect to unstable http rpcs[32m [solana-jsonrpc][0m[36m [cost:637.26ms] [num:1][0m
[36mINFO[0m [32m[08/15 19:13:17.681] [0mFinished connect to ws rpcs[32m [solana-jsonrpc][0m[36m [cost:897.109416ms] [num:1][0m
[36mINFO[0m [32m[08/15 19:13:18.119] [0mScheduled task started[32m [sidecar][0m[36m [interval:2s] [task:solana-tx-sender[poll-last-block]][0m
[36mINFO[0m [32m[08/15 19:13:18.120] [0msolana submitter started[32m [solana-submitter][0m[36m[0m
[36mINFO[0m [32m[08/15 19:13:18.120] [0mswap submitter started[32m [submitter][0m[36m[0m
[36mINFO[0m [32m[08/15 19:13:18.120] [0mComponent[SwapSubmitter] started[32m [sidecar][0m[36m [time_cost:8.30311275s][0m
[36mINFO[0m [32m[08/15 19:13:18.120] [0mstart to subscribe exchange data by grpc...[32m [ExchangeDataService][0m[36m[0m
[36mINFO[0m [32m[08/15 19:13:18.120] [0mScheduled task started[32m [sidecar][0m[36m [interval:1m0s] [task:StatisticExchangeData][0m
[36mINFO[0m [32m[08/15 19:13:18.120] [0mScheduled task started[32m [sidecar][0m[36m [interval:1h0m0s] [task:UpdateExchangeTokenHolders][0m
[36mINFO[0m [32m[08/15 19:13:18.869] [0mComponent[ExchangeDataService] started[32m [sidecar][0m[36m [time_cost:749.391459ms][0m
[36mINFO[0m [32m[08/15 19:13:18.870] [0mComponent[ContractMaterials] started[32m [sidecar][0m[36m [time_cost:338.542µs][0m
[36mINFO[0m [32m[08/15 19:13:18.870] [0mstarting Solana chain adaptor[32m [common_chain_adaptor][0m[36m[0m
[36mINFO[0m [32m[08/15 19:13:18.870] [0mSolana chain adaptor started successfully[32m [common_chain_adaptor][0m[36m[0m
[36mINFO[0m [32m[08/15 19:13:18.870] [0mComponent[common_chain_adaptor] started[32m [sidecar][0m[36m [time_cost:96.417µs][0m
[33mWARN[0m [32m[08/15 19:13:18.988] [0mbegin compensate swap event[32m [ExchangeDataService][0m[33m [outer_id From:307735][0m
[36mINFO[0m [32m[08/15 19:13:19.153] [0mContract materials loaded successfully[32m [basechain][0m[36m [appid:root] [chainId:84532] [contractCount:9] [errors:0][0m
[36mINFO[0m [32m[08/15 19:13:19.378] [0mNSQ consumer component started[32m [msgqueue][0m[36m[0m
[36mINFO[0m [32m[08/15 19:13:19.378] [0mComponent[msg_queue] started[32m [sidecar][0m[36m [time_cost:508.252208ms][0m
[36mINFO[0m [32m[08/15 19:13:19.378] [0mComponent[solana_sm] started[32m [sidecar][0m[36m [time_cost:4.375µs][0m
[36mINFO[0m [32m[08/15 19:13:19.378] [0mLoading deployment manifest from[32m [base_deploymanager][0m[36m [path:/Users/yanzhixing/Downloads/GitHub/token-engine/deploy/abis][0m
[36mINFO[0m [32m[08/15 19:13:19.378] [0mComponent[deploymanager] started[32m [sidecar][0m[36m [time_cost:23.792µs][0m
[36mINFO[0m [32m[08/15 19:13:19.379] [0mIPC server listen on: /Users/yanzhixing/Downloads/GitHub/token-engine/deploy/ipc.sock[32m [api][0m[36m[0m
[36mINFO[0m [32m[08/15 19:13:19.379] [0mHttp server listen on: 8082[32m [api][0m[36m[0m
[36mINFO[0m [32m[08/15 19:13:19.379] [0mComponent[http-api-server] started[32m [sidecar][0m[36m [time_cost:431.209µs][0m
[36mINFO[0m [32m[08/15 19:13:19.379] [0mComponent[app] started[32m [sidecar][0m[36m [time_cost:123.167µs][0m
[36mINFO[0m [32m[08/15 19:13:19.379] [0mtoken-engine is ready[32m [sidecar][0m[36m[0m
[36mINFO[0m [32m[08/15 19:13:19.380] [0m=====================================================================================
   __            __                                                  _
  / /_  ____    / /__  ___    ____          ___    ____    ____ _   (_)   ____   ___
 / __/ / __ \  / //_/ / _ \  / __ \ ______ / _ \  / __ \  / __ `/  / /   / __ \ / _ \
/ /_  / /_/ / / ,<   /  __/ / / / //_____//  __/ / / / / / /_/ /  / /   / / / //  __/
\__/  \____/ /_/|_|  \___/ /_/ /_/        \___/ /_/ /_/  \__, /  /_/   /_/ /_/ \___/
                                                        /____/

=====================================================================================[32m [sidecar][0m[36m[0m
[36mINFO[0m [32m[08/15 19:13:19.466] [0mevent processor started[32m [solana_sm][0m[36m[0m
[36mINFO[0m [32m[08/15 19:13:19.466] [0mSolana events manager started[32m [solana_sm][0m[36m[0m
[33mWARN[0m [32m[08/15 19:13:21.328] [0mstop compensate swap event[32m [ExchangeDataService][0m[33m [outer_id end:307734][0m
[36mINFO[0m [32m[08/15 19:14:13.898] [0mpreparing create vault transaction[32m [base_txprepare][0m[36m [params:&{84532 {0x4d6Ca5A0517cc18d66FEA10a51486fA0351bF61A 0x4d6Ca5A0517cc18d66FEA10a51486fA0351bF61A 0x4d6Ca5A0517cc18d66FEA10a51486fA0351bF61A 0x4d6Ca5A0517cc18d66FEA10a51486fA0351bF61A 0x4d6Ca5A0517cc18d66FEA10a51486fA0351bF61A} {My Test Token MTT 18 https://example.com/token-metadata.json} {Test 0xA0b86a33E6441E6C7D3E4C2C4C6C6C6C6C6C6C6C 1000000 1703980800 1704067200 100 500 0.1 100000 200 0x1234567890123456789012345678901234567890 0x1234567890123456789012345678901234567890 1} false}][0m
[36mINFO[0m [32m[08/15 19:14:21.008] [0msuccessfully prepared create vault transaction[32m [base_txprepare][0m[36m [txHash:0xc9f1749f473825805ca9506173f0319a7d5ec34054029cd62d6cfb03dacfdde3][0m
[36mINFO[0m [32m[08/15 19:14:21.009] [0mqueryVaultCreated[32m [base_txprepare][0m[36m[0m
[36mINFO[0m [32m[08/15 19:14:21.009] [0mqueryVaultCreated[32m [base_txprepare][0m[36m [txHash:0xc9f1749f473825805ca9506173f0319a7d5ec34054029cd62d6cfb03dacfdde3][0m
[31mERRO[0m [32m[08/15 19:14:21.344] [0mqueryVaultCreated111[32m [base_txprepare][0m[31m [error:map[error:not found kind:*errors.errorString stack:<nil>]][0m
[36mINFO[0m [32m[08/15 19:14:21.344] [0mAPI request[32m [api][0m[36m [uri:/api/v2/primary/vault/prepare_create] [method:POST] [ip:127.0.0.1] [http_code:200] [time_cost:7.4467785s] [caller:root][0m
[36mINFO[0m [32m[08/15 19:15:47.874] [0mReceive exit signal: interrupt[32m [sidecar][0m[36m[0m
[36mINFO[0m [32m[08/15 19:15:47.876] [0mComponent[app] stopped[32m [sidecar][0m[36m [time_cost:210.666µs][0m
[36mINFO[0m [32m[08/15 19:15:47.876] [0mIPC server shutdown[32m [api][0m[36m[0m
[36mINFO[0m [32m[08/15 19:15:47.876] [0mHttp server shutdown[32m [api][0m[36m[0m
[36mINFO[0m [32m[08/15 19:15:47.876] [0mComponent[http-api-server] stopped[32m [sidecar][0m[36m [time_cost:625.541µs][0m
[36mINFO[0m [32m[08/15 19:15:47.877] [0mDeployManager stopped[32m [base_deploymanager][0m[36m[0m
[36mINFO[0m [32m[08/15 19:15:47.877] [0mComponent[deploymanager] stopped[32m [sidecar][0m[36m [time_cost:46.25µs][0m
[36mINFO[0m [32m[08/15 19:15:47.877] [0mScheduled task stopped[32m [sidecar][0m[36m [interval:2s] [task:solana-tx-sender[poll-last-block]][0m
[36mINFO[0m [32m[08/15 19:15:47.877] [0mevent processor stopping[32m [solana_sm][0m[36m[0m
[31mERRO[0m [32m[08/15 19:15:47.878] [0mStop components failed[32m [sidecar][0m[31m [err:map[error:goroutine exited without returning kind:*errors.errorString stack:<nil>]][0m
