[36mINFO[0m [32m[08/11 17:28:35.547] [0mtoken-engine version:[32m [app][0m[36m[0m
[36mINFO[0m [32m[08/11 17:28:35.547] [0mSystem version: darwin/arm64[32m [app][0m[36m[0m
[36mINFO[0m [32m[08/11 17:28:35.547] [0mGolang version: go1.24.2[32m [app][0m[36m[0m
[36mINFO[0m [32m[08/11 17:28:35.547] [0mApp build time:[32m [app][0m[36m[0m
[36mINFO[0m [32m[08/11 17:28:35.547] [0mGit commit id:[32m [app][0m[36m[0m
[36mINFO[0m [32m[08/11 17:28:35.547] [0mRepo path: /Users/yanzhixing/Downloads/GitHub/token-engine/deploy[32m [app][0m[36m[0m
[36mINFO[0m [32m[08/11 17:28:35.547] [0mExecutable: /Users/yanzhixing/Downloads/GitHub/token-engine/deploy/tools/bin/token-engine[32m [app][0m[36m[0m
[36mINFO[0m [32m[08/11 17:28:35.547] [0mPID: 49699[32m [app][0m[36m[0m
[36mINFO[0m [32m[08/11 17:28:35.547] [0mUUID node index: 0[32m [app][0m[36m[0m
[36mINFO[0m [32m[08/11 17:28:35.849] [0mcreating new base AxcTxPrepare[32m [base_txprepare][0m[36m[0m
[36mINFO[0m [32m[08/11 17:28:35.849] [0mcreating new base AxcTxExecutor[32m [base_txexecutor][0m[36m[0m
[36mINFO[0m [32m[08/11 17:28:35.849] [0mcreate axc vault idl[32m [solana-idl][0m[36m[0m
[36mINFO[0m [32m[08/11 17:28:35.849] [0mcreate axc vault transaction builder[32m [axc_tx_builder][0m[36m[0m
[36mINFO[0m [32m[08/11 17:28:35.849] [0mcreating Solana chain adaptor[32m [common_chain_adaptor][0m[36m[0m
[36mINFO[0m [32m[08/11 17:28:36.542] [0minitialized all program event definitions[32m [solana_sm][0m[36m [programCount:1][0m
[36mINFO[0m [32m[08/11 17:28:36.542] [0mcore api initialized[32m [coreApi][0m[36m[0m
[36mINFO[0m [32m[08/11 17:28:36.774] [0mComponent[sql-connector] started[32m [sidecar][0m[36m [time_cost:231.750375ms][0m
[36mINFO[0m [32m[08/11 17:28:37.867] [0mFinished connect to send tx http rpcs[32m [solana-jsonrpc][0m[36m [cost:1.092043792s] [num:1][0m
[36mINFO[0m [32m[08/11 17:28:38.171] [0mFinished connect to stable http rpcs[32m [solana-jsonrpc][0m[36m [cost:303.513042ms] [num:1][0m
[36mINFO[0m [32m[08/11 17:28:38.455] [0mFinished connect to unstable http rpcs[32m [solana-jsonrpc][0m[36m [cost:283.881875ms] [num:1][0m
[36mINFO[0m [32m[08/11 17:28:39.220] [0mFinished connect to ws rpcs[32m [solana-jsonrpc][0m[36m [cost:765.169042ms] [num:1][0m
[36mINFO[0m [32m[08/11 17:28:39.726] [0mScheduled task started[32m [sidecar][0m[36m [interval:2s] [task:solana-tx-sender[poll-last-block]][0m
[36mINFO[0m [32m[08/11 17:28:39.726] [0msolana submitter started[32m [solana-submitter][0m[36m[0m
[36mINFO[0m [32m[08/11 17:28:39.727] [0mswap submitter started[32m [submitter][0m[36m[0m
[36mINFO[0m [32m[08/11 17:28:39.727] [0mComponent[SwapSubmitter] started[32m [sidecar][0m[36m [time_cost:2.951883458s][0m
[36mINFO[0m [32m[08/11 17:28:39.727] [0mstart to subscribe exchange data by grpc...[32m [ExchangeDataService][0m[36m[0m
[36mINFO[0m [32m[08/11 17:28:39.727] [0mScheduled task started[32m [sidecar][0m[36m [interval:1h0m0s] [task:UpdateExchangeTokenHolders][0m
[36mINFO[0m [32m[08/11 17:28:39.727] [0mScheduled task started[32m [sidecar][0m[36m [interval:1m0s] [task:StatisticExchangeData][0m
[36mINFO[0m [32m[08/11 17:28:40.315] [0mComponent[ExchangeDataService] started[32m [sidecar][0m[36m [time_cost:588.032542ms][0m
[36mINFO[0m [32m[08/11 17:28:40.315] [0mComponent[ContractMaterials] started[32m [sidecar][0m[36m [time_cost:18.125µs][0m
[36mINFO[0m [32m[08/11 17:28:40.315] [0mstarting Solana chain adaptor[32m [common_chain_adaptor][0m[36m[0m
[36mINFO[0m [32m[08/11 17:28:40.315] [0mSolana chain adaptor started successfully[32m [common_chain_adaptor][0m[36m[0m
[36mINFO[0m [32m[08/11 17:28:40.315] [0mComponent[common_chain_adaptor] started[32m [sidecar][0m[36m [time_cost:96.083µs][0m
[33mWARN[0m [32m[08/11 17:28:40.542] [0mbegin compensate swap event[32m [ExchangeDataService][0m[33m [outer_id From:235664][0m
[36mINFO[0m [32m[08/11 17:28:40.671] [0mContract materials loaded successfully[32m [basechain][0m[36m [appid:root] [chainId:84532] [contractCount:9] [errors:0][0m
[36mINFO[0m [32m[08/11 17:28:40.849] [0mNSQ consumer component started[32m [msgqueue][0m[36m[0m
[36mINFO[0m [32m[08/11 17:28:40.849] [0mComponent[msg_queue] started[32m [sidecar][0m[36m [time_cost:534.250042ms][0m
[36mINFO[0m [32m[08/11 17:28:40.849] [0mComponent[solana_sm] started[32m [sidecar][0m[36m [time_cost:56.75µs][0m
[36mINFO[0m [32m[08/11 17:28:40.850] [0mLoading deployment manifest from[32m [base_deploymanager][0m[36m [path:/Users/yanzhixing/Downloads/GitHub/token-engine/deploy/abis][0m
[36mINFO[0m [32m[08/11 17:28:40.850] [0mComponent[deploymanager] started[32m [sidecar][0m[36m [time_cost:202.916µs][0m
[36mINFO[0m [32m[08/11 17:28:40.851] [0mIPC server listen on: /Users/yanzhixing/Downloads/GitHub/token-engine/deploy/ipc.sock[32m [api][0m[36m[0m
[36mINFO[0m [32m[08/11 17:28:40.851] [0mHttp server listen on: 8082[32m [api][0m[36m[0m
[36mINFO[0m [32m[08/11 17:28:40.851] [0mComponent[http-api-server] started[32m [sidecar][0m[36m [time_cost:1.368583ms][0m
[36mINFO[0m [32m[08/11 17:28:40.852] [0mComponent[app] started[32m [sidecar][0m[36m [time_cost:263.583µs][0m
[36mINFO[0m [32m[08/11 17:28:40.852] [0mtoken-engine is ready[32m [sidecar][0m[36m[0m
[36mINFO[0m [32m[08/11 17:28:40.854] [0m=====================================================================================
   __            __                                                  _
  / /_  ____    / /__  ___    ____          ___    ____    ____ _   (_)   ____   ___
 / __/ / __ \  / //_/ / _ \  / __ \ ______ / _ \  / __ \  / __ `/  / /   / __ \ / _ \
/ /_  / /_/ / / ,<   /  __/ / / / //_____//  __/ / / / / / /_/ /  / /   / / / //  __/
\__/  \____/ /_/|_|  \___/ /_/ /_/        \___/ /_/ /_/  \__, /  /_/   /_/ /_/ \___/
                                                        /____/

=====================================================================================[32m [sidecar][0m[36m[0m
[36mINFO[0m [32m[08/11 17:28:40.956] [0mSolana events manager started[32m [solana_sm][0m[36m[0m
[36mINFO[0m [32m[08/11 17:28:40.956] [0mevent processor started[32m [solana_sm][0m[36m[0m
[36mINFO[0m [32m[08/11 17:28:45.852] [0mpreparing create vault transaction[32m [base_txprepare][0m[36m [params:&{8453 {0x1234567890123456789012345678901234567890 0x1234567890123456789012345678901234567890 0x1234567890123456789012345678901234567890 0x1234567890123456789012345678901234567890} {My Test Token MTT 18 https://example.com/token-metadata.json} {0xA0b86a33E6441E6C7D3E4C2C4C6C6C6C6C6C6C6C 1000000 1703980800 1704067200 100 500 0.1 100000 200 0x1234567890123456789012345678901234567890 0x1234567890123456789012345678901234567890 1} false}][0m
[31mERRO[0m [32m[08/11 17:28:46.162] [0mfailed to get nonce[32m [base_txprepare][0m[31m [deployer:0x1234567890123456789012345678901234567890] [error:map[error:Post "https://api.developer.coinbase.com/rpc/v1/base-sepolia/JmJwHELnrYhdN3YgtwMjYOrnVDdSXppH": read tcp 10.1.9.208:52200->172.64.152.241:443: read: connection reset by peer kind:*url.Error stack:<nil>]][0m
[31mERRO[0m [32m[08/11 17:28:46.162] [0mAPI request failed[32m [api][0m[31m [uri:/api/v2/primary/vault/prepare_create] [err_code:10001] [err_msg:failed to get nonce: Post "https://api.developer.coinbase.com/rpc/v1/base-sepolia/JmJwHELnrYhdN3YgtwMjYOrnVDdSXppH": read tcp 10.1.9.208:52200->172.64.152.241:443: read: connection reset by peer] [method:POST] [ip:127.0.0.1] [http_code:200] [time_cost:311.09075ms] [caller:root][0m
[36mINFO[0m [32m[08/11 17:28:52.131] [0mpreparing create vault transaction[32m [base_txprepare][0m[36m [params:&{8453 {0x1234567890123456789012345678901234567890 0x1234567890123456789012345678901234567890 0x1234567890123456789012345678901234567890 0x1234567890123456789012345678901234567890} {My Test Token MTT 18 https://example.com/token-metadata.json} {0xA0b86a33E6441E6C7D3E4C2C4C6C6C6C6C6C6C6C 1000000 1703980800 1704067200 100 500 0.1 100000 200 0x1234567890123456789012345678901234567890 0x1234567890123456789012345678901234567890 1} false}][0m
[31mERRO[0m [32m[08/11 17:28:52.369] [0mfailed to get nonce[32m [base_txprepare][0m[31m [deployer:0x1234567890123456789012345678901234567890] [error:map[error:Post "https://api.developer.coinbase.com/rpc/v1/base-sepolia/JmJwHELnrYhdN3YgtwMjYOrnVDdSXppH": read tcp 10.1.9.208:52236->104.18.35.15:443: read: connection reset by peer kind:*url.Error stack:<nil>]][0m
[31mERRO[0m [32m[08/11 17:28:52.370] [0mAPI request failed[32m [api][0m[31m [uri:/api/v2/primary/vault/prepare_create] [err_code:10001] [err_msg:failed to get nonce: Post "https://api.developer.coinbase.com/rpc/v1/base-sepolia/JmJwHELnrYhdN3YgtwMjYOrnVDdSXppH": read tcp 10.1.9.208:52236->104.18.35.15:443: read: connection reset by peer] [method:POST] [ip:127.0.0.1] [http_code:200] [time_cost:238.393209ms] [caller:root][0m
[36mINFO[0m [32m[08/11 17:28:55.336] [0mpreparing create vault transaction[32m [base_txprepare][0m[36m [params:&{8453 {0x1234567890123456789012345678901234567890 0x1234567890123456789012345678901234567890 0x1234567890123456789012345678901234567890 0x1234567890123456789012345678901234567890} {My Test Token MTT 18 https://example.com/token-metadata.json} {0xA0b86a33E6441E6C7D3E4C2C4C6C6C6C6C6C6C6C 1000000 1703980800 1704067200 100 500 0.1 100000 200 0x1234567890123456789012345678901234567890 0x1234567890123456789012345678901234567890 1} false}][0m
[31mERRO[0m [32m[08/11 17:28:59.076] [0mfailed to create deploy transaction[32m [base_txprepare][0m[31m [error:map[error:nonce too low: next nonce 28, tx nonce 0 kind:*rpc.jsonError stack:<nil>]][0m
[31mERRO[0m [32m[08/11 17:28:59.077] [0mAPI request failed[32m [api][0m[31m [uri:/api/v2/primary/vault/prepare_create] [err_code:10001] [err_msg:failed to create deploy transaction: nonce too low: next nonce 28, tx nonce 0] [method:POST] [ip:127.0.0.1] [http_code:200] [time_cost:3.741239083s] [caller:root][0m
[31mERRO[0m [32m[08/11 17:29:07.528] [0msave swap event data failed[32m [ExchangeDataService][0m[31m [error:map[error:model: unable to insert into exchange_token_tx: ERROR: duplicate key value violates unique constraint "exchange_token_tx_outer_id_key" (SQLSTATE 23505) kind:*errors.withStack stack:<nil>]] [txData:&{0 1001 235673 8uHK7JmwvRQYoSP5sCxjcdUn6PfhCGSRvtT7v63Rqm9T E64i27za4jcMT6ceMKncdw3aJxg1TwvXzBmULsXytJ63 4xkEmPMWfPJvBp4wiTWe5J81g9CrQibg5aof2S9dUKpu 0 18130000 15398911 18130000 1900577811 2250192385 1183951728772 10404 Ft5dUC14KJ4r7bwwwX5oRsjgVwbwFoG7ntfowwNd4bFq 4cviE1SbBSn8ZdySVz3YHc9gcgx4gyDrAYmdsaQQ7dBU16w6UWPS7gQHDH7h4o5km6C3hC2gyEdD8qnwR1oD73i6 400410568 1754904515 2025-08-11 17:29:07.274336 +0800 CST m=+31.748932834 2025-08-11 17:29:07.274336 +0800 CST m=+31.748932876 <nil> {}}][0m
[31mERRO[0m [32m[08/11 17:29:09.864] [0msave swap event data failed[32m [ExchangeDataService][0m[31m [error:map[error:model: unable to insert into exchange_token_tx: ERROR: duplicate key value violates unique constraint "exchange_token_tx_outer_id_key" (SQLSTATE 23505) kind:*errors.withStack stack:<nil>]] [txData:&{0 1001 235674 8uHK7JmwvRQYoSP5sCxjcdUn6PfhCGSRvtT7v63Rqm9T E64i27za4jcMT6ceMKncdw3aJxg1TwvXzBmULsXytJ63 4xkEmPMWfPJvBp4wiTWe5J81g9CrQibg5aof2S9dUKpu 1 22078280 18880000 22078280 1919457811 2228106853 1160800117736 10182 Ft5dUC14KJ4r7bwwwX5oRsjgVwbwFoG7ntfowwNd4bFq zvQjXtKAFsSHugVfZWpGsuCW7BP8BiwqrcowrpjqkR53MWi6sfiVAJw3oyFzgA8KejpvV7waJPjs3dQ43z9vM91 400410580 1754904520 2025-08-11 17:29:09.808355 +0800 CST m=+34.282936334 2025-08-11 17:29:09.808355 +0800 CST m=+34.282936543 <nil> {}}][0m
[31mERRO[0m [32m[08/11 17:29:12.311] [0msave swap event data failed[32m [ExchangeDataService][0m[31m [error:map[error:model: unable to insert into exchange_token_tx: ERROR: duplicate key value violates unique constraint "exchange_token_tx_outer_id_key" (SQLSTATE 23505) kind:*errors.withStack stack:<nil>]] [txData:&{0 1001 235675 8uHK7JmwvRQYoSP5sCxjcdUn6PfhCGSRvtT7v63Rqm9T E64i27za4jcMT6ceMKncdw3aJxg1TwvXzBmULsXytJ63 4xkEmPMWfPJvBp4wiTWe5J81g9CrQibg5aof2S9dUKpu 0 12320000 10528722 12320000 1908921537 2240426853 1173661048699 10150 Ft5dUC14KJ4r7bwwwX5oRsjgVwbwFoG7ntfowwNd4bFq 2ibkhkg1oBPSTvgg54nMFMLucfP1JAbH9VxhQtHNg8i18Vbv8U8cd5wke6yQ5A1cdEXJcnKJ2Bfri2JGLrXY797t 400410590 1754904524 2025-08-11 17:29:12.153626 +0800 CST m=+36.628193876 2025-08-11 17:29:12.153626 +0800 CST m=+36.628194043 <nil> {}}][0m
[31mERRO[0m [32m[08/11 17:29:14.850] [0msave swap event data failed[32m [ExchangeDataService][0m[31m [error:map[error:model: unable to insert into exchange_token_tx: ERROR: duplicate key value violates unique constraint "exchange_token_tx_outer_id_key" (SQLSTATE 23505) kind:*errors.withStack stack:<nil>]] [txData:&{0 1001 235676 8uHK7JmwvRQYoSP5sCxjcdUn6PfhCGSRvtT7v63Rqm9T E64i27za4jcMT6ceMKncdw3aJxg1TwvXzBmULsXytJ63 4xkEmPMWfPJvBp4wiTWe5J81g9CrQibg5aof2S9dUKpu 0 8000000 6775120 8000000 1902146417 2248421925 1182044612814 9852 8womd2riK6w4fHwkrop7v1ihUJ6dK2ycsq9pH8kZjMiD 2fzRjSUGUCTKYq1nuTW7vnP9EQXEzqBYW74WJr48X8VncKkzuyFgJKfopTPfFxxDn13ehLZLHhRDMETYiRkVc8eP 400410601 1754904528 2025-08-11 17:29:14.588837 +0800 CST m=+39.063390501 2025-08-11 17:29:14.588837 +0800 CST m=+39.063390793 <nil> {}}][0m
[31mERRO[0m [32m[08/11 17:29:17.406] [0msave swap event data failed[32m [ExchangeDataService][0m[31m [error:map[error:model: unable to insert into exchange_token_tx: ERROR: duplicate key value violates unique constraint "exchange_token_tx_outer_id_key" (SQLSTATE 23505) kind:*errors.withStack stack:<nil>]] [txData:&{0 1001 235677 8uHK7JmwvRQYoSP5sCxjcdUn6PfhCGSRvtT7v63Rqm9T E64i27za4jcMT6ceMKncdw3aJxg1TwvXzBmULsXytJ63 4xkEmPMWfPJvBp4wiTWe5J81g9CrQibg5aof2S9dUKpu 0 16900000 14155406 16900000 1887991011 2265318725 1199856732262 10032 Ft5dUC14KJ4r7bwwwX5oRsjgVwbwFoG7ntfowwNd4bFq 3ytMm2py8SUZUG1917sDkgJggAZygYNs9jkR6j81CicEHHzHmujtFPxEJFJV19A9abioKosYxJYXfHjYSNp2PYqp 400410613 1754904533 2025-08-11 17:29:17.127398 +0800 CST m=+41.601937126 2025-08-11 17:29:17.127398 +0800 CST m=+41.601937209 <nil> {}}][0m
[31mERRO[0m [32m[08/11 17:29:19.791] [0msave swap event data failed[32m [ExchangeDataService][0m[31m [error:map[error:model: unable to insert into exchange_token_tx: ERROR: duplicate key value violates unique constraint "exchange_token_tx_outer_id_key" (SQLSTATE 23505) kind:*errors.withStack stack:<nil>]] [txData:&{0 1001 235678 8uHK7JmwvRQYoSP5sCxjcdUn6PfhCGSRvtT7v63Rqm9T E64i27za4jcMT6ceMKncdw3aJxg1TwvXzBmULsXytJ63 4xkEmPMWfPJvBp4wiTWe5J81g9CrQibg5aof2S9dUKpu 0 18730000 15443844 18730000 1872547167 2284041965 1219751366081 9565 8womd2riK6w4fHwkrop7v1ihUJ6dK2ycsq9pH8kZjMiD NiaFspkQd6rSi4QGv1ZrRrSUPD6kgSqgwK3gfkYQysrmYCRpBZSaBCj5jVdwpByWXZgHL6EDfoZgmepYTjdb5f8 400410624 1754904537 2025-08-11 17:29:19.705035 +0800 CST m=+44.179558126 2025-08-11 17:29:19.705035 +0800 CST m=+44.179558168 <nil> {}}][0m
[31mERRO[0m [32m[08/11 17:29:22.371] [0msave swap event data failed[32m [ExchangeDataService][0m[31m [error:map[error:model: unable to insert into exchange_token_tx: ERROR: duplicate key value violates unique constraint "exchange_token_tx_outer_id_key" (SQLSTATE 23505) kind:*errors.withStack stack:<nil>]] [txData:&{0 1001 235679 8uHK7JmwvRQYoSP5sCxjcdUn6PfhCGSRvtT7v63Rqm9T E64i27za4jcMT6ceMKncdw3aJxg1TwvXzBmULsXytJ63 4xkEmPMWfPJvBp4wiTWe5J81g9CrQibg5aof2S9dUKpu 0 12540000 10199258 12540000 1862347909 2296574473 1233160819147 9383 8womd2riK6w4fHwkrop7v1ihUJ6dK2ycsq9pH8kZjMiD 5yXp1dLtvAM9PECE8AZRMjs6GFFdcDXaLwi4nCCWXuSV2To2CHm3z8ANvht5ByzRsLo8TvqgVU97hxtECETFa19m 400410636 1754904542 2025-08-11 17:29:22.112921 +0800 CST m=+46.587430084 2025-08-11 17:29:22.112921 +0800 CST m=+46.587430168 <nil> {}}][0m
[31mERRO[0m [32m[08/11 17:29:24.693] [0msave swap event data failed[32m [ExchangeDataService][0m[31m [error:map[error:model: unable to insert into exchange_token_tx: ERROR: duplicate key value violates unique constraint "exchange_token_tx_outer_id_key" (SQLSTATE 23505) kind:*errors.withStack stack:<nil>]] [txData:&{0 1001 235680 8uHK7JmwvRQYoSP5sCxjcdUn6PfhCGSRvtT7v63Rqm9T E64i27za4jcMT6ceMKncdw3aJxg1TwvXzBmULsXytJ63 4xkEmPMWfPJvBp4wiTWe5J81g9CrQibg5aof2S9dUKpu 1 19598616 16069999 19598616 1878417908 2276970841 1212174794172 10707 Ft5dUC14KJ4r7bwwwX5oRsjgVwbwFoG7ntfowwNd4bFq 4AdYQ8fYMkoHdRZMuYdRJZZCxQ4dWTp8iUmgE931Yxq2uhq3RFXkBPPw6X4aA66xtVEaCc4KivNiSX2coRZZ1sP6 400410648 1754904547 2025-08-11 17:29:24.64926 +0800 CST m=+49.123754418 2025-08-11 17:29:24.64926 +0800 CST m=+49.123754543 <nil> {}}][0m
[31mERRO[0m [32m[08/11 17:29:27.157] [0msave swap event data failed[32m [ExchangeDataService][0m[31m [error:map[error:model: unable to insert into exchange_token_tx: ERROR: duplicate key value violates unique constraint "exchange_token_tx_outer_id_key" (SQLSTATE 23505) kind:*errors.withStack stack:<nil>]] [txData:&{0 1001 235681 8uHK7JmwvRQYoSP5sCxjcdUn6PfhCGSRvtT7v63Rqm9T E64i27za4jcMT6ceMKncdw3aJxg1TwvXzBmULsXytJ63 4xkEmPMWfPJvBp4wiTWe5J81g9CrQibg5aof2S9dUKpu 0 17170000 14023679 17170000 1864387801 2294140841 1230506249702 10124 8womd2riK6w4fHwkrop7v1ihUJ6dK2ycsq9pH8kZjMiD 4kZzYUYsc7trpi1S9TvGKxx9ffvSwXywSJM8JxEweRaHdP1mwUm8M383pzJBifUhCFJpBkH4cEcwyMcSGhV54nJa 400410660 1754904552 2025-08-11 17:29:27.005815 +0800 CST m=+51.480295501 2025-08-11 17:29:27.005815 +0800 CST m=+51.480295543 <nil> {}}][0m
[31mERRO[0m [32m[08/11 17:29:29.675] [0msave swap event data failed[32m [ExchangeDataService][0m[31m [error:map[error:model: unable to insert into exchange_token_tx: ERROR: duplicate key value violates unique constraint "exchange_token_tx_outer_id_key" (SQLSTATE 23505) kind:*errors.withStack stack:<nil>]] [txData:&{0 1001 235682 8uHK7JmwvRQYoSP5sCxjcdUn6PfhCGSRvtT7v63Rqm9T E64i27za4jcMT6ceMKncdw3aJxg1TwvXzBmULsXytJ63 4xkEmPMWfPJvBp4wiTWe5J81g9CrQibg5aof2S9dUKpu 0 12740000 10270715 12740000 1854117086 2306873973 1244190019292 10043 8womd2riK6w4fHwkrop7v1ihUJ6dK2ycsq9pH8kZjMiD 3mHFTJX8qqVox7sfSA8oajg63ELCgnxwJDweH617UuCndxN2tBpAHf3N69m4bUA7YFchZV9eJkYH5wFkqCYpYD7G 400410672 1754904557 2025-08-11 17:29:29.483999 +0800 CST m=+53.958465584 2025-08-11 17:29:29.483999 +0800 CST m=+53.958465626 <nil> {}}][0m
[31mERRO[0m [32m[08/11 17:29:32.069] [0msave swap event data failed[32m [ExchangeDataService][0m[31m [error:map[error:model: unable to insert into exchange_token_tx: ERROR: duplicate key value violates unique constraint "exchange_token_tx_outer_id_key" (SQLSTATE 23505) kind:*errors.withStack stack:<nil>]] [txData:&{0 1001 235683 8uHK7JmwvRQYoSP5sCxjcdUn6PfhCGSRvtT7v63Rqm9T E64i27za4jcMT6ceMKncdw3aJxg1TwvXzBmULsXytJ63 4xkEmPMWfPJvBp4wiTWe5J81g9CrQibg5aof2S9dUKpu 1 14012990 11360000 14012990 1865477086 2292855887 1229098928208 10526 8womd2riK6w4fHwkrop7v1ihUJ6dK2ycsq9pH8kZjMiD 4WpCoWon7AZ8BnP5StnzHaQjnGrD8NToyqNLT6snGRzfEnHh3qdR3J12wmvKEtse7qC5GKcuhxcRd2tZkaoz8KL3 400410684 1754904561 2025-08-11 17:29:31.987601 +0800 CST m=+56.462052876 2025-08-11 17:29:31.987601 +0800 CST m=+56.462052918 <nil> {}}][0m
[31mERRO[0m [32m[08/11 17:29:34.622] [0msave swap event data failed[32m [ExchangeDataService][0m[31m [error:map[error:model: unable to insert into exchange_token_tx: ERROR: duplicate key value violates unique constraint "exchange_token_tx_outer_id_key" (SQLSTATE 23505) kind:*errors.withStack stack:<nil>]] [txData:&{0 1001 235684 8uHK7JmwvRQYoSP5sCxjcdUn6PfhCGSRvtT7v63Rqm9T E64i27za4jcMT6ceMKncdw3aJxg1TwvXzBmULsXytJ63 4xkEmPMWfPJvBp4wiTWe5J81g9CrQibg5aof2S9dUKpu 1 18244105 15000000 18244105 1880472542 2274611782 1209595849552 9977 Ft5dUC14KJ4r7bwwwX5oRsjgVwbwFoG7ntfowwNd4bFq 5eGUy7Mgaiv4UfafbBh5tRAcXCDTLDvPx2aCUgaNMwA2M4UvtzsoAUFs3yPiijctgdDouGuf3E2oXD6WXRhdBG5y 400410695 1754904566 2025-08-11 17:29:34.374961 +0800 CST m=+58.849398543 2025-08-11 17:29:34.374961 +0800 CST m=+58.849398834 <nil> {}}][0m
[33mWARN[0m [32m[08/11 17:29:36.901] [0mstop compensate swap event[32m [ExchangeDataService][0m[33m [outer_id end:235684][0m
[36mINFO[0m [32m[08/11 17:29:54.548] [0mpreparing create vault transaction[32m [base_txprepare][0m[36m [params:&{8453 {0x1234567890123456789012345678901234567890 0x1234567890123456789012345678901234567890 0x1234567890123456789012345678901234567890 0x1234567890123456789012345678901234567890} {My Test Token MTT 18 https://example.com/token-metadata.json} {0xA0b86a33E6441E6C7D3E4C2C4C6C6C6C6C6C6C6C 1000000 1703980800 1704067200 100 500 0.1 100000 200 0x1234567890123456789012345678901234567890 0x1234567890123456789012345678901234567890 1} false}][0m
[31mERRO[0m [32m[08/11 17:29:55.817] [0mfailed to create deploy transaction[32m [base_txprepare][0m[31m [error:map[error:nonce too low: next nonce 28, tx nonce 0 kind:*rpc.jsonError stack:<nil>]][0m
[31mERRO[0m [32m[08/11 17:29:55.817] [0mAPI request failed[32m [api][0m[31m [uri:/api/v2/primary/vault/prepare_create] [err_code:10001] [err_msg:failed to create deploy transaction: nonce too low: next nonce 28, tx nonce 0] [method:POST] [ip:127.0.0.1] [http_code:200] [time_cost:1.268916417s] [caller:root][0m
[36mINFO[0m [32m[08/11 17:33:42.537] [0mpreparing create vault transaction[32m [base_txprepare][0m[36m [params:&{8453 {0x4d6Ca5A0517cc18d66FEA10a51486fA0351bF61A 0x4d6Ca5A0517cc18d66FEA10a51486fA0351bF61A 0x4d6Ca5A0517cc18d66FEA10a51486fA0351bF61A 0x4d6Ca5A0517cc18d66FEA10a51486fA0351bF61A} {My Test Token MTT 18 https://example.com/token-metadata.json} {0xA0b86a33E6441E6C7D3E4C2C4C6C6C6C6C6C6C6C 1000000 1703980800 1704067200 100 500 0.1 100000 200 0x1234567890123456789012345678901234567890 0x1234567890123456789012345678901234567890 1} false}][0m
[36mINFO[0m [32m[08/11 17:33:44.388] [0msuccessfully prepared create vault transaction[32m [base_txprepare][0m[36m [txHash:0x4a35fd60faf4963a29730ec15f7a08eaf221091361dcba770107b4c54c5bbcf1][0m
[36mINFO[0m [32m[08/11 17:33:44.388] [0mAPI request[32m [api][0m[36m [uri:/api/v2/primary/vault/prepare_create] [method:POST] [ip:127.0.0.1] [http_code:200] [time_cost:1.85152025s] [caller:root][0m
[31mERRO[0m [32m[08/11 17:44:18.932] [0mAPI request failed[32m [api][0m[31m [uri:/api/v2/primary/vault/prepare_deposit] [err_code:10001] [err_msg:json: cannot unmarshal number into Go struct field VaultDepositReq.amount of type string] [method:POST] [ip:127.0.0.1] [http_code:200] [time_cost:1.449792ms] [caller:root][0m
[36mINFO[0m [32m[08/11 17:44:29.631] [0mpreparing deposit transaction[32m [base_txprepare][0m[36m [params:&{8453 0x4d6Ca5A0517cc18d66FEA10a51486fA0351bF61A 0x4d6Ca5A0517cc18d66FEA10a51486fA0351bF61A  1}][0m
[31mERRO[0m [32m[08/11 17:44:32.113] [0mfailed to create deposit transaction[32m [base_txprepare][0m[31m [error:map[error:no signer to authorize the transaction with kind:*errors.errorString stack:<nil>]][0m
[31mERRO[0m [32m[08/11 17:44:32.113] [0mAPI request failed[32m [api][0m[31m [uri:/api/v2/primary/vault/prepare_deposit] [err_code:10001] [err_msg:failed to create deposit transaction: no signer to authorize the transaction with] [method:POST] [ip:127.0.0.1] [http_code:200] [time_cost:2.483984917s] [caller:root][0m
[36mINFO[0m [32m[08/11 17:46:19.473] [0mReceive exit signal: interrupt[32m [sidecar][0m[36m[0m
[36mINFO[0m [32m[08/11 17:46:19.475] [0mComponent[app] stopped[32m [sidecar][0m[36m [time_cost:489.875µs][0m
[36mINFO[0m [32m[08/11 17:46:19.476] [0mIPC server shutdown[32m [api][0m[36m[0m
[36mINFO[0m [32m[08/11 17:46:19.476] [0mHttp server shutdown[32m [api][0m[36m[0m
[36mINFO[0m [32m[08/11 17:46:19.476] [0mComponent[http-api-server] stopped[32m [sidecar][0m[36m [time_cost:1.195166ms][0m
[36mINFO[0m [32m[08/11 17:46:19.477] [0mDeployManager stopped[32m [base_deploymanager][0m[36m[0m
[36mINFO[0m [32m[08/11 17:46:19.477] [0mComponent[deploymanager] stopped[32m [sidecar][0m[36m [time_cost:839.083µs][0m
[36mINFO[0m [32m[08/11 17:46:19.478] [0mevent processor stopping[32m [solana_sm][0m[36m[0m
[36mINFO[0m [32m[08/11 17:46:19.478] [0mScheduled task stopped[32m [sidecar][0m[36m [interval:2s] [task:solana-tx-sender[poll-last-block]][0m
