[36mINFO[0m [32m[08/15 15:55:19.333] [0mtoken-engine version:[32m [app][0m[36m[0m
[36mINFO[0m [32m[08/15 15:55:19.333] [0mSystem version: darwin/arm64[32m [app][0m[36m[0m
[36mINFO[0m [32m[08/15 15:55:19.333] [0mGolang version: go1.24.2[32m [app][0m[36m[0m
[36mINFO[0m [32m[08/15 15:55:19.333] [0mApp build time:[32m [app][0m[36m[0m
[36mINFO[0m [32m[08/15 15:55:19.333] [0mGit commit id:[32m [app][0m[36m[0m
[36mINFO[0m [32m[08/15 15:55:19.333] [0mRepo path: /Users/yanzhixing/Downloads/GitHub/token-engine/deploy[32m [app][0m[36m[0m
[36mINFO[0m [32m[08/15 15:55:19.333] [0mExecutable: /Users/yanzhixing/Downloads/GitHub/token-engine/deploy/tools/bin/token-engine[32m [app][0m[36m[0m
[36mINFO[0m [32m[08/15 15:55:19.333] [0mPID: 72284[32m [app][0m[36m[0m
[36mINFO[0m [32m[08/15 15:55:19.333] [0mUUID node index: 0[32m [app][0m[36m[0m
[36mINFO[0m [32m[08/15 15:55:19.739] [0mcreating new base AxcTxPrepare[32m [base_txprepare][0m[36m[0m
[36mINFO[0m [32m[08/15 15:55:19.739] [0mcreating new base AxcTxExecutor[32m [base_txexecutor][0m[36m[0m
[36mINFO[0m [32m[08/15 15:55:19.739] [0mcreate axc vault idl[32m [solana-idl][0m[36m[0m
[36mINFO[0m [32m[08/15 15:55:19.739] [0mcreate axc vault transaction builder[32m [axc_tx_builder][0m[36m[0m
[36mINFO[0m [32m[08/15 15:55:19.739] [0mcreating Solana chain adaptor[32m [common_chain_adaptor][0m[36m[0m
[36mINFO[0m [32m[08/15 15:55:19.936] [0minitialized all program event definitions[32m [solana_sm][0m[36m [programCount:1][0m
[36mINFO[0m [32m[08/15 15:55:19.937] [0mRegistered transfer provider[32m [tron-transfer][0m[36m [chainID:97] [tokens:[BNB USDT USDC]][0m
[36mINFO[0m [32m[08/15 15:55:19.937] [0mRegistered transfer provider[32m [tron-transfer][0m[36m [chainID:2494104990] [tokens:[TRX USDT]][0m
[36mINFO[0m [32m[08/15 15:55:19.937] [0mcore api initialized[32m [coreApi][0m[36m[0m
[36mINFO[0m [32m[08/15 15:55:20.184] [0mComponent[sql-connector] started[32m [sidecar][0m[36m [time_cost:246.845416ms][0m
[36mINFO[0m [32m[08/15 15:55:25.310] [0mFinished connect to send tx http rpcs[32m [solana-jsonrpc][0m[36m [cost:5.1257975s] [num:1][0m
[36mINFO[0m [32m[08/15 15:55:25.747] [0mFinished connect to stable http rpcs[32m [solana-jsonrpc][0m[36m [cost:436.288708ms] [num:1][0m
[36mINFO[0m [32m[08/15 15:55:26.115] [0mFinished connect to unstable http rpcs[32m [solana-jsonrpc][0m[36m [cost:367.890666ms] [num:1][0m
[36mINFO[0m [32m[08/15 15:55:27.294] [0mFinished connect to ws rpcs[32m [solana-jsonrpc][0m[36m [cost:1.1784035s] [num:1][0m
[36mINFO[0m [32m[08/15 15:55:28.235] [0mScheduled task started[32m [sidecar][0m[36m [interval:2s] [task:solana-tx-sender[poll-last-block]][0m
[36mINFO[0m [32m[08/15 15:55:28.236] [0msolana submitter started[32m [solana-submitter][0m[36m[0m
[36mINFO[0m [32m[08/15 15:55:28.236] [0mswap submitter started[32m [submitter][0m[36m[0m
[36mINFO[0m [32m[08/15 15:55:28.236] [0mComponent[SwapSubmitter] started[32m [sidecar][0m[36m [time_cost:8.050988666s][0m
[36mINFO[0m [32m[08/15 15:55:28.236] [0mstart to subscribe exchange data by grpc...[32m [ExchangeDataService][0m[36m[0m
[36mINFO[0m [32m[08/15 15:55:28.236] [0mScheduled task started[32m [sidecar][0m[36m [interval:1m0s] [task:StatisticExchangeData][0m
[36mINFO[0m [32m[08/15 15:55:28.236] [0mScheduled task started[32m [sidecar][0m[36m [interval:1h0m0s] [task:UpdateExchangeTokenHolders][0m
[36mINFO[0m [32m[08/15 15:55:29.012] [0mComponent[ExchangeDataService] started[32m [sidecar][0m[36m [time_cost:776.022291ms][0m
[36mINFO[0m [32m[08/15 15:55:29.012] [0mComponent[ContractMaterials] started[32m [sidecar][0m[36m [time_cost:3.833µs][0m
[36mINFO[0m [32m[08/15 15:55:29.012] [0mstarting Solana chain adaptor[32m [common_chain_adaptor][0m[36m[0m
[36mINFO[0m [32m[08/15 15:55:29.012] [0mSolana chain adaptor started successfully[32m [common_chain_adaptor][0m[36m[0m
[36mINFO[0m [32m[08/15 15:55:29.012] [0mComponent[common_chain_adaptor] started[32m [sidecar][0m[36m [time_cost:52.709µs][0m
[33mWARN[0m [32m[08/15 15:55:29.156] [0mbegin compensate swap event[32m [ExchangeDataService][0m[33m [outer_id From:305985][0m
[36mINFO[0m [32m[08/15 15:55:29.300] [0mContract materials loaded successfully[32m [basechain][0m[36m [appid:root] [chainId:84532] [contractCount:9] [errors:0][0m
[36mINFO[0m [32m[08/15 15:55:29.548] [0mNSQ consumer component started[32m [msgqueue][0m[36m[0m
[36mINFO[0m [32m[08/15 15:55:29.548] [0mComponent[msg_queue] started[32m [sidecar][0m[36m [time_cost:535.591375ms][0m
[36mINFO[0m [32m[08/15 15:55:29.548] [0mComponent[solana_sm] started[32m [sidecar][0m[36m [time_cost:14.583µs][0m
[36mINFO[0m [32m[08/15 15:55:29.548] [0mLoading deployment manifest from[32m [base_deploymanager][0m[36m [path:/Users/yanzhixing/Downloads/GitHub/token-engine/deploy/abis][0m
[36mINFO[0m [32m[08/15 15:55:29.548] [0mComponent[deploymanager] started[32m [sidecar][0m[36m [time_cost:66.583µs][0m
[36mINFO[0m [32m[08/15 15:55:29.549] [0mIPC server listen on: /Users/yanzhixing/Downloads/GitHub/token-engine/deploy/ipc.sock[32m [api][0m[36m[0m
[36mINFO[0m [32m[08/15 15:55:29.550] [0mHttp server listen on: 8082[32m [api][0m[36m[0m
[36mINFO[0m [32m[08/15 15:55:29.550] [0mComponent[http-api-server] started[32m [sidecar][0m[36m [time_cost:1.43575ms][0m
[36mINFO[0m [32m[08/15 15:55:29.550] [0mComponent[app] started[32m [sidecar][0m[36m [time_cost:423.625µs][0m
[36mINFO[0m [32m[08/15 15:55:29.550] [0mtoken-engine is ready[32m [sidecar][0m[36m[0m
[36mINFO[0m [32m[08/15 15:55:29.554] [0m=====================================================================================
   __            __                                                  _
  / /_  ____    / /__  ___    ____          ___    ____    ____ _   (_)   ____   ___
 / __/ / __ \  / //_/ / _ \  / __ \ ______ / _ \  / __ \  / __ `/  / /   / __ \ / _ \
/ /_  / /_/ / / ,<   /  __/ / / / //_____//  __/ / / / / / /_/ /  / /   / / / //  __/
\__/  \____/ /_/|_|  \___/ /_/ /_/        \___/ /_/ /_/  \__, /  /_/   /_/ /_/ \___/
                                                        /____/

=====================================================================================[32m [sidecar][0m[36m[0m
[36mINFO[0m [32m[08/15 15:55:29.644] [0mSolana events manager started[32m [solana_sm][0m[36m[0m
[36mINFO[0m [32m[08/15 15:55:29.645] [0mevent processor started[32m [solana_sm][0m[36m[0m
[36mINFO[0m [32m[08/15 15:55:32.431] [0mpreparing create vault transaction[32m [base_txprepare][0m[36m [params:&{8453 {0x4d6Ca5A0517cc18d66FEA10a51486fA0351bF61A 0x4d6Ca5A0517cc18d66FEA10a51486fA0351bF61A 0x4d6Ca5A0517cc18d66FEA10a51486fA0351bF61A 0x4d6Ca5A0517cc18d66FEA10a51486fA0351bF61A} {My Test Token MTT 18 https://example.com/token-metadata.json} {Test 0xA0b86a33E6441E6C7D3E4C2C4C6C6C6C6C6C6C6C 1000000 1703980800 1704067200 100 500 0.1 100000 200 0x1234567890123456789012345678901234567890 0x1234567890123456789012345678901234567890 1} false}][0m
[31mERRO[0m [32m[08/15 15:55:38.131] [0mfailed to get nonce[32m [base_txprepare][0m[31m [deployer:0x4d6Ca5A0517cc18d66FEA10a51486fA0351bF61A] [error:map[error:Post "https://base-sepolia.infura.io/v3/a15b160b4fde4e4c818e384660ec343d": EOF kind:*url.Error stack:<nil>]][0m
[31mERRO[0m [32m[08/15 15:55:38.131] [0mAPI request failed[32m [api][0m[31m [uri:/api/v2/primary/vault/prepare_create] [err_code:10001] [err_msg:failed to get nonce: Post "https://base-sepolia.infura.io/v3/a15b160b4fde4e4c818e384660ec343d": EOF] [method:POST] [ip:127.0.0.1] [http_code:200] [time_cost:5.700228458s] [caller:root][0m
[36mINFO[0m [32m[08/15 15:55:48.377] [0mpreparing create vault transaction[32m [base_txprepare][0m[36m [params:&{8453 {0x4d6Ca5A0517cc18d66FEA10a51486fA0351bF61A 0x4d6Ca5A0517cc18d66FEA10a51486fA0351bF61A 0x4d6Ca5A0517cc18d66FEA10a51486fA0351bF61A 0x4d6Ca5A0517cc18d66FEA10a51486fA0351bF61A} {My Test Token MTT 18 https://example.com/token-metadata.json} {Test 0xA0b86a33E6441E6C7D3E4C2C4C6C6C6C6C6C6C6C 1000000 1703980800 1704067200 100 500 0.1 100000 200 0x1234567890123456789012345678901234567890 0x1234567890123456789012345678901234567890 1} false}][0m
[36mINFO[0m [32m[08/15 15:55:54.859] [0msuccessfully prepared create vault transaction[32m [base_txprepare][0m[36m [txHash:0xedc618b2e37d36815f849d870862f17ca1910ad70cfc95fb2b4d4713d6a15fed][0m
[36mINFO[0m [32m[08/15 15:55:54.859] [0mqueryVaultCreated[32m [base_txprepare][0m[36m[0m
[36mINFO[0m [32m[08/15 15:55:55.300] [0mqueryVaultCreated[32m [base_txprepare][0m[36m [receipt:&{0 [] 0 4433237 [0 0 0 0 0 0 0 0 0 0 0 0 0 0 0 0 0 0 0 0 0 0 0 0 0 0 0 0 0 0 0 0 0 0 0 0 0 0 0 0 0 0 0 0 0 0 0 0 0 0 0 0 0 0 0 0 0 0 0 0 0 0 0 0 0 0 0 0 0 0 0 0 0 0 0 0 0 0 0 0 0 0 0 0 0 0 0 0 0 0 0 0 0 0 0 0 0 0 0 0 0 0 0 0 0 0 0 0 0 0 0 0 0 0 0 0 0 0 0 0 0 0 0 0 0 0 0 0 0 0 0 0 0 0 0 0 0 0 0 0 0 0 0 0 0 0 0 0 0 0 0 0 0 0 0 0 0 0 0 0 0 0 0 0 0 0 0 0 0 0 0 0 0 0 0 0 0 0 0 0 0 0 0 0 0 0 0 0 0 0 0 0 0 0 0 0 0 0 0 0 0 0 0 0 0 0 0 0 0 0 0 0 0 0 0 0 0 0 0 0 0 0 0 0 0 0 0 0 0 0 0 0 0 0 0 0 0 0 0 0 0 0 0 0 0 0 0 0 0 0 0 0 0 0 0 0] [] 0xedc618b2e37d36815f849d870862f17ca1910ad70cfc95fb2b4d4713d6a15fed 0x0000000000000000000000000000000000000000 39070 1000061 0 <nil> 0x2c12186341d72ff1c969ba351528d6c7f10b90bc323b1a317895dfa46be477d0 29738134 18}][0m
[36mINFO[0m [32m[08/15 15:55:55.300] [0mAPI request[32m [api][0m[36m [uri:/api/v2/primary/vault/prepare_create] [method:POST] [ip:127.0.0.1] [http_code:200] [time_cost:6.923249875s] [caller:root][0m
[36mINFO[0m [32m[08/15 16:04:30.728] [0mReceive exit signal: interrupt[32m [sidecar][0m[36m[0m
[36mINFO[0m [32m[08/15 16:04:30.729] [0mComponent[app] stopped[32m [sidecar][0m[36m [time_cost:246.541µs][0m
[36mINFO[0m [32m[08/15 16:04:30.729] [0mIPC server shutdown[32m [api][0m[36m[0m
[36mINFO[0m [32m[08/15 16:04:30.729] [0mHttp server shutdown[32m [api][0m[36m[0m
[36mINFO[0m [32m[08/15 16:04:30.729] [0mComponent[http-api-server] stopped[32m [sidecar][0m[36m [time_cost:345.5µs][0m
[36mINFO[0m [32m[08/15 16:04:30.730] [0mDeployManager stopped[32m [base_deploymanager][0m[36m[0m
[36mINFO[0m [32m[08/15 16:04:30.730] [0mComponent[deploymanager] stopped[32m [sidecar][0m[36m [time_cost:67.959µs][0m
[36mINFO[0m [32m[08/15 16:04:30.730] [0mScheduled task stopped[32m [sidecar][0m[36m [interval:2s] [task:solana-tx-sender[poll-last-block]][0m
[36mINFO[0m [32m[08/15 16:04:30.730] [0mevent processor stopping[32m [solana_sm][0m[36m[0m
[31mERRO[0m [32m[08/15 16:04:30.730] [0mStop components failed[32m [sidecar][0m[31m [err:map[error:goroutine exited without returning kind:*errors.errorString stack:<nil>]][0m
