[36mINFO[0m [32m[08/15 18:04:19.405] [0mtoken-engine version:[32m [app][0m[36m[0m
[36mINFO[0m [32m[08/15 18:04:19.405] [0mSystem version: darwin/arm64[32m [app][0m[36m[0m
[36mINFO[0m [32m[08/15 18:04:19.405] [0mGolang version: go1.24.2[32m [app][0m[36m[0m
[36mINFO[0m [32m[08/15 18:04:19.405] [0mApp build time:[32m [app][0m[36m[0m
[36mINFO[0m [32m[08/15 18:04:19.405] [0mGit commit id:[32m [app][0m[36m[0m
[36mINFO[0m [32m[08/15 18:04:19.405] [0mRepo path: /Users/yanzhixing/Downloads/GitHub/token-engine/deploy[32m [app][0m[36m[0m
[36mINFO[0m [32m[08/15 18:04:19.405] [0mExecutable: /Users/yanzhixing/Downloads/GitHub/token-engine/deploy/tools/bin/token-engine[32m [app][0m[36m[0m
[36mINFO[0m [32m[08/15 18:04:19.405] [0mPID: 2188[32m [app][0m[36m[0m
[36mINFO[0m [32m[08/15 18:04:19.405] [0mUUID node index: 0[32m [app][0m[36m[0m
[36mINFO[0m [32m[08/15 18:04:19.651] [0mcreating new base AxcTxPrepare[32m [base_txprepare][0m[36m[0m
[36mINFO[0m [32m[08/15 18:04:19.651] [0mcreating new base AxcTxExecutor[32m [base_txexecutor][0m[36m[0m
[36mINFO[0m [32m[08/15 18:04:19.651] [0mcreate axc vault idl[32m [solana-idl][0m[36m[0m
[36mINFO[0m [32m[08/15 18:04:19.651] [0mcreate axc vault transaction builder[32m [axc_tx_builder][0m[36m[0m
[36mINFO[0m [32m[08/15 18:04:19.651] [0mcreating Solana chain adaptor[32m [common_chain_adaptor][0m[36m[0m
[36mINFO[0m [32m[08/15 18:04:19.877] [0minitialized all program event definitions[32m [solana_sm][0m[36m [programCount:1][0m
[36mINFO[0m [32m[08/15 18:04:19.877] [0mRegistered transfer provider[32m [tron-transfer][0m[36m [chainID:97] [tokens:[BNB USDT USDC]][0m
[36mINFO[0m [32m[08/15 18:04:19.877] [0mRegistered transfer provider[32m [tron-transfer][0m[36m [chainID:2494104990] [tokens:[TRX USDT]][0m
[36mINFO[0m [32m[08/15 18:04:19.877] [0mcore api initialized[32m [coreApi][0m[36m[0m
[36mINFO[0m [32m[08/15 18:04:20.075] [0mComponent[sql-connector] started[32m [sidecar][0m[36m [time_cost:197.515167ms][0m
[36mINFO[0m [32m[08/15 18:04:20.895] [0mFinished connect to send tx http rpcs[32m [solana-jsonrpc][0m[36m [cost:819.918041ms] [num:1][0m
[36mINFO[0m [32m[08/15 18:04:21.268] [0mFinished connect to stable http rpcs[32m [solana-jsonrpc][0m[36m [cost:373.060875ms] [num:1][0m
[36mINFO[0m [32m[08/15 18:04:21.578] [0mFinished connect to unstable http rpcs[32m [solana-jsonrpc][0m[36m [cost:309.03025ms] [num:1][0m
[36mINFO[0m [32m[08/15 18:04:23.571] [0mFinished connect to ws rpcs[32m [solana-jsonrpc][0m[36m [cost:1.992633959s] [num:1][0m
[36mINFO[0m [32m[08/15 18:04:24.040] [0mScheduled task started[32m [sidecar][0m[36m [interval:2s] [task:solana-tx-sender[poll-last-block]][0m
[36mINFO[0m [32m[08/15 18:04:24.040] [0msolana submitter started[32m [solana-submitter][0m[36m[0m
[36mINFO[0m [32m[08/15 18:04:24.040] [0mswap submitter started[32m [submitter][0m[36m[0m
[36mINFO[0m [32m[08/15 18:04:24.040] [0mComponent[SwapSubmitter] started[32m [sidecar][0m[36m [time_cost:3.96519675s][0m
[36mINFO[0m [32m[08/15 18:04:24.040] [0mstart to subscribe exchange data by grpc...[32m [ExchangeDataService][0m[36m[0m
[36mINFO[0m [32m[08/15 18:04:24.040] [0mScheduled task started[32m [sidecar][0m[36m [interval:1m0s] [task:StatisticExchangeData][0m
[36mINFO[0m [32m[08/15 18:04:24.041] [0mScheduled task started[32m [sidecar][0m[36m [interval:1h0m0s] [task:UpdateExchangeTokenHolders][0m
[36mINFO[0m [32m[08/15 18:04:24.749] [0mComponent[ExchangeDataService] started[32m [sidecar][0m[36m [time_cost:708.697917ms][0m
[36mINFO[0m [32m[08/15 18:04:24.749] [0mComponent[ContractMaterials] started[32m [sidecar][0m[36m [time_cost:27.083µs][0m
[36mINFO[0m [32m[08/15 18:04:24.749] [0mstarting Solana chain adaptor[32m [common_chain_adaptor][0m[36m[0m
[36mINFO[0m [32m[08/15 18:04:24.750] [0mSolana chain adaptor started successfully[32m [common_chain_adaptor][0m[36m[0m
[36mINFO[0m [32m[08/15 18:04:24.750] [0mComponent[common_chain_adaptor] started[32m [sidecar][0m[36m [time_cost:124.458µs][0m
[33mWARN[0m [32m[08/15 18:04:24.864] [0mbegin compensate swap event[32m [ExchangeDataService][0m[33m [outer_id From:307735][0m
[36mINFO[0m [32m[08/15 18:04:25.013] [0mContract materials loaded successfully[32m [basechain][0m[36m [appid:root] [chainId:84532] [contractCount:9] [errors:0][0m
[36mINFO[0m [32m[08/15 18:04:25.267] [0mNSQ consumer component started[32m [msgqueue][0m[36m[0m
[36mINFO[0m [32m[08/15 18:04:25.267] [0mComponent[msg_queue] started[32m [sidecar][0m[36m [time_cost:517.231875ms][0m
[36mINFO[0m [32m[08/15 18:04:25.267] [0mComponent[solana_sm] started[32m [sidecar][0m[36m [time_cost:3.75µs][0m
[36mINFO[0m [32m[08/15 18:04:25.267] [0mLoading deployment manifest from[32m [base_deploymanager][0m[36m [path:/Users/yanzhixing/Downloads/GitHub/token-engine/deploy/abis][0m
[36mINFO[0m [32m[08/15 18:04:25.267] [0mComponent[deploymanager] started[32m [sidecar][0m[36m [time_cost:25.875µs][0m
[36mINFO[0m [32m[08/15 18:04:25.267] [0mIPC server listen on: /Users/yanzhixing/Downloads/GitHub/token-engine/deploy/ipc.sock[32m [api][0m[36m[0m
[36mINFO[0m [32m[08/15 18:04:25.267] [0mHttp server listen on: 8082[32m [api][0m[36m[0m
[36mINFO[0m [32m[08/15 18:04:25.268] [0mComponent[http-api-server] started[32m [sidecar][0m[36m [time_cost:425.583µs][0m
[36mINFO[0m [32m[08/15 18:04:25.268] [0mComponent[app] started[32m [sidecar][0m[36m [time_cost:112µs][0m
[36mINFO[0m [32m[08/15 18:04:25.268] [0mtoken-engine is ready[32m [sidecar][0m[36m[0m
[36mINFO[0m [32m[08/15 18:04:25.268] [0m=====================================================================================
   __            __                                                  _
  / /_  ____    / /__  ___    ____          ___    ____    ____ _   (_)   ____   ___
 / __/ / __ \  / //_/ / _ \  / __ \ ______ / _ \  / __ \  / __ `/  / /   / __ \ / _ \
/ /_  / /_/ / / ,<   /  __/ / / / //_____//  __/ / / / / / /_/ /  / /   / / / //  __/
\__/  \____/ /_/|_|  \___/ /_/ /_/        \___/ /_/ /_/  \__, /  /_/   /_/ /_/ \___/
                                                        /____/

=====================================================================================[32m [sidecar][0m[36m[0m
[36mINFO[0m [32m[08/15 18:04:25.338] [0mSolana events manager started[32m [solana_sm][0m[36m[0m
[36mINFO[0m [32m[08/15 18:04:25.338] [0mevent processor started[32m [solana_sm][0m[36m[0m
[33mWARN[0m [32m[08/15 18:04:27.191] [0mstop compensate swap event[32m [ExchangeDataService][0m[33m [outer_id end:307734][0m
[36mINFO[0m [32m[08/15 18:04:28.379] [0mpreparing create vault transaction[32m [base_txprepare][0m[36m [params:&{84532 {0x4d6Ca5A0517cc18d66FEA10a51486fA0351bF61A 0x4d6Ca5A0517cc18d66FEA10a51486fA0351bF61A 0x4d6Ca5A0517cc18d66FEA10a51486fA0351bF61A 0x4d6Ca5A0517cc18d66FEA10a51486fA0351bF61A} {My Test Token MTT 18 https://example.com/token-metadata.json} {Test 0xA0b86a33E6441E6C7D3E4C2C4C6C6C6C6C6C6C6C 1000000 1703980800 1704067200 100 500 0.1 100000 200 0x1234567890123456789012345678901234567890 0x1234567890123456789012345678901234567890 1} false}][0m
[31mERRO[0m [32m[08/15 18:04:33.510] [0mfailed to get nonce[32m [base_txprepare][0m[31m [deployer:0x4d6Ca5A0517cc18d66FEA10a51486fA0351bF61A] [error:map[error:Post "https://base-sepolia.infura.io/v3/a15b160b4fde4e4c818e384660ec343d": read tcp 127.0.0.1:57897->127.0.0.1:4780: read: connection reset by peer kind:*url.Error stack:<nil>]][0m
[31mERRO[0m [32m[08/15 18:04:33.511] [0mAPI request failed[32m [api][0m[31m [uri:/api/v2/primary/vault/prepare_create] [err_code:10001] [err_msg:failed to get nonce: Post "https://base-sepolia.infura.io/v3/a15b160b4fde4e4c818e384660ec343d": read tcp 127.0.0.1:57897->127.0.0.1:4780: read: connection reset by peer] [method:POST] [ip:127.0.0.1] [http_code:200] [time_cost:5.132521208s] [caller:root][0m
[36mINFO[0m [32m[08/15 18:04:35.504] [0mpreparing create vault transaction[32m [base_txprepare][0m[36m [params:&{84532 {0x4d6Ca5A0517cc18d66FEA10a51486fA0351bF61A 0x4d6Ca5A0517cc18d66FEA10a51486fA0351bF61A 0x4d6Ca5A0517cc18d66FEA10a51486fA0351bF61A 0x4d6Ca5A0517cc18d66FEA10a51486fA0351bF61A} {My Test Token MTT 18 https://example.com/token-metadata.json} {Test 0xA0b86a33E6441E6C7D3E4C2C4C6C6C6C6C6C6C6C 1000000 1703980800 1704067200 100 500 0.1 100000 200 0x1234567890123456789012345678901234567890 0x1234567890123456789012345678901234567890 1} false}][0m
[36mINFO[0m [32m[08/15 18:04:37.955] [0msuccessfully prepared create vault transaction[32m [base_txprepare][0m[36m [txHash:0xb3b982e2bda3b3433eae4e5ec86c7b779da48b91c3fd0066b78eab15958c6b2c][0m
[36mINFO[0m [32m[08/15 18:04:37.955] [0mqueryVaultCreated[32m [base_txprepare][0m[36m[0m
[36mINFO[0m [32m[08/15 18:04:37.955] [0mqueryVaultCreated[32m [base_txprepare][0m[36m [txHash:0xb3b982e2bda3b3433eae4e5ec86c7b779da48b91c3fd0066b78eab15958c6b2c][0m
[36mINFO[0m [32m[08/15 18:04:39.904] [0mqueryVaultCreated[32m [base_txprepare][0m[36m [receipt:&{0 [] 0 7669430 [0 0 0 0 0 0 0 0 0 0 0 0 0 0 0 0 0 0 0 0 0 0 0 0 0 0 0 0 0 0 0 0 0 0 0 0 0 0 0 0 0 0 0 0 0 0 0 0 0 0 0 0 0 0 0 0 0 0 0 0 0 0 0 0 0 0 0 0 0 0 0 0 0 0 0 0 0 0 0 0 0 0 0 0 0 0 0 0 0 0 0 0 0 0 0 0 0 0 0 0 0 0 0 0 0 0 0 0 0 0 0 0 0 0 0 0 0 0 0 0 0 0 0 0 0 0 0 0 0 0 0 0 0 0 0 0 0 0 0 0 0 0 0 0 0 0 0 0 0 0 0 0 0 0 0 0 0 0 0 0 0 0 0 0 0 0 0 0 0 0 0 0 0 0 0 0 0 0 0 0 0 0 0 0 0 0 0 0 0 0 0 0 0 0 0 0 0 0 0 0 0 0 0 0 0 0 0 0 0 0 0 0 0 0 0 0 0 0 0 0 0 0 0 0 0 0 0 0 0 0 0 0 0 0 0 0 0 0 0 0 0 0 0 0 0 0 0 0 0 0 0 0 0 0 0 0] [] 0xb3b982e2bda3b3433eae4e5ec86c7b779da48b91c3fd0066b78eab15958c6b2c 0x0000000000000000000000000000000000000000 39770 1000112 0 <nil> 0x0e42a4ef73621c43ad32a6dd75753b305d4f537400b13102cfc3c7334a4ab238 29741996 20}][0m
[36mINFO[0m [32m[08/15 18:04:39.905] [0mAPI request[32m [api][0m[36m [uri:/api/v2/primary/vault/prepare_create] [method:POST] [ip:127.0.0.1] [http_code:200] [time_cost:4.400969083s] [caller:root][0m
[36mINFO[0m [32m[08/15 18:20:26.084] [0mReceive exit signal: interrupt[32m [sidecar][0m[36m[0m
[36mINFO[0m [32m[08/15 18:20:26.085] [0mComponent[app] stopped[32m [sidecar][0m[36m [time_cost:475.25µs][0m
[36mINFO[0m [32m[08/15 18:20:26.085] [0mIPC server shutdown[32m [api][0m[36m[0m
[36mINFO[0m [32m[08/15 18:20:26.085] [0mHttp server shutdown[32m [api][0m[36m[0m
[36mINFO[0m [32m[08/15 18:20:26.085] [0mComponent[http-api-server] stopped[32m [sidecar][0m[36m [time_cost:310.959µs][0m
[36mINFO[0m [32m[08/15 18:20:26.086] [0mDeployManager stopped[32m [base_deploymanager][0m[36m[0m
[36mINFO[0m [32m[08/15 18:20:26.086] [0mComponent[deploymanager] stopped[32m [sidecar][0m[36m [time_cost:61.292µs][0m
[36mINFO[0m [32m[08/15 18:20:26.086] [0mevent processor stopping[32m [solana_sm][0m[36m[0m
[36mINFO[0m [32m[08/15 18:20:26.086] [0mScheduled task stopped[32m [sidecar][0m[36m [interval:2s] [task:solana-tx-sender[poll-last-block]][0m
[31mERRO[0m [32m[08/15 18:20:26.086] [0mStop components failed[32m [sidecar][0m[31m [err:map[error:goroutine exited without returning kind:*errors.errorString stack:<nil>]][0m
