[36mINFO[0m [32m[08/14 09:55:18.309] [0mtoken-engine version:[32m [app][0m[36m[0m
[36mINFO[0m [32m[08/14 09:55:18.309] [0mSystem version: darwin/arm64[32m [app][0m[36m[0m
[36mINFO[0m [32m[08/14 09:55:18.309] [0mGolang version: go1.24.2[32m [app][0m[36m[0m
[36mINFO[0m [32m[08/14 09:55:18.309] [0mApp build time:[32m [app][0m[36m[0m
[36mINFO[0m [32m[08/14 09:55:18.309] [0mGit commit id:[32m [app][0m[36m[0m
[36mINFO[0m [32m[08/14 09:55:18.309] [0mRepo path: /Users/yanzhixing/Downloads/GitHub/token-engine/deploy[32m [app][0m[36m[0m
[36mINFO[0m [32m[08/14 09:55:18.309] [0mExecutable: /Users/yanzhixing/Downloads/GitHub/token-engine/deploy/tools/bin/token-engine[32m [app][0m[36m[0m
[36mINFO[0m [32m[08/14 09:55:18.309] [0mPID: 29764[32m [app][0m[36m[0m
[36mINFO[0m [32m[08/14 09:55:18.309] [0mUUID node index: 0[32m [app][0m[36m[0m
[36mINFO[0m [32m[08/14 09:55:18.706] [0mcreating new base AxcTxPrepare[32m [base_txprepare][0m[36m[0m
[36mINFO[0m [32m[08/14 09:55:18.706] [0mcreating new base AxcTxExecutor[32m [base_txexecutor][0m[36m[0m
[36mINFO[0m [32m[08/14 09:55:18.706] [0mcreate axc vault idl[32m [solana-idl][0m[36m[0m
[36mINFO[0m [32m[08/14 09:55:18.706] [0mcreate axc vault transaction builder[32m [axc_tx_builder][0m[36m[0m
[36mINFO[0m [32m[08/14 09:55:18.706] [0mcreating Solana chain adaptor[32m [common_chain_adaptor][0m[36m[0m
[36mINFO[0m [32m[08/14 09:55:18.903] [0minitialized all program event definitions[32m [solana_sm][0m[36m [programCount:1][0m
[36mINFO[0m [32m[08/14 09:55:18.903] [0mRegistered transfer provider[32m [tron-transfer][0m[36m [chainID:97] [tokens:[BNB USDT USDC]][0m
[36mINFO[0m [32m[08/14 09:55:18.904] [0mRegistered transfer provider[32m [tron-transfer][0m[36m [chainID:2494104990] [tokens:[TRX USDT]][0m
[36mINFO[0m [32m[08/14 09:55:18.904] [0mcore api initialized[32m [coreApi][0m[36m[0m
[36mINFO[0m [32m[08/14 09:55:19.721] [0mComponent[sql-connector] started[32m [sidecar][0m[36m [time_cost:816.062917ms][0m
[36mINFO[0m [32m[08/14 09:55:20.859] [0mFinished connect to send tx http rpcs[32m [solana-jsonrpc][0m[36m [cost:1.138338875s] [num:1][0m
[36mINFO[0m [32m[08/14 09:55:21.269] [0mFinished connect to stable http rpcs[32m [solana-jsonrpc][0m[36m [cost:409.420167ms] [num:1][0m
[36mINFO[0m [32m[08/14 09:55:21.548] [0mFinished connect to unstable http rpcs[32m [solana-jsonrpc][0m[36m [cost:279.1465ms] [num:1][0m
[36mINFO[0m [32m[08/14 09:55:22.387] [0mFinished connect to ws rpcs[32m [solana-jsonrpc][0m[36m [cost:839.078ms] [num:1][0m
[36mINFO[0m [32m[08/14 09:55:22.907] [0mScheduled task started[32m [sidecar][0m[36m [interval:2s] [task:solana-tx-sender[poll-last-block]][0m
[36mINFO[0m [32m[08/14 09:55:22.907] [0msolana submitter started[32m [solana-submitter][0m[36m[0m
[36mINFO[0m [32m[08/14 09:55:22.907] [0mswap submitter started[32m [submitter][0m[36m[0m
[36mINFO[0m [32m[08/14 09:55:22.907] [0mComponent[SwapSubmitter] started[32m [sidecar][0m[36m [time_cost:3.186073292s][0m
[36mINFO[0m [32m[08/14 09:55:22.907] [0mstart to subscribe exchange data by grpc...[32m [ExchangeDataService][0m[36m[0m
[36mINFO[0m [32m[08/14 09:55:22.907] [0mScheduled task started[32m [sidecar][0m[36m [interval:1m0s] [task:StatisticExchangeData][0m
[36mINFO[0m [32m[08/14 09:55:22.907] [0mScheduled task started[32m [sidecar][0m[36m [interval:1h0m0s] [task:UpdateExchangeTokenHolders][0m
[36mINFO[0m [32m[08/14 09:55:23.424] [0mComponent[ExchangeDataService] started[32m [sidecar][0m[36m [time_cost:516.980917ms][0m
[36mINFO[0m [32m[08/14 09:55:23.424] [0mComponent[ContractMaterials] started[32m [sidecar][0m[36m [time_cost:4.833µs][0m
[36mINFO[0m [32m[08/14 09:55:23.425] [0mstarting Solana chain adaptor[32m [common_chain_adaptor][0m[36m[0m
[36mINFO[0m [32m[08/14 09:55:23.425] [0mSolana chain adaptor started successfully[32m [common_chain_adaptor][0m[36m[0m
[36mINFO[0m [32m[08/14 09:55:23.425] [0mComponent[common_chain_adaptor] started[32m [sidecar][0m[36m [time_cost:166.291µs][0m
[33mWARN[0m [32m[08/14 09:55:23.596] [0mbegin compensate swap event[32m [ExchangeDataService][0m[33m [outer_id From:285286][0m
[36mINFO[0m [32m[08/14 09:55:23.726] [0mContract materials loaded successfully[32m [basechain][0m[36m [appid:root] [chainId:84532] [contractCount:4] [errors:0][0m
[36mINFO[0m [32m[08/14 09:55:23.958] [0mNSQ consumer component started[32m [msgqueue][0m[36m[0m
[36mINFO[0m [32m[08/14 09:55:23.958] [0mComponent[msg_queue] started[32m [sidecar][0m[36m [time_cost:532.850458ms][0m
[36mINFO[0m [32m[08/14 09:55:23.958] [0mComponent[solana_sm] started[32m [sidecar][0m[36m [time_cost:65.583µs][0m
[36mINFO[0m [32m[08/14 09:55:23.959] [0mLoading deployment manifest from[32m [base_deploymanager][0m[36m [path:/Users/yanzhixing/Downloads/GitHub/token-engine/deploy/abis][0m
[36mINFO[0m [32m[08/14 09:55:23.959] [0mComponent[deploymanager] started[32m [sidecar][0m[36m [time_cost:296.958µs][0m
[36mINFO[0m [32m[08/14 09:55:23.961] [0mIPC server listen on: /Users/yanzhixing/Downloads/GitHub/token-engine/deploy/ipc.sock[32m [api][0m[36m[0m
[36mINFO[0m [32m[08/14 09:55:23.961] [0mHttp server listen on: 8082[32m [api][0m[36m[0m
[36mINFO[0m [32m[08/14 09:55:23.961] [0mComponent[http-api-server] started[32m [sidecar][0m[36m [time_cost:1.89075ms][0m
[36mINFO[0m [32m[08/14 09:55:23.962] [0mComponent[app] started[32m [sidecar][0m[36m [time_cost:463.709µs][0m
[36mINFO[0m [32m[08/14 09:55:23.962] [0mtoken-engine is ready[32m [sidecar][0m[36m[0m
[36mINFO[0m [32m[08/14 09:55:23.966] [0m=====================================================================================
   __            __                                                  _
  / /_  ____    / /__  ___    ____          ___    ____    ____ _   (_)   ____   ___
 / __/ / __ \  / //_/ / _ \  / __ \ ______ / _ \  / __ \  / __ `/  / /   / __ \ / _ \
/ /_  / /_/ / / ,<   /  __/ / / / //_____//  __/ / / / / / /_/ /  / /   / / / //  __/
\__/  \____/ /_/|_|  \___/ /_/ /_/        \___/ /_/ /_/  \__, /  /_/   /_/ /_/ \___/
                                                        /____/

=====================================================================================[32m [sidecar][0m[36m[0m
[36mINFO[0m [32m[08/14 09:55:24.036] [0mSolana events manager started[32m [solana_sm][0m[36m[0m
[36mINFO[0m [32m[08/14 09:55:24.036] [0mevent processor started[32m [solana_sm][0m[36m[0m
[36mINFO[0m [32m[08/14 09:55:34.145] [0mpreparing create vault transaction[32m [base_txprepare][0m[36m [params:&{8453 {0x4d6Ca5A0517cc18d66FEA10a51486fA0351bF61A 0x4d6Ca5A0517cc18d66FEA10a51486fA0351bF61A 0x4d6Ca5A0517cc18d66FEA10a51486fA0351bF61A 0x4d6Ca5A0517cc18d66FEA10a51486fA0351bF61A} {My Test Token MTT 18 https://example.com/token-metadata.json} {0xA0b86a33E6441E6C7D3E4C2C4C6C6C6C6C6C6C6C 1000000 1703980800 1704067200 100 500 0.1 100000 200 0x1234567890123456789012345678901234567890 0x1234567890123456789012345678901234567890 1} false}][0m
[36mINFO[0m [32m[08/14 09:55:36.178] [0msuccessfully prepared create vault transaction[32m [base_txprepare][0m[36m [txHash:0xc4f297f141af40c3ad4581255579eb2c4a991e357cc65aa0bf44652229604620][0m
[36mINFO[0m [32m[08/14 09:55:36.178] [0mAPI request[32m [api][0m[36m [uri:/api/v2/primary/vault/prepare_create] [method:POST] [ip:127.0.0.1] [http_code:200] [time_cost:2.033287583s] [caller:root][0m
[36mINFO[0m [32m[08/14 09:55:51.915] [0mpreparing deposit transaction[32m [base_txprepare][0m[36m [params:&{8453 0x4d6Ca5A0517cc18d66FEA10a51486fA0351bF61A 0x4d6Ca5A0517cc18d66FEA10a51486fA0351bF61A  1}][0m
[31mERRO[0m [32m[08/14 09:55:52.597] [0mAPI request failed[32m [api][0m[31m [uri:/api/v2/primary/vault/prepare_deposit] [err_code:10001] [err_msg:crowdsale contract instance is nil] [method:POST] [ip:127.0.0.1] [http_code:200] [time_cost:682.248667ms] [caller:root][0m
[36mINFO[0m [32m[08/14 09:57:44.043] [0mReceive exit signal: interrupt[32m [sidecar][0m[36m[0m
[36mINFO[0m [32m[08/14 09:57:44.044] [0mComponent[app] stopped[32m [sidecar][0m[36m [time_cost:254µs][0m
[36mINFO[0m [32m[08/14 09:57:44.044] [0mIPC server shutdown[32m [api][0m[36m[0m
[36mINFO[0m [32m[08/14 09:57:44.044] [0mHttp server shutdown[32m [api][0m[36m[0m
[36mINFO[0m [32m[08/14 09:57:44.044] [0mComponent[http-api-server] stopped[32m [sidecar][0m[36m [time_cost:476.291µs][0m
[36mINFO[0m [32m[08/14 09:57:44.044] [0mDeployManager stopped[32m [base_deploymanager][0m[36m[0m
[36mINFO[0m [32m[08/14 09:57:44.044] [0mComponent[deploymanager] stopped[32m [sidecar][0m[36m [time_cost:21.75µs][0m
[36mINFO[0m [32m[08/14 09:57:44.044] [0mevent processor stopping[32m [solana_sm][0m[36m[0m
[36mINFO[0m [32m[08/14 09:57:44.044] [0mScheduled task stopped[32m [sidecar][0m[36m [interval:2s] [task:solana-tx-sender[poll-last-block]][0m
[31mERRO[0m [32m[08/14 09:57:44.045] [0mStop components failed[32m [sidecar][0m[31m [err:map[error:goroutine exited without returning kind:*errors.errorString stack:<nil>]][0m
