[36mINFO[0m [32m[08/18 10:25:33.676] [0mtoken-engine version:[32m [app][0m[36m[0m
[36mINFO[0m [32m[08/18 10:25:33.677] [0mSystem version: darwin/arm64[32m [app][0m[36m[0m
[36mINFO[0m [32m[08/18 10:25:33.677] [0mGolang version: go1.24.2[32m [app][0m[36m[0m
[36mINFO[0m [32m[08/18 10:25:33.677] [0mApp build time:[32m [app][0m[36m[0m
[36mINFO[0m [32m[08/18 10:25:33.677] [0mGit commit id:[32m [app][0m[36m[0m
[36mINFO[0m [32m[08/18 10:25:33.677] [0mRepo path: /Users/yanzhixing/Downloads/GitHub/token-engine/deploy[32m [app][0m[36m[0m
[36mINFO[0m [32m[08/18 10:25:33.677] [0mExecutable: /Users/yanzhixing/Downloads/GitHub/token-engine/deploy/tools/bin/token-engine[32m [app][0m[36m[0m
[36mINFO[0m [32m[08/18 10:25:33.677] [0mPID: 28696[32m [app][0m[36m[0m
[36mINFO[0m [32m[08/18 10:25:33.677] [0mUUID node index: 0[32m [app][0m[36m[0m
[36mINFO[0m [32m[08/18 10:25:33.894] [0mcreating new base AxcTxPrepare[32m [base_txprepare][0m[36m[0m
[36mINFO[0m [32m[08/18 10:25:33.894] [0mcreating new base AxcTxExecutor[32m [base_txexecutor][0m[36m[0m
[36mINFO[0m [32m[08/18 10:25:33.894] [0mcreate axc vault idl[32m [solana-idl][0m[36m[0m
[36mINFO[0m [32m[08/18 10:25:33.894] [0mcreate axc vault transaction builder[32m [axc_tx_builder][0m[36m[0m
[36mINFO[0m [32m[08/18 10:25:33.894] [0mcreating Solana chain adaptor[32m [common_chain_adaptor][0m[36m[0m
[36mINFO[0m [32m[08/18 10:25:34.034] [0minitialized all program event definitions[32m [solana_sm][0m[36m [programCount:1][0m
[36mINFO[0m [32m[08/18 10:25:34.035] [0mRegistered transfer provider[32m [transfer-service][0m[36m [chainID:97] [tokens:[BNB USDT USDC]][0m
[36mINFO[0m [32m[08/18 10:25:34.035] [0mRegistered transfer provider[32m [transfer-service][0m[36m [chainID:2494104990] [tokens:[TRX USDT]][0m
[36mINFO[0m [32m[08/18 10:25:34.035] [0mcore api initialized[32m [coreApi][0m[36m[0m
[36mINFO[0m [32m[08/18 10:25:34.250] [0mComponent[sql-connector] started[32m [sidecar][0m[36m [time_cost:215.219292ms][0m
[36mINFO[0m [32m[08/18 10:25:35.482] [0mFinished connect to send tx http rpcs[32m [solana-jsonrpc][0m[36m [cost:1.231873375s] [num:3][0m
[36mINFO[0m [32m[08/18 10:25:35.761] [0mFinished connect to stable http rpcs[32m [solana-jsonrpc][0m[36m [cost:278.568125ms] [num:3][0m
[36mINFO[0m [32m[08/18 10:25:37.423] [0mFinished connect to unstable http rpcs[32m [solana-jsonrpc][0m[36m [cost:1.662001041s] [num:45][0m
[36mINFO[0m [32m[08/18 10:25:38.456] [0mFinished connect to ws rpcs[32m [solana-jsonrpc][0m[36m [cost:1.03273s] [num:1][0m
[36mINFO[0m [32m[08/18 10:25:38.990] [0mScheduled task started[32m [sidecar][0m[36m [interval:2s] [task:solana-tx-sender[poll-last-block]][0m
[36mINFO[0m [32m[08/18 10:25:38.990] [0msolana submitter started[32m [solana-submitter][0m[36m[0m
[36mINFO[0m [32m[08/18 10:25:38.990] [0mswap submitter started[32m [submitter][0m[36m[0m
[36mINFO[0m [32m[08/18 10:25:38.990] [0mComponent[SwapSubmitter] started[32m [sidecar][0m[36m [time_cost:4.740029334s][0m
[36mINFO[0m [32m[08/18 10:25:38.991] [0mComponent[ExchangeDataService] started[32m [sidecar][0m[36m [time_cost:24.833µs][0m
[36mINFO[0m [32m[08/18 10:25:38.991] [0mComponent[ContractMaterials] started[32m [sidecar][0m[36m [time_cost:2.583µs][0m
[36mINFO[0m [32m[08/18 10:25:38.991] [0mScheduled task started[32m [sidecar][0m[36m [interval:1m0s] [task:StatisticExchangeData][0m
[36mINFO[0m [32m[08/18 10:25:38.991] [0mScheduled task started[32m [sidecar][0m[36m [interval:1h0m0s] [task:UpdateExchangeTokenHolders][0m
[36mINFO[0m [32m[08/18 10:25:38.991] [0mstarting Solana chain adaptor[32m [common_chain_adaptor][0m[36m[0m
[36mINFO[0m [32m[08/18 10:25:38.991] [0mSolana chain adaptor started successfully[32m [common_chain_adaptor][0m[36m[0m
[36mINFO[0m [32m[08/18 10:25:38.991] [0mComponent[common_chain_adaptor] started[32m [sidecar][0m[36m [time_cost:178.083µs][0m
[33mWARN[0m [32m[08/18 10:25:39.103] [0mUnknown contract name[32m [basechain][0m[33m [name:StandardToken][0m
[33mWARN[0m [32m[08/18 10:25:39.108] [0mUnknown contract name[32m [basechain][0m[33m [name:AccumulatedYieldFactory][0m
[36mINFO[0m [32m[08/18 10:25:39.108] [0mContract materials loaded successfully[32m [basechain][0m[36m [appid:root] [chainId:84532] [contractCount:9] [errors:0][0m
[36mINFO[0m [32m[08/18 10:25:39.232] [0mSolana syncer started[32m [common_chain_adaptor][0m[36m[0m
[36mINFO[0m [32m[08/18 10:25:39.232] [0mComponent[Syncer] started[32m [sidecar][0m[36m [time_cost:241.370958ms][0m
[36mINFO[0m [32m[08/18 10:25:39.745] [0mNSQ consumer component started[32m [msgqueue][0m[36m[0m
[36mINFO[0m [32m[08/18 10:25:39.746] [0mComponent[msg_queue] started[32m [sidecar][0m[36m [time_cost:513.20125ms][0m
[36mINFO[0m [32m[08/18 10:25:39.746] [0mComponent[solana_sm] started[32m [sidecar][0m[36m [time_cost:7.625µs][0m
[36mINFO[0m [32m[08/18 10:25:39.746] [0mSolana events manager started[32m [solana_sm][0m[36m[0m
[36mINFO[0m [32m[08/18 10:25:39.746] [0mLoading deployment manifest from[32m [base_deploymanager][0m[36m [path:/Users/yanzhixing/Downloads/GitHub/token-engine/deploy/abis][0m
[36mINFO[0m [32m[08/18 10:25:39.746] [0mComponent[deploymanager] started[32m [sidecar][0m[36m [time_cost:91.917µs][0m
[36mINFO[0m [32m[08/18 10:25:39.746] [0mevent processor started[32m [solana_sm][0m[36m[0m
[36mINFO[0m [32m[08/18 10:25:39.746] [0mStarting TokenBalanceService[32m [TokenBalanceService][0m[36m[0m
[36mINFO[0m [32m[08/18 10:25:39.746] [0mComponent[TokenBalanceService] started[32m [sidecar][0m[36m [time_cost:79.125µs][0m
[36mINFO[0m [32m[08/18 10:25:39.747] [0mIPC server listen on: /Users/yanzhixing/Downloads/GitHub/token-engine/deploy/ipc.sock[32m [api][0m[36m[0m
[36mINFO[0m [32m[08/18 10:25:39.747] [0mHttp server listen on: 8082[32m [api][0m[36m[0m
[36mINFO[0m [32m[08/18 10:25:39.747] [0mComponent[http-api-server] started[32m [sidecar][0m[36m [time_cost:833.791µs][0m
[36mINFO[0m [32m[08/18 10:25:39.747] [0mComponent[app] started[32m [sidecar][0m[36m [time_cost:197.792µs][0m
[36mINFO[0m [32m[08/18 10:25:39.747] [0mtoken-engine is ready[32m [sidecar][0m[36m[0m
[36mINFO[0m [32m[08/18 10:25:39.749] [0m=====================================================================================
   __            __                                                  _
  / /_  ____    / /__  ___    ____          ___    ____    ____ _   (_)   ____   ___
 / __/ / __ \  / //_/ / _ \  / __ \ ______ / _ \  / __ \  / __ `/  / /   / __ \ / _ \
/ /_  / /_/ / / ,<   /  __/ / / / //_____//  __/ / / / / / /_/ /  / /   / / / //  __/
\__/  \____/ /_/|_|  \___/ /_/ /_/        \___/ /_/ /_/  \__, /  /_/   /_/ /_/ \___/
                                                        /____/

=====================================================================================[32m [sidecar][0m[36m[0m
[36mINFO[0m [32m[08/18 10:25:46.826] [0mpreparing create vault transaction[32m [base_txprepare][0m[36m [params:&{84532 {0xf39Fd6e51aad88F6F4ce6aB8827279cffFb92266 0xf39Fd6e51aad88F6F4ce6aB8827279cffFb92266 0xf39Fd6e51aad88F6F4ce6aB8827279cffFb92266 0xf39Fd6e51aad88F6F4ce6aB8827279cffFb92266 0xf39Fd6e51aad88F6F4ce6aB8827279cffFb92266} {My Test Token MTT 6 https://example.com/token-metadata.json} {Test 0xf39Fd6e51aad88F6F4ce6aB8827279cffFb92266 1000000 1754832494 1786800494 100 500 1 100000 200 0xf39Fd6e51aad88F6F4ce6aB8827279cffFb92266 0xf39Fd6e51aad88F6F4ce6aB8827279cffFb92266 1} false}][0m
[36mINFO[0m [32m[08/18 10:25:47.959] [0mnonce retrieved successfully[32m [base_txprepare][0m[36m [deployer:0xf39Fd6e51aad88F6F4ce6aB8827279cffFb92266] [nonce:14869][0m
[31mERRO[0m [32m[08/18 10:25:48.845] [0mfailed to create vault transaction[32m [base_txprepare][0m[31m [error:map[error:429 Too Many Requests: {"id":4,"jsonrpc":"2.0","error":{"code":-32005,"message":"rate limit exceeded"}} kind:rpc.HTTPError stack:<nil>]][0m
[31mERRO[0m [32m[08/18 10:25:48.846] [0mAPI request failed[32m [api][0m[31m [uri:/api/v2/primary/vault/prepare_create] [err_code:10001] [err_msg:failed to create vault transaction: 429 Too Many Requests: {"id":4,"jsonrpc":"2.0","error":{"code":-32005,"message":"rate limit exceeded"}}] [method:POST] [ip:127.0.0.1] [http_code:200] [time_cost:2.020479792s] [caller:root][0m
[36mINFO[0m [32m[08/18 10:26:14.294] [0mReceive exit signal: interrupt[32m [sidecar][0m[36m[0m
[36mINFO[0m [32m[08/18 10:26:14.295] [0mComponent[app] stopped[32m [sidecar][0m[36m [time_cost:349.791µs][0m
[36mINFO[0m [32m[08/18 10:26:14.295] [0mIPC server shutdown[32m [api][0m[36m[0m
[36mINFO[0m [32m[08/18 10:26:14.295] [0mHttp server shutdown[32m [api][0m[36m[0m
[36mINFO[0m [32m[08/18 10:26:14.296] [0mComponent[http-api-server] stopped[32m [sidecar][0m[36m [time_cost:636.167µs][0m
[36mINFO[0m [32m[08/18 10:26:14.296] [0mComponent[TokenBalanceService] stopped[32m [sidecar][0m[36m [time_cost:791ns][0m
[36mINFO[0m [32m[08/18 10:26:14.296] [0mDeployManager stopped[32m [base_deploymanager][0m[36m[0m
[36mINFO[0m [32m[08/18 10:26:14.296] [0mComponent[deploymanager] stopped[32m [sidecar][0m[36m [time_cost:48.042µs][0m
[36mINFO[0m [32m[08/18 10:26:14.296] [0mevent processor stopping[32m [solana_sm][0m[36m[0m
