[36mINFO[0m [32m[08/15 19:07:10.749] [0mtoken-engine version:[32m [app][0m[36m[0m
[36mINFO[0m [32m[08/15 19:07:10.749] [0mSystem version: darwin/arm64[32m [app][0m[36m[0m
[36mINFO[0m [32m[08/15 19:07:10.749] [0mGolang version: go1.24.2[32m [app][0m[36m[0m
[36mINFO[0m [32m[08/15 19:07:10.749] [0mApp build time:[32m [app][0m[36m[0m
[36mINFO[0m [32m[08/15 19:07:10.749] [0mGit commit id:[32m [app][0m[36m[0m
[36mINFO[0m [32m[08/15 19:07:10.749] [0mRepo path: /Users/yanzhixing/Downloads/GitHub/token-engine/deploy[32m [app][0m[36m[0m
[36mINFO[0m [32m[08/15 19:07:10.749] [0mExecutable: /Users/yanzhixing/Downloads/GitHub/token-engine/deploy/tools/bin/token-engine[32m [app][0m[36m[0m
[36mINFO[0m [32m[08/15 19:07:10.750] [0mPID: 5262[32m [app][0m[36m[0m
[36mINFO[0m [32m[08/15 19:07:10.750] [0mUUID node index: 0[32m [app][0m[36m[0m
[36mINFO[0m [32m[08/15 19:07:10.998] [0mcreating new base AxcTxPrepare[32m [base_txprepare][0m[36m[0m
[36mINFO[0m [32m[08/15 19:07:10.998] [0mcreating new base AxcTxExecutor[32m [base_txexecutor][0m[36m[0m
[36mINFO[0m [32m[08/15 19:07:10.998] [0mcreate axc vault idl[32m [solana-idl][0m[36m[0m
[36mINFO[0m [32m[08/15 19:07:10.998] [0mcreate axc vault transaction builder[32m [axc_tx_builder][0m[36m[0m
[36mINFO[0m [32m[08/15 19:07:10.999] [0mcreating Solana chain adaptor[32m [common_chain_adaptor][0m[36m[0m
[36mINFO[0m [32m[08/15 19:07:11.159] [0minitialized all program event definitions[32m [solana_sm][0m[36m [programCount:1][0m
[36mINFO[0m [32m[08/15 19:07:11.159] [0mRegistered transfer provider[32m [tron-transfer][0m[36m [chainID:97] [tokens:[BNB USDT USDC]][0m
[36mINFO[0m [32m[08/15 19:07:11.159] [0mRegistered transfer provider[32m [tron-transfer][0m[36m [chainID:2494104990] [tokens:[TRX USDT]][0m
[36mINFO[0m [32m[08/15 19:07:11.159] [0mcore api initialized[32m [coreApi][0m[36m[0m
[36mINFO[0m [32m[08/15 19:07:11.388] [0mComponent[sql-connector] started[32m [sidecar][0m[36m [time_cost:229.032959ms][0m
[36mINFO[0m [32m[08/15 19:07:12.943] [0mFinished connect to send tx http rpcs[32m [solana-jsonrpc][0m[36m [cost:1.554031292s] [num:1][0m
[36mINFO[0m [32m[08/15 19:07:13.402] [0mFinished connect to stable http rpcs[32m [solana-jsonrpc][0m[36m [cost:458.990334ms] [num:1][0m
[36mINFO[0m [32m[08/15 19:07:14.117] [0mFinished connect to unstable http rpcs[32m [solana-jsonrpc][0m[36m [cost:714.586584ms] [num:1][0m
[36mINFO[0m [32m[08/15 19:07:18.810] [0mFinished connect to ws rpcs[32m [solana-jsonrpc][0m[36m [cost:4.693290375s] [num:1][0m
[36mINFO[0m [32m[08/15 19:07:20.230] [0mScheduled task started[32m [sidecar][0m[36m [interval:2s] [task:solana-tx-sender[poll-last-block]][0m
[36mINFO[0m [32m[08/15 19:07:20.230] [0msolana submitter started[32m [solana-submitter][0m[36m[0m
[36mINFO[0m [32m[08/15 19:07:20.230] [0mswap submitter started[32m [submitter][0m[36m[0m
[36mINFO[0m [32m[08/15 19:07:20.231] [0mComponent[SwapSubmitter] started[32m [sidecar][0m[36m [time_cost:8.842070042s][0m
[36mINFO[0m [32m[08/15 19:07:20.231] [0mstart to subscribe exchange data by grpc...[32m [ExchangeDataService][0m[36m[0m
[36mINFO[0m [32m[08/15 19:07:20.231] [0mScheduled task started[32m [sidecar][0m[36m [interval:1m0s] [task:StatisticExchangeData][0m
[36mINFO[0m [32m[08/15 19:07:20.231] [0mScheduled task started[32m [sidecar][0m[36m [interval:1h0m0s] [task:UpdateExchangeTokenHolders][0m
[36mINFO[0m [32m[08/15 19:07:20.932] [0mComponent[ExchangeDataService] started[32m [sidecar][0m[36m [time_cost:701.27575ms][0m
[36mINFO[0m [32m[08/15 19:07:20.932] [0mComponent[ContractMaterials] started[32m [sidecar][0m[36m [time_cost:67.5µs][0m
[36mINFO[0m [32m[08/15 19:07:20.933] [0mstarting Solana chain adaptor[32m [common_chain_adaptor][0m[36m[0m
[36mINFO[0m [32m[08/15 19:07:20.933] [0mSolana chain adaptor started successfully[32m [common_chain_adaptor][0m[36m[0m
[36mINFO[0m [32m[08/15 19:07:20.933] [0mComponent[common_chain_adaptor] started[32m [sidecar][0m[36m [time_cost:238.083µs][0m
[33mWARN[0m [32m[08/15 19:07:21.069] [0mbegin compensate swap event[32m [ExchangeDataService][0m[33m [outer_id From:307735][0m
[36mINFO[0m [32m[08/15 19:07:21.325] [0mContract materials loaded successfully[32m [basechain][0m[36m [appid:root] [chainId:84532] [contractCount:9] [errors:0][0m
[36mINFO[0m [32m[08/15 19:07:21.459] [0mNSQ consumer component started[32m [msgqueue][0m[36m[0m
[36mINFO[0m [32m[08/15 19:07:21.459] [0mComponent[msg_queue] started[32m [sidecar][0m[36m [time_cost:525.700208ms][0m
[36mINFO[0m [32m[08/15 19:07:21.459] [0mComponent[solana_sm] started[32m [sidecar][0m[36m [time_cost:14.958µs][0m
[36mINFO[0m [32m[08/15 19:07:21.459] [0mLoading deployment manifest from[32m [base_deploymanager][0m[36m [path:/Users/yanzhixing/Downloads/GitHub/token-engine/deploy/abis][0m
[36mINFO[0m [32m[08/15 19:07:21.459] [0mComponent[deploymanager] started[32m [sidecar][0m[36m [time_cost:114.792µs][0m
[36mINFO[0m [32m[08/15 19:07:21.461] [0mIPC server listen on: /Users/yanzhixing/Downloads/GitHub/token-engine/deploy/ipc.sock[32m [api][0m[36m[0m
[36mINFO[0m [32m[08/15 19:07:21.461] [0mHttp server listen on: 8082[32m [api][0m[36m[0m
[36mINFO[0m [32m[08/15 19:07:21.461] [0mComponent[http-api-server] started[32m [sidecar][0m[36m [time_cost:1.498667ms][0m
[36mINFO[0m [32m[08/15 19:07:21.461] [0mComponent[app] started[32m [sidecar][0m[36m [time_cost:312.209µs][0m
[36mINFO[0m [32m[08/15 19:07:21.461] [0mtoken-engine is ready[32m [sidecar][0m[36m[0m
[36mINFO[0m [32m[08/15 19:07:21.463] [0m=====================================================================================
   __            __                                                  _
  / /_  ____    / /__  ___    ____          ___    ____    ____ _   (_)   ____   ___
 / __/ / __ \  / //_/ / _ \  / __ \ ______ / _ \  / __ \  / __ `/  / /   / __ \ / _ \
/ /_  / /_/ / / ,<   /  __/ / / / //_____//  __/ / / / / / /_/ /  / /   / / / //  __/
\__/  \____/ /_/|_|  \___/ /_/ /_/        \___/ /_/ /_/  \__, /  /_/   /_/ /_/ \___/
                                                        /____/

=====================================================================================[32m [sidecar][0m[36m[0m
[36mINFO[0m [32m[08/15 19:07:21.536] [0mSolana events manager started[32m [solana_sm][0m[36m[0m
[36mINFO[0m [32m[08/15 19:07:21.536] [0mevent processor started[32m [solana_sm][0m[36m[0m
[33mWARN[0m [32m[08/15 19:07:23.348] [0mstop compensate swap event[32m [ExchangeDataService][0m[33m [outer_id end:307734][0m
[36mINFO[0m [32m[08/15 19:07:23.434] [0mpreparing create vault transaction[32m [base_txprepare][0m[36m [params:&{84532 {0x4d6Ca5A0517cc18d66FEA10a51486fA0351bF61A 0x4d6Ca5A0517cc18d66FEA10a51486fA0351bF61A 0x4d6Ca5A0517cc18d66FEA10a51486fA0351bF61A 0x4d6Ca5A0517cc18d66FEA10a51486fA0351bF61A 0x4d6Ca5A0517cc18d66FEA10a51486fA0351bF61A} {My Test Token MTT 18 https://example.com/token-metadata.json} {Test 0xA0b86a33E6441E6C7D3E4C2C4C6C6C6C6C6C6C6C 1000000 1703980800 1704067200 100 500 0.1 100000 200 0x1234567890123456789012345678901234567890 0x1234567890123456789012345678901234567890 1} false}][0m
[31mERRO[0m [32m[08/15 19:07:33.437] [0mfailed to get nonce[32m [base_txprepare][0m[31m [deployer:0x4d6Ca5A0517cc18d66FEA10a51486fA0351bF61A] [error:map[error:Post "https://base-sepolia.drpc.org": net/http: TLS handshake timeout kind:*url.Error stack:<nil>]][0m
[31mERRO[0m [32m[08/15 19:07:33.438] [0mAPI request failed[32m [api][0m[31m [uri:/api/v2/primary/vault/prepare_create] [err_code:10001] [err_msg:failed to get nonce: Post "https://base-sepolia.drpc.org": net/http: TLS handshake timeout] [method:POST] [ip:127.0.0.1] [http_code:200] [time_cost:10.00403375s] [caller:root][0m
[36mINFO[0m [32m[08/15 19:07:45.789] [0mpreparing create vault transaction[32m [base_txprepare][0m[36m [params:&{84532 {0x4d6Ca5A0517cc18d66FEA10a51486fA0351bF61A 0x4d6Ca5A0517cc18d66FEA10a51486fA0351bF61A 0x4d6Ca5A0517cc18d66FEA10a51486fA0351bF61A 0x4d6Ca5A0517cc18d66FEA10a51486fA0351bF61A 0x4d6Ca5A0517cc18d66FEA10a51486fA0351bF61A} {My Test Token MTT 18 https://example.com/token-metadata.json} {Test 0xA0b86a33E6441E6C7D3E4C2C4C6C6C6C6C6C6C6C 1000000 1703980800 1704067200 100 500 0.1 100000 200 0x1234567890123456789012345678901234567890 0x1234567890123456789012345678901234567890 1} false}][0m
[31mERRO[0m [32m[08/15 19:07:59.560] [0mfailed to create deploy transaction[32m [base_txprepare][0m[31m [error:map[error:Post "https://api.developer.coinbase.com/rpc/v1/base-sepolia/JmJwHELnrYhdN3YgtwMjYOrnVDdSXppH": net/http: TLS handshake timeout kind:*url.Error stack:<nil>]][0m
[31mERRO[0m [32m[08/15 19:07:59.561] [0mAPI request failed[32m [api][0m[31m [uri:/api/v2/primary/vault/prepare_create] [err_code:10001] [err_msg:failed to create deploy transaction: Post "https://api.developer.coinbase.com/rpc/v1/base-sepolia/JmJwHELnrYhdN3YgtwMjYOrnVDdSXppH": net/http: TLS handshake timeout] [method:POST] [ip:127.0.0.1] [http_code:200] [time_cost:13.772341375s] [caller:root][0m
[36mINFO[0m [32m[08/15 19:10:59.392] [0mReceive exit signal: interrupt[32m [sidecar][0m[36m[0m
[36mINFO[0m [32m[08/15 19:10:59.396] [0mComponent[app] stopped[32m [sidecar][0m[36m [time_cost:163.458µs][0m
[36mINFO[0m [32m[08/15 19:10:59.396] [0mIPC server shutdown[32m [api][0m[36m[0m
[36mINFO[0m [32m[08/15 19:10:59.397] [0mHttp server shutdown[32m [api][0m[36m[0m
[36mINFO[0m [32m[08/15 19:10:59.397] [0mComponent[http-api-server] stopped[32m [sidecar][0m[36m [time_cost:248.833µs][0m
[36mINFO[0m [32m[08/15 19:10:59.397] [0mDeployManager stopped[32m [base_deploymanager][0m[36m[0m
[36mINFO[0m [32m[08/15 19:10:59.397] [0mComponent[deploymanager] stopped[32m [sidecar][0m[36m [time_cost:19.208µs][0m
[36mINFO[0m [32m[08/15 19:10:59.397] [0mScheduled task stopped[32m [sidecar][0m[36m [interval:2s] [task:solana-tx-sender[poll-last-block]][0m
[36mINFO[0m [32m[08/15 19:10:59.399] [0mevent processor stopping[32m [solana_sm][0m[36m[0m
[31mERRO[0m [32m[08/15 19:10:59.407] [0mStop components failed[32m [sidecar][0m[31m [err:map[error:goroutine exited without returning kind:*errors.errorString stack:<nil>]][0m
