[36mINFO[0m [32m[08/18 11:59:02.994] [0mtoken-engine version:[32m [app][0m[36m[0m
[36mINFO[0m [32m[08/18 11:59:02.994] [0mSystem version: darwin/arm64[32m [app][0m[36m[0m
[36mINFO[0m [32m[08/18 11:59:02.994] [0mGolang version: go1.24.2[32m [app][0m[36m[0m
[36mINFO[0m [32m[08/18 11:59:02.994] [0mApp build time:[32m [app][0m[36m[0m
[36mINFO[0m [32m[08/18 11:59:02.994] [0mGit commit id:[32m [app][0m[36m[0m
[36mINFO[0m [32m[08/18 11:59:02.994] [0mRepo path: /Users/yanzhixing/Downloads/GitHub/token-engine/deploy[32m [app][0m[36m[0m
[36mINFO[0m [32m[08/18 11:59:02.994] [0mExecutable: /Users/yanzhixing/Downloads/GitHub/token-engine/deploy/tools/bin/token-engine[32m [app][0m[36m[0m
[36mINFO[0m [32m[08/18 11:59:02.994] [0mPID: 94282[32m [app][0m[36m[0m
[36mINFO[0m [32m[08/18 11:59:02.994] [0mUUID node index: 0[32m [app][0m[36m[0m
[36mINFO[0m [32m[08/18 11:59:03.195] [0mcreating new base AxcTxPrepare[32m [base_txprepare][0m[36m[0m
[36mINFO[0m [32m[08/18 11:59:03.195] [0mcreating new base AxcTxExecutor[32m [base_txexecutor][0m[36m[0m
[36mINFO[0m [32m[08/18 11:59:03.195] [0mcreate axc vault idl[32m [solana-idl][0m[36m[0m
[36mINFO[0m [32m[08/18 11:59:03.196] [0mcreate axc vault transaction builder[32m [axc_tx_builder][0m[36m[0m
[36mINFO[0m [32m[08/18 11:59:03.196] [0mcreating Solana chain adaptor[32m [common_chain_adaptor][0m[36m[0m
[36mINFO[0m [32m[08/18 11:59:03.337] [0minitialized all program event definitions[32m [solana_sm][0m[36m [programCount:1][0m
[36mINFO[0m [32m[08/18 11:59:03.338] [0mRegistered transfer provider[32m [transfer-service][0m[36m [chainID:97] [tokens:[BNB USDT USDC]][0m
[36mINFO[0m [32m[08/18 11:59:03.338] [0mRegistered transfer provider[32m [transfer-service][0m[36m [chainID:2494104990] [tokens:[TRX USDT]][0m
[36mINFO[0m [32m[08/18 11:59:03.338] [0mcore api initialized[32m [coreApi][0m[36m[0m
[36mINFO[0m [32m[08/18 11:59:03.550] [0mComponent[sql-connector] started[32m [sidecar][0m[36m [time_cost:211.454875ms][0m
[36mINFO[0m [32m[08/18 11:59:04.799] [0mFinished connect to send tx http rpcs[32m [solana-jsonrpc][0m[36m [cost:1.248628709s] [num:3][0m
[36mINFO[0m [32m[08/18 11:59:05.295] [0mFinished connect to stable http rpcs[32m [solana-jsonrpc][0m[36m [cost:496.601666ms] [num:3][0m
[36mINFO[0m [32m[08/18 11:59:07.950] [0mFinished connect to unstable http rpcs[32m [solana-jsonrpc][0m[36m [cost:2.654031916s] [num:45][0m
[36mINFO[0m [32m[08/18 11:59:09.193] [0mFinished connect to ws rpcs[32m [solana-jsonrpc][0m[36m [cost:1.24272625s] [num:1][0m
[36mINFO[0m [32m[08/18 11:59:09.657] [0mScheduled task started[32m [sidecar][0m[36m [interval:2s] [task:solana-tx-sender[poll-last-block]][0m
[36mINFO[0m [32m[08/18 11:59:09.657] [0msolana submitter started[32m [solana-submitter][0m[36m[0m
[36mINFO[0m [32m[08/18 11:59:09.657] [0mswap submitter started[32m [submitter][0m[36m[0m
[36mINFO[0m [32m[08/18 11:59:09.658] [0mComponent[SwapSubmitter] started[32m [sidecar][0m[36m [time_cost:6.107462417s][0m
[36mINFO[0m [32m[08/18 11:59:09.658] [0mComponent[ExchangeDataService] started[32m [sidecar][0m[36m [time_cost:5.084µs][0m
[36mINFO[0m [32m[08/18 11:59:09.658] [0mComponent[ContractMaterials] started[32m [sidecar][0m[36m [time_cost:2.708µs][0m
[36mINFO[0m [32m[08/18 11:59:09.658] [0mScheduled task started[32m [sidecar][0m[36m [interval:1m0s] [task:StatisticExchangeData][0m
[36mINFO[0m [32m[08/18 11:59:09.658] [0mstarting Solana chain adaptor[32m [common_chain_adaptor][0m[36m[0m
[36mINFO[0m [32m[08/18 11:59:09.658] [0mSolana chain adaptor started successfully[32m [common_chain_adaptor][0m[36m[0m
[36mINFO[0m [32m[08/18 11:59:09.658] [0mComponent[common_chain_adaptor] started[32m [sidecar][0m[36m [time_cost:76.292µs][0m
[36mINFO[0m [32m[08/18 11:59:09.658] [0mScheduled task started[32m [sidecar][0m[36m [interval:1h0m0s] [task:UpdateExchangeTokenHolders][0m
[36mINFO[0m [32m[08/18 11:59:09.725] [0mSolana syncer started[32m [common_chain_adaptor][0m[36m[0m
[36mINFO[0m [32m[08/18 11:59:09.725] [0mComponent[Syncer] started[32m [sidecar][0m[36m [time_cost:67.236875ms][0m
[36mINFO[0m [32m[08/18 11:59:09.949] [0mContract materials loaded successfully[32m [basechain][0m[36m [appid:root] [chainId:84532] [contractCount:9] [errors:0][0m
[36mINFO[0m [32m[08/18 11:59:10.247] [0mNSQ consumer component started[32m [msgqueue][0m[36m[0m
[36mINFO[0m [32m[08/18 11:59:10.247] [0mComponent[msg_queue] started[32m [sidecar][0m[36m [time_cost:522.314042ms][0m
[36mINFO[0m [32m[08/18 11:59:10.248] [0mComponent[solana_sm] started[32m [sidecar][0m[36m [time_cost:6.125µs][0m
[36mINFO[0m [32m[08/18 11:59:10.248] [0mLoading deployment manifest from[32m [base_deploymanager][0m[36m [path:/Users/yanzhixing/Downloads/GitHub/token-engine/deploy/abis][0m
[36mINFO[0m [32m[08/18 11:59:10.248] [0mevent processor started[32m [solana_sm][0m[36m[0m
[36mINFO[0m [32m[08/18 11:59:10.248] [0mComponent[deploymanager] started[32m [sidecar][0m[36m [time_cost:54.959µs][0m
[36mINFO[0m [32m[08/18 11:59:10.248] [0mStarting TokenBalanceService[32m [TokenBalanceService][0m[36m[0m
[36mINFO[0m [32m[08/18 11:59:10.248] [0mSolana events manager started[32m [solana_sm][0m[36m[0m
[36mINFO[0m [32m[08/18 11:59:10.248] [0mComponent[TokenBalanceService] started[32m [sidecar][0m[36m [time_cost:235.125µs][0m
[36mINFO[0m [32m[08/18 11:59:10.249] [0mComponent[TokenBalanceService] stopped[32m [sidecar][0m[36m [time_cost:1µs][0m
[36mINFO[0m [32m[08/18 11:59:10.249] [0mDeployManager stopped[32m [base_deploymanager][0m[36m[0m
[36mINFO[0m [32m[08/18 11:59:10.249] [0mComponent[deploymanager] stopped[32m [sidecar][0m[36m [time_cost:36.083µs][0m
[36mINFO[0m [32m[08/18 11:59:10.249] [0mevent processor stopping[32m [solana_sm][0m[36m[0m
