[36mINFO[0m [32m[08/14 18:46:13.098] [0mtoken-engine version:[32m [app][0m[36m[0m
[36mINFO[0m [32m[08/14 18:46:13.098] [0mSystem version: darwin/arm64[32m [app][0m[36m[0m
[36mINFO[0m [32m[08/14 18:46:13.098] [0mGolang version: go1.24.2[32m [app][0m[36m[0m
[36mINFO[0m [32m[08/14 18:46:13.098] [0mApp build time:[32m [app][0m[36m[0m
[36mINFO[0m [32m[08/14 18:46:13.098] [0mGit commit id:[32m [app][0m[36m[0m
[36mINFO[0m [32m[08/14 18:46:13.098] [0mRepo path: /Users/yanzhixing/Downloads/GitHub/token-engine/deploy[32m [app][0m[36m[0m
[36mINFO[0m [32m[08/14 18:46:13.098] [0mExecutable: /Users/yanzhixing/Downloads/GitHub/token-engine/deploy/tools/bin/token-engine[32m [app][0m[36m[0m
[36mINFO[0m [32m[08/14 18:46:13.098] [0mPID: 26981[32m [app][0m[36m[0m
[36mINFO[0m [32m[08/14 18:46:13.098] [0mUUID node index: 0[32m [app][0m[36m[0m
[36mINFO[0m [32m[08/14 18:46:13.685] [0mcreating new base AxcTxPrepare[32m [base_txprepare][0m[36m[0m
[36mINFO[0m [32m[08/14 18:46:13.685] [0mcreating new base AxcTxExecutor[32m [base_txexecutor][0m[36m[0m
[36mINFO[0m [32m[08/14 18:46:13.685] [0mcreate axc vault idl[32m [solana-idl][0m[36m[0m
[36mINFO[0m [32m[08/14 18:46:13.685] [0mcreate axc vault transaction builder[32m [axc_tx_builder][0m[36m[0m
[36mINFO[0m [32m[08/14 18:46:13.685] [0mcreating Solana chain adaptor[32m [common_chain_adaptor][0m[36m[0m
[36mINFO[0m [32m[08/14 18:46:13.849] [0minitialized all program event definitions[32m [solana_sm][0m[36m [programCount:1][0m
[36mINFO[0m [32m[08/14 18:46:13.849] [0mRegistered transfer provider[32m [tron-transfer][0m[36m [chainID:97] [tokens:[BNB USDT USDC]][0m
[36mINFO[0m [32m[08/14 18:46:13.849] [0mRegistered transfer provider[32m [tron-transfer][0m[36m [chainID:2494104990] [tokens:[TRX USDT]][0m
[36mINFO[0m [32m[08/14 18:46:13.850] [0mcore api initialized[32m [coreApi][0m[36m[0m
[36mINFO[0m [32m[08/14 18:46:14.071] [0mComponent[sql-connector] started[32m [sidecar][0m[36m [time_cost:221.760042ms][0m
[36mINFO[0m [32m[08/14 18:46:14.989] [0mFinished connect to send tx http rpcs[32m [solana-jsonrpc][0m[36m [cost:917.656ms] [num:1][0m
[36mINFO[0m [32m[08/14 18:46:15.494] [0mFinished connect to stable http rpcs[32m [solana-jsonrpc][0m[36m [cost:504.451125ms] [num:1][0m
[36mINFO[0m [32m[08/14 18:46:15.753] [0mFinished connect to unstable http rpcs[32m [solana-jsonrpc][0m[36m [cost:259.021209ms] [num:1][0m
[36mINFO[0m [32m[08/14 18:46:17.176] [0mFinished connect to ws rpcs[32m [solana-jsonrpc][0m[36m [cost:1.423020542s] [num:1][0m
[36mINFO[0m [32m[08/14 18:46:17.691] [0mScheduled task started[32m [sidecar][0m[36m [interval:2s] [task:solana-tx-sender[poll-last-block]][0m
[36mINFO[0m [32m[08/14 18:46:17.691] [0msolana submitter started[32m [solana-submitter][0m[36m[0m
[36mINFO[0m [32m[08/14 18:46:17.691] [0mswap submitter started[32m [submitter][0m[36m[0m
[36mINFO[0m [32m[08/14 18:46:17.691] [0mComponent[SwapSubmitter] started[32m [sidecar][0m[36m [time_cost:3.619405875s][0m
[36mINFO[0m [32m[08/14 18:46:17.691] [0mstart to subscribe exchange data by grpc...[32m [ExchangeDataService][0m[36m[0m
[36mINFO[0m [32m[08/14 18:46:17.691] [0mScheduled task started[32m [sidecar][0m[36m [interval:1h0m0s] [task:UpdateExchangeTokenHolders][0m
[36mINFO[0m [32m[08/14 18:46:17.691] [0mScheduled task started[32m [sidecar][0m[36m [interval:1m0s] [task:StatisticExchangeData][0m
[36mINFO[0m [32m[08/14 18:46:18.450] [0mComponent[ExchangeDataService] started[32m [sidecar][0m[36m [time_cost:759.283917ms][0m
[36mINFO[0m [32m[08/14 18:46:18.451] [0mComponent[ContractMaterials] started[32m [sidecar][0m[36m [time_cost:3.625µs][0m
[36mINFO[0m [32m[08/14 18:46:18.451] [0mstarting Solana chain adaptor[32m [common_chain_adaptor][0m[36m[0m
[36mINFO[0m [32m[08/14 18:46:18.451] [0mSolana chain adaptor started successfully[32m [common_chain_adaptor][0m[36m[0m
[36mINFO[0m [32m[08/14 18:46:18.451] [0mComponent[common_chain_adaptor] started[32m [sidecar][0m[36m [time_cost:97.625µs][0m
[33mWARN[0m [32m[08/14 18:46:18.601] [0mbegin compensate swap event[32m [ExchangeDataService][0m[33m [outer_id From:292980][0m
[36mINFO[0m [32m[08/14 18:46:18.756] [0mContract materials loaded successfully[32m [basechain][0m[36m [appid:root] [chainId:84532] [contractCount:9] [errors:0][0m
[36mINFO[0m [32m[08/14 18:46:18.981] [0mNSQ consumer component started[32m [msgqueue][0m[36m[0m
[36mINFO[0m [32m[08/14 18:46:18.981] [0mComponent[msg_queue] started[32m [sidecar][0m[36m [time_cost:530.130041ms][0m
[36mINFO[0m [32m[08/14 18:46:18.981] [0mComponent[solana_sm] started[32m [sidecar][0m[36m [time_cost:4.667µs][0m
[36mINFO[0m [32m[08/14 18:46:18.981] [0mLoading deployment manifest from[32m [base_deploymanager][0m[36m [path:/Users/yanzhixing/Downloads/GitHub/token-engine/deploy/abis][0m
[36mINFO[0m [32m[08/14 18:46:18.981] [0mComponent[deploymanager] started[32m [sidecar][0m[36m [time_cost:40.459µs][0m
[36mINFO[0m [32m[08/14 18:46:18.981] [0mIPC server listen on: /Users/yanzhixing/Downloads/GitHub/token-engine/deploy/ipc.sock[32m [api][0m[36m[0m
[36mINFO[0m [32m[08/14 18:46:18.982] [0mHttp server listen on: 8082[32m [api][0m[36m[0m
[36mINFO[0m [32m[08/14 18:46:18.982] [0mComponent[http-api-server] started[32m [sidecar][0m[36m [time_cost:448.375µs][0m
[36mINFO[0m [32m[08/14 18:46:18.982] [0mComponent[app] started[32m [sidecar][0m[36m [time_cost:164.834µs][0m
[36mINFO[0m [32m[08/14 18:46:18.982] [0mtoken-engine is ready[32m [sidecar][0m[36m[0m
[36mINFO[0m [32m[08/14 18:46:18.982] [0m=====================================================================================
   __            __                                                  _
  / /_  ____    / /__  ___    ____          ___    ____    ____ _   (_)   ____   ___
 / __/ / __ \  / //_/ / _ \  / __ \ ______ / _ \  / __ \  / __ `/  / /   / __ \ / _ \
/ /_  / /_/ / / ,<   /  __/ / / / //_____//  __/ / / / / / /_/ /  / /   / / / //  __/
\__/  \____/ /_/|_|  \___/ /_/ /_/        \___/ /_/ /_/  \__, /  /_/   /_/ /_/ \___/
                                                        /____/

=====================================================================================[32m [sidecar][0m[36m[0m
[36mINFO[0m [32m[08/14 18:46:19.062] [0mSolana events manager started[32m [solana_sm][0m[36m[0m
[36mINFO[0m [32m[08/14 18:46:19.062] [0mevent processor started[32m [solana_sm][0m[36m[0m
[36mINFO[0m [32m[08/14 18:46:24.745] [0mPreparing transfer[32m [basechain][0m[36m [amount:0.000001] [from:0x4d6Ca5A0517cc18d66FEA10a51486fA0351bF61A] [to:0x4d6Ca5A0517cc18d66FEA10a51486fA0351bF61A] [tokenAddr:] [tokenType:ETH][0m
[36mINFO[0m [32m[08/14 18:46:29.547] [0mETH transfer prepared[32m [basechain][0m[36m [amount:1000000000000] [balance:8252265730947554] [chainID:84532] [gasLimit:21000] [gasPrice:1000066] [nonce:55] [unsignedTxHex:0xb202f083014a3437830f4282831e8504825208944d6ca5a0517cc18d66fea10a51486fa0351bf61a85e8d4a5100080c0808080][0m
[36mINFO[0m [32m[08/14 18:46:29.547] [0mTestSubmitSignedUSDTTransfer[32m [basechain][0m[36m [chainID:84532] [unsignedTxHex:0xb202f083014a3437830f4282831e8504825208944d6ca5a0517cc18d66fea10a51486fa0351bf61a85e8d4a5100080c0808080][0m
[31mERRO[0m [32m[08/14 18:46:29.548] [0mFailed to decode unsigned tx: %v[32m [basechain][0m[31m [!BADKEY:rlp: expected input list for types.LegacyTx][0m
[36mINFO[0m [32m[08/14 18:46:29.548] [0mAPI request[32m [api][0m[36m [uri:/api/v2/transfer/prepare] [method:POST] [ip:127.0.0.1] [http_code:200] [time_cost:4.803167792s] [caller:root][0m
