[36mINFO[0m [32m[08/15 18:41:52.504] [0mtoken-engine version:[32m [app][0m[36m[0m
[36mINFO[0m [32m[08/15 18:41:52.504] [0mSystem version: darwin/arm64[32m [app][0m[36m[0m
[36mINFO[0m [32m[08/15 18:41:52.504] [0mGolang version: go1.24.2[32m [app][0m[36m[0m
[36mINFO[0m [32m[08/15 18:41:52.504] [0mApp build time:[32m [app][0m[36m[0m
[36mINFO[0m [32m[08/15 18:41:52.504] [0mGit commit id:[32m [app][0m[36m[0m
[36mINFO[0m [32m[08/15 18:41:52.504] [0mRepo path: /Users/yanzhixing/Downloads/GitHub/token-engine/deploy[32m [app][0m[36m[0m
[36mINFO[0m [32m[08/15 18:41:52.504] [0mExecutable: /Users/yanzhixing/Downloads/GitHub/token-engine/deploy/tools/bin/token-engine[32m [app][0m[36m[0m
[36mINFO[0m [32m[08/15 18:41:52.504] [0mPID: 60779[32m [app][0m[36m[0m
[36mINFO[0m [32m[08/15 18:41:52.504] [0mUUID node index: 0[32m [app][0m[36m[0m
[36mINFO[0m [32m[08/15 18:41:52.714] [0mcreating new base AxcTxPrepare[32m [base_txprepare][0m[36m[0m
[36mINFO[0m [32m[08/15 18:41:52.714] [0mcreating new base AxcTxExecutor[32m [base_txexecutor][0m[36m[0m
[36mINFO[0m [32m[08/15 18:41:52.714] [0mcreate axc vault idl[32m [solana-idl][0m[36m[0m
[36mINFO[0m [32m[08/15 18:41:52.714] [0mcreate axc vault transaction builder[32m [axc_tx_builder][0m[36m[0m
[36mINFO[0m [32m[08/15 18:41:52.714] [0mcreating Solana chain adaptor[32m [common_chain_adaptor][0m[36m[0m
[36mINFO[0m [32m[08/15 18:41:52.846] [0minitialized all program event definitions[32m [solana_sm][0m[36m [programCount:1][0m
[36mINFO[0m [32m[08/15 18:41:52.847] [0mRegistered transfer provider[32m [tron-transfer][0m[36m [chainID:97] [tokens:[BNB USDT USDC]][0m
[36mINFO[0m [32m[08/15 18:41:52.847] [0mRegistered transfer provider[32m [tron-transfer][0m[36m [chainID:2494104990] [tokens:[TRX USDT]][0m
[36mINFO[0m [32m[08/15 18:41:52.847] [0mcore api initialized[32m [coreApi][0m[36m[0m
[36mINFO[0m [32m[08/15 18:41:53.061] [0mComponent[sql-connector] started[32m [sidecar][0m[36m [time_cost:213.528334ms][0m
[36mINFO[0m [32m[08/15 18:41:54.366] [0mFinished connect to send tx http rpcs[32m [solana-jsonrpc][0m[36m [cost:1.305139708s] [num:1][0m
[36mINFO[0m [32m[08/15 18:41:54.711] [0mFinished connect to stable http rpcs[32m [solana-jsonrpc][0m[36m [cost:344.938375ms] [num:1][0m
[36mINFO[0m [32m[08/15 18:41:55.122] [0mFinished connect to unstable http rpcs[32m [solana-jsonrpc][0m[36m [cost:410.5915ms] [num:1][0m
[36mINFO[0m [32m[08/15 18:41:56.095] [0mFinished connect to ws rpcs[32m [solana-jsonrpc][0m[36m [cost:973.287875ms] [num:1][0m
[36mINFO[0m [32m[08/15 18:41:56.595] [0mScheduled task started[32m [sidecar][0m[36m [interval:2s] [task:solana-tx-sender[poll-last-block]][0m
[36mINFO[0m [32m[08/15 18:41:56.595] [0msolana submitter started[32m [solana-submitter][0m[36m[0m
[36mINFO[0m [32m[08/15 18:41:56.595] [0mswap submitter started[32m [submitter][0m[36m[0m
[36mINFO[0m [32m[08/15 18:41:56.595] [0mComponent[SwapSubmitter] started[32m [sidecar][0m[36m [time_cost:3.534581084s][0m
[36mINFO[0m [32m[08/15 18:41:56.595] [0mstart to subscribe exchange data by grpc...[32m [ExchangeDataService][0m[36m[0m
[36mINFO[0m [32m[08/15 18:41:56.595] [0mScheduled task started[32m [sidecar][0m[36m [interval:1m0s] [task:StatisticExchangeData][0m
[36mINFO[0m [32m[08/15 18:41:56.595] [0mScheduled task started[32m [sidecar][0m[36m [interval:1h0m0s] [task:UpdateExchangeTokenHolders][0m
[36mINFO[0m [32m[08/15 18:41:57.535] [0mComponent[ExchangeDataService] started[32m [sidecar][0m[36m [time_cost:939.74975ms][0m
[36mINFO[0m [32m[08/15 18:41:57.535] [0mComponent[ContractMaterials] started[32m [sidecar][0m[36m [time_cost:5.333µs][0m
[36mINFO[0m [32m[08/15 18:41:57.535] [0mstarting Solana chain adaptor[32m [common_chain_adaptor][0m[36m[0m
[36mINFO[0m [32m[08/15 18:41:57.535] [0mSolana chain adaptor started successfully[32m [common_chain_adaptor][0m[36m[0m
[36mINFO[0m [32m[08/15 18:41:57.535] [0mComponent[common_chain_adaptor] started[32m [sidecar][0m[36m [time_cost:57.958µs][0m
[33mWARN[0m [32m[08/15 18:41:57.665] [0mbegin compensate swap event[32m [ExchangeDataService][0m[33m [outer_id From:307735][0m
[36mINFO[0m [32m[08/15 18:41:57.822] [0mContract materials loaded successfully[32m [basechain][0m[36m [appid:root] [chainId:84532] [contractCount:9] [errors:0][0m
[36mINFO[0m [32m[08/15 18:41:58.072] [0mNSQ consumer component started[32m [msgqueue][0m[36m[0m
[36mINFO[0m [32m[08/15 18:41:58.072] [0mComponent[msg_queue] started[32m [sidecar][0m[36m [time_cost:536.444042ms][0m
[36mINFO[0m [32m[08/15 18:41:58.072] [0mComponent[solana_sm] started[32m [sidecar][0m[36m [time_cost:15.459µs][0m
[36mINFO[0m [32m[08/15 18:41:58.072] [0mLoading deployment manifest from[32m [base_deploymanager][0m[36m [path:/Users/yanzhixing/Downloads/GitHub/token-engine/deploy/abis][0m
[36mINFO[0m [32m[08/15 18:41:58.072] [0mComponent[deploymanager] started[32m [sidecar][0m[36m [time_cost:73.75µs][0m
[36mINFO[0m [32m[08/15 18:41:58.073] [0mIPC server listen on: /Users/yanzhixing/Downloads/GitHub/token-engine/deploy/ipc.sock[32m [api][0m[36m[0m
[36mINFO[0m [32m[08/15 18:41:58.073] [0mHttp server listen on: 8082[32m [api][0m[36m[0m
[36mINFO[0m [32m[08/15 18:41:58.073] [0mComponent[http-api-server] started[32m [sidecar][0m[36m [time_cost:846.5µs][0m
[36mINFO[0m [32m[08/15 18:41:58.073] [0mComponent[app] started[32m [sidecar][0m[36m [time_cost:276.25µs][0m
[36mINFO[0m [32m[08/15 18:41:58.073] [0mtoken-engine is ready[32m [sidecar][0m[36m[0m
[36mINFO[0m [32m[08/15 18:41:58.075] [0m=====================================================================================
   __            __                                                  _
  / /_  ____    / /__  ___    ____          ___    ____    ____ _   (_)   ____   ___
 / __/ / __ \  / //_/ / _ \  / __ \ ______ / _ \  / __ \  / __ `/  / /   / __ \ / _ \
/ /_  / /_/ / / ,<   /  __/ / / / //_____//  __/ / / / / / /_/ /  / /   / / / //  __/
\__/  \____/ /_/|_|  \___/ /_/ /_/        \___/ /_/ /_/  \__, /  /_/   /_/ /_/ \___/
                                                        /____/

=====================================================================================[32m [sidecar][0m[36m[0m
[36mINFO[0m [32m[08/15 18:41:58.157] [0mSolana events manager started[32m [solana_sm][0m[36m[0m
[36mINFO[0m [32m[08/15 18:41:58.157] [0mevent processor started[32m [solana_sm][0m[36m[0m
[33mWARN[0m [32m[08/15 18:42:00.021] [0mstop compensate swap event[32m [ExchangeDataService][0m[33m [outer_id end:307734][0m
[36mINFO[0m [32m[08/15 18:42:07.929] [0mpreparing create vault transaction[32m [base_txprepare][0m[36m [params:&{84532 {0x4d6Ca5A0517cc18d66FEA10a51486fA0351bF61A 0x4d6Ca5A0517cc18d66FEA10a51486fA0351bF61A 0x4d6Ca5A0517cc18d66FEA10a51486fA0351bF61A 0x4d6Ca5A0517cc18d66FEA10a51486fA0351bF61A 0x4d6Ca5A0517cc18d66FEA10a51486fA0351bF61A} {My Test Token MTT 18 https://example.com/token-metadata.json} {Test 0xA0b86a33E6441E6C7D3E4C2C4C6C6C6C6C6C6C6C 1000000 1703980800 1704067200 100 500 0.1 100000 200 0x1234567890123456789012345678901234567890 0x1234567890123456789012345678901234567890 1} false}][0m
[31mERRO[0m [32m[08/15 18:42:12.099] [0mfailed to submit transaction[32m [base_txprepare][0m[31m [error:map[error:nonce too low: next nonce 79, tx nonce 78 kind:*rpc.jsonError stack:<nil>]][0m
[31mERRO[0m [32m[08/15 18:42:12.099] [0mAPI request failed[32m [api][0m[31m [uri:/api/v2/primary/vault/prepare_create] [err_code:10001] [err_msg:nonce too low: next nonce 79, tx nonce 78] [method:POST] [ip:127.0.0.1] [http_code:200] [time_cost:4.171076833s] [caller:root][0m
[36mINFO[0m [32m[08/15 18:42:18.432] [0mpreparing create vault transaction[32m [base_txprepare][0m[36m [params:&{84532 {0x4d6Ca5A0517cc18d66FEA10a51486fA0351bF61A 0x4d6Ca5A0517cc18d66FEA10a51486fA0351bF61A 0x4d6Ca5A0517cc18d66FEA10a51486fA0351bF61A 0x4d6Ca5A0517cc18d66FEA10a51486fA0351bF61A 0x4d6Ca5A0517cc18d66FEA10a51486fA0351bF61A} {My Test Token MTT 18 https://example.com/token-metadata.json} {Test 0xA0b86a33E6441E6C7D3E4C2C4C6C6C6C6C6C6C6C 1000000 1703980800 1704067200 100 500 0.1 100000 200 0x1234567890123456789012345678901234567890 0x1234567890123456789012345678901234567890 1} false}][0m
[31mERRO[0m [32m[08/15 18:42:21.530] [0mfailed to submit transaction[32m [base_txprepare][0m[31m [error:map[error:already known kind:*rpc.jsonError stack:<nil>]][0m
[31mERRO[0m [32m[08/15 18:42:21.530] [0mAPI request failed[32m [api][0m[31m [uri:/api/v2/primary/vault/prepare_create] [err_code:10001] [err_msg:already known] [method:POST] [ip:127.0.0.1] [http_code:200] [time_cost:3.097428042s] [caller:root][0m
[36mINFO[0m [32m[08/15 18:47:41.986] [0mReceive exit signal: interrupt[32m [sidecar][0m[36m[0m
[36mINFO[0m [32m[08/15 18:47:41.987] [0mComponent[app] stopped[32m [sidecar][0m[36m [time_cost:281.333µs][0m
[36mINFO[0m [32m[08/15 18:47:41.988] [0mIPC server shutdown[32m [api][0m[36m[0m
[36mINFO[0m [32m[08/15 18:47:41.988] [0mComponent[http-api-server] stopped[32m [sidecar][0m[36m [time_cost:339.459µs][0m
[36mINFO[0m [32m[08/15 18:47:41.988] [0mHttp server shutdown[32m [api][0m[36m[0m
[36mINFO[0m [32m[08/15 18:47:41.988] [0mDeployManager stopped[32m [base_deploymanager][0m[36m[0m
[36mINFO[0m [32m[08/15 18:47:41.988] [0mComponent[deploymanager] stopped[32m [sidecar][0m[36m [time_cost:68.25µs][0m
[36mINFO[0m [32m[08/15 18:47:41.988] [0mScheduled task stopped[32m [sidecar][0m[36m [interval:2s] [task:solana-tx-sender[poll-last-block]][0m
[36mINFO[0m [32m[08/15 18:47:41.988] [0mevent processor stopping[32m [solana_sm][0m[36m[0m
[31mERRO[0m [32m[08/15 18:47:41.989] [0mStop components failed[32m [sidecar][0m[31m [err:map[error:goroutine exited without returning kind:*errors.errorString stack:<nil>]][0m
