Generating typings for: 64 artifacts in dir: typechain-types for target: ethers-v6
Successfully generated 170 typings!
Compiled 63 Solidity files successfully (evm target: paris).
Started HTTP and WebSocket JSON-RPC server at http://127.0.0.1:8545/

Accounts
========

WARNING: These accounts, and their private keys, are publicly known.
Any funds sent to them on Mainnet or any other live network WILL BE LOST.

Account #0: 0xf39Fd6e51aad88F6F4ce6aB8827279cffFb92266 (1000000 ETH)
Private Key: 0xac0974bec39a17e36ba4a6b4d238ff944bacb478cbed5efcae784d7bf4f2ff80

Account #1: 0x70997970C51812dc3A010C7d01b50e0d17dc79C8 (1000000 ETH)
Private Key: 0x59c6995e998f97a5a0044966f0945389dc9e86dae88c7a8412f4603b6b78690d

Account #2: 0x3C44CdDdB6a900fa2b585dd299e03d12FA4293BC (1000000 ETH)
Private Key: 0x5de4111afa1a4b94908f83103eb1f1706367c2e68ca870fc3fb9a804cdab365a

Account #3: 0x90F79bf6EB2c4f870365E785982E1f101E93b906 (1000000 ETH)
Private Key: 0x7c852118294e51e653712a81e05800f419141751be58f605c371e15141b007a6

Account #4: 0x15d34AAf54267DB7D7c367839AAf71A00a2C6A65 (1000000 ETH)
Private Key: 0x47e179ec197488593b187f80a00eb0da91f1b9d0b13f8733639f19c30a34926a

Account #5: 0x9965507D1a55bcC2695C58ba16FB37d819B0A4dc (1000000 ETH)
Private Key: 0x8b3a350cf5c34c9194ca85829a2df0ec3153be0318b5e2d3348e872092edffba

Account #6: 0x976EA74026E726554dB657fA54763abd0C3a0aa9 (1000000 ETH)
Private Key: 0x92db14e403b83dfe3df233f83dfa3a0d7096f21ca9b0d6d6b8d88b2b4ec1564e

Account #7: 0x14dC79964da2C08b23698B3D3cc7Ca32193d9955 (1000000 ETH)
Private Key: 0x4bbbf85ce3377467afe5d46f804f221813b2bb87f24d81f60f1fcdbf7cbf4356

Account #8: 0x23618e81E3f5cdF7f54C3d65f7FBc0aBf5B21E8f (1000000 ETH)
Private Key: 0xdbda1821b80551c9d65939329250298aa3472ba22feea921c0cf5d620ea67b97

Account #9: 0xa0Ee7A142d267C1f36714E4a8F75612F20a79720 (1000000 ETH)
Private Key: 0x2a871d0798f97d79848a013d4936a73bf4cc922c825d33c1cf7073dff6d409c6

Account #10: 0xBcd4042DE499D14e55001CcbB24a551F3b954096 (1000000 ETH)
Private Key: 0xf214f2b2cd398c806f84e317254e0f0b801d0643303237d97a22a48e01628897

Account #11: 0x71bE63f3384f5fb98995898A86B02Fb2426c5788 (1000000 ETH)
Private Key: 0x701b615bbdfb9de65240bc28bd21bbc0d996645a3dd57e7b12bc2bdf6f192c82

Account #12: 0xFABB0ac9d68B0B445fB7357272Ff202C5651694a (1000000 ETH)
Private Key: 0xa267530f49f8280200edf313ee7af6b827f2a8bce2897751d06a843f644967b1

Account #13: 0x1CBd3b2770909D4e10f157cABC84C7264073C9Ec (1000000 ETH)
Private Key: 0x47c99abed3324a2707c28affff1267e45918ec8c3f20b8aa892e8b065d2942dd

Account #14: 0xdF3e18d64BC6A983f673Ab319CCaE4f1a57C7097 (1000000 ETH)
Private Key: 0xc526ee95bf44d8fc405a158bb884d9d1238d99f0612e9f33d006bb0789009aaa

Account #15: 0xcd3B766CCDd6AE721141F452C550Ca635964ce71 (1000000 ETH)
Private Key: 0x8166f546bab6da521a8369cab06c5d2b9e46670292d85c875ee9ec20e84ffb61

Account #16: 0x2546BcD3c84621e976D8185a91A922aE77ECEc30 (1000000 ETH)
Private Key: 0xea6c44ac03bff858b476bba40716402b03e41b8e97e276d1baec7c37d42484a0

Account #17: 0xbDA5747bFD65F08deb54cb465eB87D40e51B197E (1000000 ETH)
Private Key: 0x689af8efa8c651a91ad287602527f3af2fe9f6501a7ac4b061667b5a93e037fd

Account #18: 0xdD2FD4581271e230360230F9337D5c0430Bf44C0 (1000000 ETH)
Private Key: 0xde9be858da4a475276426320d5e9262ecfc3ba460bfac56360bfa6c4c28b4ee0

Account #19: 0x8626f6940E2eb28930eFb4CeF49B2d1F2C9C1199 (1000000 ETH)
Private Key: 0xdf57089febbacf7ba0bc227dafbffa9fc08a93fdc68e1e42411a14efcf23656e

Account #20: 0x09DB0a93B389bEF724429898f539AEB7ac2Dd55f (1000000 ETH)
Private Key: 0xeaa861a9a01391ed3d587d8a5a84ca56ee277629a8b02c22093a419bf240e65d

Account #21: 0x02484cb50AAC86Eae85610D6f4Bf026f30f6627D (1000000 ETH)
Private Key: 0xc511b2aa70776d4ff1d376e8537903dae36896132c90b91d52c1dfbae267cd8b

Account #22: 0x08135Da0A343E492FA2d4282F2AE34c6c5CC1BbE (1000000 ETH)
Private Key: 0x224b7eb7449992aac96d631d9677f7bf5888245eef6d6eeda31e62d2f29a83e4

Account #23: 0x5E661B79FE2D3F6cE70F5AAC07d8Cd9abb2743F1 (1000000 ETH)
Private Key: 0x4624e0802698b9769f5bdb260a3777fbd4941ad2901f5966b854f953497eec1b

Account #24: 0x61097BA76cD906d2ba4FD106E757f7Eb455fc295 (1000000 ETH)
Private Key: 0x375ad145df13ed97f8ca8e27bb21ebf2a3819e9e0a06509a812db377e533def7

Account #25: 0xDf37F81dAAD2b0327A0A50003740e1C935C70913 (1000000 ETH)
Private Key: 0x18743e59419b01d1d846d97ea070b5a3368a3e7f6f0242cf497e1baac6972427

Account #26: 0x553BC17A05702530097c3677091C5BB47a3a7931 (1000000 ETH)
Private Key: 0xe383b226df7c8282489889170b0f68f66af6459261f4833a781acd0804fafe7a

Account #27: 0x87BdCE72c06C21cd96219BD8521bDF1F42C78b5e (1000000 ETH)
Private Key: 0xf3a6b71b94f5cd909fb2dbb287da47badaa6d8bcdc45d595e2884835d8749001

Account #28: 0x40Fc963A729c542424cD800349a7E4Ecc4896624 (1000000 ETH)
Private Key: 0x4e249d317253b9641e477aba8dd5d8f1f7cf5250a5acadd1229693e262720a19

Account #29: 0x9DCCe783B6464611f38631e6C851bf441907c710 (1000000 ETH)
Private Key: 0x233c86e887ac435d7f7dc64979d7758d69320906a0d340d2b6518b0fd20aa998

Account #30: 0x1BcB8e569EedAb4668e55145Cfeaf190902d3CF2 (1000000 ETH)
Private Key: 0x85a74ca11529e215137ccffd9c95b2c72c5fb0295c973eb21032e823329b3d2d

Account #31: 0x8263Fce86B1b78F95Ab4dae11907d8AF88f841e7 (1000000 ETH)
Private Key: 0xac8698a440d33b866b6ffe8775621ce1a4e6ebd04ab7980deb97b3d997fc64fb

Account #32: 0xcF2d5b3cBb4D7bF04e3F7bFa8e27081B52191f91 (1000000 ETH)
Private Key: 0xf076539fbce50f0513c488f32bf81524d30ca7a29f400d68378cc5b1b17bc8f2

Account #33: 0x86c53Eb85D0B7548fea5C4B4F82b4205C8f6Ac18 (1000000 ETH)
Private Key: 0x5544b8b2010dbdbef382d254802d856629156aba578f453a76af01b81a80104e

Account #34: 0x1aac82773CB722166D7dA0d5b0FA35B0307dD99D (1000000 ETH)
Private Key: 0x47003709a0a9a4431899d4e014c1fd01c5aad19e873172538a02370a119bae11

Account #35: 0x2f4f06d218E426344CFE1A83D53dAd806994D325 (1000000 ETH)
Private Key: 0x9644b39377553a920edc79a275f45fa5399cbcf030972f771d0bca8097f9aad3

Account #36: 0x1003ff39d25F2Ab16dBCc18EcE05a9B6154f65F4 (1000000 ETH)
Private Key: 0xcaa7b4a2d30d1d565716199f068f69ba5df586cf32ce396744858924fdf827f0

Account #37: 0x9eAF5590f2c84912A08de97FA28d0529361Deb9E (1000000 ETH)
Private Key: 0xfc5a028670e1b6381ea876dd444d3faaee96cffae6db8d93ca6141130259247c

Account #38: 0x11e8F3eA3C6FcF12EcfF2722d75CEFC539c51a1C (1000000 ETH)
Private Key: 0x5b92c5fe82d4fabee0bc6d95b4b8a3f9680a0ed7801f631035528f32c9eb2ad5

Account #39: 0x7D86687F980A56b832e9378952B738b614A99dc6 (1000000 ETH)
Private Key: 0xb68ac4aa2137dd31fd0732436d8e59e959bb62b4db2e6107b15f594caf0f405f

Account #40: 0x9eF6c02FB2ECc446146E05F1fF687a788a8BF76d (1000000 ETH)
Private Key: 0xc95eaed402c8bd203ba04d81b35509f17d0719e3f71f40061a2ec2889bc4caa7

Account #41: 0x08A2DE6F3528319123b25935C92888B16db8913E (1000000 ETH)
Private Key: 0x55afe0ab59c1f7bbd00d5531ddb834c3c0d289a4ff8f318e498cb3f004db0b53

Account #42: 0xe141C82D99D85098e03E1a1cC1CdE676556fDdE0 (1000000 ETH)
Private Key: 0xc3f9b30f83d660231203f8395762fa4257fa7db32039f739630f87b8836552cc

Account #43: 0x4b23D303D9e3719D6CDf8d172Ea030F80509ea15 (1000000 ETH)
Private Key: 0x3db34a7bcc6424e7eadb8e290ce6b3e1423c6e3ef482dd890a812cd3c12bbede

Account #44: 0xC004e69C5C04A223463Ff32042dd36DabF63A25a (1000000 ETH)
Private Key: 0xae2daaa1ce8a70e510243a77187d2bc8da63f0186074e4a4e3a7bfae7fa0d639

Account #45: 0x5eb15C0992734B5e77c888D713b4FC67b3D679A2 (1000000 ETH)
Private Key: 0x5ea5c783b615eb12be1afd2bdd9d96fae56dda0efe894da77286501fd56bac64

Account #46: 0x7Ebb637fd68c523613bE51aad27C35C4DB199B9c (1000000 ETH)
Private Key: 0xf702e0ff916a5a76aaf953de7583d128c013e7f13ecee5d701b49917361c5e90

Account #47: 0x3c3E2E178C69D4baD964568415a0f0c84fd6320A (1000000 ETH)
Private Key: 0x7ec49efc632757533404c2139a55b4d60d565105ca930a58709a1c52d86cf5d3

Account #48: 0x35304262b9E87C00c430149f28dD154995d01207 (1000000 ETH)
Private Key: 0x755e273950f5ae64f02096ae99fe7d4f478a28afd39ef2422068ee7304c636c0

Account #49: 0xD4A1E660C916855229e1712090CcfD8a424A2E33 (1000000 ETH)
Private Key: 0xaf6ecabcdbbfb2aefa8248b19d811234cd95caa51b8e59b6ffd3d4bbc2a6be4c

Account #50: 0xEe7f6A930B29d7350498Af97f0F9672EaecbeeFf (1000000 ETH)
Private Key: 0x70c2bd1b41084c2e2238551eace483321f8c1a413a471c3b49c8a5d1d6b3d0c4

Account #51: 0x145e2dc5C8238d1bE628F87076A37d4a26a78544 (1000000 ETH)
Private Key: 0xcb8e373c93609268cdcec93450f3578b92bb20c3ac2e77968d106025005f97b5

Account #52: 0xD6A098EbCc5f8Bd4e174D915C54486B077a34A51 (1000000 ETH)
Private Key: 0x6f29f6e0b750bcdd31c3403f48f11d72215990375b6d23380b39c9bbf854a7d3

Account #53: 0x042a63149117602129B6922ecFe3111168C2C323 (1000000 ETH)
Private Key: 0xff249f7eba6d8d3a65794995d724400a23d3b0bd1714265c965870ef47808be8

Account #54: 0xa0EC9eE47802CeB56eb58ce80F3E41630B771b04 (1000000 ETH)
Private Key: 0x5599a7be5589682da3e0094806840e8510dae6493665a701b06c59cbe9d97968

Account #55: 0xe8B1ff302A740fD2C6e76B620d45508dAEc2DDFf (1000000 ETH)
Private Key: 0x93de2205919f5b472723722fedb992e962c34d29c4caaedd82cd33e16f1fd3cf

Account #56: 0xAb707cb80e7de7C75d815B1A653433F3EEc44c74 (1000000 ETH)
Private Key: 0xd20ecf81c6c3ad87a4e8dbeb7ceef41dd0eebc7a1657efb9d34e47217694b5cb

Account #57: 0x0d803cdeEe5990f22C2a8DF10A695D2312dA26CC (1000000 ETH)
Private Key: 0xe4058704ed240d68a94b6fb226824734ddabd4b1fe37bc85ce22f5b17f98830e

Account #58: 0x1c87Bb9234aeC6aDc580EaE6C8B59558A4502220 (1000000 ETH)
Private Key: 0x4ae4408221b5042c0ee36f6e9e6b586a00d0452aa89df2e7f4f5aec42152ec43

Account #59: 0x4779d18931B35540F84b0cd0e9633855B84df7b8 (1000000 ETH)
Private Key: 0x0e7c38ba429fa5081692121c4fcf6304ca5895c6c86d31ed155b0493c516107f

Account #60: 0xC0543b0b980D8c834CBdF023b2d2A75b5f9D1909 (1000000 ETH)
Private Key: 0xd5df67c2e4da3ff9c8c6045d9b7c41581efeb2a3660921ad4ba863cc4b8c211c

Account #61: 0x73B3074ac649A8dc31c2C90a124469456301a30F (1000000 ETH)
Private Key: 0x92456ac1fa1ef65a04fb4689580ad5e4cda7369f3620ef3a02fa4015725f460a

Account #62: 0x265188114EB5d5536BC8654d8e9710FE72C28c4d (1000000 ETH)
Private Key: 0x65b10e7d7315bb8b7f7c6eefcbd87b36ad4007c4ade9c032354f016e84ad9c5e

Account #63: 0x924Ba5Ce9f91ddED37b4ebf8c0dc82A40202fc0A (1000000 ETH)
Private Key: 0x365820b3376c77dab008476d49f7cd7af87fc7bbd57dc490378106c3353b2b33

Account #64: 0x64492E25C30031EDAD55E57cEA599CDB1F06dad1 (1000000 ETH)
Private Key: 0xb07579b9864bb8e69e8b6e716284ab5b5f39fe5bb57ae4c83af795a242390202

Account #65: 0x262595fa2a3A86adACDe208589614d483e3eF1C0 (1000000 ETH)
Private Key: 0xbf071d2b017426fcbf763cce3b3efe3ffc9663a42c77a431df521ef6c79cacad

Account #66: 0xDFd99099Fa13541a64AEe9AAd61c0dbf3D32D492 (1000000 ETH)
Private Key: 0x8bbffff1588b3c4eb8d415382546f6f6d5f0f61087c3be7c7c4d9e0d41d97258

Account #67: 0x63c3686EF31C03a641e2Ea8993A91Ea351e5891a (1000000 ETH)
Private Key: 0xb658f0575a14a7ac05075cb0f8727f0aae168a091dfb32d92514d1a7c11cf498

Account #68: 0x9394cb5f737Bd3aCea7dcE90CA48DBd42801EE5d (1000000 ETH)
Private Key: 0x228330af91fa515d7514cf5ac6594ab90b296cbd8ff7bc4567306aa66cacd79f

Account #69: 0x344dca30F5c5f74F2f13Dc1d48Ad3A9069d13Ad9 (1000000 ETH)
Private Key: 0xe6f80f9618311c0cd58f6a3fc6621cdbf6da4a72cc42e2974c98829343e7927b

Account #70: 0xF23E054D8b4D0BECFa22DeEF5632F27f781f8bf5 (1000000 ETH)
Private Key: 0x36d0435aa9a2c24d72a0aa69673b3acc2649969c38a581103df491aac6c33dd4

Account #71: 0x6d69F301d1Da5C7818B5e61EECc745b30179C68b (1000000 ETH)
Private Key: 0xf3ed98f9148171cfed177aef647e8ac0e2579075f640d05d37df28e6e0551083

Account #72: 0xF0cE7BaB13C99bA0565f426508a7CD8f4C247E5a (1000000 ETH)
Private Key: 0x8fc20c439fd7cf4f36217471a5db7594188540cf9997a314520a018de27544dd

Account #73: 0x011bD5423C5F77b5a0789E27f922535fd76B688F (1000000 ETH)
Private Key: 0x549078aab3adafeff862b2d40b6b27756c5c4669475c3367edfb8dcf63ea1ae5

Account #74: 0xD9065f27e9b706E5F7628e067cC00B288dddbF19 (1000000 ETH)
Private Key: 0xacf192decb2e4ddd8ad61693ab8edd67e3620b2ed79880ff4e1e04482c52c916

Account #75: 0x54ccCeB38251C29b628ef8B00b3cAB97e7cAc7D5 (1000000 ETH)
Private Key: 0x47dc59330fb8c356ef61c55c11f9bb49ee463df50cbfe59f389de7637037b029

Account #76: 0xA1196426b41627ae75Ea7f7409E074BE97367da2 (1000000 ETH)
Private Key: 0xf0050439b33fd77f7183f44375bc43a869a9880dca82a187fab9be91e020d029

Account #77: 0xE74cEf90b6CF1a77FEfAd731713e6f53e575C183 (1000000 ETH)
Private Key: 0xe995cc7ea38e5c2927b97607765c2a20f4a6052d6810a3a1102e84d77c0df13b

Account #78: 0x7Df8Efa6d6F1CB5C4f36315e0AcB82b02Ae8BA40 (1000000 ETH)
Private Key: 0x8232e778c8e32eddb268e12aee5e82c7bb540cc176e150d64f35ee4ae2faf2b2

Account #79: 0x9E126C57330FA71556628e0aabd6B6B6783d99fA (1000000 ETH)
Private Key: 0xba8c9ff38e4179748925335a9891b969214b37dc3723a1754b8b849d3eea9ac0

Account #80: 0x586BA39027A74e8D40E6626f89Ae97bA7f616644 (1000000 ETH)
Private Key: 0xe66935494406a2b7cddd5b90f0a416cd499353f9f5b16d3f53e9db79b5af315c

Account #81: 0x9A50ed082Cf2fc003152580dcDB320B834fA379E (1000000 ETH)
Private Key: 0xdf1d05a0dc7ff9b702517352bbcc48cd78c4f1c8e7e0be4a7e8c9d8a01318dca

Account #82: 0xbc8183bac3E969042736f7af07f76223D11D2148 (1000000 ETH)
Private Key: 0xaf905e7d181f83cf2b32316c035db8cc6dc37b8ee658a39c648a40f7f5aea732

Account #83: 0x586aF62EAe7F447D14D25f53918814e04d3A5BA4 (1000000 ETH)
Private Key: 0x2e07199788560fbb67ad75c647ab4c1288c035e370cd8efd8cc98c117a9e1dbc

Account #84: 0xCcDd262f272Ee6C226266eEa13eE48D4d932Ce66 (1000000 ETH)
Private Key: 0xbeab65f35a77de7af63a97748e6a3bb90372f9225ebc6e8d0f1dc14098ac683a

Account #85: 0xF0eeDDC5e015d4c459590E01Dcc2f2FD1d2baac7 (1000000 ETH)
Private Key: 0x0ae04d323697ac9f6590e30ac497b8bb84ba66a3f7db8648792e92a5773c9dc7

Account #86: 0x4edFEDFf17ab9642F8464D6143900903dD21421a (1000000 ETH)
Private Key: 0x7cda9d93162b809fb8474f22c724da7e9590ac3bfba54ec15bdd54953ab3e5ff

Account #87: 0x492C973C16E8aeC46f4d71716E91b05B245377C9 (1000000 ETH)
Private Key: 0xf6702b85537d0a844debc36e28e409af35c683a0d968ff1a01eab8bc17542397

Account #88: 0xE5D3ab6883b7e8c35c04675F28BB992Ca1129ee4 (1000000 ETH)
Private Key: 0x4034badb4e3cdf45d4032c7671a82d4967a0ce4c1bf3ddb72bf8fba38c151f6f

Account #89: 0x71F280DEA6FC5a03790941Ad72956f545FeB7a52 (1000000 ETH)
Private Key: 0x967483ff906486d78577d1749000ddcee7c65f480f154fb5d9d45170f0489d33

Account #90: 0xE77478D9E136D3643cFc6fef578Abf63F9Ab91B1 (1000000 ETH)
Private Key: 0x9c9186fb8f85adc661f3da56dd64e3b9a3f95b17c05ed9c6561f9ee9225da327

Account #91: 0x6C8EA11559DFE79Ae3dBDD6A67b47F61b929398f (1000000 ETH)
Private Key: 0xef463dfdd318a103afeb0e4e75b3c3c0b13a681c2dc48b22bc05a949d5fa28d5

Account #92: 0x48fA7b63049A6F4E7316EB2D9c5BDdA8933BCA2f (1000000 ETH)
Private Key: 0x165b52d20a0ebc82b1e87bd02e221f3a2bec6ff6f61326eea3e6180cc23ccf43

Account #93: 0x16aDfbeFdEfD488C992086D472A4CA577a0e5e54 (1000000 ETH)
Private Key: 0x945ff88d4066b8f6d61eb1dbc7c31dc1ad0078b8a781e0ea7b4c4f097e62dfd3

Account #94: 0x225356FF5d64889D7364Be2c990f93a66298Ee8D (1000000 ETH)
Private Key: 0x1ecfea2bcec4e5e3af2430ae90d554bc272cd7743efb66138c90840c729ebffe

Account #95: 0xcBDc0F9a4C38f1e010bD3B6e43598A55D1868c23 (1000000 ETH)
Private Key: 0xa6d83a50114f5bbd5557832caf948c4f202e31e7f8dd3bffdb579bf78dc4c166

Account #96: 0xBc5BdceE96b1BC47822C74e6f64186fbA7d686be (1000000 ETH)
Private Key: 0xf6b39438613b3f5dae4e84a73e90ea8a4efa0ab7b69cc532fdfe3932d20d52bb

Account #97: 0x0536896a5e38BbD59F3F369FF3682677965aBD19 (1000000 ETH)
Private Key: 0x41f789906acc91db1f402d803b8537830856da0211f4ccf22f526d918b26c881

Account #98: 0xFE0f143FcAD5B561b1eD2AC960278A2F23559Ef9 (1000000 ETH)
Private Key: 0xc1b5e6b1cd081956fa11c35329eeb84d31bceaf7253e84e0f90323d55065aa1f

Account #99: 0x98D08079928FcCB30598c6C6382ABfd7dbFaA1cD (1000000 ETH)
Private Key: 0xa3f5fbad1692c5b72802300aefb5b760364018018ddb5fe7589a2203d0d10e60

Account #100: 0x8C3229EC621644789d7F61FAa82c6d0E5F97d43D (1000000 ETH)
Private Key: 0xdae4671006c60a3619556ace98eca6f6e092948d05b13070a27ac492a4fba419

Account #101: 0x9586A4833970847aef259aD5BFB7aa8901DDf746 (1000000 ETH)
Private Key: 0x13986e078393fca89aedc2ecd014df01dfbff153434c04b2e38cfedcbef710f7

Account #102: 0x0e9971c0005D91336c1441b8F03c1C4fe5FB4584 (1000000 ETH)
Private Key: 0x7382cc0c1dd9fc4ff87ed969fafac4c040ebd4890d0b8fa35781524df5b15476

Account #103: 0xC4c81D5C1851702d27d602aA8ff830A7689F17cc (1000000 ETH)
Private Key: 0x360e8f096c6aaec3c922df1a82a7b954b69b42bdc20a6b71b2f50438c13d2ec5

Account #104: 0x9c79357189d6aF261691ECF48de9A6bbF30438Fc (1000000 ETH)
Private Key: 0x956840865a0d252ee192c683c48befc5d8432aa7b334be6cb79133cfacfcda1a

Account #105: 0xd96Eb0f2e106eA7c0a939e9C460a17ace65FeCFF (1000000 ETH)
Private Key: 0x9dece36dc7cb98e2e521e85efa7417d68744f00ab93caf70ec39dc3d6b16d916

Account #106: 0x4548774216F19914493d051481FEb56246bC13f0 (1000000 ETH)
Private Key: 0xc69422615b990ce3dbed91d6ed41e378ff92f0ebf23b8d18bf3db912c6797fa1

Account #107: 0xFdAA62Ea18331AFA45CC78b44DBa58d809EaB80e (1000000 ETH)
Private Key: 0xbb78950939f8a5d5c0d3225d4d38cbfd7eace2c2b8347fa8ca97726cd10e486a

Account #108: 0x7D19cEa5598AccbBF0005A8EB8ed6A02C6F8aB84 (1000000 ETH)
Private Key: 0x42e75fe4e54a2126d34a7e302d8dff04d888dbd434a6c690cfc2e1e3d9499c10

Account #109: 0xEaBd5094570298Ffd24e93E7af378162884611cb (1000000 ETH)
Private Key: 0xb479c6ebcce0347b5a9335f52519198307f01a7c4917e6b1e93e123a77e74aff

Account #110: 0x51953940F874eFa94F92EB2d6Aed023617A07222 (1000000 ETH)
Private Key: 0x9e4e3ca5a15203ef569824c74164789921d372c12b83f1aeba7d4e096a8338fd

Account #111: 0x6813ae1FC15E995230C05D4480d50219Bb635F15 (1000000 ETH)
Private Key: 0x3659cf616cb9eff3ecdd1ce36221a3744df6deb907007dc2ad4330dc66aa2d13

Account #112: 0x11c9CFEc77102a7C903a2D2319c79E7b0BBC9235 (1000000 ETH)
Private Key: 0x23fe537a715500e8edf9a949d1a5894fd5296a257b412e6f7e598b22bc62b060

Account #113: 0xBE9086f1A38740F297F6347B531732541289b220 (1000000 ETH)
Private Key: 0xf1a9dd9e1f43e6832b9950520b8fe73203d14f171cb5b07dceb0d3090878045f

Account #114: 0xD4Db664B707353422b1Ffc94038cDD0a7D074D51 (1000000 ETH)
Private Key: 0x2130940937fb474f9a6ac3ea114536c5d693ae1f918bec1e33e98de810db312e

Account #115: 0x11Ba29fE987adDFa480FfEcf3d98B26630917a78 (1000000 ETH)
Private Key: 0x755e7b431c9224a9d798e1c03d0f8d7084486aeee98ab8ea87d4538a502a73c8

Account #116: 0xFFd57510605b4F47A58576ccC059aB8882C7eA00 (1000000 ETH)
Private Key: 0x914a73ad0b138eedf80704f9ccd81be56f33bbd5f8b371c82de3b6b6a5a23ff7

Account #117: 0x83781Cf2371117aAc856621805FB83c9ca439BAd (1000000 ETH)
Private Key: 0xf40eb48d6b4964072dad455aadf0f84e94d00a19695865bbe226f9b560c9ed76

Account #118: 0x2Bac2e5a4f39c32eD16205591Ba26e307414cA9E (1000000 ETH)
Private Key: 0x69fcf89b49fb124ae6f6004a7028184cc8620f1d6e9daa9f97098ef693a03f80

Account #119: 0x8D86EF40df93B1b3822bf996B972bA53E79C07c9 (1000000 ETH)
Private Key: 0xcb926b6ec105a6c4a04a64dd1edab6b2a52c4ad5ec91ea1155ed80e43d4b5753

Account #120: 0xc9DB8bec097C2CbdcE109e03A36f98a87E04ffEf (1000000 ETH)
Private Key: 0xeb949ffe81c4e6f9c0802eb23f2352143584e124420c529f7f36e99a4388f8dd

Account #121: 0x925EB78bEb9a84cf88dc92DF5f2FE7bF33b40104 (1000000 ETH)
Private Key: 0xe1c267d388404c17aa37690dd952df1f92d77cafd9586a8f1ec55bcb76a7bd72

Account #122: 0x5061a633977476e18B99423Ac51C6Df50621a597 (1000000 ETH)
Private Key: 0xc6c3aac097ed6d31631dfa9e90afcfc017fe3bebdc2a25228b76cc89ea2329e2

Account #123: 0x46655f18cC741152515f0d843AD4355b4AD23377 (1000000 ETH)
Private Key: 0xcdfe2ef67fba32ae8f2eaef3404b9326e497856c95a7e892b5cd14d6c0db9bba

Account #124: 0x012af9b68f94FE212705B708Cb69b53508D522a2 (1000000 ETH)
Private Key: 0x4e2860f6001eda84086f8334a1fb30c9f7da9a9945cf477d07da504a40a3ffaa

Account #125: 0x87194239f32f33d74C99B2545032623B32e3F795 (1000000 ETH)
Private Key: 0xe8a11992568a8a9f8ef966dc68237833fc726d4c78718c0aba510b029dab86e5

Account #126: 0x0149aF4613AA457765d23a38D62685a9623AEf35 (1000000 ETH)
Private Key: 0xd7cb3084b252751f5a6a3ec06a267451d390724fdb3f572560d998af8d00dae0

Account #127: 0xBCcA9EcB933Db2481111102E73c61C7c7C4e2366 (1000000 ETH)
Private Key: 0x9e56ccf010fa4073274b8177ccaad46fbaf286645310d03ac9bb6afa922a7c36

Account #128: 0x20a6250c2cb9B6828ce0B16e09B950E7d0d0556d (1000000 ETH)
Private Key: 0x3485433f309a15382a616266b0d9bcad7bfd94026f51ddf226a9b2c01100753f

Account #129: 0x99F25BC68A4a0D6c9fCaA795d6f8cA738468f679 (1000000 ETH)
Private Key: 0xff95c96bf8aeb045cb4412b6a5790ee415ac56cdb2f793d3d39ed2b99bf36d7b

Account #130: 0x2c7D914a1801242017Bd00aBC5A02452e1305C63 (1000000 ETH)
Private Key: 0x04aa05e0090ecde1658293ac3c2e2e5815d12b3eea881c4f3a03f438d5702550

Account #131: 0x5a3A245E0523B2728ec8D914358E33671e27872d (1000000 ETH)
Private Key: 0x3fb3e3897798d4aeef73cd15a4fcc08589aaabec2d2ae8edd9aa0af4de818d51

Account #132: 0x3E13F655ce1CBC382e3e09b17266f5Ca1326F567 (1000000 ETH)
Private Key: 0x8a9c0a6175796266811b71b781b5e904ddf2667577821f1ea771a095b34d1e2d

Account #133: 0x148B4D43A550d74b82eA435dA0007a7B1048D714 (1000000 ETH)
Private Key: 0x3f3902b5229286a6ae7aab0accae2f75fb3350b009c6a3dcef9010fa7fd88f86

Account #134: 0xC8014C948758904edbeAD506B08941919261561B (1000000 ETH)
Private Key: 0x9f3164decddb563079c43f281edc6fafdb6cbbaf5fcae2d94bc061ac5db1198b

Account #135: 0x09bE20D14fc2BAb7bA84984c5AEBd43b6a37D36E (1000000 ETH)
Private Key: 0x5e32a6927be49af4d1dec605e1f0fd82a43e8f63b44ba44358c70f289c10f5dc

Account #136: 0x527601C75277B9823fe4eb7D95Bf34da6C0C602b (1000000 ETH)
Private Key: 0x1a04c0b38b8a2f5cc7069a246ce237601dfb10e35dd5d7742d115333950bbc9e

Account #137: 0xf88c5937F7EcE778c39cE149E9A863043Ec8Cb9C (1000000 ETH)
Private Key: 0x6f9ea5387d5fd341163fd5953fc1905c9fc45934455ab72376d65875218fb52b

Account #138: 0xb938cfBDB5F0B5eFEA6E4e18e39390BfEeb47722 (1000000 ETH)
Private Key: 0x49a4c2edb2ed23bcb545dfe29e66aedf7bee22c34ab2985570cf0bead212a872

Account #139: 0x902D6954691BC8f78202B84bcec7fc0cee8FC83E (1000000 ETH)
Private Key: 0xcdefba1d86c5dba7e79045d3d9651c93ff2a9a6e04c19840b319943cf69abbf2

Account #140: 0xb24e6C5d01d14be3918ed712aCe1b2f7F2Bef53a (1000000 ETH)
Private Key: 0x00d0d1d0ad58ae173096d9c2ce22a3afaa6b7bfd2303e02b5be06ba14166287d

Account #141: 0xFaF513321611B74ca918dF250d6ac38d43ab57f8 (1000000 ETH)
Private Key: 0xe85a4387a8dd7dacc0c10fdc8179c47bb8c3e95bc9a4e16d23c3f24c075240c3

Account #142: 0xA576e67c260B90f667E136AF1BEB9513859c6dC2 (1000000 ETH)
Private Key: 0x753cac0a8953fe9586774347cf976bbd0c20a9b20d0673fab24c70f22968ebec

Account #143: 0x110958850E5bfe54CeBA0a87b1cF7671c501dA95 (1000000 ETH)
Private Key: 0xefba72e89d0c50b6482d5ebee569d535d9b8ec36c894d5cdb2ce6865424c2fb7

Account #144: 0x0d56282A479497840F27CE4e248616BBdBAFF881 (1000000 ETH)
Private Key: 0x07e224a335ad28bd1bd1720fc8a7dbc5b21e405e9b404ad2b4d4b861546769d6

Account #145: 0x7F70da265d37eDCD337b0Df314C3E2208371dDA9 (1000000 ETH)
Private Key: 0x248cc6dbf36ea49bd5201d32284d9434a3b40d4c627f65703337dd5d208faae9

Account #146: 0x09C1E3F7d9b6070eeB26Ac74Df33cCe0C5d858f5 (1000000 ETH)
Private Key: 0xa12a5b6a7a870cfac5c2fce0e27a8a2aef0b2bd885e20bd74b0920788f8354d0

Account #147: 0x00297d0b6404D57C0fa9a3D3a6998Ef28623444B (1000000 ETH)
Private Key: 0xa92912c2bfcacf51e9553895d7f534df8de94a6736a1720afb901f79e75eab7d

Account #148: 0x50a7E8CBecaa992ff5b77289Ae3227C9F2cABd9c (1000000 ETH)
Private Key: 0xe0d22c53f9ca377cc7efbb6d1cc5a7f4889a835fc6d45a0246813148bbfdd1f8

Account #149: 0x838D1153557025efb2867d12b2AdFe151aC41693 (1000000 ETH)
Private Key: 0x55b54cb79a181a07c1d2a21434367e87d300e79e1250fe3d7b1177f557168771

Account #150: 0x280b23F871E8679970CeC204Bc67d19840CEfeD0 (1000000 ETH)
Private Key: 0x2dfb47b1acdb34494d130cca790c19a7ad0f9b4561c3e184b3a20b1ace7ede04

Account #151: 0x5F5622BaBB2c7cD60867Ca41aC86122Abb561449 (1000000 ETH)
Private Key: 0x1d5350cbc0d917dde29e4b5c68c0d4f22954eb5c59b323628942eecc20f0c879

Account #152: 0xD597A7E5D9eee71843B25347f9091E42Db30C2D2 (1000000 ETH)
Private Key: 0xc61541515527c1d8c39176526df74ac1cb020de2fb977310e0871a4d2bc2b959

Account #153: 0x100dD58b96152C9d99232920c97a7de1238d3043 (1000000 ETH)
Private Key: 0xabb054f51848310ba938942e7ed31625ba8e7f660726ad52309c048a5bcd2f2d

Account #154: 0xE8dFC1532693FF0AeFe7BEE264289806deAB3Fe3 (1000000 ETH)
Private Key: 0x4709c005ae2609eaf81911438cf2f5c6b80d46af4821b703b05f2a17dd0d5394

Account #155: 0x865cF0101F6E34D47a9A4EEB0d39a5dC8fAEd566 (1000000 ETH)
Private Key: 0x5a470f4130a4cbc39a808fc82e4c44af94ba8eada0c8300254828d3ce0052ec8

Account #156: 0xFae5D89c5b24B1Fb8B86ED9656558CD980d01C43 (1000000 ETH)
Private Key: 0x523bf92cf62b4f8dca313c494727bd3d2777f1d5dc1cc09eeae8a730015d8bf7

Account #157: 0x50FC8E8d9b5E9D3DF14919c1Df634b0F2311538A (1000000 ETH)
Private Key: 0x8ab60b0289efe597a1c0536241f1f86a0ef950e0a1da7169f8fd39242a4a9a31

Account #158: 0x1848543e04A38dF7dEEf7Dfd346eFFb4f059a849 (1000000 ETH)
Private Key: 0x18d11eb51348341cb7d787e2174a8f0b2a76557ea03dddc13055ca206fdca55e

Account #159: 0x80B8494D411e67c830C34c72B2aadf4D405AbDf0 (1000000 ETH)
Private Key: 0x21a71648ac75efde8c23180ebbcfe36b3d4d46b83951d22db77f11059d592698

Account #160: 0x3961e9553D9E7aae3B6b497F92966a46D467C823 (1000000 ETH)
Private Key: 0x2b1fe903563f40b41b5a800000473d4b84a23ac8d2f8bed1c9fece936fe46495

Account #161: 0xd62Dc0f62c5c3b98c75ce130E78A5Bdc0021daD8 (1000000 ETH)
Private Key: 0xe7d5b09518f7c5d945f8861d4c554ff93633c609d5cb109e0c012bfcc272ab88

Account #162: 0xba2Ef8C82FdF88ac9ca4163b7cAb1A0628d6b936 (1000000 ETH)
Private Key: 0x35e66144e44e2afea7a0d2870f7a66c59455145026e8744cfac3c895f603d8ed

Account #163: 0xE15B6c968d11723E5454894946DCF78E9eF18D42 (1000000 ETH)
Private Key: 0xdda3dfedc05d88c00d8c304f01be4d566066c553d0d4dae1c582ac1212066271

Account #164: 0xb65aD69852c853f323e5EEF1bf8a1Fb4C77E4765 (1000000 ETH)
Private Key: 0x5a855ed2296b386ff056ec8917e5037115df187ab13a4c535a346ef5ed89ab32

Account #165: 0x1ac9A50e9AaBadBede678a65D32F7cf58F2c1d85 (1000000 ETH)
Private Key: 0x09e60e0e5cbcf0b58e88a6506d0d3c24cd2210ea93a2d4f5abedbac3f7059262

Account #166: 0x7233f2a928ED28AFb4A323BeCCE6F59712233A77 (1000000 ETH)
Private Key: 0x11c9d25faf75494ceba12b9e259ef63246976e3cd37b22c1fdbd0f40f4883e55

Account #167: 0x88709c5A505d024368144D0Aa5e142ce238962cf (1000000 ETH)
Private Key: 0x51bc341f9bd42cd0649ad2ff30862a2b70fd308553625fbb782fe7f58d0a8f7f

Account #168: 0x0d3C1E9bb0DfDf2ebe674f3ee0C00E944C53FDAb (1000000 ETH)
Private Key: 0x61d202fc3d2a61588817438a07bde05f85fd8e3b09002e115459ef0dcdeb2b83

Account #169: 0x62953a71c4d29c602F88c456e91a5f7Eecf7fcDE (1000000 ETH)
Private Key: 0x8f24fe8d528bf343ee224bc92d90f628dd1f1caed30bafd93ae749cdd721497d

Account #170: 0x4d24dBC55231CEAF86b87F6cA71167bd94577936 (1000000 ETH)
Private Key: 0xe13548a057b4901d0ab7bb68b0ba101ef4333329237fe176bb262326c2cc8216

Account #171: 0x90c416e481f9944dd7afE0aA0e78e16780580bAC (1000000 ETH)
Private Key: 0x4102e6bb1b9b329dc4cf3a47ec54fee3d5d40a2f79509434558dad396e6979fa

Account #172: 0x4f822bb4fAC4B2b6630bdF412E8158c15bd65aae (1000000 ETH)
Private Key: 0x60b5e1ced01781ce3c52b5b9e9b83f62087518dc3010401a5e7a2bae1fea5300

Account #173: 0xB4076feC6a847622581cdfe9a8381e6e6168f597 (1000000 ETH)
Private Key: 0xbbb1c2d826ff4a62fe8b5f63173c8ad9bfe3eb8c0ff2f5a000dd61fdf5d7c531

Account #174: 0x9c6550109D19a9a9B4568FD63b633F162588A53f (1000000 ETH)
Private Key: 0x2455397264eba7ebbecc7699d8b42b6b3d5e40e4c56b7004d906e230db65a348

Account #175: 0x450c8C20E62E0d6D91456A79367cC9dBEbB03272 (1000000 ETH)
Private Key: 0x6816e277a0be663d9d6bafe325bb2b712f2fb7c1f0415abf469e9f98abee02c6

Account #176: 0xd85B3541370346B99F5C43B1848eB82BbB2ec3b7 (1000000 ETH)
Private Key: 0xbcb94b7ff4b6be5002cd0e2ebb57293f8d3c4b3209dd3892dfade5e1b806b1fa

Account #177: 0x82E6e9473928d3108cC891D27B533914e014A8BD (1000000 ETH)
Private Key: 0x426bf37e40f77275c5f293e490b7806dc82509c9fc2bd044f509485ca6a932c2

Account #178: 0x21b3De814B091aAaA340550d24440709E32e0c06 (1000000 ETH)
Private Key: 0xe80693ebd618626ae88e349d3d8798ac2745a1a82ea56ec42cc85ec59f7b82b6

Account #179: 0xA521BAC16af43F2E9A82Cd9BB4F5E328863EC6ac (1000000 ETH)
Private Key: 0xcbd9a89c258df6c08135bdd2770a92a3b0bc5a42dc08f285f091f1b244e1d065

Account #180: 0xb669e9eCc9132c03B0708e9da76A4f00a30A935b (1000000 ETH)
Private Key: 0x9e8480dcd0e2a35ee4716269ff9b4426791547c805af603dbe6b2a0ef011fb50

Account #181: 0x33B1ce5357959ec0043e0d77556a5093AB347862 (1000000 ETH)
Private Key: 0x0d6b9e5f22ceeb524cfd976fdd907e2c8f4165fb2dc9295dca968062852357af

Account #182: 0x9818DBC159BCC58C7feA87E82E738BDb0fcF03F8 (1000000 ETH)
Private Key: 0xd051f407a61ba9538518a2d99cef2116f23fd5db9711e063318932c3bff42104

Account #183: 0x38421c898cfC5883ddCEC1247EA3f7Ff087Dd6ca (1000000 ETH)
Private Key: 0xe444a661e2860b70afce0f6f065526889d6312dec69531968eb6dada85daf40d

Account #184: 0xe27fF38C1Edeb794ac38867D15620F63f12159e3 (1000000 ETH)
Private Key: 0x7e75b3d870b9ba859e6759d022ce47c66b3d4c2a47f0c11c966505480d52eccf

Account #185: 0x5eA56c35eB281Ce7810faBFA793dd57482d4C913 (1000000 ETH)
Private Key: 0x59fb80a4096fb2213fb731a96d05a69e9fd5c911d3205293985a9b29439f8ca1

Account #186: 0xD9594d67fe240c37508Be5038443D8D4596EFCE0 (1000000 ETH)
Private Key: 0xc5d528b6283bc8f870b68a38631781d651ff8535a914995a1a938c70bdf0fc97

Account #187: 0x6e26847B83DdAc8a8aA689a441c5Bf168ee5342C (1000000 ETH)
Private Key: 0x326c946bae242b0f2a633d339d1e701d49c1407c7d6a5e77c7138ab22b8cffe9

Account #188: 0x0695FdDF2154cc8f097DB36c4bbde79265D0Ad71 (1000000 ETH)
Private Key: 0x7f22821ffee838e4bc689997cabadfc9758c809f61c1e74da0cc693a41b933c9

Account #189: 0xEd77fBD612b5E88a0De4BbB369F90278B87e887A (1000000 ETH)
Private Key: 0xa33206e4347f28befe79dfcaa0472cb480fcac201b06779f01dc9ef9200304d3

Account #190: 0xc642A4b180CCBD0BEaC32d221c6faa1b7890B905 (1000000 ETH)
Private Key: 0x426275d2d7f49348c074458839945c85fbdfafdb4786570c0493125d9d70081e

Account #191: 0xCd2AFcCd6EA22a59235FD99260754A5Df136a22b (1000000 ETH)
Private Key: 0x43f9da23c2b3934c017c4e995d427ae5b3aa5db231467ef5211bf6d35eea3924

Account #192: 0x4Daf3470DBA87DA934D22048ef416D6428EFFd1A (1000000 ETH)
Private Key: 0x98c322422fcb314e45c4302f68907f19b6071d4e0f40ab2fdae518e443a63a1e

Account #193: 0xcD4d0C621B577FC6477B83Fb3e4653668bb3F4C2 (1000000 ETH)
Private Key: 0x747ebfee29d69c5f7104aeffef639c3e33bba755e6c893a4e3403239d9079001

Account #194: 0x2557794Bf452ec0a9cB923B03b2D2fb550E17357 (1000000 ETH)
Private Key: 0xd27798744baaa809fb04fa587023a3f80dfae7a9f6a2978d1fad89571d84d478

Account #195: 0x477763584467fEeAD3B77E0623Ec04153552D3bb (1000000 ETH)
Private Key: 0x315af7e67ccb8057a7a3042819b23f54c0cb363d3f7940eb94c31cb96fe76c11

Account #196: 0xA36362a58bB0B52932fa8B23733b459A6a242D65 (1000000 ETH)
Private Key: 0x69c8ddd795b4c62ed26f47378cc6cacf756da820141e266adf88f5030b70ebae

Account #197: 0xfaeb6d74bf4AA6fa096EC02f4C8C0a6C4EA6598D (1000000 ETH)
Private Key: 0xc3b3069db55f91b22d6ee2c5a6ef1abb5496459b31c0c8b99f8144b250bf4741

Account #198: 0x67Bc83836777dbAe169CFf9CB31a5d2bEAdEeCAb (1000000 ETH)
Private Key: 0x137de7434b515433963e00d1a603ad183ebd6cc544c69da5434adbe4ed661a9a

Account #199: 0xe2abD1E57c8D6f0D21645a8a0Af6C4251a4395f5 (1000000 ETH)
Private Key: 0x82a73fdc29a4efc87a00e5481c5487a805aa9d5a61899916f33c7c64c3ba39e6

Account #200: 0xCD5691EA878D262516be278cb46f2fd7fF132083 (1000000 ETH)
Private Key: 0x07b012df6827416cd5c59d1085fd464bba4fcfaed7c31fc9e6ea5aff9099ef6b

Account #201: 0x9B63F0Cef479924E5d2C4E22DBE31E6d0353B448 (1000000 ETH)
Private Key: 0xdb3cbe142405613728f68f593129d22443904ebf0951af698d71f496de47c5d3

Account #202: 0xaAda98978453263132587D0805C4A17376Af9F13 (1000000 ETH)
Private Key: 0xc502efd23d6c8d503ca9b7d5de5465e50fdb110a8c64113a5e08d66a1b98ce38

Account #203: 0x55Ef996639b608A25AB4293f39247a9E23411d3A (1000000 ETH)
Private Key: 0xc38de1a2f0822d9238571424bed611800a8daed60663c76b8f5d0a36e441a3b0

Account #204: 0x1B3c3d190c796A264c43Dd5F1336Af5AE4343Cd2 (1000000 ETH)
Private Key: 0xb7fa7b57b3b9cb84d0b8ff88d9b42c2545ec2f57eca34f35e687b4a69a5bb736

Account #205: 0x556d216055a017ADacb871e540D7e1EF41fDA26d (1000000 ETH)
Private Key: 0x5d9b1cb39b6a1b144fc93edeb50e7199f64090026a0564dad11c878939755534

Account #206: 0xA8d91B470C8E7e2dDe59Ec4B7D393Efe37a290F7 (1000000 ETH)
Private Key: 0xe85d4679a98de2f94bd839fa79fa49b40bace9967fbeeb20db283933975a9fef

Account #207: 0x8A4673B00B04b59CaC44926ABeDa85ed181fA436 (1000000 ETH)
Private Key: 0xfb07091daf99c1d493820ae8dcbc439b48b13ca844684bb1dcae27c9e680e62b

Account #208: 0xf5377262F68d386F265F4624a75F3B3A963877eF (1000000 ETH)
Private Key: 0xac889ab5e011c06ceda7b35fd96931f6b9ad22186382e0bafec086863824b09b

Account #209: 0xe5beaB7853A22f054Ef287EA62aCe7A32528b3eE (1000000 ETH)
Private Key: 0x9904da7fe786e5d1f8629b565b688425d78053d4325e746c5ad8ac4328248037

WARNING: These accounts, and their private keys, are publicly known.
Any funds sent to them on Mainnet or any other live network WILL BE LOST.

[32meth_chainId[0m
[32meth_accounts[0m
[32meth_accounts (2)[0m
[32meth_chainId[0m
[32meth_chainId (2)[0m
[32meth_estimateGas[0m
[32meth_chainId[0m
[32meth_getTransactionCount[0m
[32meth_blockNumber[0m
[32meth_chainId[0m
[32meth_getBlockByNumber[0m
[32meth_feeHistory[0m
[32meth_maxPriorityFeePerGas[0m
[32meth_sendTransaction[0m
  Contract deployment: EscrowFactory
  Contract address:    0x5fbdb2315678afecb367f032d93f642f64180aa3
  Transaction:         0xee8fc7059da1c55d19d9cb75f170c88842a96c201f691ffe2ae5bc1d3916bc2d
  From:                0xf39fd6e51aad88f6f4ce6ab8827279cfffb92266
  Value:               0 ETH
  Gas used:            690198 of 690198
  Block #1:            0xe8b65db8db13ea730c71225f7f7711045a0db21f30bb588805bbdfaa5c89ddb4

[32meth_chainId[0m
[32meth_getTransactionByHash[0m
[32meth_chainId[0m
[32meth_getTransactionReceipt[0m
[32meth_chainId[0m
[32meth_estimateGas[0m
[32meth_chainId[0m
[32meth_getTransactionCount[0m
[32meth_feeHistory[0m
[32meth_sendTransaction[0m
  Contract deployment: PriceFeedFactory
  Contract address:    0xe7f1725e7734ce288f8367e1bb143e90bb3f0512
  Transaction:         0xb2b46e7e1f9e8d30cf24adb645095a45e2f939c406cd6cb4a6b6ee07fd6cb540
  From:                0xf39fd6e51aad88f6f4ce6ab8827279cfffb92266
  Value:               0 ETH
  Gas used:            1006643 of 1006643
  Block #2:            0xdcce8480ed75e5868b672ed133f6e421e8429032fbc57d1dfcd37c774c196c4f

[32meth_chainId[0m
[32meth_getTransactionByHash[0m
[32meth_chainId[0m
[32meth_getTransactionReceipt[0m
[32meth_chainId[0m
[32meth_estimateGas[0m
[32meth_chainId[0m
[32meth_getTransactionCount[0m
[32meth_feeHistory[0m
[32meth_sendTransaction[0m
  Contract deployment: RBFFactory
  Contract address:    0x9fe46736679d2d9a65f0992f2272de9f3c7fa6e0
  Transaction:         0x48b736ad306d753bc52d576295625cbec0e192097ee4e587baa82f06a6e04aac
  From:                0xf39fd6e51aad88f6f4ce6ab8827279cfffb92266
  Value:               0 ETH
  Gas used:            4154564 of 4154564
  Block #3:            0xab39567092643d6fbd6e138f3af0a8826f4a121bacadb2298ae894a297c9eadc

[32meth_chainId[0m
[32meth_getTransactionByHash[0m
[32meth_chainId[0m
[32meth_getTransactionReceipt[0m
[32meth_chainId[0m
[32meth_estimateGas[0m
[32meth_chainId[0m
[32meth_getTransactionCount[0m
[32meth_feeHistory[0m
[32meth_sendTransaction[0m
  Contract deployment: RBFRouter
  Contract address:    0xcf7ed3acca5a467e9e704c703e8d87f634fb0fc9
  Transaction:         0x6610c2da753d06830004a5ce2b152fab9b56a4833059e0ad23d98f79f70f2531
  From:                0xf39fd6e51aad88f6f4ce6ab8827279cfffb92266
  Value:               0 ETH
  Gas used:            1489582 of 1489582
  Block #4:            0xf5d1104288fb1e57be824a37dc5e4531b51227be4aecec2e1fd07a1b475eeb0f

[32meth_chainId[0m
[32meth_getTransactionByHash[0m
[32meth_chainId[0m
[32meth_getTransactionReceipt[0m
[32meth_chainId[0m
[32meth_estimateGas[0m
[32meth_chainId[0m
[32meth_getTransactionCount[0m
[32meth_feeHistory[0m
[32meth_sendTransaction[0m
  Contract deployment: VaultFactory
  Contract address:    0xdc64a140aa3e981100a9beca4e685f962f0cf6c9
  Transaction:         0xb2e3ba76b2a685f1e0374d3429fdd5ac7e5160a0c5a7f166145a8833e5f91540
  From:                0xf39fd6e51aad88f6f4ce6ab8827279cfffb92266
  Value:               0 ETH
  Gas used:            5207596 of 5207596
  Block #5:            0x04d9403705644d51e3c416d4cccd4c580a50254c7e92ce10a1214997c8632cde

[32meth_chainId[0m
[32meth_getTransactionByHash[0m
[32meth_chainId[0m
[32meth_getTransactionReceipt[0m
[32meth_chainId[0m
[32meth_estimateGas[0m
[32meth_chainId[0m
[32meth_getTransactionCount[0m
[32meth_feeHistory[0m
[32meth_sendTransaction[0m
  Contract deployment: VaultRouter
  Contract address:    0x5fc8d32690cc91d4c39d9d3abcbd16989f875707
  Transaction:         0x2b342c9d2ca836d250cf88dd4743cc3e869923290b79f778f6d8188f15e81293
  From:                0xf39fd6e51aad88f6f4ce6ab8827279cfffb92266
  Value:               0 ETH
  Gas used:            942420 of 942420
  Block #6:            0x695f7326b234f808057d864a85698fc83dde12b8e532f090f501e224992a0f95

[32meth_chainId[0m
[32meth_getTransactionByHash[0m
[32meth_chainId[0m
[32meth_getTransactionReceipt[0m
[32meth_chainId[0m
[32meth_getTransactionCount[0m
[32meth_feeHistory[0m
[32meth_sendTransaction[0m
  Contract call:       EscrowFactory#rely
  Transaction:         0x4e42bb4c2726cad1be4cc5d1ed0a0261b1236c393319a9caa192b8d5f26398f9
  From:                0xf39fd6e51aad88f6f4ce6ab8827279cfffb92266
  To:                  0x5fbdb2315678afecb367f032d93f642f64180aa3
  Value:               0 ETH
  Gas used:            47143 of 1000000
  Block #7:            0xd0f91cd568db3db5725c6ae40bad0e07f43e079b3debf7b23520a554e077cab1

[32meth_chainId[0m
[32meth_getTransactionByHash[0m
[32meth_chainId[0m
[32meth_getTransactionReceipt[0m
[32meth_chainId[0m
[32meth_getTransactionCount[0m
[32meth_feeHistory[0m
[32meth_sendTransaction[0m
  Contract call:       PriceFeedFactory#rely
  Transaction:         0x732fe768680512610fa7481f5ff6a59a229ef505a7f459cee8e97f24c322a2f4
  From:                0xf39fd6e51aad88f6f4ce6ab8827279cfffb92266
  To:                  0xe7f1725e7734ce288f8367e1bb143e90bb3f0512
  Value:               0 ETH
  Gas used:            47143 of 1000000
  Block #8:            0xdfea967c3252f5e381792614b0a7bcfc989ca9e39ebfb5148294fcb02d272e4c

[32meth_chainId[0m
[32meth_getTransactionByHash[0m
[32meth_chainId[0m
[32meth_getTransactionReceipt[0m
[32meth_chainId[0m
[32meth_getTransactionCount[0m
[32meth_feeHistory[0m
[32meth_sendTransaction[0m
  Contract call:       RBFFactory#rely
  Transaction:         0xb13cdbcf06b62fde8fd27ac54ead0576fe05f3f12e94ddfa87e46757bd613242
  From:                0xf39fd6e51aad88f6f4ce6ab8827279cfffb92266
  To:                  0x9fe46736679d2d9a65f0992f2272de9f3c7fa6e0
  Value:               0 ETH
  Gas used:            47174 of 1000000
  Block #9:            0x265e7bab9920b7c037f3eab58df979474df95418fc12674d14ee5fcf551c7645

[32meth_chainId[0m
[32meth_getTransactionByHash[0m
[32meth_chainId[0m
[32meth_getTransactionReceipt[0m
[32meth_chainId[0m
[32meth_getTransactionCount[0m
[32meth_feeHistory[0m
[32meth_sendTransaction[0m
  Contract call:       EscrowFactory#rely
  Transaction:         0x42a0b4d06cb14590ac4854c8c4acd1839e20fec3f1fd05b8176fa602566bb0a6
  From:                0xf39fd6e51aad88f6f4ce6ab8827279cfffb92266
  To:                  0x5fbdb2315678afecb367f032d93f642f64180aa3
  Value:               0 ETH
  Gas used:            47143 of 1000000
  Block #10:           0xe97f80617b00aadde75d74f49eb21a77dc5bb36d8d91b9808ed4eb6edbb022c1

[32meth_chainId[0m
[32meth_getTransactionByHash[0m
[32meth_chainId[0m
[32meth_getTransactionReceipt[0m
[32meth_chainId[0m
[32meth_getTransactionCount[0m
[32meth_feeHistory[0m
[32meth_sendTransaction[0m
  Contract call:       VaultFactory#rely
  Transaction:         0x4d192cdbc8f8e9ca9da6530a9a6ed5e6de2b5169915fe79ca6a797183be88a96
  From:                0xf39fd6e51aad88f6f4ce6ab8827279cfffb92266
  To:                  0xdc64a140aa3e981100a9beca4e685f962f0cf6c9
  Value:               0 ETH
  Gas used:            47196 of 1000000
  Block #11:           0x67ef26f5eb2ab0074ca34287dc845c079d6a21fefcc0129eabf15ce86cb06e22

[32meth_chainId[0m
[32meth_getTransactionByHash[0m
[32meth_chainId[0m
[32meth_getTransactionReceipt[0m
[32meth_chainId[0m
[32meth_estimateGas[0m
[32meth_chainId[0m
[32meth_getTransactionCount[0m
[32meth_feeHistory[0m
[32meth_sendTransaction[0m
  Contract deployment: MockUSDT
  Contract address:    0xb7f8bc63bbcad18155201308c8f3540b07f84f5e
  Transaction:         0xadb0d7aedd9c2c6eb65f992d7b815c88f535578744c79488dec098e70b497cfd
  From:                0xf39fd6e51aad88f6f4ce6ab8827279cfffb92266
  Value:               0 ETH
  Gas used:            732967 of 732967
  Block #12:           0xd36dcd7cf6ffe9cd308992deab077167e79f4c4c4c7e76d982b0fbfff7888b8f

[32meth_chainId[0m
[32meth_getTransactionByHash[0m
[32meth_chainId[0m
[32meth_getTransactionReceipt[0m
[32meth_accounts[0m
[32mhardhat_metadata[0m
[32mhardhat_metadata (2)[0m
[32mhardhat_metadata (3)[0m
[32mhardhat_metadata (4)[0m
[32mhardhat_metadata (5)[0m
[32mhardhat_metadata (6)[0m
[32mhardhat_metadata (7)[0m
[32mhardhat_metadata (8)[0m
[32mhardhat_metadata (9)[0m
[32mhardhat_metadata (10)[0m
[32mhardhat_metadata (11)[0m
[32mhardhat_metadata (12)[0m
[32mhardhat_metadata (13)[0m
[32mhardhat_metadata (14)[0m
[32mhardhat_metadata (15)[0m
[32mhardhat_metadata (16)[0m
[32mhardhat_metadata (17)[0m
[32mhardhat_metadata (18)[0m
[32mhardhat_metadata (19)[0m
[32mhardhat_metadata (20)[0m
[32mhardhat_metadata (21)[0m
[32mhardhat_metadata (22)[0m
[32mhardhat_metadata (23)[0m
[32mhardhat_metadata (24)[0m
[32mhardhat_metadata (25)[0m
[32mhardhat_metadata (26)[0m
[32mhardhat_metadata (27)[0m
[32mhardhat_metadata (28)[0m
[32mhardhat_metadata (29)[0m
[32mhardhat_metadata (30)[0m
[32mhardhat_metadata (31)[0m
[32mhardhat_metadata (32)[0m
[32mhardhat_metadata (33)[0m
[32mhardhat_metadata (34)[0m
[32mhardhat_metadata (35)[0m
[32mhardhat_metadata (36)[0m
[32mhardhat_metadata (37)[0m
[32mhardhat_metadata (38)[0m
[32mhardhat_metadata (39)[0m
[32mhardhat_metadata (40)[0m
[32mhardhat_metadata (41)[0m
[32mhardhat_metadata (42)[0m
[32mhardhat_metadata (43)[0m
[32mhardhat_metadata (44)[0m
[32mhardhat_metadata (45)[0m
[32mhardhat_metadata (46)[0m
[32mhardhat_metadata (47)[0m
[32mhardhat_metadata (48)[0m
[32mhardhat_metadata (49)[0m
[32mhardhat_metadata (50)[0m
[32mhardhat_metadata (51)[0m
[32mhardhat_metadata (52)[0m
[32mhardhat_metadata (53)[0m
[32mhardhat_metadata (54)[0m
[32mhardhat_metadata (55)[0m
[32mhardhat_metadata (56)[0m
[32mhardhat_metadata (57)[0m
[32mhardhat_metadata (58)[0m
[32mhardhat_metadata (59)[0m
[32mhardhat_metadata (60)[0m
[32mhardhat_metadata (61)[0m
[32mhardhat_metadata (62)[0m
[32mhardhat_metadata (63)[0m
[32mhardhat_metadata (64)[0m
[32mhardhat_metadata (65)[0m
[32mhardhat_metadata (66)[0m
[32mhardhat_metadata (67)[0m
[32mhardhat_metadata (68)[0m
[32mhardhat_metadata (69)[0m
[32mhardhat_metadata (70)[0m
[32mhardhat_metadata (71)[0m
[32mhardhat_metadata (72)[0m
[32mhardhat_metadata (73)[0m
[32mhardhat_metadata (74)[0m
[32mhardhat_metadata (75)[0m
[32mhardhat_metadata (76)[0m
[32mhardhat_metadata (77)[0m
[32mhardhat_metadata (78)[0m
[32mhardhat_metadata (79)[0m
[32mhardhat_metadata (80)[0m
[32mhardhat_metadata (81)[0m
[32mhardhat_metadata (82)[0m
[32mhardhat_metadata (83)[0m
[32mhardhat_metadata (84)[0m
[32mhardhat_metadata (85)[0m
[32mhardhat_metadata (86)[0m
[32mhardhat_metadata (87)[0m
[32mhardhat_metadata (88)[0m
[32mhardhat_metadata (89)[0m
[32mhardhat_metadata (90)[0m
[32mhardhat_metadata (91)[0m
[32mhardhat_metadata (92)[0m
[32mhardhat_metadata (93)[0m
[32mhardhat_metadata (94)[0m
[32mhardhat_metadata (95)[0m
[32mhardhat_metadata (96)[0m
[32mhardhat_metadata (97)[0m
[32mhardhat_metadata (98)[0m
[32mhardhat_metadata (99)[0m
[32mhardhat_metadata (100)[0m
[32mhardhat_metadata (101)[0m
[32mhardhat_metadata (102)[0m
[32mhardhat_metadata (103)[0m
[32mhardhat_metadata (104)[0m
[32mhardhat_metadata (105)[0m
[32mhardhat_metadata (106)[0m
[32mhardhat_metadata (107)[0m
[32mhardhat_metadata (108)[0m
[32mhardhat_metadata (109)[0m
[32mhardhat_metadata (110)[0m
[32mhardhat_metadata (111)[0m
[32mhardhat_metadata (112)[0m
[32mhardhat_metadata (113)[0m
[32mhardhat_metadata (114)[0m
[32mhardhat_metadata (115)[0m
[32mhardhat_metadata (116)[0m
[32mhardhat_metadata (117)[0m
[32mhardhat_metadata (118)[0m
[32mhardhat_metadata (119)[0m
[32mhardhat_metadata (120)[0m
[32mhardhat_metadata (121)[0m
[32mhardhat_metadata (122)[0m
[32mhardhat_metadata (123)[0m
[32mhardhat_metadata (124)[0m
[32mhardhat_metadata (125)[0m
[32mhardhat_metadata (126)[0m
[32mhardhat_metadata (127)[0m
[32mhardhat_metadata (128)[0m
[32mhardhat_metadata (129)[0m
[32mhardhat_metadata (130)[0m
[32mhardhat_metadata (131)[0m
[32mhardhat_metadata (132)[0m
[32mhardhat_metadata (133)[0m
[32mhardhat_metadata (134)[0m
[32mhardhat_metadata (135)[0m
[32mhardhat_metadata (136)[0m
[32mhardhat_metadata (137)[0m
[32mhardhat_metadata (138)[0m
[32mhardhat_metadata (139)[0m
[32mhardhat_metadata (140)[0m
[32mhardhat_metadata (141)[0m
[32mhardhat_metadata (142)[0m
[32mhardhat_metadata (143)[0m
[32mhardhat_metadata (144)[0m
[32mhardhat_metadata (145)[0m
[32mhardhat_metadata (146)[0m
[32mhardhat_metadata (147)[0m
[32mhardhat_metadata (148)[0m
[32mhardhat_metadata (149)[0m
[32mhardhat_metadata (150)[0m
[32mhardhat_metadata (151)[0m
[32mhardhat_metadata (152)[0m
[32mhardhat_metadata (153)[0m
[32mhardhat_metadata (154)[0m
[32mhardhat_metadata (155)[0m
[32mhardhat_metadata (156)[0m
[32mhardhat_metadata (157)[0m
[32mhardhat_metadata (158)[0m
[32mhardhat_metadata (159)[0m
[32mhardhat_metadata (160)[0m
[32mhardhat_metadata (161)[0m
[32mhardhat_metadata (162)[0m
[32mhardhat_metadata (163)[0m
[32mhardhat_metadata (164)[0m
[32mhardhat_metadata (165)[0m
[32mhardhat_metadata (166)[0m
[32mhardhat_metadata (167)[0m
[32mhardhat_metadata (168)[0m
[32mhardhat_metadata (169)[0m
[32mhardhat_metadata (170)[0m
[32mhardhat_metadata (171)[0m
[32mhardhat_metadata (172)[0m
[32mhardhat_metadata (173)[0m
[32mhardhat_metadata (174)[0m
[32mhardhat_metadata (175)[0m
[32mhardhat_metadata (176)[0m
[32mhardhat_metadata (177)[0m
[32mhardhat_metadata (178)[0m
[32mhardhat_metadata (179)[0m
[32mhardhat_metadata (180)[0m
[32mhardhat_metadata (181)[0m
[32mhardhat_metadata (182)[0m
[32mhardhat_metadata (183)[0m
[32mhardhat_metadata (184)[0m
[32mhardhat_metadata (185)[0m
[32mhardhat_metadata (186)[0m
[32mhardhat_metadata (187)[0m
[32mhardhat_metadata (188)[0m
[32mhardhat_metadata (189)[0m
[32mhardhat_metadata (190)[0m
[32mhardhat_metadata (191)[0m
[32mhardhat_metadata (192)[0m
[32mhardhat_metadata (193)[0m
[32mhardhat_metadata (194)[0m
[32mhardhat_metadata (195)[0m
[32mhardhat_metadata (196)[0m
[32mhardhat_metadata (197)[0m
[32mhardhat_metadata (198)[0m
[32mhardhat_metadata (199)[0m
[32mhardhat_metadata (200)[0m
[32mhardhat_metadata (201)[0m
[32mhardhat_metadata (202)[0m
[32mhardhat_metadata (203)[0m
[32mhardhat_metadata (204)[0m
[32mhardhat_metadata (205)[0m
[32mhardhat_metadata (206)[0m
[32mhardhat_metadata (207)[0m
[32mhardhat_metadata (208)[0m
[32mhardhat_metadata (209)[0m
[32mhardhat_metadata (210)[0m
[32meth_accounts[0m
[32mhardhat_metadata[0m
[32mhardhat_metadata (2)[0m
[32mhardhat_metadata (3)[0m
[32mhardhat_metadata (4)[0m
[32mhardhat_metadata (5)[0m
[32mhardhat_metadata (6)[0m
[32mhardhat_metadata (7)[0m
[32mhardhat_metadata (8)[0m
[32mhardhat_metadata (9)[0m
[32mhardhat_metadata (10)[0m
[32mhardhat_metadata (11)[0m
[32mhardhat_metadata (12)[0m
[32mhardhat_metadata (13)[0m
[32mhardhat_metadata (14)[0m
[32mhardhat_metadata (15)[0m
[32mhardhat_metadata (16)[0m
[32mhardhat_metadata (17)[0m
[32mhardhat_metadata (18)[0m
[32mhardhat_metadata (19)[0m
[32mhardhat_metadata (20)[0m
[32mhardhat_metadata (21)[0m
[32mhardhat_metadata (22)[0m
[32mhardhat_metadata (23)[0m
[32mhardhat_metadata (24)[0m
[32mhardhat_metadata (25)[0m
[32mhardhat_metadata (26)[0m
[32mhardhat_metadata (27)[0m
[32mhardhat_metadata (28)[0m
[32mhardhat_metadata (29)[0m
[32mhardhat_metadata (30)[0m
[32mhardhat_metadata (31)[0m
[32mhardhat_metadata (32)[0m
[32mhardhat_metadata (33)[0m
[32mhardhat_metadata (34)[0m
[32mhardhat_metadata (35)[0m
[32mhardhat_metadata (36)[0m
[32mhardhat_metadata (37)[0m
[32mhardhat_metadata (38)[0m
[32mhardhat_metadata (39)[0m
[32mhardhat_metadata (40)[0m
[32mhardhat_metadata (41)[0m
[32mhardhat_metadata (42)[0m
[32mhardhat_metadata (43)[0m
[32mhardhat_metadata (44)[0m
[32mhardhat_metadata (45)[0m
[32mhardhat_metadata (46)[0m
[32mhardhat_metadata (47)[0m
[32mhardhat_metadata (48)[0m
[32mhardhat_metadata (49)[0m
[32mhardhat_metadata (50)[0m
[32mhardhat_metadata (51)[0m
[32mhardhat_metadata (52)[0m
[32mhardhat_metadata (53)[0m
[32mhardhat_metadata (54)[0m
[32mhardhat_metadata (55)[0m
[32mhardhat_metadata (56)[0m
[32mhardhat_metadata (57)[0m
[32mhardhat_metadata (58)[0m
[32mhardhat_metadata (59)[0m
[32mhardhat_metadata (60)[0m
[32mhardhat_metadata (61)[0m
[32mhardhat_metadata (62)[0m
[32mhardhat_metadata (63)[0m
[32mhardhat_metadata (64)[0m
[32mhardhat_metadata (65)[0m
[32mhardhat_metadata (66)[0m
[32mhardhat_metadata (67)[0m
[32mhardhat_metadata (68)[0m
[32mhardhat_metadata (69)[0m
[32mhardhat_metadata (70)[0m
[32mhardhat_metadata (71)[0m
[32mhardhat_metadata (72)[0m
[32mhardhat_metadata (73)[0m
[32mhardhat_metadata (74)[0m
[32mhardhat_metadata (75)[0m
[32mhardhat_metadata (76)[0m
[32mhardhat_metadata (77)[0m
[32mhardhat_metadata (78)[0m
[32mhardhat_metadata (79)[0m
[32mhardhat_metadata (80)[0m
[32mhardhat_metadata (81)[0m
[32mhardhat_metadata (82)[0m
[32mhardhat_metadata (83)[0m
[32mhardhat_metadata (84)[0m
[32mhardhat_metadata (85)[0m
[32mhardhat_metadata (86)[0m
[32mhardhat_metadata (87)[0m
[32mhardhat_metadata (88)[0m
[32mhardhat_metadata (89)[0m
[32mhardhat_metadata (90)[0m
[32mhardhat_metadata (91)[0m
[32mhardhat_metadata (92)[0m
[32mhardhat_metadata (93)[0m
[32mhardhat_metadata (94)[0m
[32mhardhat_metadata (95)[0m
[32mhardhat_metadata (96)[0m
[32mhardhat_metadata (97)[0m
[32mhardhat_metadata (98)[0m
[32mhardhat_metadata (99)[0m
[32mhardhat_metadata (100)[0m
[32mhardhat_metadata (101)[0m
[32mhardhat_metadata (102)[0m
[32mhardhat_metadata (103)[0m
[32mhardhat_metadata (104)[0m
[32mhardhat_metadata (105)[0m
[32mhardhat_metadata (106)[0m
[32mhardhat_metadata (107)[0m
[32mhardhat_metadata (108)[0m
[32mhardhat_metadata (109)[0m
[32mhardhat_metadata (110)[0m
[32mhardhat_metadata (111)[0m
[32mhardhat_metadata (112)[0m
[32mhardhat_metadata (113)[0m
[32mhardhat_metadata (114)[0m
[32mhardhat_metadata (115)[0m
[32mhardhat_metadata (116)[0m
[32mhardhat_metadata (117)[0m
[32mhardhat_metadata (118)[0m
[32mhardhat_metadata (119)[0m
[32mhardhat_metadata (120)[0m
[32mhardhat_metadata (121)[0m
[32mhardhat_metadata (122)[0m
[32mhardhat_metadata (123)[0m
[32mhardhat_metadata (124)[0m
[32mhardhat_metadata (125)[0m
[32mhardhat_metadata (126)[0m
[32mhardhat_metadata (127)[0m
[32mhardhat_metadata (128)[0m
[32mhardhat_metadata (129)[0m
[32mhardhat_metadata (130)[0m
[32mhardhat_metadata (131)[0m
[32mhardhat_metadata (132)[0m
[32mhardhat_metadata (133)[0m
[32mhardhat_metadata (134)[0m
[32mhardhat_metadata (135)[0m
[32mhardhat_metadata (136)[0m
[32mhardhat_metadata (137)[0m
[32mhardhat_metadata (138)[0m
[32mhardhat_metadata (139)[0m
[32mhardhat_metadata (140)[0m
[32mhardhat_metadata (141)[0m
[32mhardhat_metadata (142)[0m
[32mhardhat_metadata (143)[0m
[32mhardhat_metadata (144)[0m
[32mhardhat_metadata (145)[0m
[32mhardhat_metadata (146)[0m
[32mhardhat_metadata (147)[0m
[32mhardhat_metadata (148)[0m
[32mhardhat_metadata (149)[0m
[32mhardhat_metadata (150)[0m
[32mhardhat_metadata (151)[0m
[32mhardhat_metadata (152)[0m
[32mhardhat_metadata (153)[0m
[32mhardhat_metadata (154)[0m
[32mhardhat_metadata (155)[0m
[32mhardhat_metadata (156)[0m
[32mhardhat_metadata (157)[0m
[32mhardhat_metadata (158)[0m
[32mhardhat_metadata (159)[0m
[32mhardhat_metadata (160)[0m
[32mhardhat_metadata (161)[0m
[32mhardhat_metadata (162)[0m
[32mhardhat_metadata (163)[0m
[32mhardhat_metadata (164)[0m
[32mhardhat_metadata (165)[0m
[32mhardhat_metadata (166)[0m
[32mhardhat_metadata (167)[0m
[32mhardhat_metadata (168)[0m
[32mhardhat_metadata (169)[0m
[32mhardhat_metadata (170)[0m
[32mhardhat_metadata (171)[0m
[32mhardhat_metadata (172)[0m
[32mhardhat_metadata (173)[0m
[32mhardhat_metadata (174)[0m
[32mhardhat_metadata (175)[0m
[32mhardhat_metadata (176)[0m
[32mhardhat_metadata (177)[0m
[32mhardhat_metadata (178)[0m
[32mhardhat_metadata (179)[0m
[32mhardhat_metadata (180)[0m
[32mhardhat_metadata (181)[0m
[32mhardhat_metadata (182)[0m
[32mhardhat_metadata (183)[0m
[32mhardhat_metadata (184)[0m
[32mhardhat_metadata (185)[0m
[32mhardhat_metadata (186)[0m
[32mhardhat_metadata (187)[0m
[32mhardhat_metadata (188)[0m
[32mhardhat_metadata (189)[0m
[32mhardhat_metadata (190)[0m
[32mhardhat_metadata (191)[0m
[32mhardhat_metadata (192)[0m
[32mhardhat_metadata (193)[0m
[32mhardhat_metadata (194)[0m
[32mhardhat_metadata (195)[0m
[32mhardhat_metadata (196)[0m
[32mhardhat_metadata (197)[0m
[32mhardhat_metadata (198)[0m
[32mhardhat_metadata (199)[0m
[32mhardhat_metadata (200)[0m
[32mhardhat_metadata (201)[0m
[32mhardhat_metadata (202)[0m
[32mhardhat_metadata (203)[0m
[32mhardhat_metadata (204)[0m
[32mhardhat_metadata (205)[0m
[32mhardhat_metadata (206)[0m
[32mhardhat_metadata (207)[0m
[32mhardhat_metadata (208)[0m
[32mhardhat_metadata (209)[0m
[32mhardhat_metadata (210)[0m
[32meth_call[0m
  Contract call:       RBFRouter#rbfNonce
  From:                0xf39fd6e51aad88f6f4ce6ab8827279cfffb92266
  To:                  0xcf7ed3acca5a467e9e704c703e8d87f634fb0fc9

[32mhardhat_metadata[0m
[32mpersonal_sign[0m
[32mhardhat_metadata[0m
[32mpersonal_sign[0m
[32meth_blockNumber[0m
[32meth_feeHistory[0m
[32meth_sendTransaction[0m
  Contract call:       RBFRouter#deployRBF
  Transaction:         0x2c40ce4d3284dc72946c2914c768232a89df800c20c854057173a933960c33bd
  From:                0xf39fd6e51aad88f6f4ce6ab8827279cfffb92266
  To:                  0xcf7ed3acca5a467e9e704c703e8d87f634fb0fc9
  Value:               0 ETH
  Gas used:            5026111 of 30000000
  Block #13:           0x1279eb9bc759709ea7ff0ac27d76db990afd68f98d58f7fcf99a1aac19a8f578

[32meth_getTransactionByHash[0m
[32meth_getTransactionReceipt[0m
[32meth_blockNumber[0m
[32meth_call[0m
  Contract call:       RBFRouter#getRBFInfo
  From:                0xf39fd6e51aad88f6f4ce6ab8827279cfffb92266
  To:                  0xcf7ed3acca5a467e9e704c703e8d87f634fb0fc9

[32meth_accounts[0m
[32mhardhat_metadata[0m
[32mhardhat_metadata (2)[0m
[32mhardhat_metadata (3)[0m
[32mhardhat_metadata (4)[0m
[32mhardhat_metadata (5)[0m
[32mhardhat_metadata (6)[0m
[32mhardhat_metadata (7)[0m
[32mhardhat_metadata (8)[0m
[32mhardhat_metadata (9)[0m
[32mhardhat_metadata (10)[0m
[32mhardhat_metadata (11)[0m
[32mhardhat_metadata (12)[0m
[32mhardhat_metadata (13)[0m
[32mhardhat_metadata (14)[0m
[32mhardhat_metadata (15)[0m
[32mhardhat_metadata (16)[0m
[32mhardhat_metadata (17)[0m
[32mhardhat_metadata (18)[0m
[32mhardhat_metadata (19)[0m
[32mhardhat_metadata (20)[0m
[32mhardhat_metadata (21)[0m
[32mhardhat_metadata (22)[0m
[32mhardhat_metadata (23)[0m
[32mhardhat_metadata (24)[0m
[32mhardhat_metadata (25)[0m
[32mhardhat_metadata (26)[0m
[32mhardhat_metadata (27)[0m
[32mhardhat_metadata (28)[0m
[32mhardhat_metadata (29)[0m
[32mhardhat_metadata (30)[0m
[32mhardhat_metadata (31)[0m
[32mhardhat_metadata (32)[0m
[32mhardhat_metadata (33)[0m
[32mhardhat_metadata (34)[0m
[32mhardhat_metadata (35)[0m
[32mhardhat_metadata (36)[0m
[32mhardhat_metadata (37)[0m
[32mhardhat_metadata (38)[0m
[32mhardhat_metadata (39)[0m
[32mhardhat_metadata (40)[0m
[32mhardhat_metadata (41)[0m
[32mhardhat_metadata (42)[0m
[32mhardhat_metadata (43)[0m
[32mhardhat_metadata (44)[0m
[32mhardhat_metadata (45)[0m
[32mhardhat_metadata (46)[0m
[32mhardhat_metadata (47)[0m
[32mhardhat_metadata (48)[0m
[32mhardhat_metadata (49)[0m
[32mhardhat_metadata (50)[0m
[32mhardhat_metadata (51)[0m
[32mhardhat_metadata (52)[0m
[32mhardhat_metadata (53)[0m
[32mhardhat_metadata (54)[0m
[32mhardhat_metadata (55)[0m
[32mhardhat_metadata (56)[0m
[32mhardhat_metadata (57)[0m
[32mhardhat_metadata (58)[0m
[32mhardhat_metadata (59)[0m
[32mhardhat_metadata (60)[0m
[32mhardhat_metadata (61)[0m
[32mhardhat_metadata (62)[0m
[32mhardhat_metadata (63)[0m
[32mhardhat_metadata (64)[0m
[32mhardhat_metadata (65)[0m
[32mhardhat_metadata (66)[0m
[32mhardhat_metadata (67)[0m
[32mhardhat_metadata (68)[0m
[32mhardhat_metadata (69)[0m
[32mhardhat_metadata (70)[0m
[32mhardhat_metadata (71)[0m
[32mhardhat_metadata (72)[0m
[32mhardhat_metadata (73)[0m
[32mhardhat_metadata (74)[0m
[32mhardhat_metadata (75)[0m
[32mhardhat_metadata (76)[0m
[32mhardhat_metadata (77)[0m
[32mhardhat_metadata (78)[0m
[32mhardhat_metadata (79)[0m
[32mhardhat_metadata (80)[0m
[32mhardhat_metadata (81)[0m
[32mhardhat_metadata (82)[0m
[32mhardhat_metadata (83)[0m
[32mhardhat_metadata (84)[0m
[32mhardhat_metadata (85)[0m
[32mhardhat_metadata (86)[0m
[32mhardhat_metadata (87)[0m
[32mhardhat_metadata (88)[0m
[32mhardhat_metadata (89)[0m
[32mhardhat_metadata (90)[0m
[32mhardhat_metadata (91)[0m
[32mhardhat_metadata (92)[0m
[32mhardhat_metadata (93)[0m
[32mhardhat_metadata (94)[0m
[32mhardhat_metadata (95)[0m
[32mhardhat_metadata (96)[0m
[32mhardhat_metadata (97)[0m
[32mhardhat_metadata (98)[0m
[32mhardhat_metadata (99)[0m
[32mhardhat_metadata (100)[0m
[32mhardhat_metadata (101)[0m
[32mhardhat_metadata (102)[0m
[32mhardhat_metadata (103)[0m
[32mhardhat_metadata (104)[0m
[32mhardhat_metadata (105)[0m
[32mhardhat_metadata (106)[0m
[32mhardhat_metadata (107)[0m
[32mhardhat_metadata (108)[0m
[32mhardhat_metadata (109)[0m
[32mhardhat_metadata (110)[0m
[32mhardhat_metadata (111)[0m
[32mhardhat_metadata (112)[0m
[32mhardhat_metadata (113)[0m
[32mhardhat_metadata (114)[0m
[32mhardhat_metadata (115)[0m
[32mhardhat_metadata (116)[0m
[32mhardhat_metadata (117)[0m
[32mhardhat_metadata (118)[0m
[32mhardhat_metadata (119)[0m
[32mhardhat_metadata (120)[0m
[32mhardhat_metadata (121)[0m
[32mhardhat_metadata (122)[0m
[32mhardhat_metadata (123)[0m
[32mhardhat_metadata (124)[0m
[32mhardhat_metadata (125)[0m
[32mhardhat_metadata (126)[0m
[32mhardhat_metadata (127)[0m
[32mhardhat_metadata (128)[0m
[32mhardhat_metadata (129)[0m
[32mhardhat_metadata (130)[0m
[32mhardhat_metadata (131)[0m
[32mhardhat_metadata (132)[0m
[32mhardhat_metadata (133)[0m
[32mhardhat_metadata (134)[0m
[32mhardhat_metadata (135)[0m
[32mhardhat_metadata (136)[0m
[32mhardhat_metadata (137)[0m
[32mhardhat_metadata (138)[0m
[32mhardhat_metadata (139)[0m
[32mhardhat_metadata (140)[0m
[32mhardhat_metadata (141)[0m
[32mhardhat_metadata (142)[0m
[32mhardhat_metadata (143)[0m
[32mhardhat_metadata (144)[0m
[32mhardhat_metadata (145)[0m
[32mhardhat_metadata (146)[0m
[32mhardhat_metadata (147)[0m
[32mhardhat_metadata (148)[0m
[32mhardhat_metadata (149)[0m
[32mhardhat_metadata (150)[0m
[32mhardhat_metadata (151)[0m
[32mhardhat_metadata (152)[0m
[32mhardhat_metadata (153)[0m
[32mhardhat_metadata (154)[0m
[32mhardhat_metadata (155)[0m
[32mhardhat_metadata (156)[0m
[32mhardhat_metadata (157)[0m
[32mhardhat_metadata (158)[0m
[32mhardhat_metadata (159)[0m
[32mhardhat_metadata (160)[0m
[32mhardhat_metadata (161)[0m
[32mhardhat_metadata (162)[0m
[32mhardhat_metadata (163)[0m
[32mhardhat_metadata (164)[0m
[32mhardhat_metadata (165)[0m
[32mhardhat_metadata (166)[0m
[32mhardhat_metadata (167)[0m
[32mhardhat_metadata (168)[0m
[32mhardhat_metadata (169)[0m
[32mhardhat_metadata (170)[0m
[32mhardhat_metadata (171)[0m
[32mhardhat_metadata (172)[0m
[32mhardhat_metadata (173)[0m
[32mhardhat_metadata (174)[0m
[32mhardhat_metadata (175)[0m
[32mhardhat_metadata (176)[0m
[32mhardhat_metadata (177)[0m
[32mhardhat_metadata (178)[0m
[32mhardhat_metadata (179)[0m
[32mhardhat_metadata (180)[0m
[32mhardhat_metadata (181)[0m
[32mhardhat_metadata (182)[0m
[32mhardhat_metadata (183)[0m
[32mhardhat_metadata (184)[0m
[32mhardhat_metadata (185)[0m
[32mhardhat_metadata (186)[0m
[32mhardhat_metadata (187)[0m
[32mhardhat_metadata (188)[0m
[32mhardhat_metadata (189)[0m
[32mhardhat_metadata (190)[0m
[32mhardhat_metadata (191)[0m
[32mhardhat_metadata (192)[0m
[32mhardhat_metadata (193)[0m
[32mhardhat_metadata (194)[0m
[32mhardhat_metadata (195)[0m
[32mhardhat_metadata (196)[0m
[32mhardhat_metadata (197)[0m
[32mhardhat_metadata (198)[0m
[32mhardhat_metadata (199)[0m
[32mhardhat_metadata (200)[0m
[32mhardhat_metadata (201)[0m
[32mhardhat_metadata (202)[0m
[32mhardhat_metadata (203)[0m
[32mhardhat_metadata (204)[0m
[32mhardhat_metadata (205)[0m
[32mhardhat_metadata (206)[0m
[32mhardhat_metadata (207)[0m
[32mhardhat_metadata (208)[0m
[32mhardhat_metadata (209)[0m
[32mhardhat_metadata (210)[0m
[32meth_call[0m
  Contract call:       VaultRouter#vaultNonce
  From:                0xf39fd6e51aad88f6f4ce6ab8827279cfffb92266
  To:                  0x5fc8d32690cc91d4c39d9d3abcbd16989f875707

[32meth_blockNumber[0m
[32meth_feeHistory[0m
[32meth_sendTransaction[0m
  Contract call:       VaultRouter#deployVault
  Transaction:         0x5678332a9bdbb8bc097fd1cae2d69434ca659b6a7ef6cb0205c2e376d60f739c
  From:                0xf39fd6e51aad88f6f4ce6ab8827279cfffb92266
  To:                  0x5fc8d32690cc91d4c39d9d3abcbd16989f875707
  Value:               0 ETH
  Gas used:            5466960 of 30000000
  Block #14:           0x692eb7968de621d14b63f8ee555cbedd193e08bcb47bd7ef35b3863cd3c0de14

[32meth_getTransactionByHash[0m
[32meth_getTransactionReceipt[0m
[32meth_blockNumber[0m
[32meth_call[0m
  Contract call:       VaultRouter#getVaultInfo
  From:                0xf39fd6e51aad88f6f4ce6ab8827279cfffb92266
  To:                  0x5fc8d32690cc91d4c39d9d3abcbd16989f875707

[32meth_accounts[0m
[32mhardhat_metadata[0m
[32mhardhat_metadata (2)[0m
[32mhardhat_metadata (3)[0m
[32mhardhat_metadata (4)[0m
[32mhardhat_metadata (5)[0m
[32mhardhat_metadata (6)[0m
[32mhardhat_metadata (7)[0m
[32mhardhat_metadata (8)[0m
[32mhardhat_metadata (9)[0m
[32mhardhat_metadata (10)[0m
[32mhardhat_metadata (11)[0m
[32mhardhat_metadata (12)[0m
[32mhardhat_metadata (13)[0m
[32mhardhat_metadata (14)[0m
[32mhardhat_metadata (15)[0m
[32mhardhat_metadata (16)[0m
[32mhardhat_metadata (17)[0m
[32mhardhat_metadata (18)[0m
[32mhardhat_metadata (19)[0m
[32mhardhat_metadata (20)[0m
[32mhardhat_metadata (21)[0m
[32mhardhat_metadata (22)[0m
[32mhardhat_metadata (23)[0m
[32mhardhat_metadata (24)[0m
[32mhardhat_metadata (25)[0m
[32mhardhat_metadata (26)[0m
[32mhardhat_metadata (27)[0m
[32mhardhat_metadata (28)[0m
[32mhardhat_metadata (29)[0m
[32mhardhat_metadata (30)[0m
[32mhardhat_metadata (31)[0m
[32mhardhat_metadata (32)[0m
[32mhardhat_metadata (33)[0m
[32mhardhat_metadata (34)[0m
[32mhardhat_metadata (35)[0m
[32mhardhat_metadata (36)[0m
[32mhardhat_metadata (37)[0m
[32mhardhat_metadata (38)[0m
[32mhardhat_metadata (39)[0m
[32mhardhat_metadata (40)[0m
[32mhardhat_metadata (41)[0m
[32mhardhat_metadata (42)[0m
[32mhardhat_metadata (43)[0m
[32mhardhat_metadata (44)[0m
[32mhardhat_metadata (45)[0m
[32mhardhat_metadata (46)[0m
[32mhardhat_metadata (47)[0m
[32mhardhat_metadata (48)[0m
[32mhardhat_metadata (49)[0m
[32mhardhat_metadata (50)[0m
[32mhardhat_metadata (51)[0m
[32mhardhat_metadata (52)[0m
[32mhardhat_metadata (53)[0m
[32mhardhat_metadata (54)[0m
[32mhardhat_metadata (55)[0m
[32mhardhat_metadata (56)[0m
[32mhardhat_metadata (57)[0m
[32mhardhat_metadata (58)[0m
[32mhardhat_metadata (59)[0m
[32mhardhat_metadata (60)[0m
[32mhardhat_metadata (61)[0m
[32mhardhat_metadata (62)[0m
[32mhardhat_metadata (63)[0m
[32mhardhat_metadata (64)[0m
[32mhardhat_metadata (65)[0m
[32mhardhat_metadata (66)[0m
[32mhardhat_metadata (67)[0m
[32mhardhat_metadata (68)[0m
[32mhardhat_metadata (69)[0m
[32mhardhat_metadata (70)[0m
[32mhardhat_metadata (71)[0m
[32mhardhat_metadata (72)[0m
[32mhardhat_metadata (73)[0m
[32mhardhat_metadata (74)[0m
[32mhardhat_metadata (75)[0m
[32mhardhat_metadata (76)[0m
[32mhardhat_metadata (77)[0m
[32mhardhat_metadata (78)[0m
[32mhardhat_metadata (79)[0m
[32mhardhat_metadata (80)[0m
[32mhardhat_metadata (81)[0m
[32mhardhat_metadata (82)[0m
[32mhardhat_metadata (83)[0m
[32mhardhat_metadata (84)[0m
[32mhardhat_metadata (85)[0m
[32mhardhat_metadata (86)[0m
[32mhardhat_metadata (87)[0m
[32mhardhat_metadata (88)[0m
[32mhardhat_metadata (89)[0m
[32mhardhat_metadata (90)[0m
[32mhardhat_metadata (91)[0m
[32mhardhat_metadata (92)[0m
[32mhardhat_metadata (93)[0m
[32mhardhat_metadata (94)[0m
[32mhardhat_metadata (95)[0m
[32mhardhat_metadata (96)[0m
[32mhardhat_metadata (97)[0m
[32mhardhat_metadata (98)[0m
[32mhardhat_metadata (99)[0m
[32mhardhat_metadata (100)[0m
[32mhardhat_metadata (101)[0m
[32mhardhat_metadata (102)[0m
[32mhardhat_metadata (103)[0m
[32mhardhat_metadata (104)[0m
[32mhardhat_metadata (105)[0m
[32mhardhat_metadata (106)[0m
[32mhardhat_metadata (107)[0m
[32mhardhat_metadata (108)[0m
[32mhardhat_metadata (109)[0m
[32mhardhat_metadata (110)[0m
[32mhardhat_metadata (111)[0m
[32mhardhat_metadata (112)[0m
[32mhardhat_metadata (113)[0m
[32mhardhat_metadata (114)[0m
[32mhardhat_metadata (115)[0m
[32mhardhat_metadata (116)[0m
[32mhardhat_metadata (117)[0m
[32mhardhat_metadata (118)[0m
[32mhardhat_metadata (119)[0m
[32mhardhat_metadata (120)[0m
[32mhardhat_metadata (121)[0m
[32mhardhat_metadata (122)[0m
[32mhardhat_metadata (123)[0m
[32mhardhat_metadata (124)[0m
[32mhardhat_metadata (125)[0m
[32mhardhat_metadata (126)[0m
[32mhardhat_metadata (127)[0m
[32mhardhat_metadata (128)[0m
[32mhardhat_metadata (129)[0m
[32mhardhat_metadata (130)[0m
[32mhardhat_metadata (131)[0m
[32mhardhat_metadata (132)[0m
[32mhardhat_metadata (133)[0m
[32mhardhat_metadata (134)[0m
[32mhardhat_metadata (135)[0m
[32mhardhat_metadata (136)[0m
[32mhardhat_metadata (137)[0m
[32mhardhat_metadata (138)[0m
[32mhardhat_metadata (139)[0m
[32mhardhat_metadata (140)[0m
[32mhardhat_metadata (141)[0m
[32mhardhat_metadata (142)[0m
[32mhardhat_metadata (143)[0m
[32mhardhat_metadata (144)[0m
[32mhardhat_metadata (145)[0m
[32mhardhat_metadata (146)[0m
[32mhardhat_metadata (147)[0m
[32mhardhat_metadata (148)[0m
[32mhardhat_metadata (149)[0m
[32mhardhat_metadata (150)[0m
[32mhardhat_metadata (151)[0m
[32mhardhat_metadata (152)[0m
[32mhardhat_metadata (153)[0m
[32mhardhat_metadata (154)[0m
[32mhardhat_metadata (155)[0m
[32mhardhat_metadata (156)[0m
[32mhardhat_metadata (157)[0m
[32mhardhat_metadata (158)[0m
[32mhardhat_metadata (159)[0m
[32mhardhat_metadata (160)[0m
[32mhardhat_metadata (161)[0m
[32mhardhat_metadata (162)[0m
[32mhardhat_metadata (163)[0m
[32mhardhat_metadata (164)[0m
[32mhardhat_metadata (165)[0m
[32mhardhat_metadata (166)[0m
[32mhardhat_metadata (167)[0m
[32mhardhat_metadata (168)[0m
[32mhardhat_metadata (169)[0m
[32mhardhat_metadata (170)[0m
[32mhardhat_metadata (171)[0m
[32mhardhat_metadata (172)[0m
[32mhardhat_metadata (173)[0m
[32mhardhat_metadata (174)[0m
[32mhardhat_metadata (175)[0m
[32mhardhat_metadata (176)[0m
[32mhardhat_metadata (177)[0m
[32mhardhat_metadata (178)[0m
[32mhardhat_metadata (179)[0m
[32mhardhat_metadata (180)[0m
[32mhardhat_metadata (181)[0m
[32mhardhat_metadata (182)[0m
[32mhardhat_metadata (183)[0m
[32mhardhat_metadata (184)[0m
[32mhardhat_metadata (185)[0m
[32mhardhat_metadata (186)[0m
[32mhardhat_metadata (187)[0m
[32mhardhat_metadata (188)[0m
[32mhardhat_metadata (189)[0m
[32mhardhat_metadata (190)[0m
[32mhardhat_metadata (191)[0m
[32mhardhat_metadata (192)[0m
[32mhardhat_metadata (193)[0m
[32mhardhat_metadata (194)[0m
[32mhardhat_metadata (195)[0m
[32mhardhat_metadata (196)[0m
[32mhardhat_metadata (197)[0m
[32mhardhat_metadata (198)[0m
[32mhardhat_metadata (199)[0m
[32mhardhat_metadata (200)[0m
[32mhardhat_metadata (201)[0m
[32mhardhat_metadata (202)[0m
[32mhardhat_metadata (203)[0m
[32mhardhat_metadata (204)[0m
[32mhardhat_metadata (205)[0m
[32mhardhat_metadata (206)[0m
[32mhardhat_metadata (207)[0m
[32mhardhat_metadata (208)[0m
[32mhardhat_metadata (209)[0m
[32mhardhat_metadata (210)[0m
[32meth_call[0m
  Contract call:       TransparentUpgradeableProxy#<unrecognized-selector>
  From:                0xf39fd6e51aad88f6f4ce6ab8827279cfffb92266
  To:                  0x3de2da43d4c1b137e385f36b400507c1a24401f8

[32meth_call[0m
  Contract call:       TransparentUpgradeableProxy#<unrecognized-selector>
  From:                0xf39fd6e51aad88f6f4ce6ab8827279cfffb92266
  To:                  0x3de2da43d4c1b137e385f36b400507c1a24401f8

[32meth_call[0m
  Contract call:       TransparentUpgradeableProxy#<unrecognized-selector>
  From:                0xf39fd6e51aad88f6f4ce6ab8827279cfffb92266
  To:                  0x3de2da43d4c1b137e385f36b400507c1a24401f8

[32mhardhat_metadata[0m
[32mhardhat_metadata (2)[0m
[32meth_blockNumber[0m
[32meth_feeHistory[0m
[32meth_sendTransaction[0m
  Contract call:       PriceFeed#grantRole
  Transaction:         0x3e5d2ead537bed897b99a34eb15a22827f8734f81782e81af20140780805097b
  From:                0x3c44cdddb6a900fa2b585dd299e03d12fa4293bc
  To:                  0xcafac3dd18ac6c6e92c921884f9e4176737c052c
  Value:               0 ETH
  Gas used:            51130 of 30000000
  Block #15:           0xc28caa919368d024353e0cfede1964c0c07264a3a74c26efbf2f7d4ccb8bd52b

[32meth_getTransactionByHash[0m
[32mhardhat_metadata[0m
[32meth_getTransactionReceipt[0m
[32meth_blockNumber[0m
[32meth_feeHistory[0m
[31meth_sendTransaction[0m
  Contract call:       TransparentUpgradeableProxy#<unrecognized-selector>
  Transaction:         0x48323ddadd70c588a8a24b2591c7b097c53e7609cd06ef5ec5459094f64af49b
  From:                0xfabb0ac9d68b0b445fb7357272ff202c5651694a
  To:                  0x3de2da43d4c1b137e385f36b400507c1a24401f8
  Value:               0 ETH
  Gas used:            55692 of 30000000
  Block #16:           0x5f3894feaa700db44c98e3fbf5216055796bb17574f911146b96c1bd36170216

  Error: reverted with reason string 'AccessControl: account 0xfabb0ac9d68b0b445fb7357272ff202c5651694a is missing role 0x241ecf16d79d0f8dbfb92cbc07fe17840425976cf0667f022fe9877caa831b08'

[32meth_blockNumber[0m
[32meth_feeHistory[0m
[31meth_sendTransaction[0m
  Contract call:       TransparentUpgradeableProxy#<unrecognized-selector>
  Transaction:         0x371115a83ab2db4fe08e8d25025a419515caa6cb4ec5a0726fd2d98dd01ae07b
  From:                0xfabb0ac9d68b0b445fb7357272ff202c5651694a
  To:                  0x3de2da43d4c1b137e385f36b400507c1a24401f8
  Value:               0 ETH
  Gas used:            55604 of 30000000
  Block #17:           0xae460abfa39be16499d0d48bc382d2840de5e703dcd7f89f2fbe7cd11acfcf58

  Error: reverted with reason string 'AccessControl: account 0xfabb0ac9d68b0b445fb7357272ff202c5651694a is missing role 0x241ecf16d79d0f8dbfb92cbc07fe17840425976cf0667f022fe9877caa831b08'

[32mhardhat_metadata[0m
[32meth_blockNumber[0m
[32meth_feeHistory[0m
[32meth_sendTransaction[0m
  Contract call:       TransparentUpgradeableProxy#<unrecognized-selector>
  Transaction:         0x274207e35ffdb2f03477f47e9d4459646109e9b33a82f882c882150564412cdb
  From:                0x3c44cdddb6a900fa2b585dd299e03d12fa4293bc
  To:                  0x3de2da43d4c1b137e385f36b400507c1a24401f8
  Value:               0 ETH
  Gas used:            103476 of 30000000
  Block #18:           0xfde65fc771ef2df1d54b85dadd0c91cff5499839bee5fb0c1e21ef9ab5f2ab74

[32meth_getTransactionByHash[0m
[32meth_getTransactionReceipt[0m
[32meth_blockNumber[0m
[32meth_feeHistory[0m
[32meth_sendTransaction[0m
  Contract call:       TransparentUpgradeableProxy#<unrecognized-selector>
  Transaction:         0xd6abc1ff05fa08147c24920f6b750d17cbf92c5af63ecec62f64bdb42f7ccec5
  From:                0x3c44cdddb6a900fa2b585dd299e03d12fa4293bc
  To:                  0x3de2da43d4c1b137e385f36b400507c1a24401f8
  Value:               0 ETH
  Gas used:            94541 of 30000000
  Block #19:           0xd9eaecefed79d140d7b20318a0705173bfa72da16f6ccfd32ccd5086c5563113

[32meth_getTransactionByHash[0m
[32meth_getTransactionReceipt[0m
[32meth_call[0m
  Contract call:       TransparentUpgradeableProxy#<unrecognized-selector>
  From:                0x976ea74026e726554db657fa54763abd0c3a0aa9
  To:                  0x3de2da43d4c1b137e385f36b400507c1a24401f8

[32mhardhat_metadata[0m
[32meth_blockNumber[0m
[32meth_feeHistory[0m
[32meth_sendTransaction[0m
  Contract call:       TransparentUpgradeableProxy#<unrecognized-selector>
  Transaction:         0x85844e2d6cd6f61bc6b64846eb8a5578a081afe2d2242a50e0a323647b4ee634
  From:                0x3c44cdddb6a900fa2b585dd299e03d12fa4293bc
  To:                  0x3de2da43d4c1b137e385f36b400507c1a24401f8
  Value:               0 ETH
  Gas used:            86376 of 30000000
  Block #20:           0x8f5630759c5ca558682c56c73beec84ffa2d4c18e26c21e26f8b24c75ac9ac4f

[32meth_getTransactionByHash[0m
[32meth_getTransactionReceipt[0m
[32meth_blockNumber[0m
[32meth_feeHistory[0m
[32meth_sendTransaction[0m
  Contract call:       TransparentUpgradeableProxy#<unrecognized-selector>
  Transaction:         0x1035c56b27721d4c74b2c98484565ed83b59932f1cef070c97b49d6f54dd7e12
  From:                0x3c44cdddb6a900fa2b585dd299e03d12fa4293bc
  To:                  0x3de2da43d4c1b137e385f36b400507c1a24401f8
  Value:               0 ETH
  Gas used:            77429 of 30000000
  Block #21:           0x7ab29c02e6e51eccee4d90fba5c1ac4fad8ef07308367a881bb0e9ce51443b71

[32meth_getTransactionByHash[0m
[32meth_getTransactionReceipt[0m
[32meth_call[0m
  Contract call:       TransparentUpgradeableProxy#<unrecognized-selector>
  From:                0x14dc79964da2c08b23698b3d3cc7ca32193d9955
  To:                  0x3de2da43d4c1b137e385f36b400507c1a24401f8

[32mhardhat_metadata[0m
[32meth_blockNumber[0m
[32meth_feeHistory[0m
[32meth_sendTransaction[0m
  Contract call:       TransparentUpgradeableProxy#<unrecognized-selector>
  Transaction:         0xd63847cc2b20589c402c96231514d90f2c853cb38c150dd8d9fa34fc028312d9
  From:                0x3c44cdddb6a900fa2b585dd299e03d12fa4293bc
  To:                  0x3de2da43d4c1b137e385f36b400507c1a24401f8
  Value:               0 ETH
  Gas used:            86376 of 30000000
  Block #22:           0x306156cdc4a0e7540bd7cdf93ca12b6544f14774833ec9da289793294f98d0ea

[32meth_getTransactionByHash[0m
[32meth_getTransactionReceipt[0m
[32meth_blockNumber[0m
[32meth_feeHistory[0m
[32meth_sendTransaction[0m
  Contract call:       TransparentUpgradeableProxy#<unrecognized-selector>
  Transaction:         0x46896e53cdaf16d47812ce26d4033d03dac979da73e561932a2f438ba8318d4f
  From:                0x3c44cdddb6a900fa2b585dd299e03d12fa4293bc
  To:                  0x3de2da43d4c1b137e385f36b400507c1a24401f8
  Value:               0 ETH
  Gas used:            77417 of 30000000
  Block #23:           0x111704b0388269c8db4a1a68f6d2943886009a29b76b7ac3031cd452ea4a7e8a

[32meth_getTransactionByHash[0m
[32meth_getTransactionReceipt[0m
[32meth_call[0m
  Contract call:       TransparentUpgradeableProxy#<unrecognized-selector>
  From:                0x23618e81e3f5cdf7f54c3d65f7fbc0abf5b21e8f
  To:                  0x3de2da43d4c1b137e385f36b400507c1a24401f8

[32mhardhat_metadata[0m
[32meth_blockNumber[0m
[32meth_feeHistory[0m
[32meth_sendTransaction[0m
  Contract call:       TransparentUpgradeableProxy#<unrecognized-selector>
  Transaction:         0x57e00be352e7ff5207fad3b8733c681ac4ab2e818f5a28c554ff99c394131639
  From:                0x3c44cdddb6a900fa2b585dd299e03d12fa4293bc
  To:                  0x3de2da43d4c1b137e385f36b400507c1a24401f8
  Value:               0 ETH
  Gas used:            86376 of 30000000
  Block #24:           0xffc4d4d6ed57ce4274fbcb00b240b014906259f5986a01970f8801f5f53b849d

[32meth_getTransactionByHash[0m
[32meth_getTransactionReceipt[0m
[32meth_blockNumber[0m
[32meth_feeHistory[0m
[32meth_sendTransaction[0m
  Contract call:       TransparentUpgradeableProxy#<unrecognized-selector>
  Transaction:         0xa137245b985d34735c10beb1a6913519b21e3608606ae37e6db5c627db5bd660
  From:                0x3c44cdddb6a900fa2b585dd299e03d12fa4293bc
  To:                  0x3de2da43d4c1b137e385f36b400507c1a24401f8
  Value:               0 ETH
  Gas used:            77429 of 30000000
  Block #25:           0xb9d0515c79d698679e6a5296588ef790e5de2c2fba89d04793126eac87bf26c4

[32meth_getTransactionByHash[0m
[32meth_getTransactionReceipt[0m
[32meth_call[0m
  Contract call:       TransparentUpgradeableProxy#<unrecognized-selector>
  From:                0xa0ee7a142d267c1f36714e4a8f75612f20a79720
  To:                  0x3de2da43d4c1b137e385f36b400507c1a24401f8

[32meth_call[0m
  Contract call:       TransparentUpgradeableProxy#<unrecognized-selector>
  From:                0xf39fd6e51aad88f6f4ce6ab8827279cfffb92266
  To:                  0x3de2da43d4c1b137e385f36b400507c1a24401f8

[32meth_call[0m
  Contract call:       TransparentUpgradeableProxy#<unrecognized-selector>
  From:                0xf39fd6e51aad88f6f4ce6ab8827279cfffb92266
  To:                  0x3de2da43d4c1b137e385f36b400507c1a24401f8

[32mhardhat_metadata[0m
[32meth_call[0m
  Contract call:       TransparentUpgradeableProxy#<unrecognized-selector>
  From:                0xa0ee7a142d267c1f36714e4a8f75612f20a79720
  To:                  0x3de2da43d4c1b137e385f36b400507c1a24401f8

[32meth_blockNumber[0m
[32meth_feeHistory[0m
[32meth_sendTransaction[0m
  Contract call:       TransparentUpgradeableProxy#<unrecognized-selector>
  Transaction:         0x17774268014474f7c46a88d7c60b9844be06984ea9fbe1375d16addf69d88b8c
  From:                0x3c44cdddb6a900fa2b585dd299e03d12fa4293bc
  To:                  0x5392a33f7f677f59e833febf4016cddd88ff9e67
  Value:               0 ETH
  Gas used:            54594 of 30000000
  Block #26:           0xc2c8518f60bae9972a0b3af1f2256ac8ff941f02473398ce877aef6385b82932

[32meth_getTransactionByHash[0m
[32meth_getTransactionReceipt[0m
[32meth_blockNumber[0m
[32meth_feeHistory[0m
[32meth_sendTransaction[0m
  Contract call:       TransparentUpgradeableProxy#<unrecognized-selector>
  Transaction:         0x767cb1b0bedb6294e9fbb7b0eb1d04bacb98ac76ae92239f9c16745111567864
  From:                0x3c44cdddb6a900fa2b585dd299e03d12fa4293bc
  To:                  0x3de2da43d4c1b137e385f36b400507c1a24401f8
  Value:               0 ETH
  Gas used:            105895 of 30000000
  Block #27:           0xe7daaef9954fd8372428745b129c34cd6f130ad14ae545a314bc88fe28af8bdc

[32meth_getTransactionByHash[0m
[32meth_getTransactionReceipt[0m
[32meth_blockNumber[0m
[32meth_feeHistory[0m
[32meth_sendTransaction[0m
  Contract call:       TransparentUpgradeableProxy#<unrecognized-selector>
  Transaction:         0x3528c31dc70e231761fc21f528d63c4312ce6eb19057169100110f5ca7bdb5f4
  From:                0x976ea74026e726554db657fa54763abd0c3a0aa9
  To:                  0x3de2da43d4c1b137e385f36b400507c1a24401f8
  Value:               0 ETH
  Gas used:            56753 of 30000000
  Block #28:           0xea40d21fadb2d066d7c0853eb0abb431fe78dba154aabfe37f70ef4ac880b4d0

[32meth_getTransactionByHash[0m
[32meth_getTransactionReceipt[0m
[32meth_blockNumber[0m
[32meth_feeHistory[0m
[32meth_sendTransaction[0m
  Contract call:       TransparentUpgradeableProxy#<unrecognized-selector>
  Transaction:         0xceff5b6053492bbc1c77140952c0b1982ff91471e89dade8c622b70f09d6282e
  From:                0x3c44cdddb6a900fa2b585dd299e03d12fa4293bc
  To:                  0x5392a33f7f677f59e833febf4016cddd88ff9e67
  Value:               0 ETH
  Gas used:            58414 of 30000000
  Block #29:           0x69dcbff6b7d387fa3c67bb371a66846ceb6181cdf9d0ba5aaa3e1a795dbf106b

[32meth_getTransactionByHash[0m
[32meth_getTransactionReceipt[0m
[32mhardhat_metadata[0m
[32meth_blockNumber[0m
[32meth_feeHistory[0m
[32meth_sendTransaction[0m
  Contract call:       TransparentUpgradeableProxy#<unrecognized-selector>
  Transaction:         0x097222ab4a3952c75f5a7b7e1c9e52f870c6d873531964fc23851a11d17ee741
  From:                0x71be63f3384f5fb98995898a86b02fb2426c5788
  To:                  0x5392a33f7f677f59e833febf4016cddd88ff9e67
  Value:               0 ETH
  Gas used:            54565 of 30000000
  Block #30:           0x6640b97d60b4a53eb11dddf280c2da97874265a547264dcd2c5d96aa1b1c2066

[32meth_getTransactionByHash[0m
[32meth_getTransactionReceipt[0m
[32meth_blockNumber[0m
[32meth_feeHistory[0m
[32meth_sendTransaction[0m
  Contract call:       PriceFeed#addPrice
  Transaction:         0xeab158715bd1728dc7f47b3a688fc6ed0422091ed8633a13f5c3fd8ecbccb089
  From:                0x71be63f3384f5fb98995898a86b02fb2426c5788
  To:                  0xcafac3dd18ac6c6e92c921884f9e4176737c052c
  Value:               0 ETH
  Gas used:            136523 of 30000000
  Block #31:           0xa23bcfdec2ea8518161b8f6d1e0d5d4ee2e38d2b79b0a69dc163306d4b654cd3

[32meth_getTransactionByHash[0m
[32meth_getTransactionReceipt[0m
[32meth_call[0m
  Contract call:       TransparentUpgradeableProxy#<unrecognized-selector>
  From:                0x71be63f3384f5fb98995898a86b02fb2426c5788
  To:                  0x5392a33f7f677f59e833febf4016cddd88ff9e67

[32meth_call[0m
  Contract call:       TransparentUpgradeableProxy#<unrecognized-selector>
  From:                0x3c44cdddb6a900fa2b585dd299e03d12fa4293bc
  To:                  0x5392a33f7f677f59e833febf4016cddd88ff9e67

[32meth_blockNumber[0m
[32meth_feeHistory[0m
[32meth_sendTransaction[0m
  Contract call:       TransparentUpgradeableProxy#<unrecognized-selector>
  Transaction:         0x63bf279b9137c38f87843c771b1c7c5de0788fb74fdf0186b23dec4fa46c3eb0
  From:                0x3c44cdddb6a900fa2b585dd299e03d12fa4293bc
  To:                  0x5392a33f7f677f59e833febf4016cddd88ff9e67
  Value:               0 ETH
  Gas used:            85113 of 30000000
  Block #32:           0x4d95a967ba5c6c4afe8e53e9d8d10d29b4c833102f80edf1ed8501ece1a11521

[32meth_getTransactionByHash[0m
[32meth_getTransactionReceipt[0m
[32meth_call[0m
  Contract call:       TransparentUpgradeableProxy#<unrecognized-selector>
  From:                0x3c44cdddb6a900fa2b585dd299e03d12fa4293bc
  To:                  0x5392a33f7f677f59e833febf4016cddd88ff9e67

[32meth_call[0m
  Contract call:       TransparentUpgradeableProxy#<unrecognized-selector>
  From:                0x3c44cdddb6a900fa2b585dd299e03d12fa4293bc
  To:                  0x5392a33f7f677f59e833febf4016cddd88ff9e67

[32meth_call[0m
  Contract call:       TransparentUpgradeableProxy#<unrecognized-selector>
  From:                0x3c44cdddb6a900fa2b585dd299e03d12fa4293bc
  To:                  0x3de2da43d4c1b137e385f36b400507c1a24401f8

[32meth_call[0m
  Contract call:       TransparentUpgradeableProxy#<unrecognized-selector>
  From:                0x3c44cdddb6a900fa2b585dd299e03d12fa4293bc
  To:                  0x5392a33f7f677f59e833febf4016cddd88ff9e67

[32meth_call[0m
  Contract call:       TransparentUpgradeableProxy#<unrecognized-selector>
  From:                0x3c44cdddb6a900fa2b585dd299e03d12fa4293bc
  To:                  0x3de2da43d4c1b137e385f36b400507c1a24401f8

[32meth_blockNumber[0m
[32meth_feeHistory[0m
[32meth_sendTransaction[0m
  Contract call:       MockUSDT#mint
  Transaction:         0x5396427ca97cde254ca9e70e6a5adaa4886b8d1022577dc8d6e917433fc1b726
  From:                0xf39fd6e51aad88f6f4ce6ab8827279cfffb92266
  To:                  0xb7f8bc63bbcad18155201308c8f3540b07f84f5e
  Value:               0 ETH
  Gas used:            69526 of 30000000
  Block #33:           0xb467e24346f54b3b36cc0895c377d24ae702ab9b810ffc41ec7cd89f98cb3581

[32meth_getTransactionByHash[0m
[32meth_getTransactionReceipt[0m
[32meth_call[0m
  Contract call:       MockUSDT#balanceOf
  From:                0xf39fd6e51aad88f6f4ce6ab8827279cfffb92266
  To:                  0xb7f8bc63bbcad18155201308c8f3540b07f84f5e

[32mhardhat_metadata[0m
[32meth_call[0m
  Contract call:       TransparentUpgradeableProxy#<unrecognized-selector>
  From:                0x3c44cdddb6a900fa2b585dd299e03d12fa4293bc
  To:                  0x5392a33f7f677f59e833febf4016cddd88ff9e67

[32meth_call[0m
  Contract call:       TransparentUpgradeableProxy#<unrecognized-selector>
  From:                0x3c44cdddb6a900fa2b585dd299e03d12fa4293bc
  To:                  0x3de2da43d4c1b137e385f36b400507c1a24401f8

[32meth_blockNumber[0m
[32meth_feeHistory[0m
[32meth_sendTransaction[0m
  Contract call:       MockUSDT#transfer
  Transaction:         0xe0a0c380e8569a33f80dac17974972baf4e3c384846137b8f7e9ef84c93ca2e8
  From:                0x15d34aaf54267db7d7c367839aaf71a00a2c6a65
  To:                  0xb7f8bc63bbcad18155201308c8f3540b07f84f5e
  Value:               0 ETH
  Gas used:            51326 of 30000000
  Block #34:           0xd1a6882d846857d4b01a1b7bb38460b397643a1c44c6478559480ed86e12cf8b

[32meth_getTransactionByHash[0m
[32meth_getTransactionReceipt[0m
[32meth_blockNumber[0m
[32meth_feeHistory[0m
[32meth_sendTransaction[0m
  Contract call:       TransparentUpgradeableProxy#<unrecognized-selector>
  Transaction:         0x9226d35545008412a039983453bf32861811816b1c3f429b57559a9d631af69c
  From:                0x3c44cdddb6a900fa2b585dd299e03d12fa4293bc
  To:                  0x5392a33f7f677f59e833febf4016cddd88ff9e67
  Value:               0 ETH
  Gas used:            86673 of 30000000
  Block #35:           0xda812e35f7c3b25597d7c4bb6c139900b1d9bb0cc7a0496309b1fc81b0c5da19

[32meth_getTransactionByHash[0m
[32meth_getTransactionReceipt[0m
[32meth_blockNumber[0m
[32meth_feeHistory[0m
[32meth_sendTransaction[0m
  Contract call:       TransparentUpgradeableProxy#<unrecognized-selector>
  Transaction:         0x62e30f6637d6ca97cfca4399b03d0c08acd02ac2ce833a8c7a4d062dc75209d4
  From:                0x3c44cdddb6a900fa2b585dd299e03d12fa4293bc
  To:                  0x3de2da43d4c1b137e385f36b400507c1a24401f8
  Value:               0 ETH
  Gas used:            166022 of 30000000
  Block #36:           0x481782a4573e7103fb01210385c0f3a8deeaadb731d89efaf5d42a7d00bed71d

[32meth_getTransactionByHash[0m
[32meth_getTransactionReceipt[0m
[32meth_blockNumber[0m
[32meth_feeHistory[0m
[32meth_sendTransaction[0m
  Contract call:       MockUSDT#transfer
  Transaction:         0xcd808a7f4c4b6d8b390034e18abb1539668bdab2c769c6b468bb2d89b2fb59f4
  From:                0x15d34aaf54267db7d7c367839aaf71a00a2c6a65
  To:                  0xb7f8bc63bbcad18155201308c8f3540b07f84f5e
  Value:               0 ETH
  Gas used:            51314 of 30000000
  Block #37:           0x531a685debf481d7c00d81d7ce9e4c50c0877986bf0cce4a15e1415eb70a712a

[32meth_getTransactionByHash[0m
[32meth_getTransactionReceipt[0m
[32meth_blockNumber[0m
[32meth_feeHistory[0m
[32meth_sendTransaction[0m
  Contract call:       TransparentUpgradeableProxy#<unrecognized-selector>
  Transaction:         0xe8a23b5476daf77f6b6b973ad9b3f3d013dab11b52c8e1d5bcaa85b18c8fd3e4
  From:                0x3c44cdddb6a900fa2b585dd299e03d12fa4293bc
  To:                  0x5392a33f7f677f59e833febf4016cddd88ff9e67
  Value:               0 ETH
  Gas used:            86673 of 30000000
  Block #38:           0xfc0e146f8647efb14e30fea1392cd09997a8c48f7b4564d8b63647abe7c607c4

[32meth_getTransactionByHash[0m
[32meth_getTransactionReceipt[0m
[32meth_blockNumber[0m
[32meth_feeHistory[0m
[32meth_sendTransaction[0m
  Contract call:       TransparentUpgradeableProxy#<unrecognized-selector>
  Transaction:         0x3215e1edcd6a25f6d88b2b3a7b4d964d836643903ce1ae747c188817c56936a6
  From:                0x3c44cdddb6a900fa2b585dd299e03d12fa4293bc
  To:                  0x3de2da43d4c1b137e385f36b400507c1a24401f8
  Value:               0 ETH
  Gas used:            114722 of 30000000
  Block #39:           0x14f5701ebcd75c56174de79cfbab79afeedb4b6bae149c8603564842b11374e6

[32meth_getTransactionByHash[0m
[32meth_getTransactionReceipt[0m
[32meth_blockNumber[0m
[32meth_feeHistory[0m
[32meth_sendTransaction[0m
  Contract call:       MockUSDT#transfer
  Transaction:         0x33e4df7e8698332c1b2e4b12985166b7b9ef2b6c95a3e31d7f3fb3f2a4eeea15
  From:                0x15d34aaf54267db7d7c367839aaf71a00a2c6a65
  To:                  0xb7f8bc63bbcad18155201308c8f3540b07f84f5e
  Value:               0 ETH
  Gas used:            51314 of 30000000
  Block #40:           0xf7d92cc965be88989162add4934402d93c88327f7223fa28358f8f83da0bf99e

[32meth_getTransactionByHash[0m
[32meth_getTransactionReceipt[0m
[32meth_blockNumber[0m
[32meth_feeHistory[0m
[32meth_sendTransaction[0m
  Contract call:       TransparentUpgradeableProxy#<unrecognized-selector>
  Transaction:         0x7a20e58228ce016c0af7626cc1643bbc90be93d9f7800ba736d5828f97fdaa0a
  From:                0x3c44cdddb6a900fa2b585dd299e03d12fa4293bc
  To:                  0x5392a33f7f677f59e833febf4016cddd88ff9e67
  Value:               0 ETH
  Gas used:            86673 of 30000000
  Block #41:           0xc4cdba2c1169e26728b02efefb231b225f5f3d1825c6ae495b0df0a1f1ccc28a

[32meth_getTransactionByHash[0m
[32meth_getTransactionReceipt[0m
[32meth_blockNumber[0m
[32meth_feeHistory[0m
[32meth_sendTransaction[0m
  Contract call:       TransparentUpgradeableProxy#<unrecognized-selector>
  Transaction:         0x29ffc851cca23b0a63381fa895f3d6da0f05e35fb1f4a6cfe8c2605a7f43aa02
  From:                0x3c44cdddb6a900fa2b585dd299e03d12fa4293bc
  To:                  0x3de2da43d4c1b137e385f36b400507c1a24401f8
  Value:               0 ETH
  Gas used:            114722 of 30000000
  Block #42:           0x91dea77fcd547e2d8f62afe38b919354a490a8597dc966c78feaed1d4e8dd164

[32meth_getTransactionByHash[0m
[32meth_getTransactionReceipt[0m
[32meth_blockNumber[0m
[32meth_feeHistory[0m
[32meth_sendTransaction[0m
  Contract call:       MockUSDT#transfer
  Transaction:         0x297bb92c04c18cc60c3953d0b93be24dba52047eeacf44c1ce73bd63190e76a3
  From:                0x15d34aaf54267db7d7c367839aaf71a00a2c6a65
  To:                  0xb7f8bc63bbcad18155201308c8f3540b07f84f5e
  Value:               0 ETH
  Gas used:            46514 of 30000000
  Block #43:           0x06891b9589ee20dcd42149a11aa77bf0c3c71ef65b94013287b0af55e3919bfc

[32meth_getTransactionByHash[0m
[32meth_getTransactionReceipt[0m
[32meth_blockNumber[0m
[32meth_feeHistory[0m
[32meth_sendTransaction[0m
  Contract call:       TransparentUpgradeableProxy#<unrecognized-selector>
  Transaction:         0x5db2c9b961462a5b50b8d8a7972675c808750851e8dd52bedcfe479804cdf929
  From:                0x3c44cdddb6a900fa2b585dd299e03d12fa4293bc
  To:                  0x5392a33f7f677f59e833febf4016cddd88ff9e67
  Value:               0 ETH
  Gas used:            86673 of 30000000
  Block #44:           0x9bbe5546b989d46c5c9333361ef9286990bf45e37f4425e6d0187dc93b3f524a

[32meth_getTransactionByHash[0m
[32meth_getTransactionReceipt[0m
[32meth_blockNumber[0m
[32meth_feeHistory[0m
[32meth_sendTransaction[0m
  Contract call:       TransparentUpgradeableProxy#<unrecognized-selector>
  Transaction:         0x8ab163f07883e88d2fe96b8c4b8918c250807b86cce6659ec62ab59c2c164ad7
  From:                0x3c44cdddb6a900fa2b585dd299e03d12fa4293bc
  To:                  0x3de2da43d4c1b137e385f36b400507c1a24401f8
  Value:               0 ETH
  Gas used:            114722 of 30000000
  Block #45:           0xf3b2c8aea747aad2c753eeba157dedbfdcc99e1af9759034a9abd5e910f614c7

[32meth_getTransactionByHash[0m
[32meth_getTransactionReceipt[0m
[32meth_blockNumber[0m
[32meth_feeHistory[0m
[32meth_sendTransaction[0m
  Contract call:       PriceFeed#addPrice
  Transaction:         0x886fd928794926b6a83ea3459e3759cbd3bb478e785eb7fa781c93e2b0f9782f
  From:                0x71be63f3384f5fb98995898a86b02fb2426c5788
  To:                  0xcafac3dd18ac6c6e92c921884f9e4176737c052c
  Value:               0 ETH
  Gas used:            99487 of 30000000
  Block #46:           0xb3ac60d8928f4fd4e0b807bd9d898ac9f859a494f66b08a74579c4558b951cd7

[32meth_getTransactionByHash[0m
[32meth_getTransactionReceipt[0m
[32meth_call[0m
  Contract call:       TransparentUpgradeableProxy#<unrecognized-selector>
  From:                0x3c44cdddb6a900fa2b585dd299e03d12fa4293bc
  To:                  0x5392a33f7f677f59e833febf4016cddd88ff9e67

[32meth_call[0m
  Contract call:       TransparentUpgradeableProxy#<unrecognized-selector>
  From:                0x3c44cdddb6a900fa2b585dd299e03d12fa4293bc
  To:                  0x3de2da43d4c1b137e385f36b400507c1a24401f8

[32meth_call[0m
  Contract call:       TransparentUpgradeableProxy#<unrecognized-selector>
  From:                0x3c44cdddb6a900fa2b585dd299e03d12fa4293bc
  To:                  0x5392a33f7f677f59e833febf4016cddd88ff9e67

[32meth_call[0m
  Contract call:       TransparentUpgradeableProxy#<unrecognized-selector>
  From:                0x3c44cdddb6a900fa2b585dd299e03d12fa4293bc
  To:                  0x3de2da43d4c1b137e385f36b400507c1a24401f8

[32meth_call[0m
  Contract call:       MockUSDT#balanceOf
  From:                0xf39fd6e51aad88f6f4ce6ab8827279cfffb92266
  To:                  0xb7f8bc63bbcad18155201308c8f3540b07f84f5e

[32meth_call[0m
  Contract call:       MockUSDT#balanceOf
  From:                0xf39fd6e51aad88f6f4ce6ab8827279cfffb92266
  To:                  0xb7f8bc63bbcad18155201308c8f3540b07f84f5e

[32meth_call[0m
  Contract call:       MockUSDT#balanceOf
  From:                0xf39fd6e51aad88f6f4ce6ab8827279cfffb92266
  To:                  0xb7f8bc63bbcad18155201308c8f3540b07f84f5e

[32meth_call[0m
  Contract call:       MockUSDT#balanceOf
  From:                0xf39fd6e51aad88f6f4ce6ab8827279cfffb92266
  To:                  0xb7f8bc63bbcad18155201308c8f3540b07f84f5e

[32meth_call[0m
  Contract call:       MockUSDT#balanceOf
  From:                0xf39fd6e51aad88f6f4ce6ab8827279cfffb92266
  To:                  0xb7f8bc63bbcad18155201308c8f3540b07f84f5e

[32meth_call[0m
  Contract call:       MockUSDT#balanceOf
  From:                0xf39fd6e51aad88f6f4ce6ab8827279cfffb92266
  To:                  0xb7f8bc63bbcad18155201308c8f3540b07f84f5e

